[ 2018-08-24T13:01:01+08:00 ] 112.64.119.152 /index.php/Mobile/Index/index.html
INFO: [ app_init ] --START--
INFO: Run Behavior\BuildLiteBehavior [ RunTime:0.000035s ]
INFO: [ app_init ] --END-- [ RunTime:0.000635s ]
INFO: [ app_begin ] --START--
INFO: Run Behavior\ReadHtmlCacheBehavior [ RunTime:0.000855s ]
INFO: [ app_begin ] --END-- [ RunTime:0.000964s ]
INFO: [ view_parse ] --START--
INFO: [ template_filter ] --START--
INFO: Run Behavior\ContentReplaceBehavior [ RunTime:0.000354s ]
INFO: [ template_filter ] --END-- [ RunTime:0.000456s ]
INFO: Run Behavior\ParseTemplateBehavior [ RunTime:0.025280s ]
INFO: [ view_parse ] --END-- [ RunTime:0.025392s ]
INFO: [ view_filter ] --START--
INFO: Run Behavior\WriteHtmlCacheBehavior [ RunTime:0.000617s ]
INFO: [ view_filter ] --END-- [ RunTime:0.000698s ]
INFO: [ app_end ] --START--
INFO: Run Behavior\ShowPageTraceBehavior [ RunTime:0.001115s ]
INFO: [ app_end ] --END-- [ RunTime:0.001200s ]

[ 2018-08-24T13:14:51+08:00 ] 183.193.100.154 /index.php/Mobile/Index/xuanwei/temple/1.html
INFO: [ app_init ] --START--
INFO: Run Behavior\BuildLiteBehavior [ RunTime:0.000029s ]
INFO: [ app_init ] --END-- [ RunTime:0.000738s ]
INFO: [ app_begin ] --START--
INFO: Run Behavior\ReadHtmlCacheBehavior [ RunTime:0.000924s ]
INFO: [ app_begin ] --END-- [ RunTime:0.001029s ]
SQL: SHOW COLUMNS FROM `temples` [ RunTime:0.0018s ]
SQL: SHOW COLUMNS FROM `regions` [ RunTime:0.0014s ]
SQL: SELECT * FROM `temples`  [ RunTime:0.0010s ]
SQL: SELECT * FROM `temples` WHERE `id` = 1 LIMIT 1   [ RunTime:0.0008s ]
SQL: SELECT * FROM `regions` WHERE `temple` = '1'  [ RunTime:0.0007s ]
NOTIC: [2] Missing argument 1 for Think\Controller::show(), called in D:\virtualhost\localuser\host2825265\www\JLCS\Mobile\Controller\IndexController.class.php on line 73 and defined D:\virtualhost\localuser\host2825265\www\ThinkPHP\Library\Think\Controller.class.php 第 68 行.
NOTIC: [8] Undefined variable: content D:\virtualhost\localuser\host2825265\www\ThinkPHP\Library\Think\Controller.class.php 第 69 行.
INFO: [ view_parse ] --START--
INFO: [ template_filter ] --START--
INFO: Run Behavior\ContentReplaceBehavior [ RunTime:0.000150s ]
INFO: [ template_filter ] --END-- [ RunTime:0.000258s ]
INFO: Run Behavior\ParseTemplateBehavior [ RunTime:0.017040s ]
INFO: [ view_parse ] --END-- [ RunTime:0.017151s ]
INFO: [ view_filter ] --START--
INFO: Run Behavior\WriteHtmlCacheBehavior [ RunTime:0.000391s ]
INFO: [ view_filter ] --END-- [ RunTime:0.000479s ]
INFO: [ app_end ] --START--
INFO: Run Behavior\ShowPageTraceBehavior [ RunTime:0.000820s ]
INFO: [ app_end ] --END-- [ RunTime:0.000906s ]

[ 2018-08-24T13:15:00+08:00 ] 183.193.100.154 /index.php/Mobile/Index/region/id/1.html
INFO: [ app_init ] --START--
INFO: Run Behavior\BuildLiteBehavior [ RunTime:0.000026s ]
INFO: [ app_init ] --END-- [ RunTime:0.000685s ]
INFO: [ app_begin ] --START--
INFO: Run Behavior\ReadHtmlCacheBehavior [ RunTime:0.000854s ]
INFO: [ app_begin ] --END-- [ RunTime:0.000960s ]
SQL: SHOW COLUMNS FROM `regions` [ RunTime:0.0031s ]
SQL: SHOW COLUMNS FROM `temples` [ RunTime:0.0025s ]
SQL: SHOW COLUMNS FROM `cats` [ RunTime:0.0018s ]
SQL: SHOW COLUMNS FROM `cat_parts` [ RunTime:0.0015s ]
SQL: SHOW COLUMNS FROM `goods` [ RunTime:0.0023s ]
SQL: SELECT * FROM `regions`  [ RunTime:0.0009s ]
SQL: SELECT * FROM `regions` WHERE `id` = 1 LIMIT 1   [ RunTime:0.0007s ]
SQL: SELECT * FROM `temples` WHERE `id` = 1 LIMIT 1   [ RunTime:0.0007s ]
SQL: SELECT * FROM `cats` WHERE `region` = '1'  [ RunTime:0.0027s ]
SQL: SELECT * FROM `cat_parts` WHERE `cat_id` = 1  [ RunTime:0.0016s ]
SQL: SELECT * FROM `goods` WHERE `own_name` = '佛恩殿A区'  [ RunTime:0.0077s ]
NOTIC: [2] Missing argument 1 for Think\Controller::show(), called in D:\virtualhost\localuser\host2825265\www\JLCS\Mobile\Controller\IndexController.class.php on line 121 and defined D:\virtualhost\localuser\host2825265\www\ThinkPHP\Library\Think\Controller.class.php 第 68 行.
NOTIC: [8] Undefined variable: content D:\virtualhost\localuser\host2825265\www\ThinkPHP\Library\Think\Controller.class.php 第 69 行.
INFO: [ view_parse ] --START--
INFO: [ template_filter ] --START--
INFO: Run Behavior\ContentReplaceBehavior [ RunTime:0.000264s ]
INFO: [ template_filter ] --END-- [ RunTime:0.000377s ]
INFO: Run Behavior\ParseTemplateBehavior [ RunTime:0.019406s ]
INFO: [ view_parse ] --END-- [ RunTime:0.019551s ]
INFO: [ view_filter ] --START--
INFO: Run Behavior\WriteHtmlCacheBehavior [ RunTime:0.000392s ]
INFO: [ view_filter ] --END-- [ RunTime:0.000475s ]
INFO: [ app_end ] --START--
INFO: Run Behavior\ShowPageTraceBehavior [ RunTime:0.000852s ]
INFO: [ app_end ] --END-- [ RunTime:0.000939s ]

[ 2018-08-24T13:22:43+08:00 ] 183.193.100.154 /index.php/Mobile/Region/check
INFO: [ app_init ] --START--
INFO: Run Behavior\BuildLiteBehavior [ RunTime:0.000026s ]
INFO: [ app_init ] --END-- [ RunTime:0.000764s ]
INFO: [ app_begin ] --START--
INFO: Run Behavior\ReadHtmlCacheBehavior [ RunTime:0.000898s ]
INFO: [ app_begin ] --END-- [ RunTime:0.000999s ]
SQL: SHOW COLUMNS FROM `cat_parts` [ RunTime:0.0022s ]
SQL: SELECT * FROM `cat_parts` WHERE `cat_id` = 1 ORDER BY id asc  [ RunTime:0.0010s ]

[ 2018-08-24T13:22:45+08:00 ] 183.193.100.154 /index.php/Mobile/Region/checkcat
INFO: [ app_init ] --START--
INFO: Run Behavior\BuildLiteBehavior [ RunTime:0.000027s ]
INFO: [ app_init ] --END-- [ RunTime:0.000668s ]
INFO: [ app_begin ] --START--
INFO: Run Behavior\ReadHtmlCacheBehavior [ RunTime:0.000843s ]
INFO: [ app_begin ] --END-- [ RunTime:0.000943s ]
SQL: SHOW COLUMNS FROM `goods` [ RunTime:0.0021s ]
SQL: SHOW COLUMNS FROM `cat_parts` [ RunTime:0.0015s ]
SQL: SELECT * FROM `cat_parts` WHERE `id` = 1 LIMIT 1   [ RunTime:0.0008s ]
SQL: SHOW COLUMNS FROM `regions` [ RunTime:0.0015s ]
SQL: SHOW COLUMNS FROM `cats` [ RunTime:0.0018s ]
SQL: SHOW COLUMNS FROM `temples` [ RunTime:0.0017s ]
SQL: SELECT * FROM `cat_parts` WHERE `id` = 1 LIMIT 1   [ RunTime:0.0009s ]
SQL: SELECT * FROM `cats` WHERE `id` = 1 LIMIT 1   [ RunTime:0.0007s ]
SQL: SELECT * FROM `regions` WHERE `id` = 1 LIMIT 1   [ RunTime:0.0008s ]
SQL: SELECT * FROM `temples` WHERE `id` = 1 LIMIT 1   [ RunTime:0.0007s ]
SQL: SELECT * FROM `goods` WHERE `own_name` = '佛恩殿A区' ORDER BY goods_name asc  [ RunTime:0.0062s ]

[ 2018-08-24T13:22:47+08:00 ] 183.193.100.154 /index.php/Mobile/Region/checklie
INFO: [ app_init ] --START--
INFO: Run Behavior\BuildLiteBehavior [ RunTime:0.000026s ]
INFO: [ app_init ] --END-- [ RunTime:0.000706s ]
INFO: [ app_begin ] --START--
INFO: Run Behavior\ReadHtmlCacheBehavior [ RunTime:0.000859s ]
INFO: [ app_begin ] --END-- [ RunTime:0.000989s ]
SQL: SHOW COLUMNS FROM `products` [ RunTime:0.0022s ]
SQL: SELECT * FROM `products` WHERE ( FIND_IN_SET(32,goods_id) ) ORDER BY id asc  [ RunTime:0.0447s ]

[ 2018-08-24T13:25:44+08:00 ] 183.193.100.154 /index.php/Mobile/Index/content.html
INFO: [ app_init ] --START--
INFO: Run Behavior\BuildLiteBehavior [ RunTime:0.000027s ]
INFO: [ app_init ] --END-- [ RunTime:0.000796s ]
INFO: [ app_begin ] --START--
INFO: Run Behavior\ReadHtmlCacheBehavior [ RunTime:0.000999s ]
INFO: [ app_begin ] --END-- [ RunTime:0.001102s ]
NOTIC: [8] Undefined index: id D:\virtualhost\localuser\host2825265\www\JLCS\Mobile\Controller\IndexController.class.php 第 133 行.
SQL: SHOW COLUMNS FROM `products` [ RunTime:0.0022s ]
SQL: SHOW COLUMNS FROM `goods` [ RunTime:0.0017s ]
SQL: SHOW COLUMNS FROM `cat_parts` [ RunTime:0.0015s ]
SQL: SHOW COLUMNS FROM `cats` [ RunTime:0.0017s ]
SQL: SHOW COLUMNS FROM `regions` [ RunTime:0.0014s ]
SQL: SHOW COLUMNS FROM `temples` [ RunTime:0.0014s ]
SQL: SELECT * FROM `products` WHERE `id` = 249 LIMIT 1   [ RunTime:0.0009s ]
SQL: SELECT * FROM `goods` WHERE `goods_id` = 32 LIMIT 1   [ RunTime:0.0007s ]
SQL: SELECT * FROM `cat_parts` WHERE `cat_part_name` = '佛恩殿A区' LIMIT 1   [ RunTime:0.0008s ]
SQL: SELECT * FROM `cats` WHERE `id` = 1 LIMIT 1   [ RunTime:0.0007s ]
SQL: SELECT * FROM `regions` WHERE `id` = 1 LIMIT 1   [ RunTime:0.0007s ]
SQL: SELECT * FROM `temples` WHERE `id` = 1 LIMIT 1   [ RunTime:0.0006s ]
NOTIC: [2] Missing argument 1 for Think\Controller::show(), called in D:\virtualhost\localuser\host2825265\www\JLCS\Mobile\Controller\IndexController.class.php on line 139 and defined D:\virtualhost\localuser\host2825265\www\ThinkPHP\Library\Think\Controller.class.php 第 68 行.
NOTIC: [8] Undefined variable: content D:\virtualhost\localuser\host2825265\www\ThinkPHP\Library\Think\Controller.class.php 第 69 行.
INFO: [ view_parse ] --START--
INFO: [ template_filter ] --START--
INFO: Run Behavior\ContentReplaceBehavior [ RunTime:0.000215s ]
INFO: [ template_filter ] --END-- [ RunTime:0.000350s ]
INFO: Run Behavior\ParseTemplateBehavior [ RunTime:0.017248s ]
INFO: [ view_parse ] --END-- [ RunTime:0.017382s ]
INFO: [ view_filter ] --START--
INFO: Run Behavior\WriteHtmlCacheBehavior [ RunTime:0.000523s ]
INFO: [ view_filter ] --END-- [ RunTime:0.000637s ]
INFO: [ app_end ] --START--
INFO: Run Behavior\ShowPageTraceBehavior [ RunTime:0.001013s ]
INFO: [ app_end ] --END-- [ RunTime:0.001146s ]

[ 2018-08-24T14:50:00+08:00 ] 183.193.100.154 /index.php/Mobile/Region/checkcat
INFO: [ app_init ] --START--
INFO: Run Behavior\BuildLiteBehavior [ RunTime:0.000022s ]
INFO: [ app_init ] --END-- [ RunTime:0.000378s ]
INFO: [ app_begin ] --START--
INFO: Run Behavior\ReadHtmlCacheBehavior [ RunTime:0.000530s ]
INFO: [ app_begin ] --END-- [ RunTime:0.000581s ]
SQL: SHOW COLUMNS FROM `goods` [ RunTime:0.0033s ]
SQL: SHOW COLUMNS FROM `cat_parts` [ RunTime:0.0022s ]
INFO: [ app_end ] --START--
INFO: Run Behavior\ShowPageTraceBehavior [ RunTime:0.000742s ]
INFO: [ app_end ] --END-- [ RunTime:0.000810s ]

[ 2018-08-24T14:50:03+08:00 ] 183.193.100.154 /index.php/Mobile/Region/check
INFO: [ app_init ] --START--
INFO: Run Behavior\BuildLiteBehavior [ RunTime:0.000015s ]
INFO: [ app_init ] --END-- [ RunTime:0.000515s ]
INFO: [ app_begin ] --START--
INFO: Run Behavior\ReadHtmlCacheBehavior [ RunTime:0.000516s ]
INFO: [ app_begin ] --END-- [ RunTime:0.000569s ]
SQL: SHOW COLUMNS FROM `cat_parts` [ RunTime:0.0045s ]
SQL: SELECT * FROM `cat_parts` WHERE `cat_id` = 2 ORDER BY id asc  [ RunTime:0.0009s ]

[ 2018-08-24T14:50:05+08:00 ] 183.193.100.154 /index.php/Mobile/Region/checkcat
INFO: [ app_init ] --START--
INFO: Run Behavior\BuildLiteBehavior [ RunTime:0.000015s ]
INFO: [ app_init ] --END-- [ RunTime:0.000351s ]
INFO: [ app_begin ] --START--
INFO: Run Behavior\ReadHtmlCacheBehavior [ RunTime:0.000466s ]
INFO: [ app_begin ] --END-- [ RunTime:0.000524s ]
SQL: SHOW COLUMNS FROM `goods` [ RunTime:0.0030s ]
SQL: SHOW COLUMNS FROM `cat_parts` [ RunTime:0.0018s ]
SQL: SELECT * FROM `cat_parts` WHERE `id` = 3 LIMIT 1   [ RunTime:0.0009s ]
SQL: SHOW COLUMNS FROM `regions` [ RunTime:0.0025s ]
SQL: SHOW COLUMNS FROM `cats` [ RunTime:0.0029s ]
SQL: SHOW COLUMNS FROM `temples` [ RunTime:0.0020s ]
SQL: SELECT * FROM `cat_parts` WHERE `id` = 3 LIMIT 1   [ RunTime:0.0012s ]
SQL: SELECT * FROM `cats` WHERE `id` = 2 LIMIT 1   [ RunTime:0.0008s ]
SQL: SELECT * FROM `regions` WHERE `id` = 1 LIMIT 1   [ RunTime:0.0007s ]
SQL: SELECT * FROM `temples` WHERE `id` = 1 LIMIT 1   [ RunTime:0.0038s ]
SQL: SELECT * FROM `goods` WHERE `own_name` = '佛孝殿A区' ORDER BY goods_name asc  [ RunTime:0.0109s ]

[ 2018-08-24T14:50:08+08:00 ] 183.193.100.154 /index.php/Mobile/Region/checklie
INFO: [ app_init ] --START--
INFO: Run Behavior\BuildLiteBehavior [ RunTime:0.000035s ]
INFO: [ app_init ] --END-- [ RunTime:0.000766s ]
INFO: [ app_begin ] --START--
INFO: Run Behavior\ReadHtmlCacheBehavior [ RunTime:0.001014s ]
INFO: [ app_begin ] --END-- [ RunTime:0.001113s ]
SQL: SHOW COLUMNS FROM `products` [ RunTime:0.0021s ]
SQL: SELECT * FROM `products` WHERE ( FIND_IN_SET(729,goods_id) ) ORDER BY id asc  [ RunTime:0.0427s ]

