[ 2018-08-24T11:05:21+08:00 ] 183.193.100.154 /index.php/Admin/Index/index
INFO: [ app_init ] --START--
INFO: Run Behavior\BuildLiteBehavior [ RunTime:0.000058s ]
INFO: [ app_init ] --END-- [ RunTime:0.000759s ]
INFO: [ app_begin ] --START--
INFO: Run Behavior\ReadHtmlCacheBehavior [ RunTime:0.000909s ]
INFO: [ app_begin ] --END-- [ RunTime:0.001003s ]
SQL: SHOW COLUMNS FROM `users` [ RunTime:0.0021s ]
SQL: SELECT * FROM `users` WHERE `name` = 'admintong' AND `level` = 1 LIMIT 1   [ RunTime:0.0010s ]
INFO: [ view_parse ] --START--
INFO: [ template_filter ] --START--
INFO: Run Behavior\ContentReplaceBehavior [ RunTime:0.000085s ]
INFO: [ template_filter ] --END-- [ RunTime:0.000197s ]
INFO: Run Behavior\ParseTemplateBehavior [ RunTime:0.012022s ]
INFO: [ view_parse ] --END-- [ RunTime:0.012126s ]
INFO: [ view_filter ] --START--
INFO: Run Behavior\WriteHtmlCacheBehavior [ RunTime:0.000524s ]
INFO: [ view_filter ] --END-- [ RunTime:0.000610s ]
INFO: [ app_end ] --START--
INFO: Run Behavior\ShowPageTraceBehavior [ RunTime:0.000979s ]
INFO: [ app_end ] --END-- [ RunTime:0.001060s ]

[ 2018-08-24T11:05:21+08:00 ] 183.193.100.154 /index.php/Admin/Index/top.html
INFO: [ app_init ] --START--
INFO: Run Behavior\BuildLiteBehavior [ RunTime:0.000025s ]
INFO: [ app_init ] --END-- [ RunTime:0.000742s ]
INFO: [ app_begin ] --START--
INFO: Run Behavior\ReadHtmlCacheBehavior [ RunTime:0.000973s ]
INFO: [ app_begin ] --END-- [ RunTime:0.001097s ]
INFO: [ view_parse ] --START--
INFO: [ template_filter ] --START--
INFO: Run Behavior\ContentReplaceBehavior [ RunTime:0.000148s ]
INFO: [ template_filter ] --END-- [ RunTime:0.000276s ]
NOTIC: [8] Use of undefined constant logout - assumed 'logout' D:\virtualhost\localuser\host2825265\www\JLCS\Runtime\Cache\Admin\690cc1efdeb3b11f1e83f975eee8e40c.php 第 20 行.
NOTIC: [8] Use of undefined constant url - assumed 'url' D:\virtualhost\localuser\host2825265\www\JLCS\Runtime\Cache\Admin\690cc1efdeb3b11f1e83f975eee8e40c.php 第 22 行.
INFO: Run Behavior\ParseTemplateBehavior [ RunTime:0.014041s ]
INFO: [ view_parse ] --END-- [ RunTime:0.014136s ]
INFO: [ view_filter ] --START--
INFO: Run Behavior\WriteHtmlCacheBehavior [ RunTime:0.000476s ]
INFO: [ view_filter ] --END-- [ RunTime:0.000552s ]
INFO: [ app_end ] --START--
INFO: Run Behavior\ShowPageTraceBehavior [ RunTime:0.000951s ]
INFO: [ app_end ] --END-- [ RunTime:0.001065s ]

[ 2018-08-24T11:05:21+08:00 ] 183.193.100.154 /index.php/Admin/Index/left.html
INFO: [ app_init ] --START--
INFO: Run Behavior\BuildLiteBehavior [ RunTime:0.000025s ]
INFO: [ app_init ] --END-- [ RunTime:0.000679s ]
INFO: [ app_begin ] --START--
INFO: Run Behavior\ReadHtmlCacheBehavior [ RunTime:0.000998s ]
INFO: [ app_begin ] --END-- [ RunTime:0.001125s ]
INFO: [ view_parse ] --START--
INFO: [ template_filter ] --START--
INFO: Run Behavior\ContentReplaceBehavior [ RunTime:0.000142s ]
INFO: [ template_filter ] --END-- [ RunTime:0.000233s ]
INFO: Run Behavior\ParseTemplateBehavior [ RunTime:0.013997s ]
INFO: [ view_parse ] --END-- [ RunTime:0.014095s ]
INFO: [ view_filter ] --START--
INFO: Run Behavior\WriteHtmlCacheBehavior [ RunTime:0.000439s ]
INFO: [ view_filter ] --END-- [ RunTime:0.000538s ]
INFO: [ app_end ] --START--
INFO: Run Behavior\ShowPageTraceBehavior [ RunTime:0.001045s ]
INFO: [ app_end ] --END-- [ RunTime:0.001178s ]

[ 2018-08-24T11:05:21+08:00 ] 183.193.100.154 /index.php/Admin/Index/swich.html
INFO: [ app_init ] --START--
INFO: Run Behavior\BuildLiteBehavior [ RunTime:0.000034s ]
INFO: [ app_init ] --END-- [ RunTime:0.000910s ]
INFO: [ app_begin ] --START--
INFO: Run Behavior\ReadHtmlCacheBehavior [ RunTime:0.000958s ]
INFO: [ app_begin ] --END-- [ RunTime:0.001060s ]
INFO: [ view_parse ] --START--
INFO: [ template_filter ] --START--
INFO: Run Behavior\ContentReplaceBehavior [ RunTime:0.000201s ]
INFO: [ template_filter ] --END-- [ RunTime:0.000320s ]
INFO: Run Behavior\ParseTemplateBehavior [ RunTime:0.029093s ]
INFO: [ view_parse ] --END-- [ RunTime:0.029230s ]
INFO: [ view_filter ] --START--
INFO: Run Behavior\WriteHtmlCacheBehavior [ RunTime:0.000515s ]
INFO: [ view_filter ] --END-- [ RunTime:0.000590s ]
INFO: [ app_end ] --START--
INFO: Run Behavior\ShowPageTraceBehavior [ RunTime:0.000982s ]
INFO: [ app_end ] --END-- [ RunTime:0.001106s ]

[ 2018-08-24T11:05:21+08:00 ] 183.193.100.154 /index.php/Admin/Index/main_list.html
INFO: [ app_init ] --START--
INFO: Run Behavior\BuildLiteBehavior [ RunTime:0.000024s ]
INFO: [ app_init ] --END-- [ RunTime:0.000614s ]
INFO: [ app_begin ] --START--
INFO: Run Behavior\ReadHtmlCacheBehavior [ RunTime:0.000893s ]
INFO: [ app_begin ] --END-- [ RunTime:0.000999s ]
SQL: SHOW COLUMNS FROM `owns` [ RunTime:0.0018s ]
SQL: SHOW COLUMNS FROM `orders` [ RunTime:0.0022s ]
SQL: SHOW COLUMNS FROM `order_details` [ RunTime:0.0018s ]
SQL: SHOW COLUMNS FROM `agents` [ RunTime:0.0017s ]
SQL: SHOW COLUMNS FROM `users` [ RunTime:0.0021s ]
SQL: SELECT COUNT(*) AS tp_count FROM `users` LIMIT 1   [ RunTime:0.0007s ]
SQL: SELECT COUNT(*) AS tp_count FROM `agents` LIMIT 1   [ RunTime:0.0006s ]
SQL: SELECT COUNT(*) AS tp_count FROM `owns` LIMIT 1   [ RunTime:0.0006s ]
SQL: SELECT * FROM `orders` WHERE `status` = 1  [ RunTime:0.0012s ]
SQL: SELECT * FROM `order_details` WHERE `orderid` = 149  [ RunTime:0.0008s ]
SQL: SHOW COLUMNS FROM `products` [ RunTime:0.0020s ]
SQL: SHOW COLUMNS FROM `goods` [ RunTime:0.0021s ]
SQL: SHOW COLUMNS FROM `cats` [ RunTime:0.0018s ]
SQL: SHOW COLUMNS FROM `regions` [ RunTime:0.0016s ]
SQL: SHOW COLUMNS FROM `temples` [ RunTime:0.0015s ]
SQL: SELECT * FROM `products` WHERE `id` = 1870 LIMIT 1   [ RunTime:0.0009s ]
SQL: SELECT * FROM `goods` WHERE `goods_id` = 246 LIMIT 1   [ RunTime:0.0008s ]
SQL: SELECT * FROM `cats` WHERE `id` = 1 LIMIT 1   [ RunTime:0.0013s ]
SQL: SELECT * FROM `regions` WHERE `id` = 1 LIMIT 1   [ RunTime:0.0013s ]
SQL: SELECT * FROM `temples` WHERE `id` = 1 LIMIT 1   [ RunTime:0.0011s ]
SQL: SELECT * FROM `order_details` WHERE `orderid` = 148  [ RunTime:0.0014s ]
SQL: SELECT * FROM `products` WHERE `id` = 1764 LIMIT 1   [ RunTime:0.0011s ]
SQL: SELECT * FROM `goods` WHERE `goods_id` = 234 LIMIT 1   [ RunTime:0.0010s ]
SQL: SELECT * FROM `cats` WHERE `id` = 1 LIMIT 1   [ RunTime:0.0016s ]
SQL: SELECT * FROM `regions` WHERE `id` = 1 LIMIT 1   [ RunTime:0.0007s ]
SQL: SELECT * FROM `temples` WHERE `id` = 1 LIMIT 1   [ RunTime:0.0007s ]
NOTIC: [2] Missing argument 1 for Think\Controller::show(), called in D:\virtualhost\localuser\host2825265\www\JLCS\Admin\Controller\IndexController.class.php on line 98 and defined D:\virtualhost\localuser\host2825265\www\ThinkPHP\Library\Think\Controller.class.php 第 68 行.
NOTIC: [8] Undefined variable: content D:\virtualhost\localuser\host2825265\www\ThinkPHP\Library\Think\Controller.class.php 第 69 行.
INFO: [ view_parse ] --START--
INFO: [ template_filter ] --START--
INFO: Run Behavior\ContentReplaceBehavior [ RunTime:0.000164s ]
INFO: [ template_filter ] --END-- [ RunTime:0.000255s ]
INFO: Run Behavior\ParseTemplateBehavior [ RunTime:0.017038s ]
INFO: [ view_parse ] --END-- [ RunTime:0.017136s ]
INFO: [ view_filter ] --START--
INFO: Run Behavior\WriteHtmlCacheBehavior [ RunTime:0.000444s ]
INFO: [ view_filter ] --END-- [ RunTime:0.000520s ]
INFO: [ app_end ] --START--
INFO: Run Behavior\ShowPageTraceBehavior [ RunTime:0.000919s ]
INFO: [ app_end ] --END-- [ RunTime:0.001004s ]

[ 2018-08-24T11:05:21+08:00 ] 183.193.100.154 /index.php/Admin/Index/bottom.html
INFO: [ app_init ] --START--
INFO: Run Behavior\BuildLiteBehavior [ RunTime:0.000025s ]
INFO: [ app_init ] --END-- [ RunTime:0.000723s ]
INFO: [ app_begin ] --START--
INFO: Run Behavior\ReadHtmlCacheBehavior [ RunTime:0.000865s ]
INFO: [ app_begin ] --END-- [ RunTime:0.000962s ]
INFO: [ view_parse ] --START--
INFO: [ template_filter ] --START--
INFO: Run Behavior\ContentReplaceBehavior [ RunTime:0.000081s ]
INFO: [ template_filter ] --END-- [ RunTime:0.000228s ]
INFO: Run Behavior\ParseTemplateBehavior [ RunTime:0.009747s ]
INFO: [ view_parse ] --END-- [ RunTime:0.009850s ]
INFO: [ view_filter ] --START--
INFO: Run Behavior\WriteHtmlCacheBehavior [ RunTime:0.000392s ]
INFO: [ view_filter ] --END-- [ RunTime:0.000468s ]
INFO: [ app_end ] --START--
INFO: Run Behavior\ShowPageTraceBehavior [ RunTime:0.000949s ]
INFO: [ app_end ] --END-- [ RunTime:0.001033s ]

[ 2018-08-24T11:05:21+08:00 ] 183.193.100.154 /index.php/Admin/Index/include/images/favicon.ico
INFO: [ app_init ] --START--
INFO: Run Behavior\BuildLiteBehavior [ RunTime:0.000025s ]
INFO: [ app_init ] --END-- [ RunTime:0.000681s ]

[ 2018-08-24T11:05:21+08:00 ] 183.193.100.154 /index.php/Admin/Index/css/main.css
INFO: [ app_init ] --START--
INFO: Run Behavior\BuildLiteBehavior [ RunTime:0.000025s ]
INFO: [ app_init ] --END-- [ RunTime:0.000669s ]
INFO: [ app_begin ] --START--
INFO: Run Behavior\ReadHtmlCacheBehavior [ RunTime:0.000835s ]
INFO: [ app_begin ] --END-- [ RunTime:0.000928s ]
ERR: 非法操作:css

[ 2018-08-24T11:05:21+08:00 ] 183.193.100.154 /index.php/Admin/Index/css/css.css
INFO: [ app_init ] --START--
INFO: Run Behavior\BuildLiteBehavior [ RunTime:0.000026s ]
INFO: [ app_init ] --END-- [ RunTime:0.000710s ]
INFO: [ app_begin ] --START--
INFO: Run Behavior\ReadHtmlCacheBehavior [ RunTime:0.000860s ]
INFO: [ app_begin ] --END-- [ RunTime:0.001020s ]
ERR: 非法操作:css

[ 2018-08-24T11:05:21+08:00 ] 183.193.100.154 /index.php/Admin/Index/include/images/main/bottombg.jpg
INFO: [ app_init ] --START--
INFO: Run Behavior\BuildLiteBehavior [ RunTime:0.000024s ]
INFO: [ app_init ] --END-- [ RunTime:0.000669s ]

[ 2018-08-24T11:05:25+08:00 ] 183.193.100.154 /index.php/Admin/Product/index.html
INFO: [ app_init ] --START--
INFO: Run Behavior\BuildLiteBehavior [ RunTime:0.000026s ]
INFO: [ app_init ] --END-- [ RunTime:0.000647s ]
INFO: [ app_begin ] --START--
INFO: Run Behavior\ReadHtmlCacheBehavior [ RunTime:0.000904s ]
INFO: [ app_begin ] --END-- [ RunTime:0.001004s ]
SQL: SHOW COLUMNS FROM `products` [ RunTime:0.0027s ]
SQL: SHOW COLUMNS FROM `goods` [ RunTime:0.0076s ]
SQL: SELECT * FROM `products` WHERE `goods_id` = 26 LIMIT 0,4   [ RunTime:0.0012s ]
SQL: SELECT * FROM `goods` WHERE `goods_id` = 26 LIMIT 1   [ RunTime:0.0008s ]
SQL: SELECT COUNT(*) AS tp_count FROM `products` WHERE `goods_id` = 26 LIMIT 1   [ RunTime:0.0671s ]
INFO: [ view_parse ] --START--
INFO: [ template_filter ] --START--
INFO: Run Behavior\ContentReplaceBehavior [ RunTime:0.000169s ]
INFO: [ template_filter ] --END-- [ RunTime:0.000268s ]
NOTIC: [8] Use of undefined constant select - assumed 'select' D:\virtualhost\localuser\host2825265\www\JLCS\Runtime\Cache\Admin\c09f9a032bb458b73b65ad177c0a68ee.php 第 58 行.
NOTIC: [8] Undefined variable: keywords D:\virtualhost\localuser\host2825265\www\JLCS\Runtime\Cache\Admin\c09f9a032bb458b73b65ad177c0a68ee.php 第 60 行.
NOTIC: [8] Use of undefined constant edit - assumed 'edit' D:\virtualhost\localuser\host2825265\www\JLCS\Runtime\Cache\Admin\c09f9a032bb458b73b65ad177c0a68ee.php 第 92 行.
NOTIC: [8] Use of undefined constant edit - assumed 'edit' D:\virtualhost\localuser\host2825265\www\JLCS\Runtime\Cache\Admin\c09f9a032bb458b73b65ad177c0a68ee.php 第 92 行.
NOTIC: [8] Use of undefined constant edit - assumed 'edit' D:\virtualhost\localuser\host2825265\www\JLCS\Runtime\Cache\Admin\c09f9a032bb458b73b65ad177c0a68ee.php 第 92 行.
NOTIC: [8] Use of undefined constant edit - assumed 'edit' D:\virtualhost\localuser\host2825265\www\JLCS\Runtime\Cache\Admin\c09f9a032bb458b73b65ad177c0a68ee.php 第 92 行.
INFO: Run Behavior\ParseTemplateBehavior [ RunTime:0.017443s ]
INFO: [ view_parse ] --END-- [ RunTime:0.017546s ]
INFO: [ view_filter ] --START--
INFO: Run Behavior\WriteHtmlCacheBehavior [ RunTime:0.000384s ]
INFO: [ view_filter ] --END-- [ RunTime:0.000462s ]
INFO: [ app_end ] --START--
INFO: Run Behavior\ShowPageTraceBehavior [ RunTime:0.000866s ]
INFO: [ app_end ] --END-- [ RunTime:0.000950s ]

[ 2018-08-24T11:05:25+08:00 ] 183.193.100.154 /index.php/Admin/Product/css/main.css
INFO: [ app_init ] --START--
INFO: Run Behavior\BuildLiteBehavior [ RunTime:0.000027s ]
INFO: [ app_init ] --END-- [ RunTime:0.000724s ]
INFO: [ app_begin ] --START--
INFO: Run Behavior\ReadHtmlCacheBehavior [ RunTime:0.000841s ]
INFO: [ app_begin ] --END-- [ RunTime:0.000937s ]
ERR: 非法操作:css

[ 2018-08-24T11:05:25+08:00 ] 183.193.100.154 /index.php/Admin/Product/css/css.css
INFO: [ app_init ] --START--
INFO: Run Behavior\BuildLiteBehavior [ RunTime:0.000024s ]
INFO: [ app_init ] --END-- [ RunTime:0.000656s ]
INFO: [ app_begin ] --START--
INFO: Run Behavior\ReadHtmlCacheBehavior [ RunTime:0.000775s ]
INFO: [ app_begin ] --END-- [ RunTime:0.000936s ]
ERR: 非法操作:css

[ 2018-08-24T11:05:25+08:00 ] 183.193.100.154 /index.php/Admin/Product/images/main/list_input.jpg
INFO: [ app_init ] --START--
INFO: Run Behavior\BuildLiteBehavior [ RunTime:0.000025s ]
INFO: [ app_init ] --END-- [ RunTime:0.000629s ]

[ 2018-08-24T11:05:25+08:00 ] 183.193.100.154 /index.php/Admin/Product/images/main/list_bg.jpg
INFO: [ app_init ] --START--
INFO: Run Behavior\BuildLiteBehavior [ RunTime:0.000069s ]
INFO: [ app_init ] --END-- [ RunTime:0.000805s ]

[ 2018-08-24T11:05:27+08:00 ] 183.193.100.154 /index.php/Admin/Product/add.html
INFO: [ app_init ] --START--
INFO: Run Behavior\BuildLiteBehavior [ RunTime:0.000026s ]
INFO: [ app_init ] --END-- [ RunTime:0.000666s ]
INFO: [ app_begin ] --START--
INFO: Run Behavior\ReadHtmlCacheBehavior [ RunTime:0.000839s ]
INFO: [ app_begin ] --END-- [ RunTime:0.000932s ]
SQL: SHOW COLUMNS FROM `cats` [ RunTime:0.0020s ]
SQL: SELECT * FROM `cats` WHERE `id` = 15 LIMIT 1   [ RunTime:0.0009s ]
NOTIC: [2] Missing argument 1 for Think\Controller::show(), called in D:\virtualhost\localuser\host2825265\www\JLCS\Admin\Controller\ProductController.class.php on line 36 and defined D:\virtualhost\localuser\host2825265\www\ThinkPHP\Library\Think\Controller.class.php 第 68 行.
NOTIC: [8] Undefined variable: content D:\virtualhost\localuser\host2825265\www\ThinkPHP\Library\Think\Controller.class.php 第 69 行.
INFO: [ view_parse ] --START--
INFO: [ template_filter ] --START--
INFO: Run Behavior\ContentReplaceBehavior [ RunTime:0.000191s ]
INFO: [ template_filter ] --END-- [ RunTime:0.000280s ]
NOTIC: [8] Undefined variable: str D:\virtualhost\localuser\host2825265\www\JLCS\Runtime\Cache\Admin\39dc7359c7764e55e1e4bc10efa098e9.php 第 38 行.
NOTIC: [8] Undefined variable: date1 D:\virtualhost\localuser\host2825265\www\JLCS\Runtime\Cache\Admin\39dc7359c7764e55e1e4bc10efa098e9.php 第 89 行.
NOTIC: [8] Undefined variable: date2 D:\virtualhost\localuser\host2825265\www\JLCS\Runtime\Cache\Admin\39dc7359c7764e55e1e4bc10efa098e9.php 第 97 行.
NOTIC: [8] Undefined variable: date3 D:\virtualhost\localuser\host2825265\www\JLCS\Runtime\Cache\Admin\39dc7359c7764e55e1e4bc10efa098e9.php 第 102 行.
INFO: Run Behavior\ParseTemplateBehavior [ RunTime:0.014796s ]
INFO: [ view_parse ] --END-- [ RunTime:0.014885s ]
INFO: [ view_filter ] --START--
INFO: Run Behavior\WriteHtmlCacheBehavior [ RunTime:0.000416s ]
INFO: [ view_filter ] --END-- [ RunTime:0.000494s ]
INFO: [ app_end ] --START--
INFO: Run Behavior\ShowPageTraceBehavior [ RunTime:0.000802s ]
INFO: [ app_end ] --END-- [ RunTime:0.000881s ]

[ 2018-08-24T11:05:27+08:00 ] 183.193.100.154 /index.php/Admin/Product/products.html
INFO: [ app_init ] --START--
INFO: Run Behavior\BuildLiteBehavior [ RunTime:0.000024s ]
INFO: [ app_init ] --END-- [ RunTime:0.000649s ]
INFO: [ app_begin ] --START--
INFO: Run Behavior\ReadHtmlCacheBehavior [ RunTime:0.000898s ]
INFO: [ app_begin ] --END-- [ RunTime:0.000990s ]
SQL: SHOW COLUMNS FROM `products` [ RunTime:0.0018s ]
SQL: SELECT * FROM `products` WHERE `danshuang` = 'shop'  [ RunTime:0.0363s ]
NOTIC: [2] Missing argument 1 for Think\Controller::show(), called in D:\virtualhost\localuser\host2825265\www\JLCS\Admin\Controller\ProductController.class.php on line 121 and defined D:\virtualhost\localuser\host2825265\www\ThinkPHP\Library\Think\Controller.class.php 第 68 行.
NOTIC: [8] Undefined variable: content D:\virtualhost\localuser\host2825265\www\ThinkPHP\Library\Think\Controller.class.php 第 69 行.
INFO: [ view_parse ] --START--
INFO: [ template_filter ] --START--
INFO: Run Behavior\ContentReplaceBehavior [ RunTime:0.000166s ]
INFO: [ template_filter ] --END-- [ RunTime:0.000257s ]
NOTIC: [8] Use of undefined constant selectproduct - assumed 'selectproduct' D:\virtualhost\localuser\host2825265\www\JLCS\Runtime\Cache\Admin\3a606986cd17d14f6504e05722d2d9b4.php 第 58 行.
NOTIC: [8] Undefined variable: keywords D:\virtualhost\localuser\host2825265\www\JLCS\Runtime\Cache\Admin\3a606986cd17d14f6504e05722d2d9b4.php 第 60 行.
NOTIC: [8] Undefined variable: page D:\virtualhost\localuser\host2825265\www\JLCS\Runtime\Cache\Admin\3a606986cd17d14f6504e05722d2d9b4.php 第 96 行.
NOTIC: [8] Undefined variable: count D:\virtualhost\localuser\host2825265\www\JLCS\Runtime\Cache\Admin\3a606986cd17d14f6504e05722d2d9b4.php 第 97 行.
INFO: Run Behavior\ParseTemplateBehavior [ RunTime:0.020288s ]
INFO: [ view_parse ] --END-- [ RunTime:0.020389s ]
INFO: [ view_filter ] --START--
INFO: Run Behavior\WriteHtmlCacheBehavior [ RunTime:0.000426s ]
INFO: [ view_filter ] --END-- [ RunTime:0.000503s ]
INFO: [ app_end ] --START--
INFO: Run Behavior\ShowPageTraceBehavior [ RunTime:0.000865s ]
INFO: [ app_end ] --END-- [ RunTime:0.000956s ]

[ 2018-08-24T11:05:27+08:00 ] 183.193.100.154 /index.php/Admin/Product/css/main.css
INFO: [ app_init ] --START--
INFO: Run Behavior\BuildLiteBehavior [ RunTime:0.000025s ]
INFO: [ app_init ] --END-- [ RunTime:0.000678s ]
INFO: [ app_begin ] --START--
INFO: Run Behavior\ReadHtmlCacheBehavior [ RunTime:0.000837s ]
INFO: [ app_begin ] --END-- [ RunTime:0.000935s ]
ERR: 非法操作:css

[ 2018-08-24T11:05:27+08:00 ] 183.193.100.154 /index.php/Admin/Product/css/css.css
INFO: [ app_init ] --START--
INFO: Run Behavior\BuildLiteBehavior [ RunTime:0.000024s ]
INFO: [ app_init ] --END-- [ RunTime:0.000646s ]
INFO: [ app_begin ] --START--
INFO: Run Behavior\ReadHtmlCacheBehavior [ RunTime:0.000864s ]
INFO: [ app_begin ] --END-- [ RunTime:0.000960s ]
ERR: 非法操作:css

[ 2018-08-24T11:05:28+08:00 ] 183.193.100.154 /index.php/Admin/Product/products.html
INFO: [ app_init ] --START--
INFO: Run Behavior\BuildLiteBehavior [ RunTime:0.000037s ]
INFO: [ app_init ] --END-- [ RunTime:0.000655s ]
INFO: [ app_begin ] --START--
INFO: Run Behavior\ReadHtmlCacheBehavior [ RunTime:0.000845s ]
INFO: [ app_begin ] --END-- [ RunTime:0.000956s ]
SQL: SHOW COLUMNS FROM `products` [ RunTime:0.0024s ]
SQL: SELECT * FROM `products` WHERE `danshuang` = 'shop'  [ RunTime:0.0364s ]
NOTIC: [2] Missing argument 1 for Think\Controller::show(), called in D:\virtualhost\localuser\host2825265\www\JLCS\Admin\Controller\ProductController.class.php on line 121 and defined D:\virtualhost\localuser\host2825265\www\ThinkPHP\Library\Think\Controller.class.php 第 68 行.
NOTIC: [8] Undefined variable: content D:\virtualhost\localuser\host2825265\www\ThinkPHP\Library\Think\Controller.class.php 第 69 行.
INFO: [ view_parse ] --START--
INFO: [ template_filter ] --START--
INFO: Run Behavior\ContentReplaceBehavior [ RunTime:0.000403s ]
INFO: [ template_filter ] --END-- [ RunTime:0.000522s ]
NOTIC: [8] Use of undefined constant selectproduct - assumed 'selectproduct' D:\virtualhost\localuser\host2825265\www\JLCS\Runtime\Cache\Admin\3a606986cd17d14f6504e05722d2d9b4.php 第 58 行.
NOTIC: [8] Undefined variable: keywords D:\virtualhost\localuser\host2825265\www\JLCS\Runtime\Cache\Admin\3a606986cd17d14f6504e05722d2d9b4.php 第 60 行.
NOTIC: [8] Undefined variable: page D:\virtualhost\localuser\host2825265\www\JLCS\Runtime\Cache\Admin\3a606986cd17d14f6504e05722d2d9b4.php 第 96 行.
NOTIC: [8] Undefined variable: count D:\virtualhost\localuser\host2825265\www\JLCS\Runtime\Cache\Admin\3a606986cd17d14f6504e05722d2d9b4.php 第 97 行.
INFO: Run Behavior\ParseTemplateBehavior [ RunTime:0.022623s ]
INFO: [ view_parse ] --END-- [ RunTime:0.022725s ]
INFO: [ view_filter ] --START--
INFO: Run Behavior\WriteHtmlCacheBehavior [ RunTime:0.000694s ]
INFO: [ view_filter ] --END-- [ RunTime:0.000808s ]
INFO: [ app_end ] --START--
INFO: Run Behavior\ShowPageTraceBehavior [ RunTime:0.000950s ]
INFO: [ app_end ] --END-- [ RunTime:0.001070s ]

[ 2018-08-24T11:05:28+08:00 ] 183.193.100.154 /index.php/Admin/Product/css/css.css
INFO: [ app_init ] --START--
INFO: Run Behavior\BuildLiteBehavior [ RunTime:0.000026s ]
INFO: [ app_init ] --END-- [ RunTime:0.000687s ]
INFO: [ app_begin ] --START--
INFO: Run Behavior\ReadHtmlCacheBehavior [ RunTime:0.000845s ]
INFO: [ app_begin ] --END-- [ RunTime:0.000943s ]
ERR: 非法操作:css

[ 2018-08-24T11:05:28+08:00 ] 183.193.100.154 /index.php/Admin/Product/css/main.css
INFO: [ app_init ] --START--
INFO: Run Behavior\BuildLiteBehavior [ RunTime:0.000025s ]
INFO: [ app_init ] --END-- [ RunTime:0.000657s ]
INFO: [ app_begin ] --START--
INFO: Run Behavior\ReadHtmlCacheBehavior [ RunTime:0.000808s ]
INFO: [ app_begin ] --END-- [ RunTime:0.000939s ]
ERR: 非法操作:css

[ 2018-08-24T11:05:30+08:00 ] 183.193.100.154 /index.php/Admin/Product/editproduct/id/48184.html
INFO: [ app_init ] --START--
INFO: Run Behavior\BuildLiteBehavior [ RunTime:0.000025s ]
INFO: [ app_init ] --END-- [ RunTime:0.000749s ]
INFO: [ app_begin ] --START--
INFO: Run Behavior\ReadHtmlCacheBehavior [ RunTime:0.000833s ]
INFO: [ app_begin ] --END-- [ RunTime:0.000982s ]
SQL: SHOW COLUMNS FROM `products` [ RunTime:0.0020s ]
SQL: SHOW COLUMNS FROM `cats` [ RunTime:0.0016s ]
SQL: SELECT * FROM `products` WHERE `id` = 48184 LIMIT 1   [ RunTime:0.0008s ]
SQL: SELECT * FROM `cats` WHERE `id` = 15 LIMIT 1   [ RunTime:0.0006s ]
INFO: [ view_parse ] --START--
INFO: [ template_filter ] --START--
INFO: Run Behavior\ContentReplaceBehavior [ RunTime:0.000260s ]
INFO: [ template_filter ] --END-- [ RunTime:0.000407s ]
NOTIC: [8] Undefined variable: str D:\virtualhost\localuser\host2825265\www\JLCS\Runtime\Cache\Admin\cf4b7396f4bb98cc1b6fdb95de79f9bd.php 第 38 行.
NOTIC: [8] Undefined index: image D:\virtualhost\localuser\host2825265\www\JLCS\Runtime\Cache\Admin\cf4b7396f4bb98cc1b6fdb95de79f9bd.php 第 75 行.
NOTIC: [8] Undefined index: image D:\virtualhost\localuser\host2825265\www\JLCS\Runtime\Cache\Admin\cf4b7396f4bb98cc1b6fdb95de79f9bd.php 第 77 行.
NOTIC: [8] Undefined variable: date1 D:\virtualhost\localuser\host2825265\www\JLCS\Runtime\Cache\Admin\cf4b7396f4bb98cc1b6fdb95de79f9bd.php 第 92 行.
NOTIC: [8] Undefined variable: date2 D:\virtualhost\localuser\host2825265\www\JLCS\Runtime\Cache\Admin\cf4b7396f4bb98cc1b6fdb95de79f9bd.php 第 100 行.
NOTIC: [8] Undefined variable: date3 D:\virtualhost\localuser\host2825265\www\JLCS\Runtime\Cache\Admin\cf4b7396f4bb98cc1b6fdb95de79f9bd.php 第 105 行.
INFO: Run Behavior\ParseTemplateBehavior [ RunTime:0.017910s ]
INFO: [ view_parse ] --END-- [ RunTime:0.018044s ]
INFO: [ view_filter ] --START--
INFO: Run Behavior\WriteHtmlCacheBehavior [ RunTime:0.000439s ]
INFO: [ view_filter ] --END-- [ RunTime:0.000550s ]
INFO: [ app_end ] --START--
INFO: Run Behavior\ShowPageTraceBehavior [ RunTime:0.000926s ]
INFO: [ app_end ] --END-- [ RunTime:0.001008s ]

[ 2018-08-24T11:05:33+08:00 ] 183.193.100.154 /index.php/Admin/Product/doeditproduct/id/48184.html
INFO: [ app_init ] --START--
INFO: Run Behavior\BuildLiteBehavior [ RunTime:0.000028s ]
INFO: [ app_init ] --END-- [ RunTime:0.000699s ]
INFO: [ app_begin ] --START--
INFO: Run Behavior\ReadHtmlCacheBehavior [ RunTime:0.000956s ]
INFO: [ app_begin ] --END-- [ RunTime:0.001074s ]
SQL: SHOW COLUMNS FROM `products` [ RunTime:0.0020s ]
SQL: UPDATE `products` SET `product_name`='主梁',`product_description`='主梁【main beam】指的是在上部结构中，支承各种荷载并将其传递至墩、台的梁。',`product_store`='127',`product_image`='',`product_price`='999',`now_price`='100000.00',`cat_id`='15',`path`='/uploads__/2017-12-19/5a3873a965f9e.jpg',`danshuang`='shop' WHERE `id` = 48184 [ RunTime:0.0009s ]
INFO: [ view_parse ] --START--
INFO: [ template_filter ] --START--
INFO: Run Behavior\ContentReplaceBehavior [ RunTime:0.000083s ]
INFO: [ template_filter ] --END-- [ RunTime:0.000180s ]
INFO: Run Behavior\ParseTemplateBehavior [ RunTime:0.011327s ]
INFO: [ view_parse ] --END-- [ RunTime:0.011457s ]
INFO: [ view_filter ] --START--
INFO: Run Behavior\WriteHtmlCacheBehavior [ RunTime:0.000429s ]
INFO: [ view_filter ] --END-- [ RunTime:0.000507s ]
INFO: [ app_end ] --START--
INFO: Run Behavior\ShowPageTraceBehavior [ RunTime:0.000863s ]
INFO: [ app_end ] --END-- [ RunTime:0.000949s ]

[ 2018-08-24T11:05:36+08:00 ] 183.193.100.154 /index.php/Admin/Product/products.html
INFO: [ app_init ] --START--
INFO: Run Behavior\BuildLiteBehavior [ RunTime:0.000026s ]
INFO: [ app_init ] --END-- [ RunTime:0.000744s ]
INFO: [ app_begin ] --START--
INFO: Run Behavior\ReadHtmlCacheBehavior [ RunTime:0.000895s ]
INFO: [ app_begin ] --END-- [ RunTime:0.001068s ]
SQL: SHOW COLUMNS FROM `products` [ RunTime:0.0020s ]
SQL: SELECT * FROM `products` WHERE `danshuang` = 'shop'  [ RunTime:0.0364s ]
NOTIC: [2] Missing argument 1 for Think\Controller::show(), called in D:\virtualhost\localuser\host2825265\www\JLCS\Admin\Controller\ProductController.class.php on line 121 and defined D:\virtualhost\localuser\host2825265\www\ThinkPHP\Library\Think\Controller.class.php 第 68 行.
NOTIC: [8] Undefined variable: content D:\virtualhost\localuser\host2825265\www\ThinkPHP\Library\Think\Controller.class.php 第 69 行.
INFO: [ view_parse ] --START--
INFO: [ template_filter ] --START--
INFO: Run Behavior\ContentReplaceBehavior [ RunTime:0.000172s ]
INFO: [ template_filter ] --END-- [ RunTime:0.000267s ]
NOTIC: [8] Use of undefined constant selectproduct - assumed 'selectproduct' D:\virtualhost\localuser\host2825265\www\JLCS\Runtime\Cache\Admin\3a606986cd17d14f6504e05722d2d9b4.php 第 58 行.
NOTIC: [8] Undefined variable: keywords D:\virtualhost\localuser\host2825265\www\JLCS\Runtime\Cache\Admin\3a606986cd17d14f6504e05722d2d9b4.php 第 60 行.
NOTIC: [8] Undefined variable: page D:\virtualhost\localuser\host2825265\www\JLCS\Runtime\Cache\Admin\3a606986cd17d14f6504e05722d2d9b4.php 第 96 行.
NOTIC: [8] Undefined variable: count D:\virtualhost\localuser\host2825265\www\JLCS\Runtime\Cache\Admin\3a606986cd17d14f6504e05722d2d9b4.php 第 97 行.
INFO: Run Behavior\ParseTemplateBehavior [ RunTime:0.021442s ]
INFO: [ view_parse ] --END-- [ RunTime:0.021535s ]
INFO: [ view_filter ] --START--
INFO: Run Behavior\WriteHtmlCacheBehavior [ RunTime:0.000412s ]
INFO: [ view_filter ] --END-- [ RunTime:0.000505s ]
INFO: [ app_end ] --START--
INFO: Run Behavior\ShowPageTraceBehavior [ RunTime:0.000837s ]
INFO: [ app_end ] --END-- [ RunTime:0.000936s ]

[ 2018-08-24T11:05:36+08:00 ] 183.193.100.154 /index.php/Admin/Product/css/css.css
INFO: [ app_init ] --START--
INFO: Run Behavior\BuildLiteBehavior [ RunTime:0.000025s ]
INFO: [ app_init ] --END-- [ RunTime:0.000677s ]
INFO: [ app_begin ] --START--
INFO: Run Behavior\ReadHtmlCacheBehavior [ RunTime:0.000885s ]
INFO: [ app_begin ] --END-- [ RunTime:0.000983s ]
ERR: 非法操作:css

[ 2018-08-24T11:05:36+08:00 ] 183.193.100.154 /index.php/Admin/Product/css/main.css
INFO: [ app_init ] --START--
INFO: Run Behavior\BuildLiteBehavior [ RunTime:0.000025s ]
INFO: [ app_init ] --END-- [ RunTime:0.000730s ]
INFO: [ app_begin ] --START--
INFO: Run Behavior\ReadHtmlCacheBehavior [ RunTime:0.000874s ]
INFO: [ app_begin ] --END-- [ RunTime:0.000986s ]
ERR: 非法操作:css

[ 2018-08-24T11:05:38+08:00 ] 183.193.100.154 /index.php/Admin/Product/images/main/list_input.jpg
INFO: [ app_init ] --START--
INFO: Run Behavior\BuildLiteBehavior [ RunTime:0.000026s ]
INFO: [ app_init ] --END-- [ RunTime:0.000708s ]

[ 2018-08-24T11:05:38+08:00 ] 183.193.100.154 /index.php/Admin/Product/images/main/list_bg.jpg
INFO: [ app_init ] --START--
INFO: Run Behavior\BuildLiteBehavior [ RunTime:0.000024s ]
INFO: [ app_init ] --END-- [ RunTime:0.000680s ]

[ 2018-08-24T11:09:33+08:00 ] 183.193.100.154 /index.php/Admin/Index/index
INFO: [ app_init ] --START--
INFO: Run Behavior\BuildLiteBehavior [ RunTime:0.000031s ]
INFO: [ app_init ] --END-- [ RunTime:0.000825s ]
INFO: [ app_begin ] --START--
INFO: Run Behavior\ReadHtmlCacheBehavior [ RunTime:0.000979s ]
INFO: [ app_begin ] --END-- [ RunTime:0.001108s ]
SQL: SHOW COLUMNS FROM `users` [ RunTime:0.0021s ]

[ 2018-08-24T11:09:33+08:00 ] 183.193.100.154 /index.php/Admin/Index/login.html
INFO: [ app_init ] --START--
INFO: Run Behavior\BuildLiteBehavior [ RunTime:0.000026s ]
INFO: [ app_init ] --END-- [ RunTime:0.000698s ]
INFO: [ app_begin ] --START--
INFO: Run Behavior\ReadHtmlCacheBehavior [ RunTime:0.000852s ]
INFO: [ app_begin ] --END-- [ RunTime:0.000962s ]
INFO: [ view_parse ] --START--
INFO: [ template_filter ] --START--
INFO: Run Behavior\ContentReplaceBehavior [ RunTime:0.000110s ]
INFO: [ template_filter ] --END-- [ RunTime:0.000227s ]
INFO: Run Behavior\ParseTemplateBehavior [ RunTime:0.012385s ]
INFO: [ view_parse ] --END-- [ RunTime:0.012508s ]
INFO: [ view_filter ] --START--
INFO: Run Behavior\WriteHtmlCacheBehavior [ RunTime:0.000494s ]
INFO: [ view_filter ] --END-- [ RunTime:0.000570s ]
INFO: [ app_end ] --START--
INFO: Run Behavior\ShowPageTraceBehavior [ RunTime:0.000945s ]
INFO: [ app_end ] --END-- [ RunTime:0.001029s ]

