[ 2018-09-28T10:03:43+08:00 ] ::1 /webjlcs/
INFO: [ app_init ] --START--
INFO: Run Behavior\BuildLiteBehavior [ RunTime:0.000000s ]
INFO: [ app_init ] --END-- [ RunTime:0.054003s ]
INFO: [ app_begin ] --START--
INFO: Run Behavior\ReadHtmlCacheBehavior [ RunTime:0.015001s ]
INFO: [ app_begin ] --END-- [ RunTime:0.015001s ]
INFO: [ view_parse ] --START--
INFO: [ template_filter ] --START--
INFO: Run Behavior\ContentReplaceBehavior [ RunTime:0.000000s ]
INFO: [ template_filter ] --END-- [ RunTime:0.000000s ]
INFO: Run Behavior\ParseTemplateBehavior [ RunTime:0.050003s ]
INFO: [ view_parse ] --END-- [ RunTime:0.050003s ]
INFO: [ view_filter ] --START--
INFO: Run Behavior\WriteHtmlCacheBehavior [ RunTime:0.002000s ]
INFO: [ view_filter ] --END-- [ RunTime:0.002000s ]
INFO: [ app_end ] --START--
INFO: Run Behavior\ShowPageTraceBehavior [ RunTime:0.010000s ]
INFO: [ app_end ] --END-- [ RunTime:0.010000s ]

[ 2018-09-28T10:03:53+08:00 ] ::1 /webjlcs/Home/Index/jlcs.html
INFO: [ app_init ] --START--
INFO: Run Behavior\BuildLiteBehavior [ RunTime:0.000000s ]
INFO: [ app_init ] --END-- [ RunTime:0.001000s ]
INFO: [ app_begin ] --START--
INFO: Run Behavior\ReadHtmlCacheBehavior [ RunTime:0.002000s ]
INFO: [ app_begin ] --END-- [ RunTime:0.002000s ]
NOTIC: [2] Missing argument 1 for Think\Controller::show(), called in D:\phpStudy\WWW\webjlcs\JLCS\Home\Controller\IndexController.class.php on line 63 and defined D:\phpStudy\WWW\webjlcs\ThinkPHP\Library\Think\Controller.class.php 第 68 行.
NOTIC: [8] Undefined variable: content D:\phpStudy\WWW\webjlcs\ThinkPHP\Library\Think\Controller.class.php 第 69 行.
INFO: [ view_parse ] --START--
INFO: [ template_filter ] --START--
INFO: Run Behavior\ContentReplaceBehavior [ RunTime:0.001000s ]
INFO: [ template_filter ] --END-- [ RunTime:0.001000s ]
NOTIC: [8] Undefined index: name D:\phpStudy\WWW\webjlcs\JLCS\Runtime\Cache\Home\062cab7d9290c2f44e9ae89f45a38e94.php 第 47 行.
INFO: Run Behavior\ParseTemplateBehavior [ RunTime:0.048003s ]
INFO: [ view_parse ] --END-- [ RunTime:0.048003s ]
INFO: [ view_filter ] --START--
INFO: Run Behavior\WriteHtmlCacheBehavior [ RunTime:0.001000s ]
INFO: [ view_filter ] --END-- [ RunTime:0.001000s ]
INFO: [ app_end ] --START--
INFO: Run Behavior\ShowPageTraceBehavior [ RunTime:0.002000s ]
INFO: [ app_end ] --END-- [ RunTime:0.002000s ]

[ 2018-09-28T10:04:03+08:00 ] ::1 /webjlcs/Home/Index/index
INFO: [ app_init ] --START--
INFO: Run Behavior\BuildLiteBehavior [ RunTime:0.000000s ]
INFO: [ app_init ] --END-- [ RunTime:0.001000s ]
INFO: [ app_begin ] --START--
INFO: Run Behavior\ReadHtmlCacheBehavior [ RunTime:0.002000s ]
INFO: [ app_begin ] --END-- [ RunTime:0.002000s ]
INFO: [ view_parse ] --START--
INFO: [ template_filter ] --START--
INFO: Run Behavior\ContentReplaceBehavior [ RunTime:0.001000s ]
INFO: [ template_filter ] --END-- [ RunTime:0.001000s ]
INFO: Run Behavior\ParseTemplateBehavior [ RunTime:0.017001s ]
INFO: [ view_parse ] --END-- [ RunTime:0.017001s ]
INFO: [ view_filter ] --START--
INFO: Run Behavior\WriteHtmlCacheBehavior [ RunTime:0.001000s ]
INFO: [ view_filter ] --END-- [ RunTime:0.001000s ]
INFO: [ app_end ] --START--
INFO: Run Behavior\ShowPageTraceBehavior [ RunTime:0.002000s ]
INFO: [ app_end ] --END-- [ RunTime:0.003000s ]

[ 2018-09-28T10:04:15+08:00 ] ::1 /webjlcs/Home/Index/jlcs.html
INFO: [ app_init ] --START--
INFO: Run Behavior\BuildLiteBehavior [ RunTime:0.000000s ]
INFO: [ app_init ] --END-- [ RunTime:0.000000s ]
INFO: [ app_begin ] --START--
INFO: Run Behavior\ReadHtmlCacheBehavior [ RunTime:0.001000s ]
INFO: [ app_begin ] --END-- [ RunTime:0.001000s ]
NOTIC: [2] Missing argument 1 for Think\Controller::show(), called in D:\phpStudy\WWW\webjlcs\JLCS\Home\Controller\IndexController.class.php on line 63 and defined D:\phpStudy\WWW\webjlcs\ThinkPHP\Library\Think\Controller.class.php 第 68 行.
NOTIC: [8] Undefined variable: content D:\phpStudy\WWW\webjlcs\ThinkPHP\Library\Think\Controller.class.php 第 69 行.
INFO: [ view_parse ] --START--
INFO: [ template_filter ] --START--
INFO: Run Behavior\ContentReplaceBehavior [ RunTime:0.001000s ]
INFO: [ template_filter ] --END-- [ RunTime:0.001000s ]
NOTIC: [8] Undefined index: name D:\phpStudy\WWW\webjlcs\JLCS\Runtime\Cache\Home\062cab7d9290c2f44e9ae89f45a38e94.php 第 47 行.
INFO: Run Behavior\ParseTemplateBehavior [ RunTime:0.017001s ]
INFO: [ view_parse ] --END-- [ RunTime:0.017001s ]
INFO: [ view_filter ] --START--
INFO: Run Behavior\WriteHtmlCacheBehavior [ RunTime:0.001000s ]
INFO: [ view_filter ] --END-- [ RunTime:0.002000s ]
INFO: [ app_end ] --START--
INFO: Run Behavior\ShowPageTraceBehavior [ RunTime:0.002000s ]
INFO: [ app_end ] --END-- [ RunTime:0.002000s ]

[ 2018-09-28T10:04:20+08:00 ] ::1 /webjlcs/Home/Index/jlcs_wft
INFO: [ app_init ] --START--
INFO: Run Behavior\BuildLiteBehavior [ RunTime:0.000000s ]
INFO: [ app_init ] --END-- [ RunTime:0.001000s ]
INFO: [ app_begin ] --START--
INFO: Run Behavior\ReadHtmlCacheBehavior [ RunTime:0.002000s ]
INFO: [ app_begin ] --END-- [ RunTime:0.002000s ]
INFO: [ view_parse ] --START--
INFO: [ template_filter ] --START--
INFO: Run Behavior\ContentReplaceBehavior [ RunTime:0.000000s ]
INFO: [ template_filter ] --END-- [ RunTime:0.001000s ]
NOTIC: [8] Use of undefined constant c - assumed 'c' D:\phpStudy\WWW\webjlcs\JLCS\Runtime\Cache\Home\5cb929016d38edd85eb81463fba35eee.php 第 49 行.
NOTIC: [8] Use of undefined constant d - assumed 'd' D:\phpStudy\WWW\webjlcs\JLCS\Runtime\Cache\Home\5cb929016d38edd85eb81463fba35eee.php 第 50 行.
NOTIC: [8] Use of undefined constant a - assumed 'a' D:\phpStudy\WWW\webjlcs\JLCS\Runtime\Cache\Home\5cb929016d38edd85eb81463fba35eee.php 第 51 行.
NOTIC: [8] Use of undefined constant b - assumed 'b' D:\phpStudy\WWW\webjlcs\JLCS\Runtime\Cache\Home\5cb929016d38edd85eb81463fba35eee.php 第 52 行.
INFO: Run Behavior\ParseTemplateBehavior [ RunTime:0.079004s ]
INFO: [ view_parse ] --END-- [ RunTime:0.080004s ]
INFO: [ view_filter ] --START--
INFO: Run Behavior\WriteHtmlCacheBehavior [ RunTime:0.002000s ]
INFO: [ view_filter ] --END-- [ RunTime:0.002000s ]
INFO: [ app_end ] --START--
INFO: Run Behavior\ShowPageTraceBehavior [ RunTime:0.002000s ]
INFO: [ app_end ] --END-- [ RunTime:0.002000s ]

[ 2018-09-28T10:04:32+08:00 ] ::1 /webjlcs/Home/Product/index/cat_id/2/img/c.html
INFO: [ app_init ] --START--
INFO: Run Behavior\BuildLiteBehavior [ RunTime:0.000000s ]
INFO: [ app_init ] --END-- [ RunTime:0.001000s ]
INFO: [ app_begin ] --START--
INFO: Run Behavior\ReadHtmlCacheBehavior [ RunTime:0.001000s ]
INFO: [ app_begin ] --END-- [ RunTime:0.001000s ]
NOTIC: [8] Undefined variable: biaoshi D:\phpStudy\WWW\webjlcs\JLCS\Home\Controller\ProductController.class.php 第 76 行.
NOTIC: [8] Undefined variable: data D:\phpStudy\WWW\webjlcs\JLCS\Home\Controller\ProductController.class.php 第 80 行.
NOTIC: [8] Undefined variable: owns D:\phpStudy\WWW\webjlcs\JLCS\Home\Controller\ProductController.class.php 第 81 行.
INFO: [ view_parse ] --START--
INFO: [ template_filter ] --START--
INFO: Run Behavior\ContentReplaceBehavior [ RunTime:0.002000s ]
INFO: [ template_filter ] --END-- [ RunTime:0.002000s ]
NOTIC: [8] Undefined index: name D:\phpStudy\WWW\webjlcs\JLCS\Runtime\Cache\Home\ea0431c51db31da3c7e38dd28575eae0.php 第 70 行.
INFO: Run Behavior\ParseTemplateBehavior [ RunTime:0.131008s ]
INFO: [ view_parse ] --END-- [ RunTime:0.131008s ]
INFO: [ view_filter ] --START--
INFO: Run Behavior\WriteHtmlCacheBehavior [ RunTime:0.001000s ]
INFO: [ view_filter ] --END-- [ RunTime:0.001000s ]
INFO: [ app_end ] --START--
INFO: Run Behavior\ShowPageTraceBehavior [ RunTime:0.002000s ]
INFO: [ app_end ] --END-- [ RunTime:0.002000s ]

[ 2018-09-28T10:04:33+08:00 ] ::1 /webjlcs/Home/Product/ajax_show
INFO: [ app_init ] --START--
INFO: Run Behavior\BuildLiteBehavior [ RunTime:0.000000s ]
INFO: [ app_init ] --END-- [ RunTime:0.001000s ]
INFO: [ app_begin ] --START--
INFO: Run Behavior\ReadHtmlCacheBehavior [ RunTime:0.001000s ]
INFO: [ app_begin ] --END-- [ RunTime:0.002000s ]
SQL: SHOW COLUMNS FROM `goods` [ RunTime:0.0350s ]
SQL: SHOW COLUMNS FROM `products` [ RunTime:0.0380s ]
SQL: SELECT * FROM `goods` WHERE `owns` = 'a' AND `cat_id` = 2 ORDER BY goods_name ASC  [ RunTime:0.0100s ]
SQL: SELECT * FROM `products` WHERE `goods_id` = '728'  [ RunTime:0.0330s ]
SQL: SELECT * FROM `products` WHERE `goods_id` = '730'  [ RunTime:0.0020s ]
SQL: SELECT * FROM `products` WHERE `goods_id` = '732'  [ RunTime:0.0010s ]
SQL: SELECT * FROM `products` WHERE `goods_id` = '734'  [ RunTime:0.0010s ]
SQL: SELECT * FROM `products` WHERE `goods_id` = '736'  [ RunTime:0.0010s ]
SQL: SELECT * FROM `products` WHERE `goods_id` = '738'  [ RunTime:0.0010s ]
SQL: SELECT * FROM `products` WHERE `goods_id` = '2982'  [ RunTime:0.0140s ]
INFO: [ view_parse ] --START--
INFO: [ template_filter ] --START--
INFO: Run Behavior\ContentReplaceBehavior [ RunTime:0.000000s ]
INFO: [ template_filter ] --END-- [ RunTime:0.000000s ]
INFO: Run Behavior\ParseTemplateBehavior [ RunTime:0.040002s ]
INFO: [ view_parse ] --END-- [ RunTime:0.040002s ]
INFO: [ view_filter ] --START--
INFO: Run Behavior\WriteHtmlCacheBehavior [ RunTime:0.001000s ]
INFO: [ view_filter ] --END-- [ RunTime:0.001000s ]
INFO: [ app_end ] --START--
INFO: Run Behavior\ShowPageTraceBehavior [ RunTime:0.002000s ]
INFO: [ app_end ] --END-- [ RunTime:0.002000s ]

[ 2018-09-28T10:04:40+08:00 ] ::1 /webjlcs/Home/Product/details?id=6298
INFO: [ app_init ] --START--
INFO: Run Behavior\BuildLiteBehavior [ RunTime:0.000000s ]
INFO: [ app_init ] --END-- [ RunTime:0.002001s ]
INFO: [ app_begin ] --START--
INFO: Run Behavior\ReadHtmlCacheBehavior [ RunTime:0.001000s ]
INFO: [ app_begin ] --END-- [ RunTime:0.001000s ]
SQL: SHOW COLUMNS FROM `products` [ RunTime:0.0090s ]
SQL: SHOW COLUMNS FROM `goods` [ RunTime:0.0080s ]
SQL: SELECT * FROM `products` WHERE `id` = 6298 LIMIT 1   [ RunTime:0.0410s ]
SQL: SELECT * FROM `goods` WHERE `goods_id` = 736 LIMIT 1   [ RunTime:0.0010s ]
NOTIC: [8] Undefined variable: image D:\phpStudy\WWW\webjlcs\JLCS\Home\Controller\ProductController.class.php 第 119 行.
NOTIC: [8] Undefined variable: biaoshi D:\phpStudy\WWW\webjlcs\JLCS\Home\Controller\ProductController.class.php 第 120 行.
INFO: [ view_parse ] --START--
INFO: [ template_filter ] --START--
INFO: Run Behavior\ContentReplaceBehavior [ RunTime:0.000000s ]
INFO: [ template_filter ] --END-- [ RunTime:0.000000s ]
NOTIC: [8] Undefined index: name D:\phpStudy\WWW\webjlcs\JLCS\Runtime\Cache\Home\18ed692e241ae46ad08194b00ff164c2.php 第 64 行.
NOTIC: [8] Use of undefined constant nowurl - assumed 'nowurl' D:\phpStudy\WWW\webjlcs\JLCS\Runtime\Cache\Home\18ed692e241ae46ad08194b00ff164c2.php 第 525 行.
INFO: Run Behavior\ParseTemplateBehavior [ RunTime:0.033002s ]
INFO: [ view_parse ] --END-- [ RunTime:0.033002s ]
INFO: [ view_filter ] --START--
INFO: Run Behavior\WriteHtmlCacheBehavior [ RunTime:0.001000s ]
INFO: [ view_filter ] --END-- [ RunTime:0.001000s ]
INFO: [ app_end ] --START--
INFO: Run Behavior\ShowPageTraceBehavior [ RunTime:0.002000s ]
INFO: [ app_end ] --END-- [ RunTime:0.002000s ]

[ 2018-09-28T13:49:50+08:00 ] ::1 /webjlcs/Home/Product/details?id=6298
INFO: [ app_init ] --START--
INFO: Run Behavior\BuildLiteBehavior [ RunTime:0.000000s ]
INFO: [ app_init ] --END-- [ RunTime:0.002000s ]
INFO: [ app_begin ] --START--
INFO: Run Behavior\ReadHtmlCacheBehavior [ RunTime:0.002001s ]
INFO: [ app_begin ] --END-- [ RunTime:0.002001s ]
SQL: SHOW COLUMNS FROM `products` [ RunTime:0.0100s ]
SQL: SHOW COLUMNS FROM `goods` [ RunTime:0.0100s ]
SQL: SELECT * FROM `products` WHERE `id` = 6298 LIMIT 1   [ RunTime:0.0010s ]
SQL: SELECT * FROM `goods` WHERE `goods_id` = 736 LIMIT 1   [ RunTime:0.0000s ]
NOTIC: [8] Undefined variable: image D:\phpStudy\WWW\webjlcs\JLCS\Home\Controller\ProductController.class.php 第 119 行.
NOTIC: [8] Undefined variable: biaoshi D:\phpStudy\WWW\webjlcs\JLCS\Home\Controller\ProductController.class.php 第 120 行.
INFO: [ view_parse ] --START--
INFO: [ template_filter ] --START--
INFO: Run Behavior\ContentReplaceBehavior [ RunTime:0.000000s ]
INFO: [ template_filter ] --END-- [ RunTime:0.000000s ]
NOTIC: [8] Undefined index: name D:\phpStudy\WWW\webjlcs\JLCS\Runtime\Cache\Home\18ed692e241ae46ad08194b00ff164c2.php 第 64 行.
NOTIC: [8] Use of undefined constant nowurl - assumed 'nowurl' D:\phpStudy\WWW\webjlcs\JLCS\Runtime\Cache\Home\18ed692e241ae46ad08194b00ff164c2.php 第 525 行.
INFO: Run Behavior\ParseTemplateBehavior [ RunTime:0.027002s ]
INFO: [ view_parse ] --END-- [ RunTime:0.027002s ]
INFO: [ view_filter ] --START--
INFO: Run Behavior\WriteHtmlCacheBehavior [ RunTime:0.001000s ]
INFO: [ view_filter ] --END-- [ RunTime:0.002000s ]
INFO: [ app_end ] --START--
INFO: Run Behavior\ShowPageTraceBehavior [ RunTime:0.002000s ]
INFO: [ app_end ] --END-- [ RunTime:0.002000s ]

