[ 2018-08-16T09:24:29+08:00 ] ::1 /webjlcs/Home/Product/index/cat_id/14/img/dd.html
INFO: [ app_init ] --START--
INFO: Run Behavior\BuildLiteBehavior [ RunTime:0.000000s ]
INFO: [ app_init ] --END-- [ RunTime:0.026001s ]
INFO: [ app_begin ] --START--
INFO: Run Behavior\ReadHtmlCacheBehavior [ RunTime:0.015001s ]
INFO: [ app_begin ] --END-- [ RunTime:0.015001s ]
NOTIC: [8] Undefined variable: data D:\phpStudy\WWW\webjlcs\JLCS\Home\Controller\ProductController.class.php 第 80 行.
NOTIC: [8] Undefined variable: owns D:\phpStudy\WWW\webjlcs\JLCS\Home\Controller\ProductController.class.php 第 81 行.
INFO: [ view_parse ] --START--
INFO: [ template_filter ] --START--
INFO: Run Behavior\ContentReplaceBehavior [ RunTime:0.002000s ]
INFO: [ template_filter ] --END-- [ RunTime:0.002000s ]
NOTIC: [8] Undefined index: name D:\phpStudy\WWW\webjlcs\JLCS\Runtime\Cache\Home\ea0431c51db31da3c7e38dd28575eae0.php 第 70 行.
INFO: Run Behavior\ParseTemplateBehavior [ RunTime:0.211607s ]
INFO: [ view_parse ] --END-- [ RunTime:0.212607s ]
INFO: [ view_filter ] --START--
INFO: Run Behavior\WriteHtmlCacheBehavior [ RunTime:0.008000s ]
INFO: [ view_filter ] --END-- [ RunTime:0.008000s ]
INFO: [ app_end ] --START--
INFO: Run Behavior\ShowPageTraceBehavior [ RunTime:0.004000s ]
INFO: [ app_end ] --END-- [ RunTime:0.004000s ]

[ 2018-08-16T09:24:30+08:00 ] ::1 /webjlcs/Home/Product/ajax_show
INFO: [ app_init ] --START--
INFO: Run Behavior\BuildLiteBehavior [ RunTime:0.000000s ]
INFO: [ app_init ] --END-- [ RunTime:0.001000s ]
INFO: [ app_begin ] --START--
INFO: Run Behavior\ReadHtmlCacheBehavior [ RunTime:0.002000s ]
INFO: [ app_begin ] --END-- [ RunTime:0.002000s ]
SQL: SHOW COLUMNS FROM `goods` [ RunTime:0.0310s ]
SQL: SHOW COLUMNS FROM `products` [ RunTime:0.0250s ]
SQL: SELECT * FROM `goods` WHERE `owns` = '1' AND `cat_id` = 14 ORDER BY goods_id ASC  [ RunTime:0.0280s ]
SQL: SELECT * FROM `products` WHERE `goods_id` = '5062'  [ RunTime:0.0200s ]
SQL: SELECT * FROM `products` WHERE `goods_id` = '5063'  [ RunTime:0.0020s ]
SQL: SELECT * FROM `products` WHERE `goods_id` = '5064'  [ RunTime:0.0020s ]
SQL: SELECT * FROM `products` WHERE `goods_id` = '5065'  [ RunTime:0.0020s ]
SQL: SELECT * FROM `products` WHERE `goods_id` = '5066'  [ RunTime:0.0010s ]
SQL: SELECT * FROM `products` WHERE `goods_id` = '5067'  [ RunTime:0.0010s ]
SQL: SELECT * FROM `products` WHERE `goods_id` = '5068'  [ RunTime:0.0020s ]
SQL: SELECT * FROM `products` WHERE `goods_id` = '5069'  [ RunTime:0.0020s ]
SQL: SELECT * FROM `products` WHERE `goods_id` = '5070'  [ RunTime:0.0010s ]
SQL: SELECT * FROM `products` WHERE `goods_id` = '5071'  [ RunTime:0.0010s ]
SQL: SELECT * FROM `products` WHERE `goods_id` = '5072'  [ RunTime:0.0020s ]
INFO: [ view_parse ] --START--
INFO: [ template_filter ] --START--
INFO: Run Behavior\ContentReplaceBehavior [ RunTime:0.000000s ]
INFO: [ template_filter ] --END-- [ RunTime:0.001001s ]
INFO: Run Behavior\ParseTemplateBehavior [ RunTime:0.047003s ]
INFO: [ view_parse ] --END-- [ RunTime:0.047003s ]
INFO: [ view_filter ] --START--
INFO: Run Behavior\WriteHtmlCacheBehavior [ RunTime:0.002000s ]
INFO: [ view_filter ] --END-- [ RunTime:0.002000s ]
INFO: [ app_end ] --START--
INFO: Run Behavior\ShowPageTraceBehavior [ RunTime:0.002000s ]
INFO: [ app_end ] --END-- [ RunTime:0.002000s ]

[ 2018-08-16T10:31:03+08:00 ] ::1 /webjlcs/Home/Product/index/cat_id/14/img/dd.html
INFO: [ app_init ] --START--
INFO: Run Behavior\BuildLiteBehavior [ RunTime:0.000000s ]
INFO: [ app_init ] --END-- [ RunTime:0.001000s ]
INFO: [ app_begin ] --START--
INFO: Run Behavior\ReadHtmlCacheBehavior [ RunTime:0.002000s ]
INFO: [ app_begin ] --END-- [ RunTime:0.003000s ]
NOTIC: [8] Undefined variable: data D:\phpStudy\WWW\webjlcs\JLCS\Home\Controller\ProductController.class.php 第 80 行.
NOTIC: [8] Undefined variable: owns D:\phpStudy\WWW\webjlcs\JLCS\Home\Controller\ProductController.class.php 第 81 行.
INFO: [ view_parse ] --START--
INFO: [ template_filter ] --START--
INFO: Run Behavior\ContentReplaceBehavior [ RunTime:0.003000s ]
INFO: [ template_filter ] --END-- [ RunTime:0.003000s ]
NOTIC: [8] Undefined index: name D:\phpStudy\WWW\webjlcs\JLCS\Runtime\Cache\Home\ea0431c51db31da3c7e38dd28575eae0.php 第 70 行.
INFO: Run Behavior\ParseTemplateBehavior [ RunTime:0.180010s ]
INFO: [ view_parse ] --END-- [ RunTime:0.180010s ]
INFO: [ view_filter ] --START--
INFO: Run Behavior\WriteHtmlCacheBehavior [ RunTime:0.002000s ]
INFO: [ view_filter ] --END-- [ RunTime:0.002000s ]
INFO: [ app_end ] --START--
INFO: Run Behavior\ShowPageTraceBehavior [ RunTime:0.002000s ]
INFO: [ app_end ] --END-- [ RunTime:0.002000s ]

[ 2018-08-16T10:31:03+08:00 ] ::1 /webjlcs/Home/Product/ajax_show
INFO: [ app_init ] --START--
INFO: Run Behavior\BuildLiteBehavior [ RunTime:0.000000s ]
INFO: [ app_init ] --END-- [ RunTime:0.001000s ]
INFO: [ app_begin ] --START--
INFO: Run Behavior\ReadHtmlCacheBehavior [ RunTime:0.002000s ]
INFO: [ app_begin ] --END-- [ RunTime:0.002000s ]
SQL: SHOW COLUMNS FROM `goods` [ RunTime:0.0180s ]
SQL: SHOW COLUMNS FROM `products` [ RunTime:0.0570s ]
SQL: SELECT * FROM `goods` WHERE `owns` = '1' AND `cat_id` = 14 ORDER BY goods_id ASC  [ RunTime:0.0060s ]
SQL: SELECT * FROM `products` WHERE `goods_id` = '5062'  [ RunTime:0.0010s ]
SQL: SELECT * FROM `products` WHERE `goods_id` = '5063'  [ RunTime:0.0010s ]
SQL: SELECT * FROM `products` WHERE `goods_id` = '5064'  [ RunTime:0.0010s ]
SQL: SELECT * FROM `products` WHERE `goods_id` = '5065'  [ RunTime:0.0020s ]
SQL: SELECT * FROM `products` WHERE `goods_id` = '5066'  [ RunTime:0.0010s ]
SQL: SELECT * FROM `products` WHERE `goods_id` = '5067'  [ RunTime:0.0010s ]
SQL: SELECT * FROM `products` WHERE `goods_id` = '5068'  [ RunTime:0.0010s ]
SQL: SELECT * FROM `products` WHERE `goods_id` = '5069'  [ RunTime:0.0010s ]
SQL: SELECT * FROM `products` WHERE `goods_id` = '5070'  [ RunTime:0.0010s ]
SQL: SELECT * FROM `products` WHERE `goods_id` = '5071'  [ RunTime:0.0020s ]
SQL: SELECT * FROM `products` WHERE `goods_id` = '5072'  [ RunTime:0.0010s ]
INFO: [ view_parse ] --START--
INFO: [ template_filter ] --START--
INFO: Run Behavior\ContentReplaceBehavior [ RunTime:0.000000s ]
INFO: [ template_filter ] --END-- [ RunTime:0.000000s ]
INFO: Run Behavior\ParseTemplateBehavior [ RunTime:0.020001s ]
INFO: [ view_parse ] --END-- [ RunTime:0.020001s ]
INFO: [ view_filter ] --START--
INFO: Run Behavior\WriteHtmlCacheBehavior [ RunTime:0.000000s ]
INFO: [ view_filter ] --END-- [ RunTime:0.001000s ]
INFO: [ app_end ] --START--
INFO: Run Behavior\ShowPageTraceBehavior [ RunTime:0.001000s ]
INFO: [ app_end ] --END-- [ RunTime:0.001000s ]

