[ 2018-08-02T11:39:42+08:00 ] ::1 /webjlcs/index.php
INFO: [ app_init ] --START--
INFO: Run Behavior\BuildLiteBehavior [ RunTime:0.000000s ]
INFO: [ app_init ] --END-- [ RunTime:0.047003s ]
INFO: [ app_begin ] --START--
INFO: Run Behavior\ReadHtmlCacheBehavior [ RunTime:0.001000s ]
INFO: [ app_begin ] --END-- [ RunTime:0.001000s ]
INFO: [ view_parse ] --START--
INFO: [ template_filter ] --START--
INFO: Run Behavior\ContentReplaceBehavior [ RunTime:0.000000s ]
INFO: [ template_filter ] --END-- [ RunTime:0.000000s ]
INFO: Run Behavior\ParseTemplateBehavior [ RunTime:0.064004s ]
INFO: [ view_parse ] --END-- [ RunTime:0.064004s ]
INFO: [ view_filter ] --START--
INFO: Run Behavior\WriteHtmlCacheBehavior [ RunTime:0.016001s ]
INFO: [ view_filter ] --END-- [ RunTime:0.016001s ]
INFO: [ app_end ] --START--
INFO: Run Behavior\ShowPageTraceBehavior [ RunTime:0.001000s ]
INFO: [ app_end ] --END-- [ RunTime:0.001000s ]

[ 2018-08-02T11:39:47+08:00 ] ::1 /webjlcs/Home/Index/jlcs.html
INFO: [ app_init ] --START--
INFO: Run Behavior\BuildLiteBehavior [ RunTime:0.000000s ]
INFO: [ app_init ] --END-- [ RunTime:0.000000s ]
INFO: [ app_begin ] --START--
INFO: Run Behavior\ReadHtmlCacheBehavior [ RunTime:0.001000s ]
INFO: [ app_begin ] --END-- [ RunTime:0.001000s ]
NOTIC: [2] Missing argument 1 for Think\Controller::show(), called in D:\phpStudy\PHPTutorial\WWW\webjlcs\JLCS\Home\Controller\IndexController.class.php on line 63 and defined D:\phpStudy\PHPTutorial\WWW\webjlcs\ThinkPHP\Library\Think\Controller.class.php 第 68 行.
NOTIC: [8] Undefined variable: content D:\phpStudy\PHPTutorial\WWW\webjlcs\ThinkPHP\Library\Think\Controller.class.php 第 69 行.
INFO: [ view_parse ] --START--
INFO: [ template_filter ] --START--
INFO: Run Behavior\ContentReplaceBehavior [ RunTime:0.000000s ]
INFO: [ template_filter ] --END-- [ RunTime:0.000000s ]
NOTIC: [8] Undefined index: name D:\phpStudy\PHPTutorial\WWW\webjlcs\JLCS\Runtime\Cache\Home\062cab7d9290c2f44e9ae89f45a38e94.php 第 53 行.
INFO: Run Behavior\ParseTemplateBehavior [ RunTime:0.051003s ]
INFO: [ view_parse ] --END-- [ RunTime:0.051003s ]
INFO: [ view_filter ] --START--
INFO: Run Behavior\WriteHtmlCacheBehavior [ RunTime:0.000000s ]
INFO: [ view_filter ] --END-- [ RunTime:0.000000s ]
INFO: [ app_end ] --START--
INFO: Run Behavior\ShowPageTraceBehavior [ RunTime:0.000000s ]
INFO: [ app_end ] --END-- [ RunTime:0.000000s ]

[ 2018-08-02T11:39:50+08:00 ] ::1 /webjlcs/Home/Index/jlcs_wft
INFO: [ app_init ] --START--
INFO: Run Behavior\BuildLiteBehavior [ RunTime:0.000000s ]
INFO: [ app_init ] --END-- [ RunTime:0.001000s ]
INFO: [ app_begin ] --START--
INFO: Run Behavior\ReadHtmlCacheBehavior [ RunTime:0.001000s ]
INFO: [ app_begin ] --END-- [ RunTime:0.001000s ]
INFO: [ view_parse ] --START--
INFO: [ template_filter ] --START--
INFO: Run Behavior\ContentReplaceBehavior [ RunTime:0.000000s ]
INFO: [ template_filter ] --END-- [ RunTime:0.000000s ]
NOTIC: [8] Use of undefined constant c - assumed 'c' D:\phpStudy\PHPTutorial\WWW\webjlcs\JLCS\Runtime\Cache\Home\5cb929016d38edd85eb81463fba35eee.php 第 49 行.
NOTIC: [8] Use of undefined constant d - assumed 'd' D:\phpStudy\PHPTutorial\WWW\webjlcs\JLCS\Runtime\Cache\Home\5cb929016d38edd85eb81463fba35eee.php 第 50 行.
NOTIC: [8] Use of undefined constant a - assumed 'a' D:\phpStudy\PHPTutorial\WWW\webjlcs\JLCS\Runtime\Cache\Home\5cb929016d38edd85eb81463fba35eee.php 第 51 行.
NOTIC: [8] Use of undefined constant b - assumed 'b' D:\phpStudy\PHPTutorial\WWW\webjlcs\JLCS\Runtime\Cache\Home\5cb929016d38edd85eb81463fba35eee.php 第 52 行.
INFO: Run Behavior\ParseTemplateBehavior [ RunTime:0.060003s ]
INFO: [ view_parse ] --END-- [ RunTime:0.060003s ]
INFO: [ view_filter ] --START--
INFO: Run Behavior\WriteHtmlCacheBehavior [ RunTime:0.000000s ]
INFO: [ view_filter ] --END-- [ RunTime:0.000000s ]
INFO: [ app_end ] --START--
INFO: Run Behavior\ShowPageTraceBehavior [ RunTime:0.001000s ]
INFO: [ app_end ] --END-- [ RunTime:0.001000s ]

[ 2018-08-02T11:39:53+08:00 ] ::1 /webjlcs/Home/Product/index/cat_id/2/img/d.html
INFO: [ app_init ] --START--
INFO: Run Behavior\BuildLiteBehavior [ RunTime:0.000000s ]
INFO: [ app_init ] --END-- [ RunTime:0.001000s ]
INFO: [ app_begin ] --START--
INFO: Run Behavior\ReadHtmlCacheBehavior [ RunTime:0.001000s ]
INFO: [ app_begin ] --END-- [ RunTime:0.001000s ]
NOTIC: [8] Undefined variable: biaoshi D:\phpStudy\PHPTutorial\WWW\webjlcs\JLCS\Home\Controller\ProductController.class.php 第 76 行.
NOTIC: [8] Undefined variable: data D:\phpStudy\PHPTutorial\WWW\webjlcs\JLCS\Home\Controller\ProductController.class.php 第 80 行.
NOTIC: [8] Undefined variable: owns D:\phpStudy\PHPTutorial\WWW\webjlcs\JLCS\Home\Controller\ProductController.class.php 第 81 行.
INFO: [ view_parse ] --START--
INFO: [ template_filter ] --START--
INFO: Run Behavior\ContentReplaceBehavior [ RunTime:0.003000s ]
INFO: [ template_filter ] --END-- [ RunTime:0.003000s ]
NOTIC: [8] Undefined index: name D:\phpStudy\PHPTutorial\WWW\webjlcs\JLCS\Runtime\Cache\Home\ea0431c51db31da3c7e38dd28575eae0.php 第 71 行.
INFO: Run Behavior\ParseTemplateBehavior [ RunTime:0.110006s ]
INFO: [ view_parse ] --END-- [ RunTime:0.110006s ]
INFO: [ view_filter ] --START--
INFO: Run Behavior\WriteHtmlCacheBehavior [ RunTime:0.000000s ]
INFO: [ view_filter ] --END-- [ RunTime:0.000000s ]
INFO: [ app_end ] --START--
INFO: Run Behavior\ShowPageTraceBehavior [ RunTime:0.001000s ]
INFO: [ app_end ] --END-- [ RunTime:0.001000s ]

[ 2018-08-02T11:39:53+08:00 ] ::1 /webjlcs/Home/Product/ajax_show
INFO: [ app_init ] --START--
INFO: Run Behavior\BuildLiteBehavior [ RunTime:0.000000s ]
INFO: [ app_init ] --END-- [ RunTime:0.001000s ]
INFO: [ app_begin ] --START--
INFO: Run Behavior\ReadHtmlCacheBehavior [ RunTime:0.001000s ]
INFO: [ app_begin ] --END-- [ RunTime:0.001000s ]
SQL: SHOW COLUMNS FROM `goods` [ RunTime:0.0330s ]
SQL: SHOW COLUMNS FROM `products` [ RunTime:0.0370s ]
SQL: SELECT * FROM `goods` WHERE `owns` = 'aa' AND `cat_id` = 2 ORDER BY goods_name ASC  [ RunTime:0.0730s ]
SQL: SELECT * FROM `products` WHERE `goods_id` = '974'  [ RunTime:0.0490s ]
SQL: SELECT * FROM `products` WHERE `goods_id` = '972'  [ RunTime:0.0010s ]
SQL: SELECT * FROM `products` WHERE `goods_id` = '970'  [ RunTime:0.0240s ]
SQL: SELECT * FROM `products` WHERE `goods_id` = '968'  [ RunTime:0.0010s ]
SQL: SELECT * FROM `products` WHERE `goods_id` = '966'  [ RunTime:0.0010s ]
SQL: SELECT * FROM `products` WHERE `goods_id` = '964'  [ RunTime:0.0010s ]
SQL: SELECT * FROM `products` WHERE `goods_id` = '962'  [ RunTime:0.0010s ]
INFO: [ view_parse ] --START--
INFO: [ template_filter ] --START--
INFO: Run Behavior\ContentReplaceBehavior [ RunTime:0.000000s ]
INFO: [ template_filter ] --END-- [ RunTime:0.000000s ]
INFO: Run Behavior\ParseTemplateBehavior [ RunTime:0.027001s ]
INFO: [ view_parse ] --END-- [ RunTime:0.028002s ]
INFO: [ view_filter ] --START--
INFO: Run Behavior\WriteHtmlCacheBehavior [ RunTime:0.001000s ]
INFO: [ view_filter ] --END-- [ RunTime:0.001000s ]
INFO: [ app_end ] --START--
INFO: Run Behavior\ShowPageTraceBehavior [ RunTime:0.001000s ]
INFO: [ app_end ] --END-- [ RunTime:0.001000s ]

[ 2018-08-02T11:39:56+08:00 ] ::1 /webjlcs/Home/Product/ajax_show
INFO: [ app_init ] --START--
INFO: Run Behavior\BuildLiteBehavior [ RunTime:0.000000s ]
INFO: [ app_init ] --END-- [ RunTime:0.001000s ]
INFO: [ app_begin ] --START--
INFO: Run Behavior\ReadHtmlCacheBehavior [ RunTime:0.000000s ]
INFO: [ app_begin ] --END-- [ RunTime:0.000000s ]
SQL: SHOW COLUMNS FROM `goods` [ RunTime:0.0030s ]
SQL: SHOW COLUMNS FROM `products` [ RunTime:0.0030s ]
SQL: SELECT * FROM `goods` WHERE `owns` = 'll' AND `cat_id` = 2 ORDER BY goods_name ASC  [ RunTime:0.0030s ]
SQL: SELECT * FROM `products` WHERE `goods_id` = '1307'  [ RunTime:0.0260s ]
SQL: SELECT * FROM `products` WHERE `goods_id` = '1106'  [ RunTime:0.0350s ]
SQL: SELECT * FROM `products` WHERE `goods_id` = '1108'  [ RunTime:0.0000s ]
SQL: SELECT * FROM `products` WHERE `goods_id` = '1110'  [ RunTime:0.0010s ]
SQL: SELECT * FROM `products` WHERE `goods_id` = '1112'  [ RunTime:0.0000s ]
SQL: SELECT * FROM `products` WHERE `goods_id` = '1114'  [ RunTime:0.0000s ]
SQL: SELECT * FROM `products` WHERE `goods_id` = '1116'  [ RunTime:0.0010s ]
SQL: SELECT * FROM `products` WHERE `goods_id` = '1118'  [ RunTime:0.0000s ]
SQL: SELECT * FROM `products` WHERE `goods_id` = '1120'  [ RunTime:0.0000s ]
SQL: SELECT * FROM `products` WHERE `goods_id` = '1122'  [ RunTime:0.0010s ]
SQL: SELECT * FROM `products` WHERE `goods_id` = '1124'  [ RunTime:0.0000s ]
SQL: SELECT * FROM `products` WHERE `goods_id` = '1126'  [ RunTime:0.0010s ]
SQL: SELECT * FROM `products` WHERE `goods_id` = '1128'  [ RunTime:0.0010s ]
SQL: SELECT * FROM `products` WHERE `goods_id` = '1130'  [ RunTime:0.0000s ]
SQL: SELECT * FROM `products` WHERE `goods_id` = '1132'  [ RunTime:0.0000s ]
SQL: SELECT * FROM `products` WHERE `goods_id` = '1133'  [ RunTime:0.0010s ]
INFO: [ view_parse ] --START--
INFO: [ template_filter ] --START--
INFO: Run Behavior\ContentReplaceBehavior [ RunTime:0.000000s ]
INFO: [ template_filter ] --END-- [ RunTime:0.000000s ]
INFO: Run Behavior\ParseTemplateBehavior [ RunTime:0.012001s ]
INFO: [ view_parse ] --END-- [ RunTime:0.012001s ]
INFO: [ view_filter ] --START--
INFO: Run Behavior\WriteHtmlCacheBehavior [ RunTime:0.000000s ]
INFO: [ view_filter ] --END-- [ RunTime:0.001000s ]
INFO: [ app_end ] --START--
INFO: Run Behavior\ShowPageTraceBehavior [ RunTime:0.000000s ]
INFO: [ app_end ] --END-- [ RunTime:0.000000s ]

[ 2018-08-02T11:44:01+08:00 ] ::1 /webjlcs/index.php
INFO: [ app_init ] --START--
INFO: Run Behavior\BuildLiteBehavior [ RunTime:0.000000s ]
INFO: [ app_init ] --END-- [ RunTime:0.002001s ]
INFO: [ app_begin ] --START--
INFO: Run Behavior\ReadHtmlCacheBehavior [ RunTime:0.002000s ]
INFO: [ app_begin ] --END-- [ RunTime:0.002000s ]
INFO: [ view_parse ] --START--
INFO: [ template_filter ] --START--
INFO: Run Behavior\ContentReplaceBehavior [ RunTime:0.000000s ]
INFO: [ template_filter ] --END-- [ RunTime:0.000000s ]
INFO: Run Behavior\ParseTemplateBehavior [ RunTime:0.014001s ]
INFO: [ view_parse ] --END-- [ RunTime:0.014001s ]
INFO: [ view_filter ] --START--
INFO: Run Behavior\WriteHtmlCacheBehavior [ RunTime:0.001000s ]
INFO: [ view_filter ] --END-- [ RunTime:0.001000s ]
INFO: [ app_end ] --START--
INFO: Run Behavior\ShowPageTraceBehavior [ RunTime:0.001000s ]
INFO: [ app_end ] --END-- [ RunTime:0.001000s ]

[ 2018-08-02T13:22:17+08:00 ] ::1 /webjlcs/index.php
INFO: [ app_init ] --START--
INFO: Run Behavior\BuildLiteBehavior [ RunTime:0.000000s ]
INFO: [ app_init ] --END-- [ RunTime:0.102006s ]
INFO: [ app_begin ] --START--
INFO: Run Behavior\ReadHtmlCacheBehavior [ RunTime:0.001000s ]
INFO: [ app_begin ] --END-- [ RunTime:0.001000s ]
INFO: [ view_parse ] --START--
INFO: [ template_filter ] --START--
INFO: Run Behavior\ContentReplaceBehavior [ RunTime:0.000000s ]
INFO: [ template_filter ] --END-- [ RunTime:0.000000s ]
INFO: Run Behavior\ParseTemplateBehavior [ RunTime:0.081004s ]
INFO: [ view_parse ] --END-- [ RunTime:0.081004s ]
INFO: [ view_filter ] --START--
INFO: Run Behavior\WriteHtmlCacheBehavior [ RunTime:0.016001s ]
INFO: [ view_filter ] --END-- [ RunTime:0.016001s ]
INFO: [ app_end ] --START--
INFO: Run Behavior\ShowPageTraceBehavior [ RunTime:0.001000s ]
INFO: [ app_end ] --END-- [ RunTime:0.002000s ]

[ 2018-08-02T13:22:25+08:00 ] ::1 /webjlcs/Home/Index/jlcs.html
INFO: [ app_init ] --START--
INFO: Run Behavior\BuildLiteBehavior [ RunTime:0.000000s ]
INFO: [ app_init ] --END-- [ RunTime:0.000000s ]
INFO: [ app_begin ] --START--
INFO: Run Behavior\ReadHtmlCacheBehavior [ RunTime:0.002000s ]
INFO: [ app_begin ] --END-- [ RunTime:0.002000s ]
NOTIC: [2] Missing argument 1 for Think\Controller::show(), called in D:\phpStudy\PHPTutorial\WWW\webjlcs\JLCS\Home\Controller\IndexController.class.php on line 63 and defined D:\phpStudy\PHPTutorial\WWW\webjlcs\ThinkPHP\Library\Think\Controller.class.php 第 68 行.
NOTIC: [8] Undefined variable: content D:\phpStudy\PHPTutorial\WWW\webjlcs\ThinkPHP\Library\Think\Controller.class.php 第 69 行.
INFO: [ view_parse ] --START--
INFO: [ template_filter ] --START--
INFO: Run Behavior\ContentReplaceBehavior [ RunTime:0.000000s ]
INFO: [ template_filter ] --END-- [ RunTime:0.001000s ]
NOTIC: [8] Undefined index: name D:\phpStudy\PHPTutorial\WWW\webjlcs\JLCS\Runtime\Cache\Home\062cab7d9290c2f44e9ae89f45a38e94.php 第 53 行.
INFO: Run Behavior\ParseTemplateBehavior [ RunTime:0.034002s ]
INFO: [ view_parse ] --END-- [ RunTime:0.034002s ]
INFO: [ view_filter ] --START--
INFO: Run Behavior\WriteHtmlCacheBehavior [ RunTime:0.001000s ]
INFO: [ view_filter ] --END-- [ RunTime:0.001000s ]
INFO: [ app_end ] --START--
INFO: Run Behavior\ShowPageTraceBehavior [ RunTime:0.001000s ]
INFO: [ app_end ] --END-- [ RunTime:0.001000s ]

[ 2018-08-02T13:22:29+08:00 ] ::1 /webjlcs/Home/User/login
INFO: [ app_init ] --START--
INFO: Run Behavior\BuildLiteBehavior [ RunTime:0.000000s ]
INFO: [ app_init ] --END-- [ RunTime:0.000000s ]
INFO: [ app_begin ] --START--
INFO: Run Behavior\ReadHtmlCacheBehavior [ RunTime:0.000000s ]
INFO: [ app_begin ] --END-- [ RunTime:0.000000s ]
NOTIC: [8] Undefined index: zhuan D:\phpStudy\PHPTutorial\WWW\webjlcs\JLCS\Home\Controller\UserController.class.php 第 20 行.
NOTIC: [2] Missing argument 1 for Think\Controller::show(), called in D:\phpStudy\PHPTutorial\WWW\webjlcs\JLCS\Home\Controller\UserController.class.php on line 23 and defined D:\phpStudy\PHPTutorial\WWW\webjlcs\ThinkPHP\Library\Think\Controller.class.php 第 68 行.
NOTIC: [8] Undefined variable: content D:\phpStudy\PHPTutorial\WWW\webjlcs\ThinkPHP\Library\Think\Controller.class.php 第 69 行.
INFO: [ view_parse ] --START--
INFO: [ template_filter ] --START--
INFO: Run Behavior\ContentReplaceBehavior [ RunTime:0.000000s ]
INFO: [ template_filter ] --END-- [ RunTime:0.000000s ]
NOTIC: [8] Undefined variable: url D:\phpStudy\PHPTutorial\WWW\webjlcs\JLCS\Runtime\Cache\Home\86970505b0993c7994b3d9683eb2674e.php 第 38 行.
NOTIC: [8] Undefined variable: zhuan D:\phpStudy\PHPTutorial\WWW\webjlcs\JLCS\Runtime\Cache\Home\86970505b0993c7994b3d9683eb2674e.php 第 39 行.
NOTIC: [8] Undefined variable: sign D:\phpStudy\PHPTutorial\WWW\webjlcs\JLCS\Runtime\Cache\Home\86970505b0993c7994b3d9683eb2674e.php 第 40 行.
INFO: Run Behavior\ParseTemplateBehavior [ RunTime:0.026002s ]
INFO: [ view_parse ] --END-- [ RunTime:0.026002s ]
INFO: [ view_filter ] --START--
INFO: Run Behavior\WriteHtmlCacheBehavior [ RunTime:0.000000s ]
INFO: [ view_filter ] --END-- [ RunTime:0.000000s ]
INFO: [ app_end ] --START--
INFO: Run Behavior\ShowPageTraceBehavior [ RunTime:0.000000s ]
INFO: [ app_end ] --END-- [ RunTime:0.000000s ]

[ 2018-08-02T13:22:41+08:00 ] ::1 /webjlcs/Home/User/dologin
INFO: [ app_init ] --START--
INFO: Run Behavior\BuildLiteBehavior [ RunTime:0.001000s ]
INFO: [ app_init ] --END-- [ RunTime:0.001000s ]
INFO: [ app_begin ] --START--
INFO: Run Behavior\ReadHtmlCacheBehavior [ RunTime:0.000000s ]
INFO: [ app_begin ] --END-- [ RunTime:0.000000s ]
SQL: SHOW COLUMNS FROM `users` [ RunTime:0.0460s ]
SQL: SELECT * FROM `users` WHERE `name` = 'admintong' LIMIT 1   [ RunTime:0.0290s ]
INFO: [ view_parse ] --START--
INFO: [ template_filter ] --START--
INFO: Run Behavior\ContentReplaceBehavior [ RunTime:0.001000s ]
INFO: [ template_filter ] --END-- [ RunTime:0.001000s ]
INFO: Run Behavior\ParseTemplateBehavior [ RunTime:0.048002s ]
INFO: [ view_parse ] --END-- [ RunTime:0.048002s ]
INFO: [ view_filter ] --START--
INFO: Run Behavior\WriteHtmlCacheBehavior [ RunTime:0.000000s ]
INFO: [ view_filter ] --END-- [ RunTime:0.000000s ]
INFO: [ app_end ] --START--
INFO: Run Behavior\ShowPageTraceBehavior [ RunTime:0.001000s ]
INFO: [ app_end ] --END-- [ RunTime:0.001000s ]

[ 2018-08-02T13:22:42+08:00 ] ::1 /webjlcs/Home/Index/index.html
INFO: [ app_init ] --START--
INFO: Run Behavior\BuildLiteBehavior [ RunTime:0.001000s ]
INFO: [ app_init ] --END-- [ RunTime:0.001000s ]
INFO: [ app_begin ] --START--
INFO: Run Behavior\ReadHtmlCacheBehavior [ RunTime:0.000000s ]
INFO: [ app_begin ] --END-- [ RunTime:0.001000s ]
INFO: [ view_parse ] --START--
INFO: [ template_filter ] --START--
INFO: Run Behavior\ContentReplaceBehavior [ RunTime:0.000000s ]
INFO: [ template_filter ] --END-- [ RunTime:0.000000s ]
INFO: Run Behavior\ParseTemplateBehavior [ RunTime:0.009000s ]
INFO: [ view_parse ] --END-- [ RunTime:0.010000s ]
INFO: [ view_filter ] --START--
INFO: Run Behavior\WriteHtmlCacheBehavior [ RunTime:0.000000s ]
INFO: [ view_filter ] --END-- [ RunTime:0.000000s ]
INFO: [ app_end ] --START--
INFO: Run Behavior\ShowPageTraceBehavior [ RunTime:0.001001s ]
INFO: [ app_end ] --END-- [ RunTime:0.001001s ]

[ 2018-08-02T13:22:46+08:00 ] ::1 /webjlcs/Home/Index/jlcs.html
INFO: [ app_init ] --START--
INFO: Run Behavior\BuildLiteBehavior [ RunTime:0.000000s ]
INFO: [ app_init ] --END-- [ RunTime:0.000000s ]
INFO: [ app_begin ] --START--
INFO: Run Behavior\ReadHtmlCacheBehavior [ RunTime:0.000000s ]
INFO: [ app_begin ] --END-- [ RunTime:0.001000s ]
NOTIC: [2] Missing argument 1 for Think\Controller::show(), called in D:\phpStudy\PHPTutorial\WWW\webjlcs\JLCS\Home\Controller\IndexController.class.php on line 63 and defined D:\phpStudy\PHPTutorial\WWW\webjlcs\ThinkPHP\Library\Think\Controller.class.php 第 68 行.
NOTIC: [8] Undefined variable: content D:\phpStudy\PHPTutorial\WWW\webjlcs\ThinkPHP\Library\Think\Controller.class.php 第 69 行.
INFO: [ view_parse ] --START--
INFO: [ template_filter ] --START--
INFO: Run Behavior\ContentReplaceBehavior [ RunTime:0.000000s ]
INFO: [ template_filter ] --END-- [ RunTime:0.000000s ]
INFO: Run Behavior\ParseTemplateBehavior [ RunTime:0.012001s ]
INFO: [ view_parse ] --END-- [ RunTime:0.012001s ]
INFO: [ view_filter ] --START--
INFO: Run Behavior\WriteHtmlCacheBehavior [ RunTime:0.001000s ]
INFO: [ view_filter ] --END-- [ RunTime:0.001000s ]
INFO: [ app_end ] --START--
INFO: Run Behavior\ShowPageTraceBehavior [ RunTime:0.001000s ]
INFO: [ app_end ] --END-- [ RunTime:0.001000s ]

[ 2018-08-02T13:22:49+08:00 ] ::1 /webjlcs/Home/Index/jlcs.html
INFO: [ app_init ] --START--
INFO: Run Behavior\BuildLiteBehavior [ RunTime:0.000000s ]
INFO: [ app_init ] --END-- [ RunTime:0.001000s ]
INFO: [ app_begin ] --START--
INFO: Run Behavior\ReadHtmlCacheBehavior [ RunTime:0.001000s ]
INFO: [ app_begin ] --END-- [ RunTime:0.001000s ]
NOTIC: [2] Missing argument 1 for Think\Controller::show(), called in D:\phpStudy\PHPTutorial\WWW\webjlcs\JLCS\Home\Controller\IndexController.class.php on line 63 and defined D:\phpStudy\PHPTutorial\WWW\webjlcs\ThinkPHP\Library\Think\Controller.class.php 第 68 行.
NOTIC: [8] Undefined variable: content D:\phpStudy\PHPTutorial\WWW\webjlcs\ThinkPHP\Library\Think\Controller.class.php 第 69 行.
INFO: [ view_parse ] --START--
INFO: [ template_filter ] --START--
INFO: Run Behavior\ContentReplaceBehavior [ RunTime:0.000000s ]
INFO: [ template_filter ] --END-- [ RunTime:0.000000s ]
INFO: Run Behavior\ParseTemplateBehavior [ RunTime:0.014001s ]
INFO: [ view_parse ] --END-- [ RunTime:0.015001s ]
INFO: [ view_filter ] --START--
INFO: Run Behavior\WriteHtmlCacheBehavior [ RunTime:0.000000s ]
INFO: [ view_filter ] --END-- [ RunTime:0.000000s ]
INFO: [ app_end ] --START--
INFO: Run Behavior\ShowPageTraceBehavior [ RunTime:0.000000s ]
INFO: [ app_end ] --END-- [ RunTime:0.000000s ]

[ 2018-08-02T13:22:50+08:00 ] ::1 /webjlcs/Home/Cart/index
INFO: [ app_init ] --START--
INFO: Run Behavior\BuildLiteBehavior [ RunTime:0.000000s ]
INFO: [ app_init ] --END-- [ RunTime:0.000000s ]
INFO: [ app_begin ] --START--
INFO: Run Behavior\ReadHtmlCacheBehavior [ RunTime:0.001000s ]
INFO: [ app_begin ] --END-- [ RunTime:0.001000s ]
SQL: SHOW COLUMNS FROM `carts` [ RunTime:0.0440s ]
SQL: SHOW COLUMNS FROM `goods` [ RunTime:0.0060s ]
SQL: SHOW COLUMNS FROM `users` [ RunTime:0.0040s ]
SQL: SELECT * FROM `users` WHERE `name` = 'admintong' LIMIT 1   [ RunTime:0.0010s ]
SQL: SHOW COLUMNS FROM `products` [ RunTime:0.0300s ]
SQL: SELECT * FROM `carts` WHERE `user_id` = 1  [ RunTime:0.0030s ]
SQL: SELECT COUNT(*) AS tp_count FROM `carts` WHERE `name` = 'admintong' LIMIT 1   [ RunTime:0.0380s ]
NOTIC: [8] Undefined variable: total D:\phpStudy\PHPTutorial\WWW\webjlcs\JLCS\Home\Controller\CartController.class.php 第 45 行.
INFO: [ view_parse ] --START--
INFO: [ template_filter ] --START--
INFO: Run Behavior\ContentReplaceBehavior [ RunTime:0.000000s ]
INFO: [ template_filter ] --END-- [ RunTime:0.000000s ]
INFO: Run Behavior\ParseTemplateBehavior [ RunTime:0.027002s ]
INFO: [ view_parse ] --END-- [ RunTime:0.028002s ]
INFO: [ view_filter ] --START--
INFO: Run Behavior\WriteHtmlCacheBehavior [ RunTime:0.001000s ]
INFO: [ view_filter ] --END-- [ RunTime:0.001000s ]
INFO: [ app_end ] --START--
INFO: Run Behavior\ShowPageTraceBehavior [ RunTime:0.001000s ]
INFO: [ app_end ] --END-- [ RunTime:0.001000s ]

[ 2018-08-02T13:22:54+08:00 ] ::1 /webjlcs/Home/Cart/index
INFO: [ app_init ] --START--
INFO: Run Behavior\BuildLiteBehavior [ RunTime:0.000000s ]
INFO: [ app_init ] --END-- [ RunTime:0.001000s ]
INFO: [ app_begin ] --START--
INFO: Run Behavior\ReadHtmlCacheBehavior [ RunTime:0.001000s ]
INFO: [ app_begin ] --END-- [ RunTime:0.001000s ]
SQL: SHOW COLUMNS FROM `carts` [ RunTime:0.0030s ]
SQL: SHOW COLUMNS FROM `goods` [ RunTime:0.0040s ]
SQL: SHOW COLUMNS FROM `users` [ RunTime:0.0020s ]
SQL: SELECT * FROM `users` WHERE `name` = 'admintong' LIMIT 1   [ RunTime:0.0000s ]
SQL: SHOW COLUMNS FROM `products` [ RunTime:0.0020s ]
SQL: SELECT * FROM `carts` WHERE `user_id` = 1  [ RunTime:0.0000s ]
SQL: SELECT COUNT(*) AS tp_count FROM `carts` WHERE `name` = 'admintong' LIMIT 1   [ RunTime:0.0000s ]
NOTIC: [8] Undefined variable: total D:\phpStudy\PHPTutorial\WWW\webjlcs\JLCS\Home\Controller\CartController.class.php 第 45 行.
INFO: [ view_parse ] --START--
INFO: [ template_filter ] --START--
INFO: Run Behavior\ContentReplaceBehavior [ RunTime:0.000000s ]
INFO: [ template_filter ] --END-- [ RunTime:0.000000s ]
INFO: Run Behavior\ParseTemplateBehavior [ RunTime:0.018001s ]
INFO: [ view_parse ] --END-- [ RunTime:0.018001s ]
INFO: [ view_filter ] --START--
INFO: Run Behavior\WriteHtmlCacheBehavior [ RunTime:0.000000s ]
INFO: [ view_filter ] --END-- [ RunTime:0.000000s ]
INFO: [ app_end ] --START--
INFO: Run Behavior\ShowPageTraceBehavior [ RunTime:0.001001s ]
INFO: [ app_end ] --END-- [ RunTime:0.001001s ]

[ 2018-08-02T13:22:59+08:00 ] ::1 /webjlcs/Home/Cart/index
INFO: [ app_init ] --START--
INFO: Run Behavior\BuildLiteBehavior [ RunTime:0.000000s ]
INFO: [ app_init ] --END-- [ RunTime:0.001000s ]
INFO: [ app_begin ] --START--
INFO: Run Behavior\ReadHtmlCacheBehavior [ RunTime:0.000000s ]
INFO: [ app_begin ] --END-- [ RunTime:0.000000s ]
SQL: SHOW COLUMNS FROM `carts` [ RunTime:0.0020s ]
SQL: SHOW COLUMNS FROM `goods` [ RunTime:0.0030s ]
SQL: SHOW COLUMNS FROM `users` [ RunTime:0.0020s ]
SQL: SELECT * FROM `users` WHERE `name` = 'admintong' LIMIT 1   [ RunTime:0.0000s ]
SQL: SHOW COLUMNS FROM `products` [ RunTime:0.0030s ]
SQL: SELECT * FROM `carts` WHERE `user_id` = 1  [ RunTime:0.0000s ]
SQL: SELECT COUNT(*) AS tp_count FROM `carts` WHERE `name` = 'admintong' LIMIT 1   [ RunTime:0.0000s ]
NOTIC: [8] Undefined variable: total D:\phpStudy\PHPTutorial\WWW\webjlcs\JLCS\Home\Controller\CartController.class.php 第 45 行.
INFO: [ view_parse ] --START--
INFO: [ template_filter ] --START--
INFO: Run Behavior\ContentReplaceBehavior [ RunTime:0.000000s ]
INFO: [ template_filter ] --END-- [ RunTime:0.000000s ]
INFO: Run Behavior\ParseTemplateBehavior [ RunTime:0.018001s ]
INFO: [ view_parse ] --END-- [ RunTime:0.018001s ]
INFO: [ view_filter ] --START--
INFO: Run Behavior\WriteHtmlCacheBehavior [ RunTime:0.000000s ]
INFO: [ view_filter ] --END-- [ RunTime:0.000000s ]
INFO: [ app_end ] --START--
INFO: Run Behavior\ShowPageTraceBehavior [ RunTime:0.001000s ]
INFO: [ app_end ] --END-- [ RunTime:0.001000s ]

[ 2018-08-02T13:23:00+08:00 ] ::1 /webjlcs/Home/Cart/index
INFO: [ app_init ] --START--
INFO: Run Behavior\BuildLiteBehavior [ RunTime:0.000000s ]
INFO: [ app_init ] --END-- [ RunTime:0.000000s ]
INFO: [ app_begin ] --START--
INFO: Run Behavior\ReadHtmlCacheBehavior [ RunTime:0.001000s ]
INFO: [ app_begin ] --END-- [ RunTime:0.001000s ]
SQL: SHOW COLUMNS FROM `carts` [ RunTime:0.0030s ]
SQL: SHOW COLUMNS FROM `goods` [ RunTime:0.0030s ]
SQL: SHOW COLUMNS FROM `users` [ RunTime:0.0040s ]
SQL: SELECT * FROM `users` WHERE `name` = 'admintong' LIMIT 1   [ RunTime:0.0010s ]
SQL: SHOW COLUMNS FROM `products` [ RunTime:0.0030s ]
SQL: SELECT * FROM `carts` WHERE `user_id` = 1  [ RunTime:0.0010s ]
SQL: SELECT COUNT(*) AS tp_count FROM `carts` WHERE `name` = 'admintong' LIMIT 1   [ RunTime:0.0000s ]
NOTIC: [8] Undefined variable: total D:\phpStudy\PHPTutorial\WWW\webjlcs\JLCS\Home\Controller\CartController.class.php 第 45 行.
INFO: [ view_parse ] --START--
INFO: [ template_filter ] --START--
INFO: Run Behavior\ContentReplaceBehavior [ RunTime:0.000000s ]
INFO: [ template_filter ] --END-- [ RunTime:0.000000s ]
INFO: Run Behavior\ParseTemplateBehavior [ RunTime:0.019001s ]
INFO: [ view_parse ] --END-- [ RunTime:0.019001s ]
INFO: [ view_filter ] --START--
INFO: Run Behavior\WriteHtmlCacheBehavior [ RunTime:0.000000s ]
INFO: [ view_filter ] --END-- [ RunTime:0.000000s ]
INFO: [ app_end ] --START--
INFO: Run Behavior\ShowPageTraceBehavior [ RunTime:0.000000s ]
INFO: [ app_end ] --END-- [ RunTime:0.000000s ]

[ 2018-08-02T13:23:01+08:00 ] ::1 /webjlcs/Home/Index/index
INFO: [ app_init ] --START--
INFO: Run Behavior\BuildLiteBehavior [ RunTime:0.000000s ]
INFO: [ app_init ] --END-- [ RunTime:0.001000s ]
INFO: [ app_begin ] --START--
INFO: Run Behavior\ReadHtmlCacheBehavior [ RunTime:0.002000s ]
INFO: [ app_begin ] --END-- [ RunTime:0.002000s ]
INFO: [ view_parse ] --START--
INFO: [ template_filter ] --START--
INFO: Run Behavior\ContentReplaceBehavior [ RunTime:0.000000s ]
INFO: [ template_filter ] --END-- [ RunTime:0.001000s ]
INFO: Run Behavior\ParseTemplateBehavior [ RunTime:0.012000s ]
INFO: [ view_parse ] --END-- [ RunTime:0.012000s ]
INFO: [ view_filter ] --START--
INFO: Run Behavior\WriteHtmlCacheBehavior [ RunTime:0.001000s ]
INFO: [ view_filter ] --END-- [ RunTime:0.001000s ]
INFO: [ app_end ] --START--
INFO: Run Behavior\ShowPageTraceBehavior [ RunTime:0.001000s ]
INFO: [ app_end ] --END-- [ RunTime:0.001000s ]

[ 2018-08-02T13:23:05+08:00 ] ::1 /webjlcs/Home/Index/jlcs.html
INFO: [ app_init ] --START--
INFO: Run Behavior\BuildLiteBehavior [ RunTime:0.000000s ]
INFO: [ app_init ] --END-- [ RunTime:0.001000s ]
INFO: [ app_begin ] --START--
INFO: Run Behavior\ReadHtmlCacheBehavior [ RunTime:0.000000s ]
INFO: [ app_begin ] --END-- [ RunTime:0.000000s ]
NOTIC: [2] Missing argument 1 for Think\Controller::show(), called in D:\phpStudy\PHPTutorial\WWW\webjlcs\JLCS\Home\Controller\IndexController.class.php on line 63 and defined D:\phpStudy\PHPTutorial\WWW\webjlcs\ThinkPHP\Library\Think\Controller.class.php 第 68 行.
NOTIC: [8] Undefined variable: content D:\phpStudy\PHPTutorial\WWW\webjlcs\ThinkPHP\Library\Think\Controller.class.php 第 69 行.
INFO: [ view_parse ] --START--
INFO: [ template_filter ] --START--
INFO: Run Behavior\ContentReplaceBehavior [ RunTime:0.000000s ]
INFO: [ template_filter ] --END-- [ RunTime:0.000000s ]
INFO: Run Behavior\ParseTemplateBehavior [ RunTime:0.016001s ]
INFO: [ view_parse ] --END-- [ RunTime:0.016001s ]
INFO: [ view_filter ] --START--
INFO: Run Behavior\WriteHtmlCacheBehavior [ RunTime:0.001000s ]
INFO: [ view_filter ] --END-- [ RunTime:0.001000s ]
INFO: [ app_end ] --START--
INFO: Run Behavior\ShowPageTraceBehavior [ RunTime:0.001000s ]
INFO: [ app_end ] --END-- [ RunTime:0.001000s ]

[ 2018-08-02T13:23:07+08:00 ] ::1 /webjlcs/Home/Index/jlcs_wft
INFO: [ app_init ] --START--
INFO: Run Behavior\BuildLiteBehavior [ RunTime:0.000000s ]
INFO: [ app_init ] --END-- [ RunTime:0.001000s ]
INFO: [ app_begin ] --START--
INFO: Run Behavior\ReadHtmlCacheBehavior [ RunTime:0.001000s ]
INFO: [ app_begin ] --END-- [ RunTime:0.001000s ]
INFO: [ view_parse ] --START--
INFO: [ template_filter ] --START--
INFO: Run Behavior\ContentReplaceBehavior [ RunTime:0.000000s ]
INFO: [ template_filter ] --END-- [ RunTime:0.000000s ]
NOTIC: [8] Use of undefined constant c - assumed 'c' D:\phpStudy\PHPTutorial\WWW\webjlcs\JLCS\Runtime\Cache\Home\5cb929016d38edd85eb81463fba35eee.php 第 49 行.
NOTIC: [8] Use of undefined constant d - assumed 'd' D:\phpStudy\PHPTutorial\WWW\webjlcs\JLCS\Runtime\Cache\Home\5cb929016d38edd85eb81463fba35eee.php 第 50 行.
NOTIC: [8] Use of undefined constant a - assumed 'a' D:\phpStudy\PHPTutorial\WWW\webjlcs\JLCS\Runtime\Cache\Home\5cb929016d38edd85eb81463fba35eee.php 第 51 行.
NOTIC: [8] Use of undefined constant b - assumed 'b' D:\phpStudy\PHPTutorial\WWW\webjlcs\JLCS\Runtime\Cache\Home\5cb929016d38edd85eb81463fba35eee.php 第 52 行.
INFO: Run Behavior\ParseTemplateBehavior [ RunTime:0.054003s ]
INFO: [ view_parse ] --END-- [ RunTime:0.054003s ]
INFO: [ view_filter ] --START--
INFO: Run Behavior\WriteHtmlCacheBehavior [ RunTime:0.001000s ]
INFO: [ view_filter ] --END-- [ RunTime:0.001000s ]
INFO: [ app_end ] --START--
INFO: Run Behavior\ShowPageTraceBehavior [ RunTime:0.001000s ]
INFO: [ app_end ] --END-- [ RunTime:0.002000s ]

[ 2018-08-02T13:23:10+08:00 ] ::1 /webjlcs/Home/Product/index/cat_id/1/img/a.html
INFO: [ app_init ] --START--
INFO: Run Behavior\BuildLiteBehavior [ RunTime:0.000000s ]
INFO: [ app_init ] --END-- [ RunTime:0.001000s ]
INFO: [ app_begin ] --START--
INFO: Run Behavior\ReadHtmlCacheBehavior [ RunTime:0.001000s ]
INFO: [ app_begin ] --END-- [ RunTime:0.001000s ]
NOTIC: [8] Undefined variable: biaoshi D:\phpStudy\PHPTutorial\WWW\webjlcs\JLCS\Home\Controller\ProductController.class.php 第 76 行.
NOTIC: [8] Undefined variable: data D:\phpStudy\PHPTutorial\WWW\webjlcs\JLCS\Home\Controller\ProductController.class.php 第 80 行.
NOTIC: [8] Undefined variable: owns D:\phpStudy\PHPTutorial\WWW\webjlcs\JLCS\Home\Controller\ProductController.class.php 第 81 行.
INFO: [ view_parse ] --START--
INFO: [ template_filter ] --START--
INFO: Run Behavior\ContentReplaceBehavior [ RunTime:0.002000s ]
INFO: [ template_filter ] --END-- [ RunTime:0.003000s ]
INFO: Run Behavior\ParseTemplateBehavior [ RunTime:0.135008s ]
INFO: [ view_parse ] --END-- [ RunTime:0.135008s ]
INFO: [ view_filter ] --START--
INFO: Run Behavior\WriteHtmlCacheBehavior [ RunTime:0.001000s ]
INFO: [ view_filter ] --END-- [ RunTime:0.001000s ]
INFO: [ app_end ] --START--
INFO: Run Behavior\ShowPageTraceBehavior [ RunTime:0.001000s ]
INFO: [ app_end ] --END-- [ RunTime:0.002000s ]

[ 2018-08-02T13:23:10+08:00 ] ::1 /webjlcs/Home/Product/ajax_show
INFO: [ app_init ] --START--
INFO: Run Behavior\BuildLiteBehavior [ RunTime:0.001000s ]
INFO: [ app_init ] --END-- [ RunTime:0.001000s ]
INFO: [ app_begin ] --START--
INFO: Run Behavior\ReadHtmlCacheBehavior [ RunTime:0.002000s ]
INFO: [ app_begin ] --END-- [ RunTime:0.002000s ]
SQL: SHOW COLUMNS FROM `goods` [ RunTime:0.0030s ]
SQL: SHOW COLUMNS FROM `products` [ RunTime:0.0040s ]
SQL: SELECT * FROM `goods` WHERE `owns` = 'a' AND `cat_id` = 1 ORDER BY goods_id ASC  [ RunTime:0.0280s ]
SQL: SELECT * FROM `products` WHERE `goods_id` = '4'  [ RunTime:0.0170s ]
SQL: SELECT * FROM `products` WHERE `goods_id` = '5'  [ RunTime:0.0420s ]
SQL: SELECT * FROM `products` WHERE `goods_id` = '8'  [ RunTime:0.0010s ]
SQL: SELECT * FROM `products` WHERE `goods_id` = '9'  [ RunTime:0.0140s ]
SQL: SELECT * FROM `products` WHERE `goods_id` = '10'  [ RunTime:0.0000s ]
SQL: SELECT * FROM `products` WHERE `goods_id` = '16'  [ RunTime:0.0000s ]
SQL: SELECT * FROM `products` WHERE `goods_id` = '18'  [ RunTime:0.0010s ]
SQL: SELECT * FROM `products` WHERE `goods_id` = '20'  [ RunTime:0.0000s ]
SQL: SELECT * FROM `products` WHERE `goods_id` = '22'  [ RunTime:0.0000s ]
SQL: SELECT * FROM `products` WHERE `goods_id` = '24'  [ RunTime:0.0010s ]
INFO: [ view_parse ] --START--
INFO: [ template_filter ] --START--
INFO: Run Behavior\ContentReplaceBehavior [ RunTime:0.000000s ]
INFO: [ template_filter ] --END-- [ RunTime:0.000000s ]
INFO: Run Behavior\ParseTemplateBehavior [ RunTime:0.022001s ]
INFO: [ view_parse ] --END-- [ RunTime:0.022001s ]
INFO: [ view_filter ] --START--
INFO: Run Behavior\WriteHtmlCacheBehavior [ RunTime:0.001000s ]
INFO: [ view_filter ] --END-- [ RunTime:0.001000s ]
INFO: [ app_end ] --START--
INFO: Run Behavior\ShowPageTraceBehavior [ RunTime:0.001000s ]
INFO: [ app_end ] --END-- [ RunTime:0.001000s ]

[ 2018-08-02T13:23:17+08:00 ] ::1 /webjlcs/Home/Product/details?id=120
INFO: [ app_init ] --START--
INFO: Run Behavior\BuildLiteBehavior [ RunTime:0.000000s ]
INFO: [ app_init ] --END-- [ RunTime:0.001000s ]
INFO: [ app_begin ] --START--
INFO: Run Behavior\ReadHtmlCacheBehavior [ RunTime:0.001000s ]
INFO: [ app_begin ] --END-- [ RunTime:0.001000s ]
SQL: SHOW COLUMNS FROM `products` [ RunTime:0.0020s ]
SQL: SHOW COLUMNS FROM `goods` [ RunTime:0.0020s ]
SQL: SELECT * FROM `products` WHERE `id` = 120 LIMIT 1   [ RunTime:0.0330s ]
SQL: SELECT * FROM `goods` WHERE `goods_id` = 10 LIMIT 1   [ RunTime:0.0010s ]
NOTIC: [8] Undefined variable: image D:\phpStudy\PHPTutorial\WWW\webjlcs\JLCS\Home\Controller\ProductController.class.php 第 119 行.
NOTIC: [8] Undefined variable: biaoshi D:\phpStudy\PHPTutorial\WWW\webjlcs\JLCS\Home\Controller\ProductController.class.php 第 120 行.
INFO: [ view_parse ] --START--
INFO: [ template_filter ] --START--
INFO: Run Behavior\ContentReplaceBehavior [ RunTime:0.000000s ]
INFO: [ template_filter ] --END-- [ RunTime:0.000000s ]
NOTIC: [8] Use of undefined constant nowurl - assumed 'nowurl' D:\phpStudy\PHPTutorial\WWW\webjlcs\JLCS\Runtime\Cache\Home\18ed692e241ae46ad08194b00ff164c2.php 第 526 行.
INFO: Run Behavior\ParseTemplateBehavior [ RunTime:0.051003s ]
INFO: [ view_parse ] --END-- [ RunTime:0.051003s ]
INFO: [ view_filter ] --START--
INFO: Run Behavior\WriteHtmlCacheBehavior [ RunTime:0.000000s ]
INFO: [ view_filter ] --END-- [ RunTime:0.000000s ]
INFO: [ app_end ] --START--
INFO: Run Behavior\ShowPageTraceBehavior [ RunTime:0.000000s ]
INFO: [ app_end ] --END-- [ RunTime:0.000000s ]

[ 2018-08-02T13:23:22+08:00 ] ::1 /webjlcs/Home/Order/ajax_order
INFO: [ app_init ] --START--
INFO: Run Behavior\BuildLiteBehavior [ RunTime:0.000000s ]
INFO: [ app_init ] --END-- [ RunTime:0.000000s ]
INFO: [ app_begin ] --START--
INFO: Run Behavior\ReadHtmlCacheBehavior [ RunTime:0.001000s ]
INFO: [ app_begin ] --END-- [ RunTime:0.001000s ]
INFO: [ app_end ] --START--
INFO: Run Behavior\ShowPageTraceBehavior [ RunTime:0.001000s ]
INFO: [ app_end ] --END-- [ RunTime:0.001000s ]

[ 2018-08-02T13:23:22+08:00 ] ::1 /webjlcs/Home/Order/index?id=120
INFO: [ app_init ] --START--
INFO: Run Behavior\BuildLiteBehavior [ RunTime:0.000000s ]
INFO: [ app_init ] --END-- [ RunTime:0.000000s ]
INFO: [ app_begin ] --START--
INFO: Run Behavior\ReadHtmlCacheBehavior [ RunTime:0.001000s ]
INFO: [ app_begin ] --END-- [ RunTime:0.001000s ]
SQL: SHOW COLUMNS FROM `products` [ RunTime:0.0020s ]
SQL: SHOW COLUMNS FROM `user_infos` [ RunTime:0.0340s ]
SQL: SHOW COLUMNS FROM `goods` [ RunTime:0.0020s ]
SQL: SHOW COLUMNS FROM `users` [ RunTime:0.0020s ]
SQL: SELECT * FROM `users` WHERE `name` = 'admintong' LIMIT 1   [ RunTime:0.0000s ]
SQL: SELECT * FROM `user_infos` WHERE `user_id` = 1  [ RunTime:0.0000s ]
SQL: SELECT * FROM `products` WHERE `id` = 120 LIMIT 1   [ RunTime:0.0000s ]
SQL: SELECT * FROM `goods` WHERE `goods_id` = 10 LIMIT 1   [ RunTime:0.0010s ]
SQL: SELECT * FROM `goods` WHERE `goods_id` = 10 LIMIT 1   [ RunTime:0.0000s ]
NOTIC: [8] Undefined variable: biaoshi D:\phpStudy\PHPTutorial\WWW\webjlcs\JLCS\Home\Controller\OrderController.class.php 第 44 行.
NOTIC: [2] Missing argument 1 for Think\Controller::show(), called in D:\phpStudy\PHPTutorial\WWW\webjlcs\JLCS\Home\Controller\OrderController.class.php on line 45 and defined D:\phpStudy\PHPTutorial\WWW\webjlcs\ThinkPHP\Library\Think\Controller.class.php 第 68 行.
NOTIC: [8] Undefined variable: content D:\phpStudy\PHPTutorial\WWW\webjlcs\ThinkPHP\Library\Think\Controller.class.php 第 69 行.
INFO: [ view_parse ] --START--
INFO: [ template_filter ] --START--
INFO: Run Behavior\ContentReplaceBehavior [ RunTime:0.000000s ]
INFO: [ template_filter ] --END-- [ RunTime:0.001000s ]
NOTIC: [8] Undefined variable: sign D:\phpStudy\PHPTutorial\WWW\webjlcs\JLCS\Runtime\Cache\Home\65a998279edf4dd27955e907386055e1.php 第 248 行.
NOTIC: [8] Undefined index: sign D:\phpStudy\PHPTutorial\WWW\webjlcs\JLCS\Runtime\Cache\Home\65a998279edf4dd27955e907386055e1.php 第 301 行.
NOTIC: [8] Undefined index: sign D:\phpStudy\PHPTutorial\WWW\webjlcs\JLCS\Runtime\Cache\Home\65a998279edf4dd27955e907386055e1.php 第 322 行.
NOTIC: [8] Undefined variable: cartid D:\phpStudy\PHPTutorial\WWW\webjlcs\JLCS\Runtime\Cache\Home\65a998279edf4dd27955e907386055e1.php 第 354 行.
INFO: Run Behavior\ParseTemplateBehavior [ RunTime:0.068003s ]
INFO: [ view_parse ] --END-- [ RunTime:0.068003s ]
INFO: [ view_filter ] --START--
INFO: Run Behavior\WriteHtmlCacheBehavior [ RunTime:0.000000s ]
INFO: [ view_filter ] --END-- [ RunTime:0.001000s ]
INFO: [ app_end ] --START--
INFO: Run Behavior\ShowPageTraceBehavior [ RunTime:0.001001s ]
INFO: [ app_end ] --END-- [ RunTime:0.001001s ]

[ 2018-08-02T13:23:34+08:00 ] ::1 /webjlcs/Home/Order/create_order.html
INFO: [ app_init ] --START--
INFO: Run Behavior\BuildLiteBehavior [ RunTime:0.000000s ]
INFO: [ app_init ] --END-- [ RunTime:0.001000s ]
INFO: [ app_begin ] --START--
INFO: Run Behavior\ReadHtmlCacheBehavior [ RunTime:0.001000s ]
INFO: [ app_begin ] --END-- [ RunTime:0.001000s ]
SQL: SHOW COLUMNS FROM `products` [ RunTime:0.0030s ]
SQL: SHOW COLUMNS FROM `users` [ RunTime:0.0020s ]
SQL: SHOW COLUMNS FROM `orders` [ RunTime:0.0380s ]
SQL: SHOW COLUMNS FROM `order_details` [ RunTime:0.0210s ]
SQL: SHOW COLUMNS FROM `user_infos` [ RunTime:0.0060s ]
SQL: SHOW COLUMNS FROM `carts` [ RunTime:0.0040s ]
SQL: SHOW COLUMNS FROM `agrrements` [ RunTime:0.0400s ]
SQL: SELECT * FROM `products` WHERE `id` = 120 LIMIT 1   [ RunTime:0.0000s ]
SQL: SELECT * FROM `users` WHERE `name` = 'admintong' LIMIT 1   [ RunTime:0.0000s ]
SQL: SELECT * FROM `user_infos` WHERE `id` = 113 LIMIT 1   [ RunTime:0.0000s ]
NOTIC: [8] Undefined variable: beizhu D:\phpStudy\PHPTutorial\WWW\webjlcs\JLCS\Home\Controller\OrderController.class.php 第 217 行.
SQL: INSERT INTO `orders` (`order_id`,`order_num`,`order_total_price`,`user_id`,`status`,`createtime`,`agent_aid`,`beizhu`,`user_info_id`,`phone`) VALUES ('1533188247','1','30000','1','0','2018-08-02 13:23:34','A03',NULL,'113','18408241858') [ RunTime:0.0200s ]
SQL: SHOW COLUMNS FROM `goods` [ RunTime:0.0030s ]
SQL: SHOW COLUMNS FROM `cats` [ RunTime:0.0050s ]
SQL: SHOW COLUMNS FROM `regions` [ RunTime:0.0300s ]
SQL: SHOW COLUMNS FROM `temples` [ RunTime:0.0030s ]
SQL: SELECT * FROM `products` WHERE `id` = 120 LIMIT 1   [ RunTime:0.0000s ]
SQL: SELECT * FROM `goods` WHERE `goods_id` = 10 LIMIT 1   [ RunTime:0.0010s ]
SQL: SELECT * FROM `cats` WHERE `id` = 1 LIMIT 1   [ RunTime:0.0010s ]
SQL: SELECT * FROM `regions` WHERE `id` = 1 LIMIT 1   [ RunTime:0.0010s ]
SQL: SELECT * FROM `temples` WHERE `id` = 1 LIMIT 1   [ RunTime:0.0010s ]
SQL: SELECT * FROM `products` WHERE `id` = 120 LIMIT 1   [ RunTime:0.0000s ]
SQL: INSERT INTO `order_details` (`orderid`,`product_id`,`num`,`price`,`user_id`,`description`) VALUES ('163','120','1','30000.00','1','CJL-Ⅰ-A28-09') [ RunTime:0.0000s ]
SQL: DELETE FROM `carts` WHERE `user_id` = 1 AND `products_id` = 0 [ RunTime:0.0020s ]
INFO: [ view_parse ] --START--
INFO: [ template_filter ] --START--
INFO: Run Behavior\ContentReplaceBehavior [ RunTime:0.000000s ]
INFO: [ template_filter ] --END-- [ RunTime:0.000000s ]
INFO: Run Behavior\ParseTemplateBehavior [ RunTime:0.007001s ]
INFO: [ view_parse ] --END-- [ RunTime:0.007001s ]
INFO: [ view_filter ] --START--
INFO: Run Behavior\WriteHtmlCacheBehavior [ RunTime:0.000000s ]
INFO: [ view_filter ] --END-- [ RunTime:0.000000s ]
INFO: [ app_end ] --START--
INFO: Run Behavior\ShowPageTraceBehavior [ RunTime:0.001000s ]
INFO: [ app_end ] --END-- [ RunTime:0.001000s ]

[ 2018-08-02T13:23:36+08:00 ] ::1 /webjlcs/Home/Order/checkorder.html
INFO: [ app_init ] --START--
INFO: Run Behavior\BuildLiteBehavior [ RunTime:0.000000s ]
INFO: [ app_init ] --END-- [ RunTime:0.001000s ]
INFO: [ app_begin ] --START--
INFO: Run Behavior\ReadHtmlCacheBehavior [ RunTime:0.001000s ]
INFO: [ app_begin ] --END-- [ RunTime:0.001000s ]
INFO: [ view_parse ] --START--
INFO: [ template_filter ] --START--
INFO: Run Behavior\ContentReplaceBehavior [ RunTime:0.000000s ]
INFO: [ template_filter ] --END-- [ RunTime:0.000000s ]
INFO: Run Behavior\ParseTemplateBehavior [ RunTime:0.025002s ]
INFO: [ view_parse ] --END-- [ RunTime:0.025002s ]
INFO: [ view_filter ] --START--
INFO: Run Behavior\WriteHtmlCacheBehavior [ RunTime:0.001000s ]
INFO: [ view_filter ] --END-- [ RunTime:0.001000s ]
INFO: [ app_end ] --START--
INFO: Run Behavior\ShowPageTraceBehavior [ RunTime:0.001000s ]
INFO: [ app_end ] --END-- [ RunTime:0.001000s ]

[ 2018-08-02T13:23:37+08:00 ] ::1 /webjlcs/Home/Order/verify
INFO: [ app_init ] --START--
INFO: Run Behavior\BuildLiteBehavior [ RunTime:0.000000s ]
INFO: [ app_init ] --END-- [ RunTime:0.000000s ]
INFO: [ app_begin ] --START--
INFO: Run Behavior\ReadHtmlCacheBehavior [ RunTime:0.001000s ]
INFO: [ app_begin ] --END-- [ RunTime:0.001000s ]
NOTIC: [2] include(/webjlcsThinkPHP/Library/Vendor/phpqrcode/phpqrcode.php) [<a href='function.include'>function.include</a>]: failed to open stream: No such file or directory D:\phpStudy\PHPTutorial\WWW\webjlcs\JLCS\Home\Controller\OrderController.class.php 第 295 行.
NOTIC: [2] include(/webjlcsThinkPHP/Library/Vendor/phpqrcode/phpqrcode.php) [<a href='function.include'>function.include</a>]: failed to open stream: No such file or directory D:\phpStudy\PHPTutorial\WWW\webjlcs\JLCS\Home\Controller\OrderController.class.php 第 295 行.
NOTIC: [2] include() [<a href='function.include'>function.include</a>]: Failed opening '/webjlcsThinkPHP/Library/Vendor/phpqrcode/phpqrcode.php' for inclusion (include_path='.;C:\php\pear') D:\phpStudy\PHPTutorial\WWW\webjlcs\JLCS\Home\Controller\OrderController.class.php 第 295 行.

[ 2018-08-02T13:27:51+08:00 ] ::1 /webjlcs/Home/Pay/pay_.html
INFO: [ app_init ] --START--
INFO: Run Behavior\BuildLiteBehavior [ RunTime:0.000000s ]
INFO: [ app_init ] --END-- [ RunTime:0.001000s ]
INFO: [ app_begin ] --START--
INFO: Run Behavior\ReadHtmlCacheBehavior [ RunTime:0.001000s ]
INFO: [ app_begin ] --END-- [ RunTime:0.001000s ]
INFO: [ app_end ] --START--
INFO: Run Behavior\ShowPageTraceBehavior [ RunTime:0.001000s ]
INFO: [ app_end ] --END-- [ RunTime:0.001000s ]

[ 2018-08-02T14:05:35+08:00 ] ::1 /webjlcs/index.php
INFO: [ app_init ] --START--
INFO: Run Behavior\BuildLiteBehavior [ RunTime:0.000000s ]
INFO: [ app_init ] --END-- [ RunTime:0.001000s ]
INFO: [ app_begin ] --START--
INFO: Run Behavior\ReadHtmlCacheBehavior [ RunTime:0.002000s ]
INFO: [ app_begin ] --END-- [ RunTime:0.002000s ]
INFO: [ view_parse ] --START--
INFO: [ template_filter ] --START--
INFO: Run Behavior\ContentReplaceBehavior [ RunTime:0.000000s ]
INFO: [ template_filter ] --END-- [ RunTime:0.000000s ]
INFO: Run Behavior\ParseTemplateBehavior [ RunTime:0.030002s ]
INFO: [ view_parse ] --END-- [ RunTime:0.030002s ]
INFO: [ view_filter ] --START--
INFO: Run Behavior\WriteHtmlCacheBehavior [ RunTime:0.000000s ]
INFO: [ view_filter ] --END-- [ RunTime:0.000000s ]
INFO: [ app_end ] --START--
INFO: Run Behavior\ShowPageTraceBehavior [ RunTime:0.001000s ]
INFO: [ app_end ] --END-- [ RunTime:0.002000s ]

[ 2018-08-02T14:05:38+08:00 ] ::1 /webjlcs/Home/Index/jlcs.html
INFO: [ app_init ] --START--
INFO: Run Behavior\BuildLiteBehavior [ RunTime:0.001000s ]
INFO: [ app_init ] --END-- [ RunTime:0.001000s ]
INFO: [ app_begin ] --START--
INFO: Run Behavior\ReadHtmlCacheBehavior [ RunTime:0.001000s ]
INFO: [ app_begin ] --END-- [ RunTime:0.001000s ]
NOTIC: [2] Missing argument 1 for Think\Controller::show(), called in D:\phpStudy\PHPTutorial\WWW\webjlcs\JLCS\Home\Controller\IndexController.class.php on line 63 and defined D:\phpStudy\PHPTutorial\WWW\webjlcs\ThinkPHP\Library\Think\Controller.class.php 第 68 行.
NOTIC: [8] Undefined variable: content D:\phpStudy\PHPTutorial\WWW\webjlcs\ThinkPHP\Library\Think\Controller.class.php 第 69 行.
INFO: [ view_parse ] --START--
INFO: [ template_filter ] --START--
INFO: Run Behavior\ContentReplaceBehavior [ RunTime:0.001000s ]
INFO: [ template_filter ] --END-- [ RunTime:0.001000s ]
NOTIC: [8] Undefined index: name D:\phpStudy\PHPTutorial\WWW\webjlcs\JLCS\Runtime\Cache\Home\062cab7d9290c2f44e9ae89f45a38e94.php 第 53 行.
INFO: Run Behavior\ParseTemplateBehavior [ RunTime:0.015001s ]
INFO: [ view_parse ] --END-- [ RunTime:0.015001s ]
INFO: [ view_filter ] --START--
INFO: Run Behavior\WriteHtmlCacheBehavior [ RunTime:0.000000s ]
INFO: [ view_filter ] --END-- [ RunTime:0.001000s ]
INFO: [ app_end ] --START--
INFO: Run Behavior\ShowPageTraceBehavior [ RunTime:0.001000s ]
INFO: [ app_end ] --END-- [ RunTime:0.001000s ]

[ 2018-08-02T14:05:39+08:00 ] ::1 /webjlcs/Home/Index/jlcs_wft
INFO: [ app_init ] --START--
INFO: Run Behavior\BuildLiteBehavior [ RunTime:0.000000s ]
INFO: [ app_init ] --END-- [ RunTime:0.000000s ]
INFO: [ app_begin ] --START--
INFO: Run Behavior\ReadHtmlCacheBehavior [ RunTime:0.000000s ]
INFO: [ app_begin ] --END-- [ RunTime:0.001000s ]
INFO: [ view_parse ] --START--
INFO: [ template_filter ] --START--
INFO: Run Behavior\ContentReplaceBehavior [ RunTime:0.001000s ]
INFO: [ template_filter ] --END-- [ RunTime:0.001000s ]
NOTIC: [8] Use of undefined constant c - assumed 'c' D:\phpStudy\PHPTutorial\WWW\webjlcs\JLCS\Runtime\Cache\Home\5cb929016d38edd85eb81463fba35eee.php 第 49 行.
NOTIC: [8] Use of undefined constant d - assumed 'd' D:\phpStudy\PHPTutorial\WWW\webjlcs\JLCS\Runtime\Cache\Home\5cb929016d38edd85eb81463fba35eee.php 第 50 行.
NOTIC: [8] Use of undefined constant a - assumed 'a' D:\phpStudy\PHPTutorial\WWW\webjlcs\JLCS\Runtime\Cache\Home\5cb929016d38edd85eb81463fba35eee.php 第 51 行.
NOTIC: [8] Use of undefined constant b - assumed 'b' D:\phpStudy\PHPTutorial\WWW\webjlcs\JLCS\Runtime\Cache\Home\5cb929016d38edd85eb81463fba35eee.php 第 52 行.
INFO: Run Behavior\ParseTemplateBehavior [ RunTime:0.014001s ]
INFO: [ view_parse ] --END-- [ RunTime:0.014001s ]
INFO: [ view_filter ] --START--
INFO: Run Behavior\WriteHtmlCacheBehavior [ RunTime:0.000000s ]
INFO: [ view_filter ] --END-- [ RunTime:0.001000s ]
INFO: [ app_end ] --START--
INFO: Run Behavior\ShowPageTraceBehavior [ RunTime:0.001000s ]
INFO: [ app_end ] --END-- [ RunTime:0.001000s ]

[ 2018-08-02T14:05:42+08:00 ] ::1 /webjlcs/Home/Product/index/cat_id/1/img/a.html
INFO: [ app_init ] --START--
INFO: Run Behavior\BuildLiteBehavior [ RunTime:0.000000s ]
INFO: [ app_init ] --END-- [ RunTime:0.001000s ]
INFO: [ app_begin ] --START--
INFO: Run Behavior\ReadHtmlCacheBehavior [ RunTime:0.000000s ]
INFO: [ app_begin ] --END-- [ RunTime:0.000000s ]
NOTIC: [8] Undefined variable: biaoshi D:\phpStudy\PHPTutorial\WWW\webjlcs\JLCS\Home\Controller\ProductController.class.php 第 76 行.
NOTIC: [8] Undefined variable: data D:\phpStudy\PHPTutorial\WWW\webjlcs\JLCS\Home\Controller\ProductController.class.php 第 80 行.
NOTIC: [8] Undefined variable: owns D:\phpStudy\PHPTutorial\WWW\webjlcs\JLCS\Home\Controller\ProductController.class.php 第 81 行.
INFO: [ view_parse ] --START--
INFO: [ template_filter ] --START--
INFO: Run Behavior\ContentReplaceBehavior [ RunTime:0.003000s ]
INFO: [ template_filter ] --END-- [ RunTime:0.003000s ]
NOTIC: [8] Undefined index: name D:\phpStudy\PHPTutorial\WWW\webjlcs\JLCS\Runtime\Cache\Home\ea0431c51db31da3c7e38dd28575eae0.php 第 71 行.
INFO: Run Behavior\ParseTemplateBehavior [ RunTime:0.097006s ]
INFO: [ view_parse ] --END-- [ RunTime:0.097006s ]
INFO: [ view_filter ] --START--
INFO: Run Behavior\WriteHtmlCacheBehavior [ RunTime:0.000000s ]
INFO: [ view_filter ] --END-- [ RunTime:0.000000s ]
INFO: [ app_end ] --START--
INFO: Run Behavior\ShowPageTraceBehavior [ RunTime:0.001000s ]
INFO: [ app_end ] --END-- [ RunTime:0.001000s ]

[ 2018-08-02T14:05:42+08:00 ] ::1 /webjlcs/Home/Product/ajax_show
INFO: [ app_init ] --START--
INFO: Run Behavior\BuildLiteBehavior [ RunTime:0.000000s ]
INFO: [ app_init ] --END-- [ RunTime:0.000000s ]
INFO: [ app_begin ] --START--
INFO: Run Behavior\ReadHtmlCacheBehavior [ RunTime:0.001000s ]
INFO: [ app_begin ] --END-- [ RunTime:0.001000s ]
SQL: SHOW COLUMNS FROM `goods` [ RunTime:0.0050s ]
SQL: SHOW COLUMNS FROM `products` [ RunTime:0.0040s ]
SQL: SELECT * FROM `goods` WHERE `owns` = 'a' AND `cat_id` = 1 ORDER BY goods_id ASC  [ RunTime:0.0050s ]
SQL: SELECT * FROM `products` WHERE `goods_id` = '4'  [ RunTime:0.0010s ]
SQL: SELECT * FROM `products` WHERE `goods_id` = '5'  [ RunTime:0.0020s ]
SQL: SELECT * FROM `products` WHERE `goods_id` = '8'  [ RunTime:0.0010s ]
SQL: SELECT * FROM `products` WHERE `goods_id` = '9'  [ RunTime:0.0010s ]
SQL: SELECT * FROM `products` WHERE `goods_id` = '10'  [ RunTime:0.0030s ]
SQL: SELECT * FROM `products` WHERE `goods_id` = '16'  [ RunTime:0.0010s ]
SQL: SELECT * FROM `products` WHERE `goods_id` = '18'  [ RunTime:0.0000s ]
SQL: SELECT * FROM `products` WHERE `goods_id` = '20'  [ RunTime:0.0010s ]
SQL: SELECT * FROM `products` WHERE `goods_id` = '22'  [ RunTime:0.0010s ]
SQL: SELECT * FROM `products` WHERE `goods_id` = '24'  [ RunTime:0.0000s ]
INFO: [ view_parse ] --START--
INFO: [ template_filter ] --START--
INFO: Run Behavior\ContentReplaceBehavior [ RunTime:0.000000s ]
INFO: [ template_filter ] --END-- [ RunTime:0.001000s ]
INFO: Run Behavior\ParseTemplateBehavior [ RunTime:0.016001s ]
INFO: [ view_parse ] --END-- [ RunTime:0.016001s ]
INFO: [ view_filter ] --START--
INFO: Run Behavior\WriteHtmlCacheBehavior [ RunTime:0.001000s ]
INFO: [ view_filter ] --END-- [ RunTime:0.001000s ]
INFO: [ app_end ] --START--
INFO: Run Behavior\ShowPageTraceBehavior [ RunTime:0.001000s ]
INFO: [ app_end ] --END-- [ RunTime:0.001000s ]

[ 2018-08-02T14:05:49+08:00 ] ::1 /webjlcs/Home/Product/details?id=118
INFO: [ app_init ] --START--
INFO: Run Behavior\BuildLiteBehavior [ RunTime:0.000000s ]
INFO: [ app_init ] --END-- [ RunTime:0.000000s ]
INFO: [ app_begin ] --START--
INFO: Run Behavior\ReadHtmlCacheBehavior [ RunTime:0.001000s ]
INFO: [ app_begin ] --END-- [ RunTime:0.001000s ]
SQL: SHOW COLUMNS FROM `products` [ RunTime:0.0020s ]
SQL: SHOW COLUMNS FROM `goods` [ RunTime:0.0030s ]
SQL: SELECT * FROM `products` WHERE `id` = 118 LIMIT 1   [ RunTime:0.0000s ]
SQL: SELECT * FROM `goods` WHERE `goods_id` = 9 LIMIT 1   [ RunTime:0.0000s ]
NOTIC: [8] Undefined variable: image D:\phpStudy\PHPTutorial\WWW\webjlcs\JLCS\Home\Controller\ProductController.class.php 第 119 行.
NOTIC: [8] Undefined variable: biaoshi D:\phpStudy\PHPTutorial\WWW\webjlcs\JLCS\Home\Controller\ProductController.class.php 第 120 行.
INFO: [ view_parse ] --START--
INFO: [ template_filter ] --START--
INFO: Run Behavior\ContentReplaceBehavior [ RunTime:0.000000s ]
INFO: [ template_filter ] --END-- [ RunTime:0.000000s ]
NOTIC: [8] Undefined index: name D:\phpStudy\PHPTutorial\WWW\webjlcs\JLCS\Runtime\Cache\Home\18ed692e241ae46ad08194b00ff164c2.php 第 64 行.
NOTIC: [8] Use of undefined constant nowurl - assumed 'nowurl' D:\phpStudy\PHPTutorial\WWW\webjlcs\JLCS\Runtime\Cache\Home\18ed692e241ae46ad08194b00ff164c2.php 第 526 行.
INFO: Run Behavior\ParseTemplateBehavior [ RunTime:0.019001s ]
INFO: [ view_parse ] --END-- [ RunTime:0.019001s ]
INFO: [ view_filter ] --START--
INFO: Run Behavior\WriteHtmlCacheBehavior [ RunTime:0.000000s ]
INFO: [ view_filter ] --END-- [ RunTime:0.000000s ]
INFO: [ app_end ] --START--
INFO: Run Behavior\ShowPageTraceBehavior [ RunTime:0.000000s ]
INFO: [ app_end ] --END-- [ RunTime:0.001000s ]

[ 2018-08-02T14:05:54+08:00 ] ::1 /webjlcs/Home/Order/ajax_order
INFO: [ app_init ] --START--
INFO: Run Behavior\BuildLiteBehavior [ RunTime:0.000000s ]
INFO: [ app_init ] --END-- [ RunTime:0.001000s ]
INFO: [ app_begin ] --START--
INFO: Run Behavior\ReadHtmlCacheBehavior [ RunTime:0.000000s ]
INFO: [ app_begin ] --END-- [ RunTime:0.000000s ]
NOTIC: [8] Undefined index: name D:\phpStudy\PHPTutorial\WWW\webjlcs\JLCS\Home\Controller\OrderController.class.php 第 69 行.

[ 2018-08-02T14:05:55+08:00 ] ::1 /webjlcs/Home/User/login?url=/webjlcs/Home/Product/details?id=118
INFO: [ app_init ] --START--
INFO: Run Behavior\BuildLiteBehavior [ RunTime:0.000000s ]
INFO: [ app_init ] --END-- [ RunTime:0.001000s ]
INFO: [ app_begin ] --START--
INFO: Run Behavior\ReadHtmlCacheBehavior [ RunTime:0.000000s ]
INFO: [ app_begin ] --END-- [ RunTime:0.000000s ]
NOTIC: [2] Missing argument 1 for Think\Controller::show(), called in D:\phpStudy\PHPTutorial\WWW\webjlcs\JLCS\Home\Controller\UserController.class.php on line 14 and defined D:\phpStudy\PHPTutorial\WWW\webjlcs\ThinkPHP\Library\Think\Controller.class.php 第 68 行.
NOTIC: [8] Undefined variable: content D:\phpStudy\PHPTutorial\WWW\webjlcs\ThinkPHP\Library\Think\Controller.class.php 第 69 行.
INFO: [ view_parse ] --START--
INFO: [ template_filter ] --START--
INFO: Run Behavior\ContentReplaceBehavior [ RunTime:0.000000s ]
INFO: [ template_filter ] --END-- [ RunTime:0.001000s ]
NOTIC: [8] Undefined variable: zhuan D:\phpStudy\PHPTutorial\WWW\webjlcs\JLCS\Runtime\Cache\Home\86970505b0993c7994b3d9683eb2674e.php 第 39 行.
NOTIC: [8] Undefined variable: sign D:\phpStudy\PHPTutorial\WWW\webjlcs\JLCS\Runtime\Cache\Home\86970505b0993c7994b3d9683eb2674e.php 第 40 行.
INFO: Run Behavior\ParseTemplateBehavior [ RunTime:0.009000s ]
INFO: [ view_parse ] --END-- [ RunTime:0.009000s ]
INFO: [ view_filter ] --START--
INFO: Run Behavior\WriteHtmlCacheBehavior [ RunTime:0.001000s ]
INFO: [ view_filter ] --END-- [ RunTime:0.001000s ]
INFO: [ app_end ] --START--
INFO: Run Behavior\ShowPageTraceBehavior [ RunTime:0.000000s ]
INFO: [ app_end ] --END-- [ RunTime:0.000000s ]

[ 2018-08-02T14:06:06+08:00 ] ::1 /webjlcs/Home/User/dologin
INFO: [ app_init ] --START--
INFO: Run Behavior\BuildLiteBehavior [ RunTime:0.000000s ]
INFO: [ app_init ] --END-- [ RunTime:0.000000s ]
INFO: [ app_begin ] --START--
INFO: Run Behavior\ReadHtmlCacheBehavior [ RunTime:0.001001s ]
INFO: [ app_begin ] --END-- [ RunTime:0.001001s ]
SQL: SHOW COLUMNS FROM `users` [ RunTime:0.0030s ]
SQL: SELECT * FROM `users` WHERE `name` = 'admintong' LIMIT 1   [ RunTime:0.0000s ]

[ 2018-08-02T14:06:06+08:00 ] ::1 /webjlcs/Home/Product/details/id/118.html
INFO: [ app_init ] --START--
INFO: Run Behavior\BuildLiteBehavior [ RunTime:0.000000s ]
INFO: [ app_init ] --END-- [ RunTime:0.001000s ]
INFO: [ app_begin ] --START--
INFO: Run Behavior\ReadHtmlCacheBehavior [ RunTime:0.001000s ]
INFO: [ app_begin ] --END-- [ RunTime:0.001000s ]
SQL: SHOW COLUMNS FROM `products` [ RunTime:0.0020s ]
SQL: SHOW COLUMNS FROM `goods` [ RunTime:0.0020s ]
SQL: SELECT * FROM `products` WHERE `id` = 118 LIMIT 1   [ RunTime:0.0010s ]
SQL: SELECT * FROM `goods` WHERE `goods_id` = 9 LIMIT 1   [ RunTime:0.0000s ]
NOTIC: [8] Undefined variable: image D:\phpStudy\PHPTutorial\WWW\webjlcs\JLCS\Home\Controller\ProductController.class.php 第 119 行.
NOTIC: [8] Undefined variable: biaoshi D:\phpStudy\PHPTutorial\WWW\webjlcs\JLCS\Home\Controller\ProductController.class.php 第 120 行.
INFO: [ view_parse ] --START--
INFO: [ template_filter ] --START--
INFO: Run Behavior\ContentReplaceBehavior [ RunTime:0.001000s ]
INFO: [ template_filter ] --END-- [ RunTime:0.001000s ]
NOTIC: [8] Use of undefined constant nowurl - assumed 'nowurl' D:\phpStudy\PHPTutorial\WWW\webjlcs\JLCS\Runtime\Cache\Home\18ed692e241ae46ad08194b00ff164c2.php 第 526 行.
INFO: Run Behavior\ParseTemplateBehavior [ RunTime:0.017001s ]
INFO: [ view_parse ] --END-- [ RunTime:0.017001s ]
INFO: [ view_filter ] --START--
INFO: Run Behavior\WriteHtmlCacheBehavior [ RunTime:0.000000s ]
INFO: [ view_filter ] --END-- [ RunTime:0.000000s ]
INFO: [ app_end ] --START--
INFO: Run Behavior\ShowPageTraceBehavior [ RunTime:0.000000s ]
INFO: [ app_end ] --END-- [ RunTime:0.000000s ]

[ 2018-08-02T14:06:07+08:00 ] ::1 /webjlcs/Home/Order/ajax_order
INFO: [ app_init ] --START--
INFO: Run Behavior\BuildLiteBehavior [ RunTime:0.000000s ]
INFO: [ app_init ] --END-- [ RunTime:0.000000s ]
INFO: [ app_begin ] --START--
INFO: Run Behavior\ReadHtmlCacheBehavior [ RunTime:0.001000s ]
INFO: [ app_begin ] --END-- [ RunTime:0.001000s ]
INFO: [ app_end ] --START--
INFO: Run Behavior\ShowPageTraceBehavior [ RunTime:0.001000s ]
INFO: [ app_end ] --END-- [ RunTime:0.001000s ]

[ 2018-08-02T14:06:07+08:00 ] ::1 /webjlcs/Home/Order/index?id=118
INFO: [ app_init ] --START--
INFO: Run Behavior\BuildLiteBehavior [ RunTime:0.000000s ]
INFO: [ app_init ] --END-- [ RunTime:0.001000s ]
INFO: [ app_begin ] --START--
INFO: Run Behavior\ReadHtmlCacheBehavior [ RunTime:0.001000s ]
INFO: [ app_begin ] --END-- [ RunTime:0.001000s ]
SQL: SHOW COLUMNS FROM `products` [ RunTime:0.0020s ]
SQL: SHOW COLUMNS FROM `user_infos` [ RunTime:0.0030s ]
SQL: SHOW COLUMNS FROM `goods` [ RunTime:0.0040s ]
SQL: SHOW COLUMNS FROM `users` [ RunTime:0.0030s ]
SQL: SELECT * FROM `users` WHERE `name` = 'admintong' LIMIT 1   [ RunTime:0.0010s ]
SQL: SELECT * FROM `user_infos` WHERE `user_id` = 1  [ RunTime:0.0010s ]
SQL: SELECT * FROM `products` WHERE `id` = 118 LIMIT 1   [ RunTime:0.0000s ]
SQL: SELECT * FROM `goods` WHERE `goods_id` = 9 LIMIT 1   [ RunTime:0.0010s ]
SQL: SELECT * FROM `goods` WHERE `goods_id` = 9 LIMIT 1   [ RunTime:0.0000s ]
NOTIC: [8] Undefined variable: biaoshi D:\phpStudy\PHPTutorial\WWW\webjlcs\JLCS\Home\Controller\OrderController.class.php 第 44 行.
NOTIC: [2] Missing argument 1 for Think\Controller::show(), called in D:\phpStudy\PHPTutorial\WWW\webjlcs\JLCS\Home\Controller\OrderController.class.php on line 45 and defined D:\phpStudy\PHPTutorial\WWW\webjlcs\ThinkPHP\Library\Think\Controller.class.php 第 68 行.
NOTIC: [8] Undefined variable: content D:\phpStudy\PHPTutorial\WWW\webjlcs\ThinkPHP\Library\Think\Controller.class.php 第 69 行.
INFO: [ view_parse ] --START--
INFO: [ template_filter ] --START--
INFO: Run Behavior\ContentReplaceBehavior [ RunTime:0.001000s ]
INFO: [ template_filter ] --END-- [ RunTime:0.001000s ]
NOTIC: [8] Undefined variable: sign D:\phpStudy\PHPTutorial\WWW\webjlcs\JLCS\Runtime\Cache\Home\65a998279edf4dd27955e907386055e1.php 第 248 行.
NOTIC: [8] Undefined index: sign D:\phpStudy\PHPTutorial\WWW\webjlcs\JLCS\Runtime\Cache\Home\65a998279edf4dd27955e907386055e1.php 第 301 行.
NOTIC: [8] Undefined index: sign D:\phpStudy\PHPTutorial\WWW\webjlcs\JLCS\Runtime\Cache\Home\65a998279edf4dd27955e907386055e1.php 第 322 行.
NOTIC: [8] Undefined variable: cartid D:\phpStudy\PHPTutorial\WWW\webjlcs\JLCS\Runtime\Cache\Home\65a998279edf4dd27955e907386055e1.php 第 354 行.
INFO: Run Behavior\ParseTemplateBehavior [ RunTime:0.028002s ]
INFO: [ view_parse ] --END-- [ RunTime:0.028002s ]
INFO: [ view_filter ] --START--
INFO: Run Behavior\WriteHtmlCacheBehavior [ RunTime:0.001000s ]
INFO: [ view_filter ] --END-- [ RunTime:0.001000s ]
INFO: [ app_end ] --START--
INFO: Run Behavior\ShowPageTraceBehavior [ RunTime:0.001000s ]
INFO: [ app_end ] --END-- [ RunTime:0.001000s ]

[ 2018-08-02T14:06:13+08:00 ] ::1 /webjlcs/Home/Order/create_order.html
INFO: [ app_init ] --START--
INFO: Run Behavior\BuildLiteBehavior [ RunTime:0.000000s ]
INFO: [ app_init ] --END-- [ RunTime:0.000000s ]
INFO: [ app_begin ] --START--
INFO: Run Behavior\ReadHtmlCacheBehavior [ RunTime:0.001000s ]
INFO: [ app_begin ] --END-- [ RunTime:0.001000s ]
SQL: SHOW COLUMNS FROM `products` [ RunTime:0.0050s ]
SQL: SHOW COLUMNS FROM `users` [ RunTime:0.0030s ]
SQL: SHOW COLUMNS FROM `orders` [ RunTime:0.0040s ]
SQL: SHOW COLUMNS FROM `order_details` [ RunTime:0.0030s ]
SQL: SHOW COLUMNS FROM `user_infos` [ RunTime:0.0080s ]
SQL: SHOW COLUMNS FROM `carts` [ RunTime:0.0060s ]
SQL: SHOW COLUMNS FROM `agrrements` [ RunTime:0.0030s ]
SQL: SELECT * FROM `products` WHERE `id` = 118 LIMIT 1   [ RunTime:0.0000s ]
SQL: SELECT * FROM `users` WHERE `name` = 'admintong' LIMIT 1   [ RunTime:0.0000s ]
SQL: SELECT * FROM `user_infos` WHERE `id` = 113 LIMIT 1   [ RunTime:0.0010s ]
NOTIC: [8] Undefined variable: beizhu D:\phpStudy\PHPTutorial\WWW\webjlcs\JLCS\Home\Controller\OrderController.class.php 第 217 行.
SQL: INSERT INTO `orders` (`order_id`,`order_num`,`order_total_price`,`user_id`,`status`,`createtime`,`agent_aid`,`beizhu`,`user_info_id`,`phone`) VALUES ('1533190448','1','30000','1','0','2018-08-02 14:06:13','A03',NULL,'113','18408241858') [ RunTime:0.0010s ]
SQL: SHOW COLUMNS FROM `goods` [ RunTime:0.0020s ]
SQL: SHOW COLUMNS FROM `cats` [ RunTime:0.0020s ]
SQL: SHOW COLUMNS FROM `regions` [ RunTime:0.0030s ]
SQL: SHOW COLUMNS FROM `temples` [ RunTime:0.0030s ]
SQL: SELECT * FROM `products` WHERE `id` = 118 LIMIT 1   [ RunTime:0.0010s ]
SQL: SELECT * FROM `goods` WHERE `goods_id` = 9 LIMIT 1   [ RunTime:0.0010s ]
SQL: SELECT * FROM `cats` WHERE `id` = 1 LIMIT 1   [ RunTime:0.0000s ]
SQL: SELECT * FROM `regions` WHERE `id` = 1 LIMIT 1   [ RunTime:0.0000s ]
SQL: SELECT * FROM `temples` WHERE `id` = 1 LIMIT 1   [ RunTime:0.0010s ]
SQL: SELECT * FROM `products` WHERE `id` = 118 LIMIT 1   [ RunTime:0.0000s ]
SQL: INSERT INTO `order_details` (`orderid`,`product_id`,`num`,`price`,`user_id`,`description`) VALUES ('164','118','1','30000.00','1','CJL-Ⅰ-A29-01') [ RunTime:0.0010s ]
SQL: DELETE FROM `carts` WHERE `user_id` = 1 AND `products_id` = 0 [ RunTime:0.0000s ]
INFO: [ view_parse ] --START--
INFO: [ template_filter ] --START--
INFO: Run Behavior\ContentReplaceBehavior [ RunTime:0.000000s ]
INFO: [ template_filter ] --END-- [ RunTime:0.001000s ]
INFO: Run Behavior\ParseTemplateBehavior [ RunTime:0.009001s ]
INFO: [ view_parse ] --END-- [ RunTime:0.009001s ]
INFO: [ view_filter ] --START--
INFO: Run Behavior\WriteHtmlCacheBehavior [ RunTime:0.000000s ]
INFO: [ view_filter ] --END-- [ RunTime:0.000000s ]
INFO: [ app_end ] --START--
INFO: Run Behavior\ShowPageTraceBehavior [ RunTime:0.000000s ]
INFO: [ app_end ] --END-- [ RunTime:0.001000s ]

[ 2018-08-02T14:06:15+08:00 ] ::1 /webjlcs/Home/Order/checkorder.html
INFO: [ app_init ] --START--
INFO: Run Behavior\BuildLiteBehavior [ RunTime:0.000000s ]
INFO: [ app_init ] --END-- [ RunTime:0.001000s ]
INFO: [ app_begin ] --START--
INFO: Run Behavior\ReadHtmlCacheBehavior [ RunTime:0.001000s ]
INFO: [ app_begin ] --END-- [ RunTime:0.001000s ]
INFO: [ view_parse ] --START--
INFO: [ template_filter ] --START--
INFO: Run Behavior\ContentReplaceBehavior [ RunTime:0.000000s ]
INFO: [ template_filter ] --END-- [ RunTime:0.000000s ]
INFO: Run Behavior\ParseTemplateBehavior [ RunTime:0.016001s ]
INFO: [ view_parse ] --END-- [ RunTime:0.016001s ]
INFO: [ view_filter ] --START--
INFO: Run Behavior\WriteHtmlCacheBehavior [ RunTime:0.001000s ]
INFO: [ view_filter ] --END-- [ RunTime:0.001000s ]
INFO: [ app_end ] --START--
INFO: Run Behavior\ShowPageTraceBehavior [ RunTime:0.000000s ]
INFO: [ app_end ] --END-- [ RunTime:0.000000s ]

[ 2018-08-02T14:06:15+08:00 ] ::1 /webjlcs/Home/Order/verify
INFO: [ app_init ] --START--
INFO: Run Behavior\BuildLiteBehavior [ RunTime:0.000000s ]
INFO: [ app_init ] --END-- [ RunTime:0.001000s ]
INFO: [ app_begin ] --START--
INFO: Run Behavior\ReadHtmlCacheBehavior [ RunTime:0.001000s ]
INFO: [ app_begin ] --END-- [ RunTime:0.001000s ]
NOTIC: [2] include(/webjlcsThinkPHP/Library/Vendor/phpqrcode/phpqrcode.php) [<a href='function.include'>function.include</a>]: failed to open stream: No such file or directory D:\phpStudy\PHPTutorial\WWW\webjlcs\JLCS\Home\Controller\OrderController.class.php 第 295 行.
NOTIC: [2] include(/webjlcsThinkPHP/Library/Vendor/phpqrcode/phpqrcode.php) [<a href='function.include'>function.include</a>]: failed to open stream: No such file or directory D:\phpStudy\PHPTutorial\WWW\webjlcs\JLCS\Home\Controller\OrderController.class.php 第 295 行.
NOTIC: [2] include() [<a href='function.include'>function.include</a>]: Failed opening '/webjlcsThinkPHP/Library/Vendor/phpqrcode/phpqrcode.php' for inclusion (include_path='.;C:\php\pear') D:\phpStudy\PHPTutorial\WWW\webjlcs\JLCS\Home\Controller\OrderController.class.php 第 295 行.

[ 2018-08-02T14:06:18+08:00 ] ::1 /webjlcs/Home/Pay/pay_.html
INFO: [ app_init ] --START--
INFO: Run Behavior\BuildLiteBehavior [ RunTime:0.000000s ]
INFO: [ app_init ] --END-- [ RunTime:0.001001s ]
INFO: [ app_begin ] --START--
INFO: Run Behavior\ReadHtmlCacheBehavior [ RunTime:0.001000s ]
INFO: [ app_begin ] --END-- [ RunTime:0.001000s ]
INFO: [ app_end ] --START--
INFO: Run Behavior\ShowPageTraceBehavior [ RunTime:0.001000s ]
INFO: [ app_end ] --END-- [ RunTime:0.001000s ]

[ 2018-08-02T15:18:44+08:00 ] ::1 /webjlcs/index.php
INFO: [ app_init ] --START--
INFO: Run Behavior\BuildLiteBehavior [ RunTime:0.000000s ]
INFO: [ app_init ] --END-- [ RunTime:0.044003s ]
INFO: [ app_begin ] --START--
INFO: Run Behavior\ReadHtmlCacheBehavior [ RunTime:0.020001s ]
INFO: [ app_begin ] --END-- [ RunTime:0.020001s ]
INFO: [ view_parse ] --START--
INFO: [ template_filter ] --START--
INFO: Run Behavior\ContentReplaceBehavior [ RunTime:0.000000s ]
INFO: [ template_filter ] --END-- [ RunTime:0.000000s ]
INFO: Run Behavior\ParseTemplateBehavior [ RunTime:0.224012s ]
INFO: [ view_parse ] --END-- [ RunTime:0.224012s ]
INFO: [ view_filter ] --START--
INFO: Run Behavior\WriteHtmlCacheBehavior [ RunTime:0.032002s ]
INFO: [ view_filter ] --END-- [ RunTime:0.032002s ]
INFO: [ app_end ] --START--
INFO: Run Behavior\ShowPageTraceBehavior [ RunTime:0.008001s ]
INFO: [ app_end ] --END-- [ RunTime:0.008001s ]

[ 2018-08-02T15:44:53+08:00 ] 127.0.0.1 /webjlcs/index.php
INFO: [ app_init ] --START--
INFO: Run Behavior\BuildLiteBehavior [ RunTime:0.000000s ]
INFO: [ app_init ] --END-- [ RunTime:0.010000s ]
INFO: [ app_begin ] --START--
INFO: Run Behavior\ReadHtmlCacheBehavior [ RunTime:0.001000s ]
INFO: [ app_begin ] --END-- [ RunTime:0.001000s ]
INFO: [ view_parse ] --START--
INFO: [ template_filter ] --START--
INFO: Run Behavior\ContentReplaceBehavior [ RunTime:0.012001s ]
INFO: [ template_filter ] --END-- [ RunTime:0.012001s ]
INFO: Run Behavior\ParseTemplateBehavior [ RunTime:0.025001s ]
INFO: [ view_parse ] --END-- [ RunTime:0.025001s ]
INFO: [ view_filter ] --START--
INFO: Run Behavior\WriteHtmlCacheBehavior [ RunTime:0.001000s ]
INFO: [ view_filter ] --END-- [ RunTime:0.001000s ]
INFO: [ app_end ] --START--
INFO: Run Behavior\ShowPageTraceBehavior [ RunTime:0.001000s ]
INFO: [ app_end ] --END-- [ RunTime:0.001000s ]

[ 2018-08-02T15:45:57+08:00 ] 127.0.0.1 /webjlcs/index.php
INFO: [ app_init ] --START--
INFO: Run Behavior\BuildLiteBehavior [ RunTime:0.000000s ]
INFO: [ app_init ] --END-- [ RunTime:0.001000s ]
INFO: [ app_begin ] --START--
INFO: Run Behavior\ReadHtmlCacheBehavior [ RunTime:0.001000s ]
INFO: [ app_begin ] --END-- [ RunTime:0.001000s ]
INFO: [ view_parse ] --START--
INFO: [ template_filter ] --START--
INFO: Run Behavior\ContentReplaceBehavior [ RunTime:0.000000s ]
INFO: [ template_filter ] --END-- [ RunTime:0.000000s ]
INFO: Run Behavior\ParseTemplateBehavior [ RunTime:0.022002s ]
INFO: [ view_parse ] --END-- [ RunTime:0.022002s ]
INFO: [ view_filter ] --START--
INFO: Run Behavior\WriteHtmlCacheBehavior [ RunTime:0.001000s ]
INFO: [ view_filter ] --END-- [ RunTime:0.001000s ]
INFO: [ app_end ] --START--
INFO: Run Behavior\ShowPageTraceBehavior [ RunTime:0.001000s ]
INFO: [ app_end ] --END-- [ RunTime:0.001000s ]

[ 2018-08-02T15:45:58+08:00 ] 127.0.0.1 /webjlcs/index.php
INFO: [ app_init ] --START--
INFO: Run Behavior\BuildLiteBehavior [ RunTime:0.000000s ]
INFO: [ app_init ] --END-- [ RunTime:0.000000s ]
INFO: [ app_begin ] --START--
INFO: Run Behavior\ReadHtmlCacheBehavior [ RunTime:0.001000s ]
INFO: [ app_begin ] --END-- [ RunTime:0.001000s ]
INFO: [ view_parse ] --START--
INFO: [ template_filter ] --START--
INFO: Run Behavior\ContentReplaceBehavior [ RunTime:0.000000s ]
INFO: [ template_filter ] --END-- [ RunTime:0.000000s ]
INFO: Run Behavior\ParseTemplateBehavior [ RunTime:0.011001s ]
INFO: [ view_parse ] --END-- [ RunTime:0.011001s ]
INFO: [ view_filter ] --START--
INFO: Run Behavior\WriteHtmlCacheBehavior [ RunTime:0.001000s ]
INFO: [ view_filter ] --END-- [ RunTime:0.001000s ]
INFO: [ app_end ] --START--
INFO: Run Behavior\ShowPageTraceBehavior [ RunTime:0.002000s ]
INFO: [ app_end ] --END-- [ RunTime:0.002000s ]

[ 2018-08-02T15:46:06+08:00 ] 127.0.0.1 /webjlcs/index.php
INFO: [ app_init ] --START--
INFO: Run Behavior\BuildLiteBehavior [ RunTime:0.000000s ]
INFO: [ app_init ] --END-- [ RunTime:0.000000s ]
INFO: [ app_begin ] --START--
INFO: Run Behavior\ReadHtmlCacheBehavior [ RunTime:0.001000s ]
INFO: [ app_begin ] --END-- [ RunTime:0.001000s ]
INFO: [ view_parse ] --START--
INFO: [ template_filter ] --START--
INFO: Run Behavior\ContentReplaceBehavior [ RunTime:0.000000s ]
INFO: [ template_filter ] --END-- [ RunTime:0.000000s ]
INFO: Run Behavior\ParseTemplateBehavior [ RunTime:0.010000s ]
INFO: [ view_parse ] --END-- [ RunTime:0.010000s ]
INFO: [ view_filter ] --START--
INFO: Run Behavior\WriteHtmlCacheBehavior [ RunTime:0.001000s ]
INFO: [ view_filter ] --END-- [ RunTime:0.001000s ]
INFO: [ app_end ] --START--
INFO: Run Behavior\ShowPageTraceBehavior [ RunTime:0.000000s ]
INFO: [ app_end ] --END-- [ RunTime:0.000000s ]

[ 2018-08-02T15:46:12+08:00 ] 127.0.0.1 /webjlcs/index.php
INFO: [ app_init ] --START--
INFO: Run Behavior\BuildLiteBehavior [ RunTime:0.000000s ]
INFO: [ app_init ] --END-- [ RunTime:0.001000s ]
INFO: [ app_begin ] --START--
INFO: Run Behavior\ReadHtmlCacheBehavior [ RunTime:0.000000s ]
INFO: [ app_begin ] --END-- [ RunTime:0.000000s ]
INFO: [ view_parse ] --START--
INFO: [ template_filter ] --START--
INFO: Run Behavior\ContentReplaceBehavior [ RunTime:0.001000s ]
INFO: [ template_filter ] --END-- [ RunTime:0.001000s ]
INFO: Run Behavior\ParseTemplateBehavior [ RunTime:0.011001s ]
INFO: [ view_parse ] --END-- [ RunTime:0.011001s ]
INFO: [ view_filter ] --START--
INFO: Run Behavior\WriteHtmlCacheBehavior [ RunTime:0.001000s ]
INFO: [ view_filter ] --END-- [ RunTime:0.001000s ]
INFO: [ app_end ] --START--
INFO: Run Behavior\ShowPageTraceBehavior [ RunTime:0.001000s ]
INFO: [ app_end ] --END-- [ RunTime:0.001000s ]

[ 2018-08-02T15:46:13+08:00 ] 127.0.0.1 /webjlcs/index.php
INFO: [ app_init ] --START--
INFO: Run Behavior\BuildLiteBehavior [ RunTime:0.000000s ]
INFO: [ app_init ] --END-- [ RunTime:0.001000s ]
INFO: [ app_begin ] --START--
INFO: Run Behavior\ReadHtmlCacheBehavior [ RunTime:0.001000s ]
INFO: [ app_begin ] --END-- [ RunTime:0.001000s ]
INFO: [ view_parse ] --START--
INFO: [ template_filter ] --START--
INFO: Run Behavior\ContentReplaceBehavior [ RunTime:0.000000s ]
INFO: [ template_filter ] --END-- [ RunTime:0.000000s ]
INFO: Run Behavior\ParseTemplateBehavior [ RunTime:0.012001s ]
INFO: [ view_parse ] --END-- [ RunTime:0.012001s ]
INFO: [ view_filter ] --START--
INFO: Run Behavior\WriteHtmlCacheBehavior [ RunTime:0.001000s ]
INFO: [ view_filter ] --END-- [ RunTime:0.001000s ]
INFO: [ app_end ] --START--
INFO: Run Behavior\ShowPageTraceBehavior [ RunTime:0.000000s ]
INFO: [ app_end ] --END-- [ RunTime:0.000000s ]

[ 2018-08-02T15:46:13+08:00 ] 127.0.0.1 /webjlcs/index.php
INFO: [ app_init ] --START--
INFO: Run Behavior\BuildLiteBehavior [ RunTime:0.000000s ]
INFO: [ app_init ] --END-- [ RunTime:0.001000s ]
INFO: [ app_begin ] --START--
INFO: Run Behavior\ReadHtmlCacheBehavior [ RunTime:0.001000s ]
INFO: [ app_begin ] --END-- [ RunTime:0.001000s ]
INFO: [ view_parse ] --START--
INFO: [ template_filter ] --START--
INFO: Run Behavior\ContentReplaceBehavior [ RunTime:0.000000s ]
INFO: [ template_filter ] --END-- [ RunTime:0.001000s ]
INFO: Run Behavior\ParseTemplateBehavior [ RunTime:0.011001s ]
INFO: [ view_parse ] --END-- [ RunTime:0.011001s ]
INFO: [ view_filter ] --START--
INFO: Run Behavior\WriteHtmlCacheBehavior [ RunTime:0.001000s ]
INFO: [ view_filter ] --END-- [ RunTime:0.001000s ]
INFO: [ app_end ] --START--
INFO: Run Behavior\ShowPageTraceBehavior [ RunTime:0.001000s ]
INFO: [ app_end ] --END-- [ RunTime:0.002000s ]

[ 2018-08-02T15:46:13+08:00 ] 127.0.0.1 /webjlcs/index.php
INFO: [ app_init ] --START--
INFO: Run Behavior\BuildLiteBehavior [ RunTime:0.000000s ]
INFO: [ app_init ] --END-- [ RunTime:0.001000s ]
INFO: [ app_begin ] --START--
INFO: Run Behavior\ReadHtmlCacheBehavior [ RunTime:0.002001s ]
INFO: [ app_begin ] --END-- [ RunTime:0.002001s ]
INFO: [ view_parse ] --START--
INFO: [ template_filter ] --START--
INFO: Run Behavior\ContentReplaceBehavior [ RunTime:0.000000s ]
INFO: [ template_filter ] --END-- [ RunTime:0.001001s ]
INFO: Run Behavior\ParseTemplateBehavior [ RunTime:0.016001s ]
INFO: [ view_parse ] --END-- [ RunTime:0.016001s ]
INFO: [ view_filter ] --START--
INFO: Run Behavior\WriteHtmlCacheBehavior [ RunTime:0.000000s ]
INFO: [ view_filter ] --END-- [ RunTime:0.000000s ]
INFO: [ app_end ] --START--
INFO: Run Behavior\ShowPageTraceBehavior [ RunTime:0.000000s ]
INFO: [ app_end ] --END-- [ RunTime:0.000000s ]

[ 2018-08-02T15:46:13+08:00 ] 127.0.0.1 /webjlcs/index.php
INFO: [ app_init ] --START--
INFO: Run Behavior\BuildLiteBehavior [ RunTime:0.000000s ]
INFO: [ app_init ] --END-- [ RunTime:0.000000s ]
INFO: [ app_begin ] --START--
INFO: Run Behavior\ReadHtmlCacheBehavior [ RunTime:0.001000s ]
INFO: [ app_begin ] --END-- [ RunTime:0.001000s ]
INFO: [ view_parse ] --START--
INFO: [ template_filter ] --START--
INFO: Run Behavior\ContentReplaceBehavior [ RunTime:0.001000s ]
INFO: [ template_filter ] --END-- [ RunTime:0.001000s ]
INFO: Run Behavior\ParseTemplateBehavior [ RunTime:0.010001s ]
INFO: [ view_parse ] --END-- [ RunTime:0.010001s ]
INFO: [ view_filter ] --START--
INFO: Run Behavior\WriteHtmlCacheBehavior [ RunTime:0.001000s ]
INFO: [ view_filter ] --END-- [ RunTime:0.001000s ]
INFO: [ app_end ] --START--
INFO: Run Behavior\ShowPageTraceBehavior [ RunTime:0.001000s ]
INFO: [ app_end ] --END-- [ RunTime:0.001000s ]

[ 2018-08-02T15:46:14+08:00 ] 127.0.0.1 /webjlcs/index.php
INFO: [ app_init ] --START--
INFO: Run Behavior\BuildLiteBehavior [ RunTime:0.000000s ]
INFO: [ app_init ] --END-- [ RunTime:0.000000s ]
INFO: [ app_begin ] --START--
INFO: Run Behavior\ReadHtmlCacheBehavior [ RunTime:0.001000s ]
INFO: [ app_begin ] --END-- [ RunTime:0.001000s ]
INFO: [ view_parse ] --START--
INFO: [ template_filter ] --START--
INFO: Run Behavior\ContentReplaceBehavior [ RunTime:0.000000s ]
INFO: [ template_filter ] --END-- [ RunTime:0.001000s ]
INFO: Run Behavior\ParseTemplateBehavior [ RunTime:0.014001s ]
INFO: [ view_parse ] --END-- [ RunTime:0.014001s ]
INFO: [ view_filter ] --START--
INFO: Run Behavior\WriteHtmlCacheBehavior [ RunTime:0.000000s ]
INFO: [ view_filter ] --END-- [ RunTime:0.001000s ]
INFO: [ app_end ] --START--
INFO: Run Behavior\ShowPageTraceBehavior [ RunTime:0.001000s ]
INFO: [ app_end ] --END-- [ RunTime:0.001000s ]

[ 2018-08-02T15:46:16+08:00 ] 127.0.0.1 /webjlcs/index.php
INFO: [ app_init ] --START--
INFO: Run Behavior\BuildLiteBehavior [ RunTime:0.000000s ]
INFO: [ app_init ] --END-- [ RunTime:0.001000s ]
INFO: [ app_begin ] --START--
INFO: Run Behavior\ReadHtmlCacheBehavior [ RunTime:0.000000s ]
INFO: [ app_begin ] --END-- [ RunTime:0.000000s ]
INFO: [ view_parse ] --START--
INFO: [ template_filter ] --START--
INFO: Run Behavior\ContentReplaceBehavior [ RunTime:0.000000s ]
INFO: [ template_filter ] --END-- [ RunTime:0.000000s ]
INFO: Run Behavior\ParseTemplateBehavior [ RunTime:0.009001s ]
INFO: [ view_parse ] --END-- [ RunTime:0.009001s ]
INFO: [ view_filter ] --START--
INFO: Run Behavior\WriteHtmlCacheBehavior [ RunTime:0.000000s ]
INFO: [ view_filter ] --END-- [ RunTime:0.000000s ]
INFO: [ app_end ] --START--
INFO: Run Behavior\ShowPageTraceBehavior [ RunTime:0.001000s ]
INFO: [ app_end ] --END-- [ RunTime:0.001000s ]

[ 2018-08-02T15:46:54+08:00 ] ::1 /webjlcs/Home/Product/details?id=6225
INFO: [ app_init ] --START--
INFO: Run Behavior\BuildLiteBehavior [ RunTime:0.000000s ]
INFO: [ app_init ] --END-- [ RunTime:0.002000s ]
INFO: [ app_begin ] --START--
INFO: Run Behavior\ReadHtmlCacheBehavior [ RunTime:0.001000s ]
INFO: [ app_begin ] --END-- [ RunTime:0.001000s ]
SQL: SHOW COLUMNS FROM `products` [ RunTime:0.0750s ]
SQL: SHOW COLUMNS FROM `goods` [ RunTime:0.0280s ]
SQL: SELECT * FROM `products` WHERE `id` = 6225 LIMIT 1   [ RunTime:0.0530s ]
SQL: SELECT * FROM `goods` WHERE `goods_id` = 728 LIMIT 1   [ RunTime:0.0140s ]
NOTIC: [8] Undefined variable: image D:\phpStudy\PHPTutorial\WWW\webjlcs\JLCS\Home\Controller\ProductController.class.php 第 119 行.
NOTIC: [8] Undefined variable: biaoshi D:\phpStudy\PHPTutorial\WWW\webjlcs\JLCS\Home\Controller\ProductController.class.php 第 120 行.
INFO: [ view_parse ] --START--
INFO: [ template_filter ] --START--
INFO: Run Behavior\ContentReplaceBehavior [ RunTime:0.025001s ]
INFO: [ template_filter ] --END-- [ RunTime:0.025001s ]
NOTIC: [8] Undefined index: name D:\phpStudy\PHPTutorial\WWW\webjlcs\JLCS\Runtime\Cache\Home\18ed692e241ae46ad08194b00ff164c2.php 第 64 行.
NOTIC: [8] Use of undefined constant nowurl - assumed 'nowurl' D:\phpStudy\PHPTutorial\WWW\webjlcs\JLCS\Runtime\Cache\Home\18ed692e241ae46ad08194b00ff164c2.php 第 526 行.
INFO: Run Behavior\ParseTemplateBehavior [ RunTime:0.080004s ]
INFO: [ view_parse ] --END-- [ RunTime:0.080004s ]
INFO: [ view_filter ] --START--
INFO: Run Behavior\WriteHtmlCacheBehavior [ RunTime:0.000000s ]
INFO: [ view_filter ] --END-- [ RunTime:0.000000s ]
INFO: [ app_end ] --START--
INFO: Run Behavior\ShowPageTraceBehavior [ RunTime:0.001000s ]
INFO: [ app_end ] --END-- [ RunTime:0.002000s ]

[ 2018-08-02T16:37:29+08:00 ] ::1 /webjlcs/index.php
INFO: [ app_init ] --START--
INFO: Run Behavior\BuildLiteBehavior [ RunTime:0.000000s ]
INFO: [ app_init ] --END-- [ RunTime:0.001001s ]
INFO: [ app_begin ] --START--
INFO: Run Behavior\ReadHtmlCacheBehavior [ RunTime:0.001000s ]
INFO: [ app_begin ] --END-- [ RunTime:0.001000s ]
INFO: [ view_parse ] --START--
INFO: [ template_filter ] --START--
INFO: Run Behavior\ContentReplaceBehavior [ RunTime:0.000000s ]
INFO: [ template_filter ] --END-- [ RunTime:0.000000s ]
INFO: Run Behavior\ParseTemplateBehavior [ RunTime:0.011000s ]
INFO: [ view_parse ] --END-- [ RunTime:0.011000s ]
INFO: [ view_filter ] --START--
INFO: Run Behavior\WriteHtmlCacheBehavior [ RunTime:0.001000s ]
INFO: [ view_filter ] --END-- [ RunTime:0.001000s ]
INFO: [ app_end ] --START--
INFO: Run Behavior\ShowPageTraceBehavior [ RunTime:0.001000s ]
INFO: [ app_end ] --END-- [ RunTime:0.001000s ]

