[ 2018-09-13T16:40:42+08:00 ] ::1 /webjlcs/
INFO: [ app_init ] --START--
INFO: Run Behavior\BuildLiteBehavior [ RunTime:0.000000s ]
INFO: [ app_init ] --END-- [ RunTime:0.041002s ]
INFO: [ app_begin ] --START--
INFO: Run Behavior\ReadHtmlCacheBehavior [ RunTime:0.002001s ]
INFO: [ app_begin ] --END-- [ RunTime:0.003001s ]
INFO: [ view_parse ] --START--
INFO: [ template_filter ] --START--
INFO: Run Behavior\ContentReplaceBehavior [ RunTime:0.001001s ]
INFO: [ template_filter ] --END-- [ RunTime:0.001001s ]
INFO: Run Behavior\ParseTemplateBehavior [ RunTime:0.062004s ]
INFO: [ view_parse ] --END-- [ RunTime:0.062004s ]
INFO: [ view_filter ] --START--
INFO: Run Behavior\WriteHtmlCacheBehavior [ RunTime:0.001000s ]
INFO: [ view_filter ] --END-- [ RunTime:0.001000s ]
INFO: [ app_end ] --START--
INFO: Run Behavior\ShowPageTraceBehavior [ RunTime:0.003000s ]
INFO: [ app_end ] --END-- [ RunTime:0.003000s ]

[ 2018-09-13T16:41:05+08:00 ] ::1 /webjlcs/index.php/Home/Index/jlcs.html
INFO: [ app_init ] --START--
INFO: Run Behavior\BuildLiteBehavior [ RunTime:0.000000s ]
INFO: [ app_init ] --END-- [ RunTime:0.000000s ]
INFO: [ app_begin ] --START--
INFO: Run Behavior\ReadHtmlCacheBehavior [ RunTime:0.003000s ]
INFO: [ app_begin ] --END-- [ RunTime:0.003000s ]
NOTIC: [2] Missing argument 1 for Think\Controller::show(), called in D:\phpStudy\WWW\webjlcs\JLCS\Home\Controller\IndexController.class.php on line 63 and defined D:\phpStudy\WWW\webjlcs\ThinkPHP\Library\Think\Controller.class.php 第 68 行.
NOTIC: [8] Undefined variable: content D:\phpStudy\WWW\webjlcs\ThinkPHP\Library\Think\Controller.class.php 第 69 行.
INFO: [ view_parse ] --START--
INFO: [ template_filter ] --START--
INFO: Run Behavior\ContentReplaceBehavior [ RunTime:0.000000s ]
INFO: [ template_filter ] --END-- [ RunTime:0.000000s ]
NOTIC: [8] Undefined index: name D:\phpStudy\WWW\webjlcs\JLCS\Runtime\Cache\Home\062cab7d9290c2f44e9ae89f45a38e94.php 第 47 行.
INFO: Run Behavior\ParseTemplateBehavior [ RunTime:0.023002s ]
INFO: [ view_parse ] --END-- [ RunTime:0.023002s ]
INFO: [ view_filter ] --START--
INFO: Run Behavior\WriteHtmlCacheBehavior [ RunTime:0.001000s ]
INFO: [ view_filter ] --END-- [ RunTime:0.001000s ]
INFO: [ app_end ] --START--
INFO: Run Behavior\ShowPageTraceBehavior [ RunTime:0.002000s ]
INFO: [ app_end ] --END-- [ RunTime:0.002000s ]

[ 2018-09-13T16:41:09+08:00 ] ::1 /webjlcs/index.php/Home/Index/jlcs_wft
INFO: [ app_init ] --START--
INFO: Run Behavior\BuildLiteBehavior [ RunTime:0.000000s ]
INFO: [ app_init ] --END-- [ RunTime:0.001000s ]
INFO: [ app_begin ] --START--
INFO: Run Behavior\ReadHtmlCacheBehavior [ RunTime:0.002001s ]
INFO: [ app_begin ] --END-- [ RunTime:0.002001s ]
INFO: [ view_parse ] --START--
INFO: [ template_filter ] --START--
INFO: Run Behavior\ContentReplaceBehavior [ RunTime:0.001000s ]
INFO: [ template_filter ] --END-- [ RunTime:0.001000s ]
NOTIC: [8] Use of undefined constant c - assumed 'c' D:\phpStudy\WWW\webjlcs\JLCS\Runtime\Cache\Home\5cb929016d38edd85eb81463fba35eee.php 第 49 行.
NOTIC: [8] Use of undefined constant d - assumed 'd' D:\phpStudy\WWW\webjlcs\JLCS\Runtime\Cache\Home\5cb929016d38edd85eb81463fba35eee.php 第 50 行.
NOTIC: [8] Use of undefined constant a - assumed 'a' D:\phpStudy\WWW\webjlcs\JLCS\Runtime\Cache\Home\5cb929016d38edd85eb81463fba35eee.php 第 51 行.
NOTIC: [8] Use of undefined constant b - assumed 'b' D:\phpStudy\WWW\webjlcs\JLCS\Runtime\Cache\Home\5cb929016d38edd85eb81463fba35eee.php 第 52 行.
INFO: Run Behavior\ParseTemplateBehavior [ RunTime:0.044002s ]
INFO: [ view_parse ] --END-- [ RunTime:0.045002s ]
INFO: [ view_filter ] --START--
INFO: Run Behavior\WriteHtmlCacheBehavior [ RunTime:0.002000s ]
INFO: [ view_filter ] --END-- [ RunTime:0.002000s ]
INFO: [ app_end ] --START--
INFO: Run Behavior\ShowPageTraceBehavior [ RunTime:0.002001s ]
INFO: [ app_end ] --END-- [ RunTime:0.002001s ]

[ 2018-09-13T16:41:12+08:00 ] ::1 /webjlcs/index.php/Home/Product/index/cat_id/2/img/c.html
INFO: [ app_init ] --START--
INFO: Run Behavior\BuildLiteBehavior [ RunTime:0.000000s ]
INFO: [ app_init ] --END-- [ RunTime:0.006001s ]
INFO: [ app_begin ] --START--
INFO: Run Behavior\ReadHtmlCacheBehavior [ RunTime:0.001000s ]
INFO: [ app_begin ] --END-- [ RunTime:0.001000s ]
NOTIC: [8] Undefined variable: biaoshi D:\phpStudy\WWW\webjlcs\JLCS\Home\Controller\ProductController.class.php 第 76 行.
NOTIC: [8] Undefined variable: data D:\phpStudy\WWW\webjlcs\JLCS\Home\Controller\ProductController.class.php 第 80 行.
NOTIC: [8] Undefined variable: owns D:\phpStudy\WWW\webjlcs\JLCS\Home\Controller\ProductController.class.php 第 81 行.
INFO: [ view_parse ] --START--
INFO: [ template_filter ] --START--
INFO: Run Behavior\ContentReplaceBehavior [ RunTime:0.002000s ]
INFO: [ template_filter ] --END-- [ RunTime:0.003000s ]
NOTIC: [8] Undefined index: name D:\phpStudy\WWW\webjlcs\JLCS\Runtime\Cache\Home\ea0431c51db31da3c7e38dd28575eae0.php 第 70 行.
INFO: Run Behavior\ParseTemplateBehavior [ RunTime:0.182011s ]
INFO: [ view_parse ] --END-- [ RunTime:0.182011s ]
INFO: [ view_filter ] --START--
INFO: Run Behavior\WriteHtmlCacheBehavior [ RunTime:0.002000s ]
INFO: [ view_filter ] --END-- [ RunTime:0.002000s ]
INFO: [ app_end ] --START--
INFO: Run Behavior\ShowPageTraceBehavior [ RunTime:0.002000s ]
INFO: [ app_end ] --END-- [ RunTime:0.002000s ]

[ 2018-09-13T16:41:14+08:00 ] ::1 /webjlcs/index.php/Home/Product/ajax_show
INFO: [ app_init ] --START--
INFO: Run Behavior\BuildLiteBehavior [ RunTime:0.000000s ]
INFO: [ app_init ] --END-- [ RunTime:0.034002s ]
INFO: [ app_begin ] --START--
INFO: Run Behavior\ReadHtmlCacheBehavior [ RunTime:0.001000s ]
INFO: [ app_begin ] --END-- [ RunTime:0.002000s ]
SQL: SHOW COLUMNS FROM `goods` [ RunTime:0.3420s ]
SQL: SHOW COLUMNS FROM `products` [ RunTime:0.0960s ]
SQL: SELECT * FROM `goods` WHERE `owns` = 'a' AND `cat_id` = 2 ORDER BY goods_name ASC  [ RunTime:0.0160s ]
SQL: SELECT * FROM `products` WHERE `goods_id` = '728'  [ RunTime:0.0480s ]
SQL: SELECT * FROM `products` WHERE `goods_id` = '730'  [ RunTime:0.0010s ]
SQL: SELECT * FROM `products` WHERE `goods_id` = '732'  [ RunTime:0.0010s ]
SQL: SELECT * FROM `products` WHERE `goods_id` = '734'  [ RunTime:0.0680s ]
SQL: SELECT * FROM `products` WHERE `goods_id` = '736'  [ RunTime:0.0010s ]
SQL: SELECT * FROM `products` WHERE `goods_id` = '738'  [ RunTime:0.0410s ]
SQL: SELECT * FROM `products` WHERE `goods_id` = '2982'  [ RunTime:0.2340s ]
INFO: [ view_parse ] --START--
INFO: [ template_filter ] --START--
INFO: Run Behavior\ContentReplaceBehavior [ RunTime:0.001000s ]
INFO: [ template_filter ] --END-- [ RunTime:0.001000s ]
INFO: Run Behavior\ParseTemplateBehavior [ RunTime:0.088005s ]
INFO: [ view_parse ] --END-- [ RunTime:0.088005s ]
INFO: [ view_filter ] --START--
INFO: Run Behavior\WriteHtmlCacheBehavior [ RunTime:0.002000s ]
INFO: [ view_filter ] --END-- [ RunTime:0.002000s ]
INFO: [ app_end ] --START--
INFO: Run Behavior\ShowPageTraceBehavior [ RunTime:0.001000s ]
INFO: [ app_end ] --END-- [ RunTime:0.001000s ]

[ 2018-09-13T16:41:18+08:00 ] ::1 /webjlcs/index.php/Home/Product/details?id=6225
INFO: [ app_init ] --START--
INFO: Run Behavior\BuildLiteBehavior [ RunTime:0.000000s ]
INFO: [ app_init ] --END-- [ RunTime:0.002000s ]
INFO: [ app_begin ] --START--
INFO: Run Behavior\ReadHtmlCacheBehavior [ RunTime:0.005000s ]
INFO: [ app_begin ] --END-- [ RunTime:0.005000s ]
SQL: SHOW COLUMNS FROM `products` [ RunTime:0.0360s ]
SQL: SHOW COLUMNS FROM `goods` [ RunTime:0.0150s ]
SQL: SELECT * FROM `products` WHERE `id` = 6225 LIMIT 1   [ RunTime:0.0260s ]
SQL: SELECT * FROM `goods` WHERE `goods_id` = 728 LIMIT 1   [ RunTime:0.0010s ]
NOTIC: [8] Undefined variable: image D:\phpStudy\WWW\webjlcs\JLCS\Home\Controller\ProductController.class.php 第 119 行.
NOTIC: [8] Undefined variable: biaoshi D:\phpStudy\WWW\webjlcs\JLCS\Home\Controller\ProductController.class.php 第 120 行.
INFO: [ view_parse ] --START--
INFO: [ template_filter ] --START--
INFO: Run Behavior\ContentReplaceBehavior [ RunTime:0.000000s ]
INFO: [ template_filter ] --END-- [ RunTime:0.001000s ]
NOTIC: [8] Undefined index: name D:\phpStudy\WWW\webjlcs\JLCS\Runtime\Cache\Home\18ed692e241ae46ad08194b00ff164c2.php 第 64 行.
NOTIC: [8] Use of undefined constant nowurl - assumed 'nowurl' D:\phpStudy\WWW\webjlcs\JLCS\Runtime\Cache\Home\18ed692e241ae46ad08194b00ff164c2.php 第 527 行.
INFO: Run Behavior\ParseTemplateBehavior [ RunTime:0.038002s ]
INFO: [ view_parse ] --END-- [ RunTime:0.038002s ]
INFO: [ view_filter ] --START--
INFO: Run Behavior\WriteHtmlCacheBehavior [ RunTime:0.001000s ]
INFO: [ view_filter ] --END-- [ RunTime:0.001000s ]
INFO: [ app_end ] --START--
INFO: Run Behavior\ShowPageTraceBehavior [ RunTime:0.002000s ]
INFO: [ app_end ] --END-- [ RunTime:0.002000s ]

[ 2018-09-13T16:41:20+08:00 ] ::1 /webjlcs/index.php/Home/Order/ajax_order
INFO: [ app_init ] --START--
INFO: Run Behavior\BuildLiteBehavior [ RunTime:0.000000s ]
INFO: [ app_init ] --END-- [ RunTime:0.001000s ]
INFO: [ app_begin ] --START--
INFO: Run Behavior\ReadHtmlCacheBehavior [ RunTime:0.002000s ]
INFO: [ app_begin ] --END-- [ RunTime:0.002000s ]
NOTIC: [8] Undefined index: name D:\phpStudy\WWW\webjlcs\JLCS\Home\Controller\OrderController.class.php 第 69 行.

[ 2018-09-13T16:41:22+08:00 ] ::1 /webjlcs/index.php/Home/User/login?url=/webjlcs/index.php/Home/Product/details?id=6225
INFO: [ app_init ] --START--
INFO: Run Behavior\BuildLiteBehavior [ RunTime:0.000000s ]
INFO: [ app_init ] --END-- [ RunTime:0.001000s ]
INFO: [ app_begin ] --START--
INFO: Run Behavior\ReadHtmlCacheBehavior [ RunTime:0.018001s ]
INFO: [ app_begin ] --END-- [ RunTime:0.019001s ]
NOTIC: [2] Missing argument 1 for Think\Controller::show(), called in D:\phpStudy\WWW\webjlcs\JLCS\Home\Controller\UserController.class.php on line 14 and defined D:\phpStudy\WWW\webjlcs\ThinkPHP\Library\Think\Controller.class.php 第 68 行.
NOTIC: [8] Undefined variable: content D:\phpStudy\WWW\webjlcs\ThinkPHP\Library\Think\Controller.class.php 第 69 行.
INFO: [ view_parse ] --START--
INFO: [ template_filter ] --START--
INFO: Run Behavior\ContentReplaceBehavior [ RunTime:0.000000s ]
INFO: [ template_filter ] --END-- [ RunTime:0.000000s ]
NOTIC: [8] Undefined variable: zhuan D:\phpStudy\WWW\webjlcs\JLCS\Runtime\Cache\Home\86970505b0993c7994b3d9683eb2674e.php 第 38 行.
NOTIC: [8] Undefined variable: sign D:\phpStudy\WWW\webjlcs\JLCS\Runtime\Cache\Home\86970505b0993c7994b3d9683eb2674e.php 第 39 行.
INFO: Run Behavior\ParseTemplateBehavior [ RunTime:0.043002s ]
INFO: [ view_parse ] --END-- [ RunTime:0.044002s ]
INFO: [ view_filter ] --START--
INFO: Run Behavior\WriteHtmlCacheBehavior [ RunTime:0.001000s ]
INFO: [ view_filter ] --END-- [ RunTime:0.001000s ]
INFO: [ app_end ] --START--
INFO: Run Behavior\ShowPageTraceBehavior [ RunTime:0.001000s ]
INFO: [ app_end ] --END-- [ RunTime:0.002000s ]

[ 2018-09-13T16:41:24+08:00 ] ::1 /webjlcs/index.php/Home/User/dologin
INFO: [ app_init ] --START--
INFO: Run Behavior\BuildLiteBehavior [ RunTime:0.000000s ]
INFO: [ app_init ] --END-- [ RunTime:0.005000s ]
INFO: [ app_begin ] --START--
INFO: Run Behavior\ReadHtmlCacheBehavior [ RunTime:0.002000s ]
INFO: [ app_begin ] --END-- [ RunTime:0.003000s ]
SQL: SHOW COLUMNS FROM `users` [ RunTime:0.1800s ]
SQL: SELECT * FROM `users` WHERE `name` = 'admintong' LIMIT 1   [ RunTime:0.0010s ]

[ 2018-09-13T16:41:24+08:00 ] ::1 /webjlcs/index.php/Home/Product/details?id=6225
INFO: [ app_init ] --START--
INFO: Run Behavior\BuildLiteBehavior [ RunTime:0.000000s ]
INFO: [ app_init ] --END-- [ RunTime:0.001000s ]
INFO: [ app_begin ] --START--
INFO: Run Behavior\ReadHtmlCacheBehavior [ RunTime:0.001000s ]
INFO: [ app_begin ] --END-- [ RunTime:0.002000s ]
SQL: SHOW COLUMNS FROM `products` [ RunTime:0.0120s ]
SQL: SHOW COLUMNS FROM `goods` [ RunTime:0.0130s ]
SQL: SELECT * FROM `products` WHERE `id` = 6225 LIMIT 1   [ RunTime:0.0010s ]
SQL: SELECT * FROM `goods` WHERE `goods_id` = 728 LIMIT 1   [ RunTime:0.0070s ]
NOTIC: [8] Undefined variable: image D:\phpStudy\WWW\webjlcs\JLCS\Home\Controller\ProductController.class.php 第 119 行.
NOTIC: [8] Undefined variable: biaoshi D:\phpStudy\WWW\webjlcs\JLCS\Home\Controller\ProductController.class.php 第 120 行.
INFO: [ view_parse ] --START--
INFO: [ template_filter ] --START--
INFO: Run Behavior\ContentReplaceBehavior [ RunTime:0.000000s ]
INFO: [ template_filter ] --END-- [ RunTime:0.001000s ]
NOTIC: [8] Use of undefined constant nowurl - assumed 'nowurl' D:\phpStudy\WWW\webjlcs\JLCS\Runtime\Cache\Home\18ed692e241ae46ad08194b00ff164c2.php 第 527 行.
INFO: Run Behavior\ParseTemplateBehavior [ RunTime:0.055003s ]
INFO: [ view_parse ] --END-- [ RunTime:0.055003s ]
INFO: [ view_filter ] --START--
INFO: Run Behavior\WriteHtmlCacheBehavior [ RunTime:0.001000s ]
INFO: [ view_filter ] --END-- [ RunTime:0.002001s ]
INFO: [ app_end ] --START--
INFO: Run Behavior\ShowPageTraceBehavior [ RunTime:0.009000s ]
INFO: [ app_end ] --END-- [ RunTime:0.009000s ]

[ 2018-09-13T16:41:26+08:00 ] ::1 /webjlcs/index.php/Home/Order/ajax_order
INFO: [ app_init ] --START--
INFO: Run Behavior\BuildLiteBehavior [ RunTime:0.000000s ]
INFO: [ app_init ] --END-- [ RunTime:0.001000s ]
INFO: [ app_begin ] --START--
INFO: Run Behavior\ReadHtmlCacheBehavior [ RunTime:0.002000s ]
INFO: [ app_begin ] --END-- [ RunTime:0.002000s ]
INFO: [ app_end ] --START--
INFO: Run Behavior\ShowPageTraceBehavior [ RunTime:0.002000s ]
INFO: [ app_end ] --END-- [ RunTime:0.003000s ]

[ 2018-09-13T16:41:26+08:00 ] ::1 /webjlcs/index.php/Home/Order/index?id=6225
INFO: [ app_init ] --START--
INFO: Run Behavior\BuildLiteBehavior [ RunTime:0.000000s ]
INFO: [ app_init ] --END-- [ RunTime:0.001001s ]
INFO: [ app_begin ] --START--
INFO: Run Behavior\ReadHtmlCacheBehavior [ RunTime:0.002000s ]
INFO: [ app_begin ] --END-- [ RunTime:0.002000s ]
SQL: SHOW COLUMNS FROM `products` [ RunTime:0.0110s ]
SQL: SHOW COLUMNS FROM `user_infos` [ RunTime:0.0140s ]
SQL: SHOW COLUMNS FROM `goods` [ RunTime:0.0090s ]
SQL: SHOW COLUMNS FROM `users` [ RunTime:0.0100s ]
SQL: SELECT * FROM `users` WHERE `name` = 'admintong' LIMIT 1   [ RunTime:0.0010s ]
SQL: SELECT * FROM `user_infos` WHERE `user_id` = 1  [ RunTime:0.0010s ]
SQL: SELECT * FROM `products` WHERE `id` = 6225 LIMIT 1   [ RunTime:0.0010s ]
SQL: SELECT * FROM `goods` WHERE `goods_id` = 728 LIMIT 1   [ RunTime:0.0010s ]
SQL: SELECT * FROM `goods` WHERE `goods_id` = 728 LIMIT 1   [ RunTime:0.0010s ]
NOTIC: [8] Undefined variable: biaoshi D:\phpStudy\WWW\webjlcs\JLCS\Home\Controller\OrderController.class.php 第 44 行.
NOTIC: [2] Missing argument 1 for Think\Controller::show(), called in D:\phpStudy\WWW\webjlcs\JLCS\Home\Controller\OrderController.class.php on line 45 and defined D:\phpStudy\WWW\webjlcs\ThinkPHP\Library\Think\Controller.class.php 第 68 行.
NOTIC: [8] Undefined variable: content D:\phpStudy\WWW\webjlcs\ThinkPHP\Library\Think\Controller.class.php 第 69 行.
INFO: [ view_parse ] --START--
INFO: [ template_filter ] --START--
INFO: Run Behavior\ContentReplaceBehavior [ RunTime:0.000000s ]
INFO: [ template_filter ] --END-- [ RunTime:0.001000s ]
NOTIC: [8] Undefined variable: sign D:\phpStudy\WWW\webjlcs\JLCS\Runtime\Cache\Home\65a998279edf4dd27955e907386055e1.php 第 248 行.
NOTIC: [8] Undefined index: sign D:\phpStudy\WWW\webjlcs\JLCS\Runtime\Cache\Home\65a998279edf4dd27955e907386055e1.php 第 301 行.
NOTIC: [8] Undefined index: sign D:\phpStudy\WWW\webjlcs\JLCS\Runtime\Cache\Home\65a998279edf4dd27955e907386055e1.php 第 322 行.
NOTIC: [8] Undefined variable: cartid D:\phpStudy\WWW\webjlcs\JLCS\Runtime\Cache\Home\65a998279edf4dd27955e907386055e1.php 第 354 行.
INFO: Run Behavior\ParseTemplateBehavior [ RunTime:0.038002s ]
INFO: [ view_parse ] --END-- [ RunTime:0.038002s ]
INFO: [ view_filter ] --START--
INFO: Run Behavior\WriteHtmlCacheBehavior [ RunTime:0.001000s ]
INFO: [ view_filter ] --END-- [ RunTime:0.001000s ]
INFO: [ app_end ] --START--
INFO: Run Behavior\ShowPageTraceBehavior [ RunTime:0.002000s ]
INFO: [ app_end ] --END-- [ RunTime:0.002000s ]

[ 2018-09-13T16:42:57+08:00 ] ::1 /webjlcs/index.php/Home/Order/index?id=6225
INFO: [ app_init ] --START--
INFO: Run Behavior\BuildLiteBehavior [ RunTime:0.000000s ]
INFO: [ app_init ] --END-- [ RunTime:0.006000s ]
INFO: [ app_begin ] --START--
INFO: Run Behavior\ReadHtmlCacheBehavior [ RunTime:0.003000s ]
INFO: [ app_begin ] --END-- [ RunTime:0.003000s ]
SQL: SHOW COLUMNS FROM `products` [ RunTime:0.0090s ]
SQL: SHOW COLUMNS FROM `user_infos` [ RunTime:0.0090s ]
SQL: SHOW COLUMNS FROM `goods` [ RunTime:0.0100s ]
SQL: SHOW COLUMNS FROM `users` [ RunTime:0.0100s ]
SQL: SELECT * FROM `users` WHERE `name` = 'admintong' LIMIT 1   [ RunTime:0.0000s ]
SQL: SELECT * FROM `user_infos` WHERE `user_id` = 1  [ RunTime:0.0010s ]
SQL: SELECT * FROM `products` WHERE `id` = 6225 LIMIT 1   [ RunTime:0.0010s ]
SQL: SELECT * FROM `goods` WHERE `goods_id` = 728 LIMIT 1   [ RunTime:0.0010s ]
SQL: SELECT * FROM `goods` WHERE `goods_id` = 728 LIMIT 1   [ RunTime:0.0010s ]
NOTIC: [8] Undefined variable: biaoshi D:\phpStudy\WWW\webjlcs\JLCS\Home\Controller\OrderController.class.php 第 44 行.
NOTIC: [2] Missing argument 1 for Think\Controller::show(), called in D:\phpStudy\WWW\webjlcs\JLCS\Home\Controller\OrderController.class.php on line 45 and defined D:\phpStudy\WWW\webjlcs\ThinkPHP\Library\Think\Controller.class.php 第 68 行.
NOTIC: [8] Undefined variable: content D:\phpStudy\WWW\webjlcs\ThinkPHP\Library\Think\Controller.class.php 第 69 行.
INFO: [ view_parse ] --START--
INFO: [ template_filter ] --START--
INFO: Run Behavior\ContentReplaceBehavior [ RunTime:0.001000s ]
INFO: [ template_filter ] --END-- [ RunTime:0.001000s ]
NOTIC: [8] Undefined variable: sign D:\phpStudy\WWW\webjlcs\JLCS\Runtime\Cache\Home\65a998279edf4dd27955e907386055e1.php 第 248 行.
NOTIC: [8] Undefined index: sign D:\phpStudy\WWW\webjlcs\JLCS\Runtime\Cache\Home\65a998279edf4dd27955e907386055e1.php 第 301 行.
NOTIC: [8] Undefined index: sign D:\phpStudy\WWW\webjlcs\JLCS\Runtime\Cache\Home\65a998279edf4dd27955e907386055e1.php 第 322 行.
NOTIC: [8] Undefined variable: cartid D:\phpStudy\WWW\webjlcs\JLCS\Runtime\Cache\Home\65a998279edf4dd27955e907386055e1.php 第 354 行.
INFO: Run Behavior\ParseTemplateBehavior [ RunTime:0.044002s ]
INFO: [ view_parse ] --END-- [ RunTime:0.044002s ]
INFO: [ view_filter ] --START--
INFO: Run Behavior\WriteHtmlCacheBehavior [ RunTime:0.003000s ]
INFO: [ view_filter ] --END-- [ RunTime:0.003000s ]
INFO: [ app_end ] --START--
INFO: Run Behavior\ShowPageTraceBehavior [ RunTime:0.002000s ]
INFO: [ app_end ] --END-- [ RunTime:0.002000s ]

[ 2018-09-13T16:43:19+08:00 ] ::1 /webjlcs/index.php/Home/Order/index?id=6225
INFO: [ app_init ] --START--
INFO: Run Behavior\BuildLiteBehavior [ RunTime:0.000000s ]
INFO: [ app_init ] --END-- [ RunTime:0.001000s ]
INFO: [ app_begin ] --START--
INFO: Run Behavior\ReadHtmlCacheBehavior [ RunTime:0.001000s ]
INFO: [ app_begin ] --END-- [ RunTime:0.001000s ]
SQL: SHOW COLUMNS FROM `products` [ RunTime:0.0090s ]
SQL: SHOW COLUMNS FROM `user_infos` [ RunTime:0.0090s ]
SQL: SHOW COLUMNS FROM `goods` [ RunTime:0.0080s ]
SQL: SHOW COLUMNS FROM `users` [ RunTime:0.0090s ]
SQL: SELECT * FROM `users` WHERE `name` = 'admintong' LIMIT 1   [ RunTime:0.0010s ]
SQL: SELECT * FROM `user_infos` WHERE `user_id` = 1  [ RunTime:0.0000s ]
SQL: SELECT * FROM `products` WHERE `id` = 6225 LIMIT 1   [ RunTime:0.0000s ]
SQL: SELECT * FROM `goods` WHERE `goods_id` = 728 LIMIT 1   [ RunTime:0.0000s ]
SQL: SELECT * FROM `goods` WHERE `goods_id` = 728 LIMIT 1   [ RunTime:0.0010s ]
NOTIC: [8] Undefined variable: biaoshi D:\phpStudy\WWW\webjlcs\JLCS\Home\Controller\OrderController.class.php 第 44 行.
NOTIC: [2] Missing argument 1 for Think\Controller::show(), called in D:\phpStudy\WWW\webjlcs\JLCS\Home\Controller\OrderController.class.php on line 45 and defined D:\phpStudy\WWW\webjlcs\ThinkPHP\Library\Think\Controller.class.php 第 68 行.
NOTIC: [8] Undefined variable: content D:\phpStudy\WWW\webjlcs\ThinkPHP\Library\Think\Controller.class.php 第 69 行.
INFO: [ view_parse ] --START--
INFO: [ template_filter ] --START--
INFO: Run Behavior\ContentReplaceBehavior [ RunTime:0.001000s ]
INFO: [ template_filter ] --END-- [ RunTime:0.001000s ]
NOTIC: [8] Undefined variable: sign D:\phpStudy\WWW\webjlcs\JLCS\Runtime\Cache\Home\65a998279edf4dd27955e907386055e1.php 第 248 行.
NOTIC: [8] Undefined index: sign D:\phpStudy\WWW\webjlcs\JLCS\Runtime\Cache\Home\65a998279edf4dd27955e907386055e1.php 第 301 行.
NOTIC: [8] Undefined index: sign D:\phpStudy\WWW\webjlcs\JLCS\Runtime\Cache\Home\65a998279edf4dd27955e907386055e1.php 第 322 行.
NOTIC: [8] Undefined variable: cartid D:\phpStudy\WWW\webjlcs\JLCS\Runtime\Cache\Home\65a998279edf4dd27955e907386055e1.php 第 354 行.
INFO: Run Behavior\ParseTemplateBehavior [ RunTime:0.036002s ]
INFO: [ view_parse ] --END-- [ RunTime:0.036002s ]
INFO: [ view_filter ] --START--
INFO: Run Behavior\WriteHtmlCacheBehavior [ RunTime:0.001000s ]
INFO: [ view_filter ] --END-- [ RunTime:0.001000s ]
INFO: [ app_end ] --START--
INFO: Run Behavior\ShowPageTraceBehavior [ RunTime:0.001000s ]
INFO: [ app_end ] --END-- [ RunTime:0.002000s ]

[ 2018-09-13T16:43:21+08:00 ] ::1 /webjlcs/index.php/Home/Order/index?id=6225
INFO: [ app_init ] --START--
INFO: Run Behavior\BuildLiteBehavior [ RunTime:0.000000s ]
INFO: [ app_init ] --END-- [ RunTime:0.001000s ]
INFO: [ app_begin ] --START--
INFO: Run Behavior\ReadHtmlCacheBehavior [ RunTime:0.002000s ]
INFO: [ app_begin ] --END-- [ RunTime:0.002000s ]
SQL: SHOW COLUMNS FROM `products` [ RunTime:0.0080s ]
SQL: SHOW COLUMNS FROM `user_infos` [ RunTime:0.0090s ]
SQL: SHOW COLUMNS FROM `goods` [ RunTime:0.0150s ]
SQL: SHOW COLUMNS FROM `users` [ RunTime:0.0090s ]
SQL: SELECT * FROM `users` WHERE `name` = 'admintong' LIMIT 1   [ RunTime:0.0010s ]
SQL: SELECT * FROM `user_infos` WHERE `user_id` = 1  [ RunTime:0.0000s ]
SQL: SELECT * FROM `products` WHERE `id` = 6225 LIMIT 1   [ RunTime:0.0010s ]
SQL: SELECT * FROM `goods` WHERE `goods_id` = 728 LIMIT 1   [ RunTime:0.0010s ]
SQL: SELECT * FROM `goods` WHERE `goods_id` = 728 LIMIT 1   [ RunTime:0.0010s ]
NOTIC: [8] Undefined variable: biaoshi D:\phpStudy\WWW\webjlcs\JLCS\Home\Controller\OrderController.class.php 第 44 行.
NOTIC: [2] Missing argument 1 for Think\Controller::show(), called in D:\phpStudy\WWW\webjlcs\JLCS\Home\Controller\OrderController.class.php on line 45 and defined D:\phpStudy\WWW\webjlcs\ThinkPHP\Library\Think\Controller.class.php 第 68 行.
NOTIC: [8] Undefined variable: content D:\phpStudy\WWW\webjlcs\ThinkPHP\Library\Think\Controller.class.php 第 69 行.
INFO: [ view_parse ] --START--
INFO: [ template_filter ] --START--
INFO: Run Behavior\ContentReplaceBehavior [ RunTime:0.000000s ]
INFO: [ template_filter ] --END-- [ RunTime:0.000000s ]
NOTIC: [8] Undefined variable: sign D:\phpStudy\WWW\webjlcs\JLCS\Runtime\Cache\Home\65a998279edf4dd27955e907386055e1.php 第 248 行.
NOTIC: [8] Undefined index: sign D:\phpStudy\WWW\webjlcs\JLCS\Runtime\Cache\Home\65a998279edf4dd27955e907386055e1.php 第 301 行.
NOTIC: [8] Undefined index: sign D:\phpStudy\WWW\webjlcs\JLCS\Runtime\Cache\Home\65a998279edf4dd27955e907386055e1.php 第 322 行.
NOTIC: [8] Undefined variable: cartid D:\phpStudy\WWW\webjlcs\JLCS\Runtime\Cache\Home\65a998279edf4dd27955e907386055e1.php 第 354 行.
INFO: Run Behavior\ParseTemplateBehavior [ RunTime:0.039002s ]
INFO: [ view_parse ] --END-- [ RunTime:0.039002s ]
INFO: [ view_filter ] --START--
INFO: Run Behavior\WriteHtmlCacheBehavior [ RunTime:0.001001s ]
INFO: [ view_filter ] --END-- [ RunTime:0.001001s ]
INFO: [ app_end ] --START--
INFO: Run Behavior\ShowPageTraceBehavior [ RunTime:0.009000s ]
INFO: [ app_end ] --END-- [ RunTime:0.009000s ]

[ 2018-09-13T16:43:22+08:00 ] ::1 /webjlcs/index.php/Home/Order/index?id=6225
INFO: [ app_init ] --START--
INFO: Run Behavior\BuildLiteBehavior [ RunTime:0.000000s ]
INFO: [ app_init ] --END-- [ RunTime:0.000000s ]
INFO: [ app_begin ] --START--
INFO: Run Behavior\ReadHtmlCacheBehavior [ RunTime:0.001000s ]
INFO: [ app_begin ] --END-- [ RunTime:0.001000s ]
SQL: SHOW COLUMNS FROM `products` [ RunTime:0.0080s ]
SQL: SHOW COLUMNS FROM `user_infos` [ RunTime:0.0080s ]
SQL: SHOW COLUMNS FROM `goods` [ RunTime:0.0080s ]
SQL: SHOW COLUMNS FROM `users` [ RunTime:0.0070s ]
SQL: SELECT * FROM `users` WHERE `name` = 'admintong' LIMIT 1   [ RunTime:0.0010s ]
SQL: SELECT * FROM `user_infos` WHERE `user_id` = 1  [ RunTime:0.0000s ]
SQL: SELECT * FROM `products` WHERE `id` = 6225 LIMIT 1   [ RunTime:0.0000s ]
SQL: SELECT * FROM `goods` WHERE `goods_id` = 728 LIMIT 1   [ RunTime:0.0000s ]
SQL: SELECT * FROM `goods` WHERE `goods_id` = 728 LIMIT 1   [ RunTime:0.0010s ]
NOTIC: [8] Undefined variable: biaoshi D:\phpStudy\WWW\webjlcs\JLCS\Home\Controller\OrderController.class.php 第 44 行.
NOTIC: [2] Missing argument 1 for Think\Controller::show(), called in D:\phpStudy\WWW\webjlcs\JLCS\Home\Controller\OrderController.class.php on line 45 and defined D:\phpStudy\WWW\webjlcs\ThinkPHP\Library\Think\Controller.class.php 第 68 行.
NOTIC: [8] Undefined variable: content D:\phpStudy\WWW\webjlcs\ThinkPHP\Library\Think\Controller.class.php 第 69 行.
INFO: [ view_parse ] --START--
INFO: [ template_filter ] --START--
INFO: Run Behavior\ContentReplaceBehavior [ RunTime:0.000000s ]
INFO: [ template_filter ] --END-- [ RunTime:0.000000s ]
NOTIC: [8] Undefined variable: sign D:\phpStudy\WWW\webjlcs\JLCS\Runtime\Cache\Home\65a998279edf4dd27955e907386055e1.php 第 248 行.
NOTIC: [8] Undefined index: sign D:\phpStudy\WWW\webjlcs\JLCS\Runtime\Cache\Home\65a998279edf4dd27955e907386055e1.php 第 301 行.
NOTIC: [8] Undefined index: sign D:\phpStudy\WWW\webjlcs\JLCS\Runtime\Cache\Home\65a998279edf4dd27955e907386055e1.php 第 322 行.
NOTIC: [8] Undefined variable: cartid D:\phpStudy\WWW\webjlcs\JLCS\Runtime\Cache\Home\65a998279edf4dd27955e907386055e1.php 第 354 行.
INFO: Run Behavior\ParseTemplateBehavior [ RunTime:0.035002s ]
INFO: [ view_parse ] --END-- [ RunTime:0.035002s ]
INFO: [ view_filter ] --START--
INFO: Run Behavior\WriteHtmlCacheBehavior [ RunTime:0.001001s ]
INFO: [ view_filter ] --END-- [ RunTime:0.001001s ]
INFO: [ app_end ] --START--
INFO: Run Behavior\ShowPageTraceBehavior [ RunTime:0.001000s ]
INFO: [ app_end ] --END-- [ RunTime:0.002000s ]

[ 2018-09-13T16:43:23+08:00 ] ::1 /webjlcs/index.php/Home/Order/index?id=6225
INFO: [ app_init ] --START--
INFO: Run Behavior\BuildLiteBehavior [ RunTime:0.000000s ]
INFO: [ app_init ] --END-- [ RunTime:0.001001s ]
INFO: [ app_begin ] --START--
INFO: Run Behavior\ReadHtmlCacheBehavior [ RunTime:0.002000s ]
INFO: [ app_begin ] --END-- [ RunTime:0.002000s ]
SQL: SHOW COLUMNS FROM `products` [ RunTime:0.0090s ]
SQL: SHOW COLUMNS FROM `user_infos` [ RunTime:0.0090s ]
SQL: SHOW COLUMNS FROM `goods` [ RunTime:0.0080s ]
SQL: SHOW COLUMNS FROM `users` [ RunTime:0.0090s ]
SQL: SELECT * FROM `users` WHERE `name` = 'admintong' LIMIT 1   [ RunTime:0.0010s ]
SQL: SELECT * FROM `user_infos` WHERE `user_id` = 1  [ RunTime:0.0010s ]
SQL: SELECT * FROM `products` WHERE `id` = 6225 LIMIT 1   [ RunTime:0.0010s ]
SQL: SELECT * FROM `goods` WHERE `goods_id` = 728 LIMIT 1   [ RunTime:0.0010s ]
SQL: SELECT * FROM `goods` WHERE `goods_id` = 728 LIMIT 1   [ RunTime:0.0010s ]
NOTIC: [8] Undefined variable: biaoshi D:\phpStudy\WWW\webjlcs\JLCS\Home\Controller\OrderController.class.php 第 44 行.
NOTIC: [2] Missing argument 1 for Think\Controller::show(), called in D:\phpStudy\WWW\webjlcs\JLCS\Home\Controller\OrderController.class.php on line 45 and defined D:\phpStudy\WWW\webjlcs\ThinkPHP\Library\Think\Controller.class.php 第 68 行.
NOTIC: [8] Undefined variable: content D:\phpStudy\WWW\webjlcs\ThinkPHP\Library\Think\Controller.class.php 第 69 行.
INFO: [ view_parse ] --START--
INFO: [ template_filter ] --START--
INFO: Run Behavior\ContentReplaceBehavior [ RunTime:0.000000s ]
INFO: [ template_filter ] --END-- [ RunTime:0.000000s ]
NOTIC: [8] Undefined variable: sign D:\phpStudy\WWW\webjlcs\JLCS\Runtime\Cache\Home\65a998279edf4dd27955e907386055e1.php 第 248 行.
NOTIC: [8] Undefined index: sign D:\phpStudy\WWW\webjlcs\JLCS\Runtime\Cache\Home\65a998279edf4dd27955e907386055e1.php 第 301 行.
NOTIC: [8] Undefined index: sign D:\phpStudy\WWW\webjlcs\JLCS\Runtime\Cache\Home\65a998279edf4dd27955e907386055e1.php 第 322 行.
NOTIC: [8] Undefined variable: cartid D:\phpStudy\WWW\webjlcs\JLCS\Runtime\Cache\Home\65a998279edf4dd27955e907386055e1.php 第 354 行.
INFO: Run Behavior\ParseTemplateBehavior [ RunTime:0.036002s ]
INFO: [ view_parse ] --END-- [ RunTime:0.036002s ]
INFO: [ view_filter ] --START--
INFO: Run Behavior\WriteHtmlCacheBehavior [ RunTime:0.001000s ]
INFO: [ view_filter ] --END-- [ RunTime:0.001000s ]
INFO: [ app_end ] --START--
INFO: Run Behavior\ShowPageTraceBehavior [ RunTime:0.002000s ]
INFO: [ app_end ] --END-- [ RunTime:0.002000s ]

[ 2018-09-13T16:43:29+08:00 ] ::1 /webjlcs/index.php/Home/Order/index?id=6225
INFO: [ app_init ] --START--
INFO: Run Behavior\BuildLiteBehavior [ RunTime:0.000000s ]
INFO: [ app_init ] --END-- [ RunTime:0.001000s ]
INFO: [ app_begin ] --START--
INFO: Run Behavior\ReadHtmlCacheBehavior [ RunTime:0.002000s ]
INFO: [ app_begin ] --END-- [ RunTime:0.002000s ]
SQL: SHOW COLUMNS FROM `products` [ RunTime:0.0100s ]
SQL: SHOW COLUMNS FROM `user_infos` [ RunTime:0.0100s ]
SQL: SHOW COLUMNS FROM `goods` [ RunTime:0.0080s ]
SQL: SHOW COLUMNS FROM `users` [ RunTime:0.0170s ]
SQL: SELECT * FROM `users` WHERE `name` = 'admintong' LIMIT 1   [ RunTime:0.0010s ]
SQL: SELECT * FROM `user_infos` WHERE `user_id` = 1  [ RunTime:0.0020s ]
SQL: SELECT * FROM `products` WHERE `id` = 6225 LIMIT 1   [ RunTime:0.0010s ]
SQL: SELECT * FROM `goods` WHERE `goods_id` = 728 LIMIT 1   [ RunTime:0.0010s ]
SQL: SELECT * FROM `goods` WHERE `goods_id` = 728 LIMIT 1   [ RunTime:0.0030s ]
NOTIC: [8] Undefined variable: biaoshi D:\phpStudy\WWW\webjlcs\JLCS\Home\Controller\OrderController.class.php 第 44 行.
NOTIC: [2] Missing argument 1 for Think\Controller::show(), called in D:\phpStudy\WWW\webjlcs\JLCS\Home\Controller\OrderController.class.php on line 45 and defined D:\phpStudy\WWW\webjlcs\ThinkPHP\Library\Think\Controller.class.php 第 68 行.
NOTIC: [8] Undefined variable: content D:\phpStudy\WWW\webjlcs\ThinkPHP\Library\Think\Controller.class.php 第 69 行.
INFO: [ view_parse ] --START--
INFO: [ template_filter ] --START--
INFO: Run Behavior\ContentReplaceBehavior [ RunTime:0.000000s ]
INFO: [ template_filter ] --END-- [ RunTime:0.000000s ]
NOTIC: [8] Undefined variable: sign D:\phpStudy\WWW\webjlcs\JLCS\Runtime\Cache\Home\65a998279edf4dd27955e907386055e1.php 第 248 行.
NOTIC: [8] Undefined index: sign D:\phpStudy\WWW\webjlcs\JLCS\Runtime\Cache\Home\65a998279edf4dd27955e907386055e1.php 第 301 行.
NOTIC: [8] Undefined index: sign D:\phpStudy\WWW\webjlcs\JLCS\Runtime\Cache\Home\65a998279edf4dd27955e907386055e1.php 第 322 行.
NOTIC: [8] Undefined variable: cartid D:\phpStudy\WWW\webjlcs\JLCS\Runtime\Cache\Home\65a998279edf4dd27955e907386055e1.php 第 354 行.
INFO: Run Behavior\ParseTemplateBehavior [ RunTime:0.040002s ]
INFO: [ view_parse ] --END-- [ RunTime:0.040002s ]
INFO: [ view_filter ] --START--
INFO: Run Behavior\WriteHtmlCacheBehavior [ RunTime:0.001000s ]
INFO: [ view_filter ] --END-- [ RunTime:0.001000s ]
INFO: [ app_end ] --START--
INFO: Run Behavior\ShowPageTraceBehavior [ RunTime:0.002000s ]
INFO: [ app_end ] --END-- [ RunTime:0.002000s ]

[ 2018-09-13T16:43:30+08:00 ] ::1 /webjlcs/index.php/Home/Order/index?id=6225
INFO: [ app_init ] --START--
INFO: Run Behavior\BuildLiteBehavior [ RunTime:0.000000s ]
INFO: [ app_init ] --END-- [ RunTime:0.001000s ]
INFO: [ app_begin ] --START--
INFO: Run Behavior\ReadHtmlCacheBehavior [ RunTime:0.002000s ]
INFO: [ app_begin ] --END-- [ RunTime:0.003000s ]
SQL: SHOW COLUMNS FROM `products` [ RunTime:0.0130s ]
SQL: SHOW COLUMNS FROM `user_infos` [ RunTime:0.0080s ]
SQL: SHOW COLUMNS FROM `goods` [ RunTime:0.0080s ]
SQL: SHOW COLUMNS FROM `users` [ RunTime:0.0100s ]
SQL: SELECT * FROM `users` WHERE `name` = 'admintong' LIMIT 1   [ RunTime:0.0000s ]
SQL: SELECT * FROM `user_infos` WHERE `user_id` = 1  [ RunTime:0.0000s ]
SQL: SELECT * FROM `products` WHERE `id` = 6225 LIMIT 1   [ RunTime:0.0000s ]
SQL: SELECT * FROM `goods` WHERE `goods_id` = 728 LIMIT 1   [ RunTime:0.0010s ]
SQL: SELECT * FROM `goods` WHERE `goods_id` = 728 LIMIT 1   [ RunTime:0.0020s ]
NOTIC: [8] Undefined variable: biaoshi D:\phpStudy\WWW\webjlcs\JLCS\Home\Controller\OrderController.class.php 第 44 行.
NOTIC: [2] Missing argument 1 for Think\Controller::show(), called in D:\phpStudy\WWW\webjlcs\JLCS\Home\Controller\OrderController.class.php on line 45 and defined D:\phpStudy\WWW\webjlcs\ThinkPHP\Library\Think\Controller.class.php 第 68 行.
NOTIC: [8] Undefined variable: content D:\phpStudy\WWW\webjlcs\ThinkPHP\Library\Think\Controller.class.php 第 69 行.
INFO: [ view_parse ] --START--
INFO: [ template_filter ] --START--
INFO: Run Behavior\ContentReplaceBehavior [ RunTime:0.000000s ]
INFO: [ template_filter ] --END-- [ RunTime:0.001000s ]
NOTIC: [8] Undefined variable: sign D:\phpStudy\WWW\webjlcs\JLCS\Runtime\Cache\Home\65a998279edf4dd27955e907386055e1.php 第 248 行.
NOTIC: [8] Undefined index: sign D:\phpStudy\WWW\webjlcs\JLCS\Runtime\Cache\Home\65a998279edf4dd27955e907386055e1.php 第 301 行.
NOTIC: [8] Undefined index: sign D:\phpStudy\WWW\webjlcs\JLCS\Runtime\Cache\Home\65a998279edf4dd27955e907386055e1.php 第 322 行.
NOTIC: [8] Undefined variable: cartid D:\phpStudy\WWW\webjlcs\JLCS\Runtime\Cache\Home\65a998279edf4dd27955e907386055e1.php 第 354 行.
INFO: Run Behavior\ParseTemplateBehavior [ RunTime:0.034002s ]
INFO: [ view_parse ] --END-- [ RunTime:0.034002s ]
INFO: [ view_filter ] --START--
INFO: Run Behavior\WriteHtmlCacheBehavior [ RunTime:0.001000s ]
INFO: [ view_filter ] --END-- [ RunTime:0.001000s ]
INFO: [ app_end ] --START--
INFO: Run Behavior\ShowPageTraceBehavior [ RunTime:0.003001s ]
INFO: [ app_end ] --END-- [ RunTime:0.003001s ]

[ 2018-09-13T16:43:31+08:00 ] ::1 /webjlcs/index.php/Home/Order/index?id=6225
INFO: [ app_init ] --START--
INFO: Run Behavior\BuildLiteBehavior [ RunTime:0.000000s ]
INFO: [ app_init ] --END-- [ RunTime:0.001000s ]
INFO: [ app_begin ] --START--
INFO: Run Behavior\ReadHtmlCacheBehavior [ RunTime:0.002000s ]
INFO: [ app_begin ] --END-- [ RunTime:0.002000s ]
SQL: SHOW COLUMNS FROM `products` [ RunTime:0.0080s ]
SQL: SHOW COLUMNS FROM `user_infos` [ RunTime:0.0080s ]
SQL: SHOW COLUMNS FROM `goods` [ RunTime:0.0080s ]
SQL: SHOW COLUMNS FROM `users` [ RunTime:0.0100s ]
SQL: SELECT * FROM `users` WHERE `name` = 'admintong' LIMIT 1   [ RunTime:0.0010s ]
SQL: SELECT * FROM `user_infos` WHERE `user_id` = 1  [ RunTime:0.0010s ]
SQL: SELECT * FROM `products` WHERE `id` = 6225 LIMIT 1   [ RunTime:0.0010s ]
SQL: SELECT * FROM `goods` WHERE `goods_id` = 728 LIMIT 1   [ RunTime:0.0000s ]
SQL: SELECT * FROM `goods` WHERE `goods_id` = 728 LIMIT 1   [ RunTime:0.0000s ]
NOTIC: [8] Undefined variable: biaoshi D:\phpStudy\WWW\webjlcs\JLCS\Home\Controller\OrderController.class.php 第 44 行.
NOTIC: [2] Missing argument 1 for Think\Controller::show(), called in D:\phpStudy\WWW\webjlcs\JLCS\Home\Controller\OrderController.class.php on line 45 and defined D:\phpStudy\WWW\webjlcs\ThinkPHP\Library\Think\Controller.class.php 第 68 行.
NOTIC: [8] Undefined variable: content D:\phpStudy\WWW\webjlcs\ThinkPHP\Library\Think\Controller.class.php 第 69 行.
INFO: [ view_parse ] --START--
INFO: [ template_filter ] --START--
INFO: Run Behavior\ContentReplaceBehavior [ RunTime:0.001000s ]
INFO: [ template_filter ] --END-- [ RunTime:0.001000s ]
NOTIC: [8] Undefined variable: sign D:\phpStudy\WWW\webjlcs\JLCS\Runtime\Cache\Home\65a998279edf4dd27955e907386055e1.php 第 248 行.
NOTIC: [8] Undefined index: sign D:\phpStudy\WWW\webjlcs\JLCS\Runtime\Cache\Home\65a998279edf4dd27955e907386055e1.php 第 301 行.
NOTIC: [8] Undefined index: sign D:\phpStudy\WWW\webjlcs\JLCS\Runtime\Cache\Home\65a998279edf4dd27955e907386055e1.php 第 322 行.
NOTIC: [8] Undefined variable: cartid D:\phpStudy\WWW\webjlcs\JLCS\Runtime\Cache\Home\65a998279edf4dd27955e907386055e1.php 第 354 行.
INFO: Run Behavior\ParseTemplateBehavior [ RunTime:0.053003s ]
INFO: [ view_parse ] --END-- [ RunTime:0.054003s ]
INFO: [ view_filter ] --START--
INFO: Run Behavior\WriteHtmlCacheBehavior [ RunTime:0.001000s ]
INFO: [ view_filter ] --END-- [ RunTime:0.001000s ]
INFO: [ app_end ] --START--
INFO: Run Behavior\ShowPageTraceBehavior [ RunTime:0.002000s ]
INFO: [ app_end ] --END-- [ RunTime:0.002000s ]

[ 2018-09-13T16:43:31+08:00 ] ::1 /webjlcs/index.php/Home/Order/index?id=6225
INFO: [ app_init ] --START--
INFO: Run Behavior\BuildLiteBehavior [ RunTime:0.000000s ]
INFO: [ app_init ] --END-- [ RunTime:0.001000s ]
INFO: [ app_begin ] --START--
INFO: Run Behavior\ReadHtmlCacheBehavior [ RunTime:0.002001s ]
INFO: [ app_begin ] --END-- [ RunTime:0.002001s ]
SQL: SHOW COLUMNS FROM `products` [ RunTime:0.0080s ]
SQL: SHOW COLUMNS FROM `user_infos` [ RunTime:0.0080s ]
SQL: SHOW COLUMNS FROM `goods` [ RunTime:0.0090s ]
SQL: SHOW COLUMNS FROM `users` [ RunTime:0.0080s ]
SQL: SELECT * FROM `users` WHERE `name` = 'admintong' LIMIT 1   [ RunTime:0.0000s ]
SQL: SELECT * FROM `user_infos` WHERE `user_id` = 1  [ RunTime:0.0010s ]
SQL: SELECT * FROM `products` WHERE `id` = 6225 LIMIT 1   [ RunTime:0.0010s ]
SQL: SELECT * FROM `goods` WHERE `goods_id` = 728 LIMIT 1   [ RunTime:0.0010s ]
SQL: SELECT * FROM `goods` WHERE `goods_id` = 728 LIMIT 1   [ RunTime:0.0010s ]
NOTIC: [8] Undefined variable: biaoshi D:\phpStudy\WWW\webjlcs\JLCS\Home\Controller\OrderController.class.php 第 44 行.
NOTIC: [2] Missing argument 1 for Think\Controller::show(), called in D:\phpStudy\WWW\webjlcs\JLCS\Home\Controller\OrderController.class.php on line 45 and defined D:\phpStudy\WWW\webjlcs\ThinkPHP\Library\Think\Controller.class.php 第 68 行.
NOTIC: [8] Undefined variable: content D:\phpStudy\WWW\webjlcs\ThinkPHP\Library\Think\Controller.class.php 第 69 行.
INFO: [ view_parse ] --START--
INFO: [ template_filter ] --START--
INFO: Run Behavior\ContentReplaceBehavior [ RunTime:0.000000s ]
INFO: [ template_filter ] --END-- [ RunTime:0.000000s ]
NOTIC: [8] Undefined variable: sign D:\phpStudy\WWW\webjlcs\JLCS\Runtime\Cache\Home\65a998279edf4dd27955e907386055e1.php 第 248 行.
NOTIC: [8] Undefined index: sign D:\phpStudy\WWW\webjlcs\JLCS\Runtime\Cache\Home\65a998279edf4dd27955e907386055e1.php 第 301 行.
NOTIC: [8] Undefined index: sign D:\phpStudy\WWW\webjlcs\JLCS\Runtime\Cache\Home\65a998279edf4dd27955e907386055e1.php 第 322 行.
NOTIC: [8] Undefined variable: cartid D:\phpStudy\WWW\webjlcs\JLCS\Runtime\Cache\Home\65a998279edf4dd27955e907386055e1.php 第 354 行.
INFO: Run Behavior\ParseTemplateBehavior [ RunTime:0.041003s ]
INFO: [ view_parse ] --END-- [ RunTime:0.041003s ]
INFO: [ view_filter ] --START--
INFO: Run Behavior\WriteHtmlCacheBehavior [ RunTime:0.001000s ]
INFO: [ view_filter ] --END-- [ RunTime:0.002000s ]
INFO: [ app_end ] --START--
INFO: Run Behavior\ShowPageTraceBehavior [ RunTime:0.002000s ]
INFO: [ app_end ] --END-- [ RunTime:0.002000s ]

[ 2018-09-13T16:43:31+08:00 ] ::1 /webjlcs/index.php/Home/Order/index?id=6225
INFO: [ app_init ] --START--
INFO: Run Behavior\BuildLiteBehavior [ RunTime:0.000000s ]
INFO: [ app_init ] --END-- [ RunTime:0.001000s ]
INFO: [ app_begin ] --START--
INFO: Run Behavior\ReadHtmlCacheBehavior [ RunTime:0.004001s ]
INFO: [ app_begin ] --END-- [ RunTime:0.005001s ]
SQL: SHOW COLUMNS FROM `products` [ RunTime:0.0160s ]
SQL: SHOW COLUMNS FROM `user_infos` [ RunTime:0.0090s ]
SQL: SHOW COLUMNS FROM `goods` [ RunTime:0.0110s ]
SQL: SHOW COLUMNS FROM `users` [ RunTime:0.0640s ]
SQL: SELECT * FROM `users` WHERE `name` = 'admintong' LIMIT 1   [ RunTime:0.0130s ]
SQL: SELECT * FROM `user_infos` WHERE `user_id` = 1  [ RunTime:0.0010s ]
SQL: SELECT * FROM `products` WHERE `id` = 6225 LIMIT 1   [ RunTime:0.0010s ]
SQL: SELECT * FROM `goods` WHERE `goods_id` = 728 LIMIT 1   [ RunTime:0.0000s ]
SQL: SELECT * FROM `goods` WHERE `goods_id` = 728 LIMIT 1   [ RunTime:0.0000s ]
NOTIC: [8] Undefined variable: biaoshi D:\phpStudy\WWW\webjlcs\JLCS\Home\Controller\OrderController.class.php 第 44 行.
NOTIC: [2] Missing argument 1 for Think\Controller::show(), called in D:\phpStudy\WWW\webjlcs\JLCS\Home\Controller\OrderController.class.php on line 45 and defined D:\phpStudy\WWW\webjlcs\ThinkPHP\Library\Think\Controller.class.php 第 68 行.
NOTIC: [8] Undefined variable: content D:\phpStudy\WWW\webjlcs\ThinkPHP\Library\Think\Controller.class.php 第 69 行.
INFO: [ view_parse ] --START--
INFO: [ template_filter ] --START--
INFO: Run Behavior\ContentReplaceBehavior [ RunTime:0.001000s ]
INFO: [ template_filter ] --END-- [ RunTime:0.001000s ]
NOTIC: [8] Undefined variable: sign D:\phpStudy\WWW\webjlcs\JLCS\Runtime\Cache\Home\65a998279edf4dd27955e907386055e1.php 第 248 行.
NOTIC: [8] Undefined index: sign D:\phpStudy\WWW\webjlcs\JLCS\Runtime\Cache\Home\65a998279edf4dd27955e907386055e1.php 第 301 行.
NOTIC: [8] Undefined index: sign D:\phpStudy\WWW\webjlcs\JLCS\Runtime\Cache\Home\65a998279edf4dd27955e907386055e1.php 第 322 行.
NOTIC: [8] Undefined variable: cartid D:\phpStudy\WWW\webjlcs\JLCS\Runtime\Cache\Home\65a998279edf4dd27955e907386055e1.php 第 354 行.
INFO: Run Behavior\ParseTemplateBehavior [ RunTime:0.042002s ]
INFO: [ view_parse ] --END-- [ RunTime:0.042002s ]
INFO: [ view_filter ] --START--
INFO: Run Behavior\WriteHtmlCacheBehavior [ RunTime:0.000000s ]
INFO: [ view_filter ] --END-- [ RunTime:0.001000s ]
INFO: [ app_end ] --START--
INFO: Run Behavior\ShowPageTraceBehavior [ RunTime:0.001000s ]
INFO: [ app_end ] --END-- [ RunTime:0.002000s ]

[ 2018-09-13T16:43:31+08:00 ] ::1 /webjlcs/index.php/Home/Order/index?id=6225
INFO: [ app_init ] --START--
INFO: Run Behavior\BuildLiteBehavior [ RunTime:0.000000s ]
INFO: [ app_init ] --END-- [ RunTime:0.000000s ]
INFO: [ app_begin ] --START--
INFO: Run Behavior\ReadHtmlCacheBehavior [ RunTime:0.001000s ]
INFO: [ app_begin ] --END-- [ RunTime:0.001000s ]
SQL: SHOW COLUMNS FROM `products` [ RunTime:0.0100s ]
SQL: SHOW COLUMNS FROM `user_infos` [ RunTime:0.0100s ]
SQL: SHOW COLUMNS FROM `goods` [ RunTime:0.0250s ]
SQL: SHOW COLUMNS FROM `users` [ RunTime:0.0170s ]
SQL: SELECT * FROM `users` WHERE `name` = 'admintong' LIMIT 1   [ RunTime:0.0010s ]
SQL: SELECT * FROM `user_infos` WHERE `user_id` = 1  [ RunTime:0.0000s ]
SQL: SELECT * FROM `products` WHERE `id` = 6225 LIMIT 1   [ RunTime:0.0010s ]
SQL: SELECT * FROM `goods` WHERE `goods_id` = 728 LIMIT 1   [ RunTime:0.0010s ]
SQL: SELECT * FROM `goods` WHERE `goods_id` = 728 LIMIT 1   [ RunTime:0.0010s ]
NOTIC: [8] Undefined variable: biaoshi D:\phpStudy\WWW\webjlcs\JLCS\Home\Controller\OrderController.class.php 第 44 行.
NOTIC: [2] Missing argument 1 for Think\Controller::show(), called in D:\phpStudy\WWW\webjlcs\JLCS\Home\Controller\OrderController.class.php on line 45 and defined D:\phpStudy\WWW\webjlcs\ThinkPHP\Library\Think\Controller.class.php 第 68 行.
NOTIC: [8] Undefined variable: content D:\phpStudy\WWW\webjlcs\ThinkPHP\Library\Think\Controller.class.php 第 69 行.
INFO: [ view_parse ] --START--
INFO: [ template_filter ] --START--
INFO: Run Behavior\ContentReplaceBehavior [ RunTime:0.001000s ]
INFO: [ template_filter ] --END-- [ RunTime:0.001000s ]
NOTIC: [8] Undefined variable: sign D:\phpStudy\WWW\webjlcs\JLCS\Runtime\Cache\Home\65a998279edf4dd27955e907386055e1.php 第 248 行.
NOTIC: [8] Undefined index: sign D:\phpStudy\WWW\webjlcs\JLCS\Runtime\Cache\Home\65a998279edf4dd27955e907386055e1.php 第 301 行.
NOTIC: [8] Undefined index: sign D:\phpStudy\WWW\webjlcs\JLCS\Runtime\Cache\Home\65a998279edf4dd27955e907386055e1.php 第 322 行.
NOTIC: [8] Undefined variable: cartid D:\phpStudy\WWW\webjlcs\JLCS\Runtime\Cache\Home\65a998279edf4dd27955e907386055e1.php 第 354 行.
INFO: Run Behavior\ParseTemplateBehavior [ RunTime:0.034001s ]
INFO: [ view_parse ] --END-- [ RunTime:0.034001s ]
INFO: [ view_filter ] --START--
INFO: Run Behavior\WriteHtmlCacheBehavior [ RunTime:0.002001s ]
INFO: [ view_filter ] --END-- [ RunTime:0.002001s ]
INFO: [ app_end ] --START--
INFO: Run Behavior\ShowPageTraceBehavior [ RunTime:0.002000s ]
INFO: [ app_end ] --END-- [ RunTime:0.002000s ]

[ 2018-09-13T16:43:32+08:00 ] ::1 /webjlcs/index.php/Home/Order/index?id=6225
INFO: [ app_init ] --START--
INFO: Run Behavior\BuildLiteBehavior [ RunTime:0.000000s ]
INFO: [ app_init ] --END-- [ RunTime:0.001000s ]
INFO: [ app_begin ] --START--
INFO: Run Behavior\ReadHtmlCacheBehavior [ RunTime:0.002000s ]
INFO: [ app_begin ] --END-- [ RunTime:0.002000s ]
SQL: SHOW COLUMNS FROM `products` [ RunTime:0.0090s ]
SQL: SHOW COLUMNS FROM `user_infos` [ RunTime:0.0080s ]
SQL: SHOW COLUMNS FROM `goods` [ RunTime:0.0100s ]
SQL: SHOW COLUMNS FROM `users` [ RunTime:0.0120s ]
SQL: SELECT * FROM `users` WHERE `name` = 'admintong' LIMIT 1   [ RunTime:0.0010s ]
SQL: SELECT * FROM `user_infos` WHERE `user_id` = 1  [ RunTime:0.0010s ]
SQL: SELECT * FROM `products` WHERE `id` = 6225 LIMIT 1   [ RunTime:0.0020s ]
SQL: SELECT * FROM `goods` WHERE `goods_id` = 728 LIMIT 1   [ RunTime:0.0010s ]
SQL: SELECT * FROM `goods` WHERE `goods_id` = 728 LIMIT 1   [ RunTime:0.0000s ]
NOTIC: [8] Undefined variable: biaoshi D:\phpStudy\WWW\webjlcs\JLCS\Home\Controller\OrderController.class.php 第 44 行.
NOTIC: [2] Missing argument 1 for Think\Controller::show(), called in D:\phpStudy\WWW\webjlcs\JLCS\Home\Controller\OrderController.class.php on line 45 and defined D:\phpStudy\WWW\webjlcs\ThinkPHP\Library\Think\Controller.class.php 第 68 行.
NOTIC: [8] Undefined variable: content D:\phpStudy\WWW\webjlcs\ThinkPHP\Library\Think\Controller.class.php 第 69 行.
INFO: [ view_parse ] --START--
INFO: [ template_filter ] --START--
INFO: Run Behavior\ContentReplaceBehavior [ RunTime:0.000000s ]
INFO: [ template_filter ] --END-- [ RunTime:0.000000s ]
NOTIC: [8] Undefined variable: sign D:\phpStudy\WWW\webjlcs\JLCS\Runtime\Cache\Home\65a998279edf4dd27955e907386055e1.php 第 248 行.
NOTIC: [8] Undefined index: sign D:\phpStudy\WWW\webjlcs\JLCS\Runtime\Cache\Home\65a998279edf4dd27955e907386055e1.php 第 301 行.
NOTIC: [8] Undefined index: sign D:\phpStudy\WWW\webjlcs\JLCS\Runtime\Cache\Home\65a998279edf4dd27955e907386055e1.php 第 322 行.
NOTIC: [8] Undefined variable: cartid D:\phpStudy\WWW\webjlcs\JLCS\Runtime\Cache\Home\65a998279edf4dd27955e907386055e1.php 第 354 行.
INFO: Run Behavior\ParseTemplateBehavior [ RunTime:0.035002s ]
INFO: [ view_parse ] --END-- [ RunTime:0.035002s ]
INFO: [ view_filter ] --START--
INFO: Run Behavior\WriteHtmlCacheBehavior [ RunTime:0.001000s ]
INFO: [ view_filter ] --END-- [ RunTime:0.001000s ]
INFO: [ app_end ] --START--
INFO: Run Behavior\ShowPageTraceBehavior [ RunTime:0.005000s ]
INFO: [ app_end ] --END-- [ RunTime:0.005000s ]

[ 2018-09-13T16:43:36+08:00 ] ::1 /webjlcs/index.php/Home/Order/index?id=6225
INFO: [ app_init ] --START--
INFO: Run Behavior\BuildLiteBehavior [ RunTime:0.000000s ]
INFO: [ app_init ] --END-- [ RunTime:0.001000s ]
INFO: [ app_begin ] --START--
INFO: Run Behavior\ReadHtmlCacheBehavior [ RunTime:0.001000s ]
INFO: [ app_begin ] --END-- [ RunTime:0.002001s ]
SQL: SHOW COLUMNS FROM `products` [ RunTime:0.0310s ]
SQL: SHOW COLUMNS FROM `user_infos` [ RunTime:0.0090s ]
SQL: SHOW COLUMNS FROM `goods` [ RunTime:0.0110s ]
SQL: SHOW COLUMNS FROM `users` [ RunTime:0.0080s ]
SQL: SELECT * FROM `users` WHERE `name` = 'admintong' LIMIT 1   [ RunTime:0.0010s ]
SQL: SELECT * FROM `user_infos` WHERE `user_id` = 1  [ RunTime:0.0020s ]
SQL: SELECT * FROM `products` WHERE `id` = 6225 LIMIT 1   [ RunTime:0.0020s ]
SQL: SELECT * FROM `goods` WHERE `goods_id` = 728 LIMIT 1   [ RunTime:0.0010s ]
SQL: SELECT * FROM `goods` WHERE `goods_id` = 728 LIMIT 1   [ RunTime:0.0010s ]
NOTIC: [8] Undefined variable: biaoshi D:\phpStudy\WWW\webjlcs\JLCS\Home\Controller\OrderController.class.php 第 44 行.
NOTIC: [2] Missing argument 1 for Think\Controller::show(), called in D:\phpStudy\WWW\webjlcs\JLCS\Home\Controller\OrderController.class.php on line 45 and defined D:\phpStudy\WWW\webjlcs\ThinkPHP\Library\Think\Controller.class.php 第 68 行.
NOTIC: [8] Undefined variable: content D:\phpStudy\WWW\webjlcs\ThinkPHP\Library\Think\Controller.class.php 第 69 行.
INFO: [ view_parse ] --START--
INFO: [ template_filter ] --START--
INFO: Run Behavior\ContentReplaceBehavior [ RunTime:0.000000s ]
INFO: [ template_filter ] --END-- [ RunTime:0.000000s ]
NOTIC: [8] Undefined variable: sign D:\phpStudy\WWW\webjlcs\JLCS\Runtime\Cache\Home\65a998279edf4dd27955e907386055e1.php 第 248 行.
NOTIC: [8] Undefined index: sign D:\phpStudy\WWW\webjlcs\JLCS\Runtime\Cache\Home\65a998279edf4dd27955e907386055e1.php 第 301 行.
NOTIC: [8] Undefined index: sign D:\phpStudy\WWW\webjlcs\JLCS\Runtime\Cache\Home\65a998279edf4dd27955e907386055e1.php 第 322 行.
NOTIC: [8] Undefined variable: cartid D:\phpStudy\WWW\webjlcs\JLCS\Runtime\Cache\Home\65a998279edf4dd27955e907386055e1.php 第 354 行.
INFO: Run Behavior\ParseTemplateBehavior [ RunTime:0.042002s ]
INFO: [ view_parse ] --END-- [ RunTime:0.043002s ]
INFO: [ view_filter ] --START--
INFO: Run Behavior\WriteHtmlCacheBehavior [ RunTime:0.002001s ]
INFO: [ view_filter ] --END-- [ RunTime:0.002001s ]
INFO: [ app_end ] --START--
INFO: Run Behavior\ShowPageTraceBehavior [ RunTime:0.007000s ]
INFO: [ app_end ] --END-- [ RunTime:0.008000s ]

[ 2018-09-13T16:43:36+08:00 ] ::1 /webjlcs/index.php/Home/Order/index?id=6225
INFO: [ app_init ] --START--
INFO: Run Behavior\BuildLiteBehavior [ RunTime:0.000000s ]
INFO: [ app_init ] --END-- [ RunTime:0.001000s ]
INFO: [ app_begin ] --START--
INFO: Run Behavior\ReadHtmlCacheBehavior [ RunTime:0.001000s ]
INFO: [ app_begin ] --END-- [ RunTime:0.001000s ]
SQL: SHOW COLUMNS FROM `products` [ RunTime:0.0090s ]
SQL: SHOW COLUMNS FROM `user_infos` [ RunTime:0.0120s ]
SQL: SHOW COLUMNS FROM `goods` [ RunTime:0.0120s ]
SQL: SHOW COLUMNS FROM `users` [ RunTime:0.0110s ]
SQL: SELECT * FROM `users` WHERE `name` = 'admintong' LIMIT 1   [ RunTime:0.0090s ]
SQL: SELECT * FROM `user_infos` WHERE `user_id` = 1  [ RunTime:0.0000s ]
SQL: SELECT * FROM `products` WHERE `id` = 6225 LIMIT 1   [ RunTime:0.0010s ]
SQL: SELECT * FROM `goods` WHERE `goods_id` = 728 LIMIT 1   [ RunTime:0.0040s ]
SQL: SELECT * FROM `goods` WHERE `goods_id` = 728 LIMIT 1   [ RunTime:0.0010s ]
NOTIC: [8] Undefined variable: biaoshi D:\phpStudy\WWW\webjlcs\JLCS\Home\Controller\OrderController.class.php 第 44 行.
NOTIC: [2] Missing argument 1 for Think\Controller::show(), called in D:\phpStudy\WWW\webjlcs\JLCS\Home\Controller\OrderController.class.php on line 45 and defined D:\phpStudy\WWW\webjlcs\ThinkPHP\Library\Think\Controller.class.php 第 68 行.
NOTIC: [8] Undefined variable: content D:\phpStudy\WWW\webjlcs\ThinkPHP\Library\Think\Controller.class.php 第 69 行.
INFO: [ view_parse ] --START--
INFO: [ template_filter ] --START--
INFO: Run Behavior\ContentReplaceBehavior [ RunTime:0.000000s ]
INFO: [ template_filter ] --END-- [ RunTime:0.000000s ]
NOTIC: [8] Undefined variable: sign D:\phpStudy\WWW\webjlcs\JLCS\Runtime\Cache\Home\65a998279edf4dd27955e907386055e1.php 第 248 行.
NOTIC: [8] Undefined index: sign D:\phpStudy\WWW\webjlcs\JLCS\Runtime\Cache\Home\65a998279edf4dd27955e907386055e1.php 第 301 行.
NOTIC: [8] Undefined index: sign D:\phpStudy\WWW\webjlcs\JLCS\Runtime\Cache\Home\65a998279edf4dd27955e907386055e1.php 第 322 行.
NOTIC: [8] Undefined variable: cartid D:\phpStudy\WWW\webjlcs\JLCS\Runtime\Cache\Home\65a998279edf4dd27955e907386055e1.php 第 354 行.
INFO: Run Behavior\ParseTemplateBehavior [ RunTime:0.062004s ]
INFO: [ view_parse ] --END-- [ RunTime:0.062004s ]
INFO: [ view_filter ] --START--
INFO: Run Behavior\WriteHtmlCacheBehavior [ RunTime:0.001000s ]
INFO: [ view_filter ] --END-- [ RunTime:0.001000s ]
INFO: [ app_end ] --START--
INFO: Run Behavior\ShowPageTraceBehavior [ RunTime:0.001000s ]
INFO: [ app_end ] --END-- [ RunTime:0.002000s ]

[ 2018-09-13T16:43:36+08:00 ] ::1 /webjlcs/index.php/Home/Order/index?id=6225
INFO: [ app_init ] --START--
INFO: Run Behavior\BuildLiteBehavior [ RunTime:0.000000s ]
INFO: [ app_init ] --END-- [ RunTime:0.002000s ]
INFO: [ app_begin ] --START--
INFO: Run Behavior\ReadHtmlCacheBehavior [ RunTime:0.001000s ]
INFO: [ app_begin ] --END-- [ RunTime:0.001000s ]
SQL: SHOW COLUMNS FROM `products` [ RunTime:0.0090s ]
SQL: SHOW COLUMNS FROM `user_infos` [ RunTime:0.0080s ]
SQL: SHOW COLUMNS FROM `goods` [ RunTime:0.0080s ]
SQL: SHOW COLUMNS FROM `users` [ RunTime:0.0170s ]
SQL: SELECT * FROM `users` WHERE `name` = 'admintong' LIMIT 1   [ RunTime:0.0000s ]
SQL: SELECT * FROM `user_infos` WHERE `user_id` = 1  [ RunTime:0.0010s ]
SQL: SELECT * FROM `products` WHERE `id` = 6225 LIMIT 1   [ RunTime:0.0000s ]
SQL: SELECT * FROM `goods` WHERE `goods_id` = 728 LIMIT 1   [ RunTime:0.0010s ]
SQL: SELECT * FROM `goods` WHERE `goods_id` = 728 LIMIT 1   [ RunTime:0.0010s ]
NOTIC: [8] Undefined variable: biaoshi D:\phpStudy\WWW\webjlcs\JLCS\Home\Controller\OrderController.class.php 第 44 行.
NOTIC: [2] Missing argument 1 for Think\Controller::show(), called in D:\phpStudy\WWW\webjlcs\JLCS\Home\Controller\OrderController.class.php on line 45 and defined D:\phpStudy\WWW\webjlcs\ThinkPHP\Library\Think\Controller.class.php 第 68 行.
NOTIC: [8] Undefined variable: content D:\phpStudy\WWW\webjlcs\ThinkPHP\Library\Think\Controller.class.php 第 69 行.
INFO: [ view_parse ] --START--
INFO: [ template_filter ] --START--
INFO: Run Behavior\ContentReplaceBehavior [ RunTime:0.000000s ]
INFO: [ template_filter ] --END-- [ RunTime:0.000000s ]
NOTIC: [8] Undefined variable: sign D:\phpStudy\WWW\webjlcs\JLCS\Runtime\Cache\Home\65a998279edf4dd27955e907386055e1.php 第 248 行.
NOTIC: [8] Undefined index: sign D:\phpStudy\WWW\webjlcs\JLCS\Runtime\Cache\Home\65a998279edf4dd27955e907386055e1.php 第 301 行.
NOTIC: [8] Undefined index: sign D:\phpStudy\WWW\webjlcs\JLCS\Runtime\Cache\Home\65a998279edf4dd27955e907386055e1.php 第 322 行.
NOTIC: [8] Undefined variable: cartid D:\phpStudy\WWW\webjlcs\JLCS\Runtime\Cache\Home\65a998279edf4dd27955e907386055e1.php 第 354 行.
INFO: Run Behavior\ParseTemplateBehavior [ RunTime:0.043002s ]
INFO: [ view_parse ] --END-- [ RunTime:0.043002s ]
INFO: [ view_filter ] --START--
INFO: Run Behavior\WriteHtmlCacheBehavior [ RunTime:0.001000s ]
INFO: [ view_filter ] --END-- [ RunTime:0.001000s ]
INFO: [ app_end ] --START--
INFO: Run Behavior\ShowPageTraceBehavior [ RunTime:0.002000s ]
INFO: [ app_end ] --END-- [ RunTime:0.002000s ]

[ 2018-09-13T17:18:29+08:00 ] ::1 /webjlcs/index.php/Home/Order/create_order.html
INFO: [ app_init ] --START--
INFO: Run Behavior\BuildLiteBehavior [ RunTime:0.000000s ]
INFO: [ app_init ] --END-- [ RunTime:0.001001s ]
INFO: [ app_begin ] --START--
INFO: Run Behavior\ReadHtmlCacheBehavior [ RunTime:0.002000s ]
INFO: [ app_begin ] --END-- [ RunTime:0.002000s ]
SQL: SHOW COLUMNS FROM `products` [ RunTime:0.0090s ]
SQL: SHOW COLUMNS FROM `users` [ RunTime:0.0090s ]
SQL: SHOW COLUMNS FROM `orders` [ RunTime:0.0850s ]
SQL: SHOW COLUMNS FROM `order_details` [ RunTime:0.1010s ]
SQL: SHOW COLUMNS FROM `user_infos` [ RunTime:0.0100s ]
SQL: SHOW COLUMNS FROM `carts` [ RunTime:0.1230s ]
SQL: SHOW COLUMNS FROM `agrrements` [ RunTime:0.1100s ]
SQL: SELECT * FROM `products` WHERE `id` = 6225 LIMIT 1   [ RunTime:0.0010s ]
SQL: SELECT * FROM `users` WHERE `name` = 'admintong' LIMIT 1   [ RunTime:0.0010s ]
SQL: SELECT * FROM `user_infos` WHERE `id` = 113 LIMIT 1   [ RunTime:0.0010s ]
NOTIC: [8] Undefined variable: beizhu D:\phpStudy\WWW\webjlcs\JLCS\Home\Controller\OrderController.class.php 第 217 行.
SQL: INSERT INTO `orders` (`order_id`,`order_num`,`order_total_price`,`user_id`,`status`,`createtime`,`agent_aid`,`beizhu`,`user_info_id`,`phone`) VALUES ('1536831151','1','60000','1','0','2018-09-13 17:18:29','A03',NULL,'113','18408241858') [ RunTime:0.0320s ]
SQL: SHOW COLUMNS FROM `goods` [ RunTime:0.0100s ]
SQL: SHOW COLUMNS FROM `cats` [ RunTime:0.0120s ]
SQL: SHOW COLUMNS FROM `regions` [ RunTime:0.0260s ]
SQL: SHOW COLUMNS FROM `temples` [ RunTime:0.0110s ]
SQL: SELECT * FROM `products` WHERE `id` = 6225 LIMIT 1   [ RunTime:0.0010s ]
SQL: SELECT * FROM `goods` WHERE `goods_id` = 728 LIMIT 1   [ RunTime:0.0010s ]
SQL: SELECT * FROM `cats` WHERE `id` = 2 LIMIT 1   [ RunTime:0.0010s ]
SQL: SELECT * FROM `regions` WHERE `id` = 1 LIMIT 1   [ RunTime:0.0010s ]
SQL: SELECT * FROM `temples` WHERE `id` = 1 LIMIT 1   [ RunTime:0.0010s ]
SQL: SELECT * FROM `products` WHERE `id` = 6225 LIMIT 1   [ RunTime:0.0010s ]
SQL: INSERT INTO `order_details` (`orderid`,`product_id`,`num`,`price`,`user_id`,`description`) VALUES ('164','6225','1','60000.00','1','CJL-Ⅱ-A01|02-09') [ RunTime:0.0020s ]
SQL: DELETE FROM `carts` WHERE `user_id` = 1 AND `products_id` = 0 [ RunTime:0.0090s ]
INFO: [ view_parse ] --START--
INFO: [ template_filter ] --START--
INFO: Run Behavior\ContentReplaceBehavior [ RunTime:0.000000s ]
INFO: [ template_filter ] --END-- [ RunTime:0.000000s ]
INFO: Run Behavior\ParseTemplateBehavior [ RunTime:0.014000s ]
INFO: [ view_parse ] --END-- [ RunTime:0.014000s ]
INFO: [ view_filter ] --START--
INFO: Run Behavior\WriteHtmlCacheBehavior [ RunTime:0.001000s ]
INFO: [ view_filter ] --END-- [ RunTime:0.002001s ]
INFO: [ app_end ] --START--
INFO: Run Behavior\ShowPageTraceBehavior [ RunTime:0.002000s ]
INFO: [ app_end ] --END-- [ RunTime:0.002000s ]

[ 2018-09-13T17:18:31+08:00 ] ::1 /webjlcs/index.php/Home/Order/checkorder.html
INFO: [ app_init ] --START--
INFO: Run Behavior\BuildLiteBehavior [ RunTime:0.000000s ]
INFO: [ app_init ] --END-- [ RunTime:0.001000s ]
INFO: [ app_begin ] --START--
INFO: Run Behavior\ReadHtmlCacheBehavior [ RunTime:0.001000s ]
INFO: [ app_begin ] --END-- [ RunTime:0.002000s ]
INFO: [ view_parse ] --START--
INFO: [ template_filter ] --START--
INFO: Run Behavior\ContentReplaceBehavior [ RunTime:0.000000s ]
INFO: [ template_filter ] --END-- [ RunTime:0.000000s ]
INFO: Run Behavior\ParseTemplateBehavior [ RunTime:0.022001s ]
INFO: [ view_parse ] --END-- [ RunTime:0.023001s ]
INFO: [ view_filter ] --START--
INFO: Run Behavior\WriteHtmlCacheBehavior [ RunTime:0.001000s ]
INFO: [ view_filter ] --END-- [ RunTime:0.001000s ]
INFO: [ app_end ] --START--
INFO: Run Behavior\ShowPageTraceBehavior [ RunTime:0.002000s ]
INFO: [ app_end ] --END-- [ RunTime:0.002000s ]

[ 2018-09-13T17:18:31+08:00 ] ::1 /webjlcs/index.php/Home/Order/verify
INFO: [ app_init ] --START--
INFO: Run Behavior\BuildLiteBehavior [ RunTime:0.000000s ]
INFO: [ app_init ] --END-- [ RunTime:0.001000s ]
INFO: [ app_begin ] --START--
INFO: Run Behavior\ReadHtmlCacheBehavior [ RunTime:0.003000s ]
INFO: [ app_begin ] --END-- [ RunTime:0.003000s ]
NOTIC: [2] include(/webjlcsThinkPHP/Library/Vendor/phpqrcode/phpqrcode.php) [<a href='function.include'>function.include</a>]: failed to open stream: No such file or directory D:\phpStudy\WWW\webjlcs\JLCS\Home\Controller\OrderController.class.php 第 295 行.
NOTIC: [2] include() [<a href='function.include'>function.include</a>]: Failed opening '/webjlcsThinkPHP/Library/Vendor/phpqrcode/phpqrcode.php' for inclusion (include_path='.;C:\php\pear') D:\phpStudy\WWW\webjlcs\JLCS\Home\Controller\OrderController.class.php 第 295 行.

[ 2018-09-13T17:20:16+08:00 ] ::1 /webjlcs/index.php/Home/Pay/pay_.html
INFO: [ app_init ] --START--
INFO: Run Behavior\BuildLiteBehavior [ RunTime:0.000000s ]
INFO: [ app_init ] --END-- [ RunTime:0.001000s ]
INFO: [ app_begin ] --START--
INFO: Run Behavior\ReadHtmlCacheBehavior [ RunTime:0.003000s ]
INFO: [ app_begin ] --END-- [ RunTime:0.004000s ]
SQL: SHOW COLUMNS FROM `users` [ RunTime:0.0100s ]
SQL: SHOW COLUMNS FROM `orders` [ RunTime:0.0080s ]
SQL: SHOW COLUMNS FROM `products` [ RunTime:0.0110s ]
SQL: SHOW COLUMNS FROM `order_details` [ RunTime:0.0090s ]
SQL: SELECT * FROM `users` WHERE `name` = 'admintong' LIMIT 1   [ RunTime:0.0030s ]
SQL: SELECT * FROM `orders` WHERE `order_id` = 1536831151 LIMIT 1   [ RunTime:0.0010s ]
SQL: SELECT * FROM `order_details` WHERE `orderid` = 164  [ RunTime:0.0010s ]
SQL: UPDATE `products` SET `product_store`='0' WHERE `id` = 6225 [ RunTime:0.0300s ]
SQL: UPDATE `orders` SET `status`='1' WHERE `order_id` = 1536831151 [ RunTime:0.0000s ]
SQL: UPDATE `users` SET `money`='88886704888' WHERE `name` = 'admintong' [ RunTime:0.0010s ]
NOTIC: [8] Object of class Think\Model could not be converted to int D:\phpStudy\WWW\webjlcs\JLCS\Home\Controller\PayController.class.php 第 324 行.
INFO: [ view_parse ] --START--
INFO: [ template_filter ] --START--
INFO: Run Behavior\ContentReplaceBehavior [ RunTime:0.000000s ]
INFO: [ template_filter ] --END-- [ RunTime:0.000000s ]
INFO: Run Behavior\ParseTemplateBehavior [ RunTime:0.013001s ]
INFO: [ view_parse ] --END-- [ RunTime:0.013001s ]
INFO: [ view_filter ] --START--
INFO: Run Behavior\WriteHtmlCacheBehavior [ RunTime:0.001000s ]
INFO: [ view_filter ] --END-- [ RunTime:0.001000s ]
INFO: [ app_end ] --START--
INFO: Run Behavior\ShowPageTraceBehavior [ RunTime:0.002000s ]
INFO: [ app_end ] --END-- [ RunTime:0.002000s ]

[ 2018-09-13T17:20:17+08:00 ] ::1 /webjlcs/index.php/Home/Pay/gongde.html
INFO: [ app_init ] --START--
INFO: Run Behavior\BuildLiteBehavior [ RunTime:0.000000s ]
INFO: [ app_init ] --END-- [ RunTime:0.001000s ]
INFO: [ app_begin ] --START--
INFO: Run Behavior\ReadHtmlCacheBehavior [ RunTime:0.001000s ]
INFO: [ app_begin ] --END-- [ RunTime:0.001000s ]
SQL: SHOW COLUMNS FROM `orders` [ RunTime:0.0100s ]
SQL: SHOW COLUMNS FROM `user_infos` [ RunTime:0.0080s ]
SQL: SHOW COLUMNS FROM `order_details` [ RunTime:0.0080s ]
SQL: SHOW COLUMNS FROM `products` [ RunTime:0.0100s ]
SQL: SHOW COLUMNS FROM `goods` [ RunTime:0.0090s ]
SQL: SELECT * FROM `orders` WHERE `order_id` = null LIMIT 1   [ RunTime:0.0010s ]
SQL: SELECT * FROM `order_details` WHERE `orderid` = null  [ RunTime:0.0010s ]
SQL: SELECT * FROM `user_infos` WHERE `id` = null LIMIT 1   [ RunTime:0.0010s ]
NOTIC: [8] Undefined variable: info D:\phpStudy\WWW\webjlcs\JLCS\Home\Controller\PayController.class.php 第 454 行.
NOTIC: [2] Missing argument 1 for Think\Controller::show(), called in D:\phpStudy\WWW\webjlcs\JLCS\Home\Controller\PayController.class.php on line 456 and defined D:\phpStudy\WWW\webjlcs\ThinkPHP\Library\Think\Controller.class.php 第 68 行.
NOTIC: [8] Undefined variable: content D:\phpStudy\WWW\webjlcs\ThinkPHP\Library\Think\Controller.class.php 第 69 行.
INFO: [ view_parse ] --START--
INFO: [ template_filter ] --START--
INFO: Run Behavior\ContentReplaceBehavior [ RunTime:0.000000s ]
INFO: [ template_filter ] --END-- [ RunTime:0.000000s ]
INFO: Run Behavior\ParseTemplateBehavior [ RunTime:0.037003s ]
INFO: [ view_parse ] --END-- [ RunTime:0.037003s ]
INFO: [ view_filter ] --START--
INFO: Run Behavior\WriteHtmlCacheBehavior [ RunTime:0.001000s ]
INFO: [ view_filter ] --END-- [ RunTime:0.001000s ]
INFO: [ app_end ] --START--
INFO: Run Behavior\ShowPageTraceBehavior [ RunTime:0.002000s ]
INFO: [ app_end ] --END-- [ RunTime:0.002000s ]

[ 2018-09-13T17:23:49+08:00 ] ::1 /webjlcs/index.php/Home/Pay/gongde.html
INFO: [ app_init ] --START--
INFO: Run Behavior\BuildLiteBehavior [ RunTime:0.000000s ]
INFO: [ app_init ] --END-- [ RunTime:0.001000s ]
INFO: [ app_begin ] --START--
INFO: Run Behavior\ReadHtmlCacheBehavior [ RunTime:0.002000s ]
INFO: [ app_begin ] --END-- [ RunTime:0.002000s ]
SQL: SHOW COLUMNS FROM `orders` [ RunTime:0.0090s ]
SQL: SHOW COLUMNS FROM `user_infos` [ RunTime:0.0130s ]
SQL: SHOW COLUMNS FROM `order_details` [ RunTime:0.0100s ]
SQL: SHOW COLUMNS FROM `products` [ RunTime:0.0090s ]
SQL: SHOW COLUMNS FROM `goods` [ RunTime:0.0090s ]
SQL: SELECT * FROM `orders` WHERE `order_id` = null LIMIT 1   [ RunTime:0.0020s ]
SQL: SELECT * FROM `order_details` WHERE `orderid` = null  [ RunTime:0.0010s ]
SQL: SELECT * FROM `user_infos` WHERE `id` = null LIMIT 1   [ RunTime:0.0010s ]
NOTIC: [8] Undefined variable: info D:\phpStudy\WWW\webjlcs\JLCS\Home\Controller\PayController.class.php 第 454 行.
NOTIC: [2] Missing argument 1 for Think\Controller::show(), called in D:\phpStudy\WWW\webjlcs\JLCS\Home\Controller\PayController.class.php on line 456 and defined D:\phpStudy\WWW\webjlcs\ThinkPHP\Library\Think\Controller.class.php 第 68 行.
NOTIC: [8] Undefined variable: content D:\phpStudy\WWW\webjlcs\ThinkPHP\Library\Think\Controller.class.php 第 69 行.
INFO: [ view_parse ] --START--
INFO: [ template_filter ] --START--
INFO: Run Behavior\ContentReplaceBehavior [ RunTime:0.000000s ]
INFO: [ template_filter ] --END-- [ RunTime:0.000000s ]
INFO: Run Behavior\ParseTemplateBehavior [ RunTime:0.017001s ]
INFO: [ view_parse ] --END-- [ RunTime:0.017001s ]
INFO: [ view_filter ] --START--
INFO: Run Behavior\WriteHtmlCacheBehavior [ RunTime:0.001000s ]
INFO: [ view_filter ] --END-- [ RunTime:0.001000s ]
INFO: [ app_end ] --START--
INFO: Run Behavior\ShowPageTraceBehavior [ RunTime:0.001000s ]
INFO: [ app_end ] --END-- [ RunTime:0.001000s ]

[ 2018-09-13T17:23:56+08:00 ] ::1 /webjlcs/index.php/Home/Pay/gongde.html
INFO: [ app_init ] --START--
INFO: Run Behavior\BuildLiteBehavior [ RunTime:0.000000s ]
INFO: [ app_init ] --END-- [ RunTime:0.001000s ]
INFO: [ app_begin ] --START--
INFO: Run Behavior\ReadHtmlCacheBehavior [ RunTime:0.009000s ]
INFO: [ app_begin ] --END-- [ RunTime:0.010000s ]
SQL: SHOW COLUMNS FROM `orders` [ RunTime:0.0080s ]
SQL: SHOW COLUMNS FROM `user_infos` [ RunTime:0.0070s ]
SQL: SHOW COLUMNS FROM `order_details` [ RunTime:0.0070s ]
SQL: SHOW COLUMNS FROM `products` [ RunTime:0.0070s ]
SQL: SHOW COLUMNS FROM `goods` [ RunTime:0.0090s ]
SQL: SELECT * FROM `orders` WHERE `order_id` = null LIMIT 1   [ RunTime:0.0010s ]
SQL: SELECT * FROM `order_details` WHERE `orderid` = null  [ RunTime:0.0010s ]
SQL: SELECT * FROM `user_infos` WHERE `id` = null LIMIT 1   [ RunTime:0.0010s ]
NOTIC: [8] Undefined variable: info D:\phpStudy\WWW\webjlcs\JLCS\Home\Controller\PayController.class.php 第 454 行.
NOTIC: [2] Missing argument 1 for Think\Controller::show(), called in D:\phpStudy\WWW\webjlcs\JLCS\Home\Controller\PayController.class.php on line 456 and defined D:\phpStudy\WWW\webjlcs\ThinkPHP\Library\Think\Controller.class.php 第 68 行.
NOTIC: [8] Undefined variable: content D:\phpStudy\WWW\webjlcs\ThinkPHP\Library\Think\Controller.class.php 第 69 行.
INFO: [ view_parse ] --START--
INFO: [ template_filter ] --START--
INFO: Run Behavior\ContentReplaceBehavior [ RunTime:0.000000s ]
INFO: [ template_filter ] --END-- [ RunTime:0.000000s ]
INFO: Run Behavior\ParseTemplateBehavior [ RunTime:0.021001s ]
INFO: [ view_parse ] --END-- [ RunTime:0.021001s ]
INFO: [ view_filter ] --START--
INFO: Run Behavior\WriteHtmlCacheBehavior [ RunTime:0.001001s ]
INFO: [ view_filter ] --END-- [ RunTime:0.001001s ]
INFO: [ app_end ] --START--
INFO: Run Behavior\ShowPageTraceBehavior [ RunTime:0.002000s ]
INFO: [ app_end ] --END-- [ RunTime:0.002000s ]

[ 2018-09-13T17:24:00+08:00 ] ::1 /webjlcs/index.php/Home/Pay/gongde.html
INFO: [ app_init ] --START--
INFO: Run Behavior\BuildLiteBehavior [ RunTime:0.000000s ]
INFO: [ app_init ] --END-- [ RunTime:0.003000s ]
INFO: [ app_begin ] --START--
INFO: Run Behavior\ReadHtmlCacheBehavior [ RunTime:0.001000s ]
INFO: [ app_begin ] --END-- [ RunTime:0.001000s ]
SQL: SHOW COLUMNS FROM `orders` [ RunTime:0.0180s ]
SQL: SHOW COLUMNS FROM `user_infos` [ RunTime:0.0400s ]
SQL: SHOW COLUMNS FROM `order_details` [ RunTime:0.0660s ]
SQL: SHOW COLUMNS FROM `products` [ RunTime:0.1310s ]
SQL: SHOW COLUMNS FROM `goods` [ RunTime:0.0170s ]
SQL: SELECT * FROM `orders` WHERE `order_id` = null LIMIT 1   [ RunTime:0.0020s ]
SQL: SELECT * FROM `order_details` WHERE `orderid` = null  [ RunTime:0.0010s ]
SQL: SELECT * FROM `user_infos` WHERE `id` = null LIMIT 1   [ RunTime:0.0000s ]
NOTIC: [8] Undefined variable: info D:\phpStudy\WWW\webjlcs\JLCS\Home\Controller\PayController.class.php 第 454 行.
NOTIC: [2] Missing argument 1 for Think\Controller::show(), called in D:\phpStudy\WWW\webjlcs\JLCS\Home\Controller\PayController.class.php on line 456 and defined D:\phpStudy\WWW\webjlcs\ThinkPHP\Library\Think\Controller.class.php 第 68 行.
NOTIC: [8] Undefined variable: content D:\phpStudy\WWW\webjlcs\ThinkPHP\Library\Think\Controller.class.php 第 69 行.
INFO: [ view_parse ] --START--
INFO: [ template_filter ] --START--
INFO: Run Behavior\ContentReplaceBehavior [ RunTime:0.000000s ]
INFO: [ template_filter ] --END-- [ RunTime:0.000000s ]
INFO: Run Behavior\ParseTemplateBehavior [ RunTime:0.022002s ]
INFO: [ view_parse ] --END-- [ RunTime:0.023002s ]
INFO: [ view_filter ] --START--
INFO: Run Behavior\WriteHtmlCacheBehavior [ RunTime:0.001000s ]
INFO: [ view_filter ] --END-- [ RunTime:0.001000s ]
INFO: [ app_end ] --START--
INFO: Run Behavior\ShowPageTraceBehavior [ RunTime:0.002000s ]
INFO: [ app_end ] --END-- [ RunTime:0.002000s ]

[ 2018-09-13T17:24:01+08:00 ] ::1 /webjlcs/index.php/Home/Pay/gongde.html
INFO: [ app_init ] --START--
INFO: Run Behavior\BuildLiteBehavior [ RunTime:0.000000s ]
INFO: [ app_init ] --END-- [ RunTime:0.001000s ]
INFO: [ app_begin ] --START--
INFO: Run Behavior\ReadHtmlCacheBehavior [ RunTime:0.001000s ]
INFO: [ app_begin ] --END-- [ RunTime:0.001000s ]
SQL: SHOW COLUMNS FROM `orders` [ RunTime:0.0090s ]
SQL: SHOW COLUMNS FROM `user_infos` [ RunTime:0.0090s ]
SQL: SHOW COLUMNS FROM `order_details` [ RunTime:0.0110s ]
SQL: SHOW COLUMNS FROM `products` [ RunTime:0.0100s ]
SQL: SHOW COLUMNS FROM `goods` [ RunTime:0.0090s ]
SQL: SELECT * FROM `orders` WHERE `order_id` = null LIMIT 1   [ RunTime:0.0010s ]
SQL: SELECT * FROM `order_details` WHERE `orderid` = null  [ RunTime:0.0010s ]
SQL: SELECT * FROM `user_infos` WHERE `id` = null LIMIT 1   [ RunTime:0.0010s ]
NOTIC: [8] Undefined variable: info D:\phpStudy\WWW\webjlcs\JLCS\Home\Controller\PayController.class.php 第 454 行.
NOTIC: [2] Missing argument 1 for Think\Controller::show(), called in D:\phpStudy\WWW\webjlcs\JLCS\Home\Controller\PayController.class.php on line 456 and defined D:\phpStudy\WWW\webjlcs\ThinkPHP\Library\Think\Controller.class.php 第 68 行.
NOTIC: [8] Undefined variable: content D:\phpStudy\WWW\webjlcs\ThinkPHP\Library\Think\Controller.class.php 第 69 行.
INFO: [ view_parse ] --START--
INFO: [ template_filter ] --START--
INFO: Run Behavior\ContentReplaceBehavior [ RunTime:0.000000s ]
INFO: [ template_filter ] --END-- [ RunTime:0.000000s ]
INFO: Run Behavior\ParseTemplateBehavior [ RunTime:0.021001s ]
INFO: [ view_parse ] --END-- [ RunTime:0.021001s ]
INFO: [ view_filter ] --START--
INFO: Run Behavior\WriteHtmlCacheBehavior [ RunTime:0.002000s ]
INFO: [ view_filter ] --END-- [ RunTime:0.002000s ]
INFO: [ app_end ] --START--
INFO: Run Behavior\ShowPageTraceBehavior [ RunTime:0.002000s ]
INFO: [ app_end ] --END-- [ RunTime:0.002000s ]

[ 2018-09-13T17:24:02+08:00 ] ::1 /webjlcs/index.php/Home/Pay/gongde.html
INFO: [ app_init ] --START--
INFO: Run Behavior\BuildLiteBehavior [ RunTime:0.001000s ]
INFO: [ app_init ] --END-- [ RunTime:0.003001s ]
INFO: [ app_begin ] --START--
INFO: Run Behavior\ReadHtmlCacheBehavior [ RunTime:0.002000s ]
INFO: [ app_begin ] --END-- [ RunTime:0.002000s ]
SQL: SHOW COLUMNS FROM `orders` [ RunTime:0.0090s ]
SQL: SHOW COLUMNS FROM `user_infos` [ RunTime:0.0090s ]
SQL: SHOW COLUMNS FROM `order_details` [ RunTime:0.0090s ]
SQL: SHOW COLUMNS FROM `products` [ RunTime:0.0120s ]
SQL: SHOW COLUMNS FROM `goods` [ RunTime:0.0090s ]
SQL: SELECT * FROM `orders` WHERE `order_id` = null LIMIT 1   [ RunTime:0.0010s ]
SQL: SELECT * FROM `order_details` WHERE `orderid` = null  [ RunTime:0.0020s ]
SQL: SELECT * FROM `user_infos` WHERE `id` = null LIMIT 1   [ RunTime:0.0020s ]
NOTIC: [8] Undefined variable: info D:\phpStudy\WWW\webjlcs\JLCS\Home\Controller\PayController.class.php 第 454 行.
NOTIC: [2] Missing argument 1 for Think\Controller::show(), called in D:\phpStudy\WWW\webjlcs\JLCS\Home\Controller\PayController.class.php on line 456 and defined D:\phpStudy\WWW\webjlcs\ThinkPHP\Library\Think\Controller.class.php 第 68 行.
NOTIC: [8] Undefined variable: content D:\phpStudy\WWW\webjlcs\ThinkPHP\Library\Think\Controller.class.php 第 69 行.
INFO: [ view_parse ] --START--
INFO: [ template_filter ] --START--
INFO: Run Behavior\ContentReplaceBehavior [ RunTime:0.000000s ]
INFO: [ template_filter ] --END-- [ RunTime:0.000000s ]
INFO: Run Behavior\ParseTemplateBehavior [ RunTime:0.021002s ]
INFO: [ view_parse ] --END-- [ RunTime:0.021002s ]
INFO: [ view_filter ] --START--
INFO: Run Behavior\WriteHtmlCacheBehavior [ RunTime:0.001000s ]
INFO: [ view_filter ] --END-- [ RunTime:0.002000s ]
INFO: [ app_end ] --START--
INFO: Run Behavior\ShowPageTraceBehavior [ RunTime:0.002000s ]
INFO: [ app_end ] --END-- [ RunTime:0.002000s ]

[ 2018-09-13T17:30:28+08:00 ] ::1 /webjlcs/index.php/Home/Order/verify
INFO: [ app_init ] --START--
INFO: Run Behavior\BuildLiteBehavior [ RunTime:0.000000s ]
INFO: [ app_init ] --END-- [ RunTime:0.001000s ]
INFO: [ app_begin ] --START--
INFO: Run Behavior\ReadHtmlCacheBehavior [ RunTime:0.001001s ]
INFO: [ app_begin ] --END-- [ RunTime:0.002001s ]
NOTIC: [2] include(/webjlcsThinkPHP/Library/Vendor/phpqrcode/phpqrcode.php) [<a href='function.include'>function.include</a>]: failed to open stream: No such file or directory D:\phpStudy\WWW\webjlcs\JLCS\Home\Controller\OrderController.class.php 第 295 行.
NOTIC: [2] include() [<a href='function.include'>function.include</a>]: Failed opening '/webjlcsThinkPHP/Library/Vendor/phpqrcode/phpqrcode.php' for inclusion (include_path='.;C:\php\pear') D:\phpStudy\WWW\webjlcs\JLCS\Home\Controller\OrderController.class.php 第 295 行.

[ 2018-09-13T17:30:30+08:00 ] ::1 /webjlcs/index.php/Home/Order/checkorder.html
INFO: [ app_init ] --START--
INFO: Run Behavior\BuildLiteBehavior [ RunTime:0.000000s ]
INFO: [ app_init ] --END-- [ RunTime:0.001000s ]
INFO: [ app_begin ] --START--
INFO: Run Behavior\ReadHtmlCacheBehavior [ RunTime:0.001000s ]
INFO: [ app_begin ] --END-- [ RunTime:0.001000s ]
INFO: [ view_parse ] --START--
INFO: [ template_filter ] --START--
INFO: Run Behavior\ContentReplaceBehavior [ RunTime:0.000000s ]
INFO: [ template_filter ] --END-- [ RunTime:0.000000s ]
INFO: Run Behavior\ParseTemplateBehavior [ RunTime:0.023002s ]
INFO: [ view_parse ] --END-- [ RunTime:0.023002s ]
INFO: [ view_filter ] --START--
INFO: Run Behavior\WriteHtmlCacheBehavior [ RunTime:0.001000s ]
INFO: [ view_filter ] --END-- [ RunTime:0.001000s ]
INFO: [ app_end ] --START--
INFO: Run Behavior\ShowPageTraceBehavior [ RunTime:0.002000s ]
INFO: [ app_end ] --END-- [ RunTime:0.002000s ]

[ 2018-09-13T17:30:31+08:00 ] ::1 /webjlcs/index.php/Home/Order/verify
INFO: [ app_init ] --START--
INFO: Run Behavior\BuildLiteBehavior [ RunTime:0.000000s ]
INFO: [ app_init ] --END-- [ RunTime:0.001000s ]
INFO: [ app_begin ] --START--
INFO: Run Behavior\ReadHtmlCacheBehavior [ RunTime:0.002000s ]
INFO: [ app_begin ] --END-- [ RunTime:0.003000s ]
NOTIC: [2] include(/webjlcsThinkPHP/Library/Vendor/phpqrcode/phpqrcode.php) [<a href='function.include'>function.include</a>]: failed to open stream: No such file or directory D:\phpStudy\WWW\webjlcs\JLCS\Home\Controller\OrderController.class.php 第 295 行.
NOTIC: [2] include() [<a href='function.include'>function.include</a>]: Failed opening '/webjlcsThinkPHP/Library/Vendor/phpqrcode/phpqrcode.php' for inclusion (include_path='.;C:\php\pear') D:\phpStudy\WWW\webjlcs\JLCS\Home\Controller\OrderController.class.php 第 295 行.

[ 2018-09-13T17:30:52+08:00 ] ::1 /webjlcs/index.php/Home/Order/checkorder.html
INFO: [ app_init ] --START--
INFO: Run Behavior\BuildLiteBehavior [ RunTime:0.000000s ]
INFO: [ app_init ] --END-- [ RunTime:0.002000s ]
INFO: [ app_begin ] --START--
INFO: Run Behavior\ReadHtmlCacheBehavior [ RunTime:0.001000s ]
INFO: [ app_begin ] --END-- [ RunTime:0.001000s ]
INFO: [ view_parse ] --START--
INFO: [ template_filter ] --START--
INFO: Run Behavior\ContentReplaceBehavior [ RunTime:0.001000s ]
INFO: [ template_filter ] --END-- [ RunTime:0.001000s ]
INFO: Run Behavior\ParseTemplateBehavior [ RunTime:0.022001s ]
INFO: [ view_parse ] --END-- [ RunTime:0.022001s ]
INFO: [ view_filter ] --START--
INFO: Run Behavior\WriteHtmlCacheBehavior [ RunTime:0.001000s ]
INFO: [ view_filter ] --END-- [ RunTime:0.001000s ]
INFO: [ app_end ] --START--
INFO: Run Behavior\ShowPageTraceBehavior [ RunTime:0.020001s ]
INFO: [ app_end ] --END-- [ RunTime:0.020001s ]

[ 2018-09-13T17:30:53+08:00 ] ::1 /webjlcs/index.php/Home/Order/verify
INFO: [ app_init ] --START--
INFO: Run Behavior\BuildLiteBehavior [ RunTime:0.000000s ]
INFO: [ app_init ] --END-- [ RunTime:0.001000s ]
INFO: [ app_begin ] --START--
INFO: Run Behavior\ReadHtmlCacheBehavior [ RunTime:0.002001s ]
INFO: [ app_begin ] --END-- [ RunTime:0.002001s ]
NOTIC: [2] include(/webjlcsThinkPHP/Library/Vendor/phpqrcode/phpqrcode.php) [<a href='function.include'>function.include</a>]: failed to open stream: No such file or directory D:\phpStudy\WWW\webjlcs\JLCS\Home\Controller\OrderController.class.php 第 295 行.
NOTIC: [2] include() [<a href='function.include'>function.include</a>]: Failed opening '/webjlcsThinkPHP/Library/Vendor/phpqrcode/phpqrcode.php' for inclusion (include_path='.;C:\php\pear') D:\phpStudy\WWW\webjlcs\JLCS\Home\Controller\OrderController.class.php 第 295 行.

[ 2018-09-13T17:30:59+08:00 ] ::1 /webjlcs/index.php/Home/User/info
INFO: [ app_init ] --START--
INFO: Run Behavior\BuildLiteBehavior [ RunTime:0.000000s ]
INFO: [ app_init ] --END-- [ RunTime:0.001000s ]
INFO: [ app_begin ] --START--
INFO: Run Behavior\ReadHtmlCacheBehavior [ RunTime:0.003000s ]
INFO: [ app_begin ] --END-- [ RunTime:0.004000s ]
SQL: SHOW COLUMNS FROM `users` [ RunTime:0.0090s ]
SQL: SHOW COLUMNS FROM `orders` [ RunTime:0.0100s ]
SQL: SHOW COLUMNS FROM `owns` [ RunTime:0.0490s ]
SQL: SHOW COLUMNS FROM `user_infos` [ RunTime:0.0110s ]
SQL: SELECT * FROM `users` WHERE `name` = 'admintong' LIMIT 1   [ RunTime:0.0010s ]
SQL: SELECT * FROM `user_infos` WHERE `user_id` = 1 LIMIT 1   [ RunTime:0.0010s ]
SQL: SELECT * FROM `owns` WHERE `user_id` = 1  [ RunTime:0.0010s ]
SQL: SELECT * FROM `orders` WHERE `user_id` = 1  [ RunTime:0.0010s ]
NOTIC: [2] Missing argument 1 for Think\Controller::show(), called in D:\phpStudy\WWW\webjlcs\JLCS\Home\Controller\UserController.class.php on line 160 and defined D:\phpStudy\WWW\webjlcs\ThinkPHP\Library\Think\Controller.class.php 第 68 行.
NOTIC: [8] Undefined variable: content D:\phpStudy\WWW\webjlcs\ThinkPHP\Library\Think\Controller.class.php 第 69 行.
INFO: [ view_parse ] --START--
INFO: [ template_filter ] --START--
INFO: Run Behavior\ContentReplaceBehavior [ RunTime:0.000000s ]
INFO: [ template_filter ] --END-- [ RunTime:0.000000s ]
INFO: Run Behavior\ParseTemplateBehavior [ RunTime:0.031002s ]
INFO: [ view_parse ] --END-- [ RunTime:0.031002s ]
INFO: [ view_filter ] --START--
INFO: Run Behavior\WriteHtmlCacheBehavior [ RunTime:0.001000s ]
INFO: [ view_filter ] --END-- [ RunTime:0.001000s ]
INFO: [ app_end ] --START--
INFO: Run Behavior\ShowPageTraceBehavior [ RunTime:0.002000s ]
INFO: [ app_end ] --END-- [ RunTime:0.002000s ]

[ 2018-09-13T17:31:14+08:00 ] ::1 /webjlcs/index.php/Home/User/info
INFO: [ app_init ] --START--
INFO: Run Behavior\BuildLiteBehavior [ RunTime:0.000000s ]
INFO: [ app_init ] --END-- [ RunTime:0.001000s ]
INFO: [ app_begin ] --START--
INFO: Run Behavior\ReadHtmlCacheBehavior [ RunTime:0.005000s ]
INFO: [ app_begin ] --END-- [ RunTime:0.006000s ]
SQL: SHOW COLUMNS FROM `users` [ RunTime:0.0210s ]
SQL: SHOW COLUMNS FROM `orders` [ RunTime:0.0090s ]
SQL: SHOW COLUMNS FROM `owns` [ RunTime:0.0080s ]
SQL: SHOW COLUMNS FROM `user_infos` [ RunTime:0.0140s ]
SQL: SELECT * FROM `users` WHERE `name` = 'admintong' LIMIT 1   [ RunTime:0.0010s ]
SQL: SELECT * FROM `user_infos` WHERE `user_id` = 1 LIMIT 1   [ RunTime:0.0000s ]
SQL: SELECT * FROM `owns` WHERE `user_id` = 1  [ RunTime:0.0000s ]
SQL: SELECT * FROM `orders` WHERE `user_id` = 1  [ RunTime:0.0000s ]
NOTIC: [2] Missing argument 1 for Think\Controller::show(), called in D:\phpStudy\WWW\webjlcs\JLCS\Home\Controller\UserController.class.php on line 160 and defined D:\phpStudy\WWW\webjlcs\ThinkPHP\Library\Think\Controller.class.php 第 68 行.
NOTIC: [8] Undefined variable: content D:\phpStudy\WWW\webjlcs\ThinkPHP\Library\Think\Controller.class.php 第 69 行.
INFO: [ view_parse ] --START--
INFO: [ template_filter ] --START--
INFO: Run Behavior\ContentReplaceBehavior [ RunTime:0.001000s ]
INFO: [ template_filter ] --END-- [ RunTime:0.001000s ]
INFO: Run Behavior\ParseTemplateBehavior [ RunTime:0.030002s ]
INFO: [ view_parse ] --END-- [ RunTime:0.030002s ]
INFO: [ view_filter ] --START--
INFO: Run Behavior\WriteHtmlCacheBehavior [ RunTime:0.001000s ]
INFO: [ view_filter ] --END-- [ RunTime:0.002000s ]
INFO: [ app_end ] --START--
INFO: Run Behavior\ShowPageTraceBehavior [ RunTime:0.018001s ]
INFO: [ app_end ] --END-- [ RunTime:0.019001s ]

[ 2018-09-13T17:31:38+08:00 ] ::1 /webjlcs/index.php/Home/User/info
INFO: [ app_init ] --START--
INFO: Run Behavior\BuildLiteBehavior [ RunTime:0.000000s ]
INFO: [ app_init ] --END-- [ RunTime:0.001000s ]
INFO: [ app_begin ] --START--
INFO: Run Behavior\ReadHtmlCacheBehavior [ RunTime:0.002000s ]
INFO: [ app_begin ] --END-- [ RunTime:0.002000s ]
SQL: SHOW COLUMNS FROM `users` [ RunTime:0.0080s ]
SQL: SHOW COLUMNS FROM `orders` [ RunTime:0.0130s ]
SQL: SHOW COLUMNS FROM `owns` [ RunTime:0.0140s ]
SQL: SHOW COLUMNS FROM `user_infos` [ RunTime:0.0240s ]
SQL: SELECT * FROM `users` WHERE `name` = 'admintong' LIMIT 1   [ RunTime:0.0010s ]
SQL: SELECT * FROM `user_infos` WHERE `user_id` = 1 LIMIT 1   [ RunTime:0.0010s ]
SQL: SELECT * FROM `owns` WHERE `user_id` = 1  [ RunTime:0.0000s ]
SQL: SELECT * FROM `orders` WHERE `user_id` = 1  [ RunTime:0.0010s ]
NOTIC: [2] Missing argument 1 for Think\Controller::show(), called in D:\phpStudy\WWW\webjlcs\JLCS\Home\Controller\UserController.class.php on line 160 and defined D:\phpStudy\WWW\webjlcs\ThinkPHP\Library\Think\Controller.class.php 第 68 行.
NOTIC: [8] Undefined variable: content D:\phpStudy\WWW\webjlcs\ThinkPHP\Library\Think\Controller.class.php 第 69 行.
INFO: [ view_parse ] --START--
INFO: [ template_filter ] --START--
INFO: Run Behavior\ContentReplaceBehavior [ RunTime:0.000000s ]
INFO: [ template_filter ] --END-- [ RunTime:0.000000s ]
INFO: Run Behavior\ParseTemplateBehavior [ RunTime:0.025002s ]
INFO: [ view_parse ] --END-- [ RunTime:0.025002s ]
INFO: [ view_filter ] --START--
INFO: Run Behavior\WriteHtmlCacheBehavior [ RunTime:0.001000s ]
INFO: [ view_filter ] --END-- [ RunTime:0.002000s ]
INFO: [ app_end ] --START--
INFO: Run Behavior\ShowPageTraceBehavior [ RunTime:0.003000s ]
INFO: [ app_end ] --END-- [ RunTime:0.003000s ]

[ 2018-09-13T17:31:44+08:00 ] ::1 /webjlcs/index.php/Home/User/info
INFO: [ app_init ] --START--
INFO: Run Behavior\BuildLiteBehavior [ RunTime:0.000000s ]
INFO: [ app_init ] --END-- [ RunTime:0.001000s ]
INFO: [ app_begin ] --START--
INFO: Run Behavior\ReadHtmlCacheBehavior [ RunTime:0.001000s ]
INFO: [ app_begin ] --END-- [ RunTime:0.001000s ]
SQL: SHOW COLUMNS FROM `users` [ RunTime:0.0100s ]
SQL: SHOW COLUMNS FROM `orders` [ RunTime:0.0100s ]
SQL: SHOW COLUMNS FROM `owns` [ RunTime:0.0100s ]
SQL: SHOW COLUMNS FROM `user_infos` [ RunTime:0.0090s ]
SQL: SELECT * FROM `users` WHERE `name` = 'admintong' LIMIT 1   [ RunTime:0.0020s ]
SQL: SELECT * FROM `user_infos` WHERE `user_id` = 1 LIMIT 1   [ RunTime:0.0020s ]
SQL: SELECT * FROM `owns` WHERE `user_id` = 1  [ RunTime:0.0000s ]
SQL: SELECT * FROM `orders` WHERE `user_id` = 1  [ RunTime:0.0000s ]
NOTIC: [2] Missing argument 1 for Think\Controller::show(), called in D:\phpStudy\WWW\webjlcs\JLCS\Home\Controller\UserController.class.php on line 160 and defined D:\phpStudy\WWW\webjlcs\ThinkPHP\Library\Think\Controller.class.php 第 68 行.
NOTIC: [8] Undefined variable: content D:\phpStudy\WWW\webjlcs\ThinkPHP\Library\Think\Controller.class.php 第 69 行.
INFO: [ view_parse ] --START--
INFO: [ template_filter ] --START--
INFO: Run Behavior\ContentReplaceBehavior [ RunTime:0.000000s ]
INFO: [ template_filter ] --END-- [ RunTime:0.000000s ]
INFO: Run Behavior\ParseTemplateBehavior [ RunTime:0.037002s ]
INFO: [ view_parse ] --END-- [ RunTime:0.037002s ]
INFO: [ view_filter ] --START--
INFO: Run Behavior\WriteHtmlCacheBehavior [ RunTime:0.001000s ]
INFO: [ view_filter ] --END-- [ RunTime:0.002001s ]
INFO: [ app_end ] --START--
INFO: Run Behavior\ShowPageTraceBehavior [ RunTime:0.009000s ]
INFO: [ app_end ] --END-- [ RunTime:0.010000s ]

[ 2018-09-13T17:31:45+08:00 ] ::1 /webjlcs/index.php/Home/User/info
INFO: [ app_init ] --START--
INFO: Run Behavior\BuildLiteBehavior [ RunTime:0.000000s ]
INFO: [ app_init ] --END-- [ RunTime:0.001000s ]
INFO: [ app_begin ] --START--
INFO: Run Behavior\ReadHtmlCacheBehavior [ RunTime:0.001000s ]
INFO: [ app_begin ] --END-- [ RunTime:0.001000s ]
SQL: SHOW COLUMNS FROM `users` [ RunTime:0.0090s ]
SQL: SHOW COLUMNS FROM `orders` [ RunTime:0.0080s ]
SQL: SHOW COLUMNS FROM `owns` [ RunTime:0.0080s ]
SQL: SHOW COLUMNS FROM `user_infos` [ RunTime:0.0080s ]
SQL: SELECT * FROM `users` WHERE `name` = 'admintong' LIMIT 1   [ RunTime:0.0010s ]
SQL: SELECT * FROM `user_infos` WHERE `user_id` = 1 LIMIT 1   [ RunTime:0.0000s ]
SQL: SELECT * FROM `owns` WHERE `user_id` = 1  [ RunTime:0.0020s ]
SQL: SELECT * FROM `orders` WHERE `user_id` = 1  [ RunTime:0.0010s ]
NOTIC: [2] Missing argument 1 for Think\Controller::show(), called in D:\phpStudy\WWW\webjlcs\JLCS\Home\Controller\UserController.class.php on line 160 and defined D:\phpStudy\WWW\webjlcs\ThinkPHP\Library\Think\Controller.class.php 第 68 行.
NOTIC: [8] Undefined variable: content D:\phpStudy\WWW\webjlcs\ThinkPHP\Library\Think\Controller.class.php 第 69 行.
INFO: [ view_parse ] --START--
INFO: [ template_filter ] --START--
INFO: Run Behavior\ContentReplaceBehavior [ RunTime:0.000000s ]
INFO: [ template_filter ] --END-- [ RunTime:0.000000s ]
INFO: Run Behavior\ParseTemplateBehavior [ RunTime:0.028001s ]
INFO: [ view_parse ] --END-- [ RunTime:0.028001s ]
INFO: [ view_filter ] --START--
INFO: Run Behavior\WriteHtmlCacheBehavior [ RunTime:0.002000s ]
INFO: [ view_filter ] --END-- [ RunTime:0.002000s ]
INFO: [ app_end ] --START--
INFO: Run Behavior\ShowPageTraceBehavior [ RunTime:0.003001s ]
INFO: [ app_end ] --END-- [ RunTime:0.004001s ]

[ 2018-09-13T17:32:31+08:00 ] ::1 /webjlcs/index.php/Home/User/info
INFO: [ app_init ] --START--
INFO: Run Behavior\BuildLiteBehavior [ RunTime:0.000000s ]
INFO: [ app_init ] --END-- [ RunTime:0.001000s ]
INFO: [ app_begin ] --START--
INFO: Run Behavior\ReadHtmlCacheBehavior [ RunTime:0.001000s ]
INFO: [ app_begin ] --END-- [ RunTime:0.001000s ]
SQL: SHOW COLUMNS FROM `users` [ RunTime:0.0090s ]
SQL: SHOW COLUMNS FROM `orders` [ RunTime:0.0090s ]
SQL: SHOW COLUMNS FROM `owns` [ RunTime:0.0080s ]
SQL: SHOW COLUMNS FROM `user_infos` [ RunTime:0.0090s ]
SQL: SELECT * FROM `users` WHERE `name` = 'admintong' LIMIT 1   [ RunTime:0.0010s ]
SQL: SELECT * FROM `user_infos` WHERE `user_id` = 1 LIMIT 1   [ RunTime:0.0010s ]
SQL: SELECT * FROM `owns` WHERE `user_id` = 1  [ RunTime:0.0000s ]
SQL: SELECT * FROM `orders` WHERE `user_id` = 1  [ RunTime:0.0010s ]
NOTIC: [2] Missing argument 1 for Think\Controller::show(), called in D:\phpStudy\WWW\webjlcs\JLCS\Home\Controller\UserController.class.php on line 160 and defined D:\phpStudy\WWW\webjlcs\ThinkPHP\Library\Think\Controller.class.php 第 68 行.
NOTIC: [8] Undefined variable: content D:\phpStudy\WWW\webjlcs\ThinkPHP\Library\Think\Controller.class.php 第 69 行.
INFO: [ view_parse ] --START--
INFO: [ template_filter ] --START--
INFO: Run Behavior\ContentReplaceBehavior [ RunTime:0.000000s ]
INFO: [ template_filter ] --END-- [ RunTime:0.000000s ]
INFO: Run Behavior\ParseTemplateBehavior [ RunTime:0.030002s ]
INFO: [ view_parse ] --END-- [ RunTime:0.030002s ]
INFO: [ view_filter ] --START--
INFO: Run Behavior\WriteHtmlCacheBehavior [ RunTime:0.001000s ]
INFO: [ view_filter ] --END-- [ RunTime:0.001000s ]
INFO: [ app_end ] --START--
INFO: Run Behavior\ShowPageTraceBehavior [ RunTime:0.003000s ]
INFO: [ app_end ] --END-- [ RunTime:0.003000s ]

[ 2018-09-13T17:32:32+08:00 ] ::1 /webjlcs/index.php/Home/User/info
INFO: [ app_init ] --START--
INFO: Run Behavior\BuildLiteBehavior [ RunTime:0.001001s ]
INFO: [ app_init ] --END-- [ RunTime:0.001001s ]
INFO: [ app_begin ] --START--
INFO: Run Behavior\ReadHtmlCacheBehavior [ RunTime:0.001000s ]
INFO: [ app_begin ] --END-- [ RunTime:0.001000s ]
SQL: SHOW COLUMNS FROM `users` [ RunTime:0.0080s ]
SQL: SHOW COLUMNS FROM `orders` [ RunTime:0.0080s ]
SQL: SHOW COLUMNS FROM `owns` [ RunTime:0.0080s ]
SQL: SHOW COLUMNS FROM `user_infos` [ RunTime:0.0080s ]
SQL: SELECT * FROM `users` WHERE `name` = 'admintong' LIMIT 1   [ RunTime:0.0010s ]
SQL: SELECT * FROM `user_infos` WHERE `user_id` = 1 LIMIT 1   [ RunTime:0.0010s ]
SQL: SELECT * FROM `owns` WHERE `user_id` = 1  [ RunTime:0.0010s ]
SQL: SELECT * FROM `orders` WHERE `user_id` = 1  [ RunTime:0.0010s ]
NOTIC: [2] Missing argument 1 for Think\Controller::show(), called in D:\phpStudy\WWW\webjlcs\JLCS\Home\Controller\UserController.class.php on line 160 and defined D:\phpStudy\WWW\webjlcs\ThinkPHP\Library\Think\Controller.class.php 第 68 行.
NOTIC: [8] Undefined variable: content D:\phpStudy\WWW\webjlcs\ThinkPHP\Library\Think\Controller.class.php 第 69 行.
INFO: [ view_parse ] --START--
INFO: [ template_filter ] --START--
INFO: Run Behavior\ContentReplaceBehavior [ RunTime:0.001000s ]
INFO: [ template_filter ] --END-- [ RunTime:0.001000s ]
INFO: Run Behavior\ParseTemplateBehavior [ RunTime:0.026002s ]
INFO: [ view_parse ] --END-- [ RunTime:0.026002s ]
INFO: [ view_filter ] --START--
INFO: Run Behavior\WriteHtmlCacheBehavior [ RunTime:0.001000s ]
INFO: [ view_filter ] --END-- [ RunTime:0.001000s ]
INFO: [ app_end ] --START--
INFO: Run Behavior\ShowPageTraceBehavior [ RunTime:0.002000s ]
INFO: [ app_end ] --END-- [ RunTime:0.002000s ]

[ 2018-09-13T17:32:34+08:00 ] ::1 /webjlcs/index.php/Home/User/info
INFO: [ app_init ] --START--
INFO: Run Behavior\BuildLiteBehavior [ RunTime:0.000000s ]
INFO: [ app_init ] --END-- [ RunTime:0.001000s ]
INFO: [ app_begin ] --START--
INFO: Run Behavior\ReadHtmlCacheBehavior [ RunTime:0.001000s ]
INFO: [ app_begin ] --END-- [ RunTime:0.001000s ]
SQL: SHOW COLUMNS FROM `users` [ RunTime:0.0080s ]
SQL: SHOW COLUMNS FROM `orders` [ RunTime:0.0080s ]
SQL: SHOW COLUMNS FROM `owns` [ RunTime:0.0080s ]
SQL: SHOW COLUMNS FROM `user_infos` [ RunTime:0.0090s ]
SQL: SELECT * FROM `users` WHERE `name` = 'admintong' LIMIT 1   [ RunTime:0.0070s ]
SQL: SELECT * FROM `user_infos` WHERE `user_id` = 1 LIMIT 1   [ RunTime:0.0010s ]
SQL: SELECT * FROM `owns` WHERE `user_id` = 1  [ RunTime:0.0030s ]
SQL: SELECT * FROM `orders` WHERE `user_id` = 1  [ RunTime:0.0030s ]
NOTIC: [2] Missing argument 1 for Think\Controller::show(), called in D:\phpStudy\WWW\webjlcs\JLCS\Home\Controller\UserController.class.php on line 160 and defined D:\phpStudy\WWW\webjlcs\ThinkPHP\Library\Think\Controller.class.php 第 68 行.
NOTIC: [8] Undefined variable: content D:\phpStudy\WWW\webjlcs\ThinkPHP\Library\Think\Controller.class.php 第 69 行.
INFO: [ view_parse ] --START--
INFO: [ template_filter ] --START--
INFO: Run Behavior\ContentReplaceBehavior [ RunTime:0.000000s ]
INFO: [ template_filter ] --END-- [ RunTime:0.000000s ]
INFO: Run Behavior\ParseTemplateBehavior [ RunTime:0.026002s ]
INFO: [ view_parse ] --END-- [ RunTime:0.026002s ]
INFO: [ view_filter ] --START--
INFO: Run Behavior\WriteHtmlCacheBehavior [ RunTime:0.001000s ]
INFO: [ view_filter ] --END-- [ RunTime:0.001000s ]
INFO: [ app_end ] --START--
INFO: Run Behavior\ShowPageTraceBehavior [ RunTime:0.001000s ]
INFO: [ app_end ] --END-- [ RunTime:0.001000s ]

