[ 2018-10-08T13:51:39+08:00 ] ::1 /webjlcs/JLAdmin/Index/index.html
INFO: [ app_init ] --START--
INFO: Run Behavior\BuildLiteBehavior [ RunTime:0.000000s ]
INFO: [ app_init ] --END-- [ RunTime:0.001000s ]
INFO: [ app_begin ] --START--
INFO: Run Behavior\ReadHtmlCacheBehavior [ RunTime:0.000000s ]
INFO: [ app_begin ] --END-- [ RunTime:0.000000s ]
SQL: SHOW COLUMNS FROM `users` [ RunTime:0.0186s ]
SQL: SELECT * FROM `users` WHERE `name` = 'admintong' AND `level` = 1 LIMIT 1   [ RunTime:0.0010s ]
INFO: [ view_parse ] --START--
INFO: [ template_filter ] --START--
INFO: Run Behavior\ContentReplaceBehavior [ RunTime:0.000000s ]
INFO: [ template_filter ] --END-- [ RunTime:0.000000s ]
INFO: Run Behavior\ParseTemplateBehavior [ RunTime:0.114200s ]
INFO: [ view_parse ] --END-- [ RunTime:0.114200s ]
INFO: [ view_filter ] --START--
INFO: Run Behavior\WriteHtmlCacheBehavior [ RunTime:0.001000s ]
INFO: [ view_filter ] --END-- [ RunTime:0.001000s ]
INFO: [ app_end ] --START--
INFO: Run Behavior\ShowPageTraceBehavior [ RunTime:0.001001s ]
INFO: [ app_end ] --END-- [ RunTime:0.002001s ]

[ 2018-10-08T13:51:39+08:00 ] ::1 /webjlcs/JLAdmin/Index/left.html
INFO: [ app_init ] --START--
INFO: Run Behavior\BuildLiteBehavior [ RunTime:0.000000s ]
INFO: [ app_init ] --END-- [ RunTime:0.001000s ]
INFO: [ app_begin ] --START--
INFO: Run Behavior\ReadHtmlCacheBehavior [ RunTime:0.002000s ]
INFO: [ app_begin ] --END-- [ RunTime:0.002000s ]
INFO: [ view_parse ] --START--
INFO: [ template_filter ] --START--
INFO: Run Behavior\ContentReplaceBehavior [ RunTime:0.000000s ]
INFO: [ template_filter ] --END-- [ RunTime:0.001000s ]
INFO: Run Behavior\ParseTemplateBehavior [ RunTime:0.018001s ]
INFO: [ view_parse ] --END-- [ RunTime:0.020001s ]
INFO: [ view_filter ] --START--
INFO: Run Behavior\WriteHtmlCacheBehavior [ RunTime:0.002000s ]
INFO: [ view_filter ] --END-- [ RunTime:0.002000s ]
INFO: [ app_end ] --START--
INFO: Run Behavior\ShowPageTraceBehavior [ RunTime:0.003000s ]
INFO: [ app_end ] --END-- [ RunTime:0.003000s ]

[ 2018-10-08T13:51:39+08:00 ] ::1 /webjlcs/JLAdmin/Index/swich.html
INFO: [ app_init ] --START--
INFO: Run Behavior\BuildLiteBehavior [ RunTime:0.000000s ]
INFO: [ app_init ] --END-- [ RunTime:0.001000s ]
INFO: [ app_begin ] --START--
INFO: Run Behavior\ReadHtmlCacheBehavior [ RunTime:0.002000s ]
INFO: [ app_begin ] --END-- [ RunTime:0.002000s ]
INFO: [ view_parse ] --START--
INFO: [ template_filter ] --START--
INFO: Run Behavior\ContentReplaceBehavior [ RunTime:0.000000s ]
INFO: [ template_filter ] --END-- [ RunTime:0.001000s ]
INFO: Run Behavior\ParseTemplateBehavior [ RunTime:0.039002s ]
INFO: [ view_parse ] --END-- [ RunTime:0.040002s ]
INFO: [ view_filter ] --START--
INFO: Run Behavior\WriteHtmlCacheBehavior [ RunTime:0.001000s ]
INFO: [ view_filter ] --END-- [ RunTime:0.001000s ]
INFO: [ app_end ] --START--
INFO: Run Behavior\ShowPageTraceBehavior [ RunTime:0.002000s ]
INFO: [ app_end ] --END-- [ RunTime:0.002000s ]

[ 2018-10-08T13:51:39+08:00 ] ::1 /webjlcs/JLAdmin/Index/top.html
INFO: [ app_init ] --START--
INFO: Run Behavior\BuildLiteBehavior [ RunTime:0.000000s ]
INFO: [ app_init ] --END-- [ RunTime:0.001000s ]
INFO: [ app_begin ] --START--
INFO: Run Behavior\ReadHtmlCacheBehavior [ RunTime:0.002000s ]
INFO: [ app_begin ] --END-- [ RunTime:0.002000s ]
INFO: [ view_parse ] --START--
INFO: [ template_filter ] --START--
INFO: Run Behavior\ContentReplaceBehavior [ RunTime:0.001000s ]
INFO: [ template_filter ] --END-- [ RunTime:0.001000s ]
NOTIC: [8] Use of undefined constant logout - assumed 'logout' D:\phpStudy\WWW\webjlcs\JLCS\Runtime\Cache\JLAdmin\e38de5da37c67f63ba89a57defdf5459.php 第 20 行.
NOTIC: [8] Use of undefined constant url - assumed 'url' D:\phpStudy\WWW\webjlcs\JLCS\Runtime\Cache\JLAdmin\e38de5da37c67f63ba89a57defdf5459.php 第 22 行.
INFO: Run Behavior\ParseTemplateBehavior [ RunTime:0.034002s ]
INFO: [ view_parse ] --END-- [ RunTime:0.034002s ]
INFO: [ view_filter ] --START--
INFO: Run Behavior\WriteHtmlCacheBehavior [ RunTime:0.001000s ]
INFO: [ view_filter ] --END-- [ RunTime:0.001000s ]
INFO: [ app_end ] --START--
INFO: Run Behavior\ShowPageTraceBehavior [ RunTime:0.002001s ]
INFO: [ app_end ] --END-- [ RunTime:0.002001s ]

[ 2018-10-08T13:51:39+08:00 ] ::1 /webjlcs/JLAdmin/Index/bottom.html
INFO: [ app_init ] --START--
INFO: Run Behavior\BuildLiteBehavior [ RunTime:0.000000s ]
INFO: [ app_init ] --END-- [ RunTime:0.003000s ]
INFO: [ app_begin ] --START--
INFO: Run Behavior\ReadHtmlCacheBehavior [ RunTime:0.001000s ]
INFO: [ app_begin ] --END-- [ RunTime:0.002000s ]
INFO: [ view_parse ] --START--
INFO: [ template_filter ] --START--
INFO: Run Behavior\ContentReplaceBehavior [ RunTime:0.000000s ]
INFO: [ template_filter ] --END-- [ RunTime:0.000000s ]
INFO: Run Behavior\ParseTemplateBehavior [ RunTime:0.049003s ]
INFO: [ view_parse ] --END-- [ RunTime:0.050003s ]
INFO: [ view_filter ] --START--
INFO: Run Behavior\WriteHtmlCacheBehavior [ RunTime:0.001000s ]
INFO: [ view_filter ] --END-- [ RunTime:0.001000s ]
INFO: [ app_end ] --START--
INFO: Run Behavior\ShowPageTraceBehavior [ RunTime:0.003000s ]
INFO: [ app_end ] --END-- [ RunTime:0.003000s ]

[ 2018-10-08T13:51:39+08:00 ] ::1 /webjlcs/JLAdmin/Index/main.html
INFO: [ app_init ] --START--
INFO: Run Behavior\BuildLiteBehavior [ RunTime:0.000000s ]
INFO: [ app_init ] --END-- [ RunTime:0.001001s ]
INFO: [ app_begin ] --START--
INFO: Run Behavior\ReadHtmlCacheBehavior [ RunTime:0.003000s ]
INFO: [ app_begin ] --END-- [ RunTime:0.003000s ]
INFO: [ view_parse ] --START--
INFO: [ template_filter ] --START--
INFO: Run Behavior\ContentReplaceBehavior [ RunTime:0.000000s ]
INFO: [ template_filter ] --END-- [ RunTime:0.000000s ]
NOTIC: [8] Undefined variable: name D:\phpStudy\WWW\webjlcs\JLCS\Runtime\Cache\JLAdmin\0d2f879114be03815490c299b5985a91.php 第 30 行.
INFO: Run Behavior\ParseTemplateBehavior [ RunTime:0.134008s ]
INFO: [ view_parse ] --END-- [ RunTime:0.134008s ]
INFO: [ view_filter ] --START--
INFO: Run Behavior\WriteHtmlCacheBehavior [ RunTime:0.001000s ]
INFO: [ view_filter ] --END-- [ RunTime:0.001000s ]
INFO: [ app_end ] --START--
INFO: Run Behavior\ShowPageTraceBehavior [ RunTime:0.001000s ]
INFO: [ app_end ] --END-- [ RunTime:0.001000s ]

[ 2018-10-08T13:51:40+08:00 ] ::1 /webjlcs/JLAdmin/Index/include/images/main/bottombg.jpg
INFO: [ app_init ] --START--
INFO: Run Behavior\BuildLiteBehavior [ RunTime:0.000000s ]
INFO: [ app_init ] --END-- [ RunTime:0.004001s ]

[ 2018-10-08T13:51:40+08:00 ] ::1 /webjlcs/JLAdmin/Index/include/images/favicon.ico
INFO: [ app_init ] --START--
INFO: Run Behavior\BuildLiteBehavior [ RunTime:0.000000s ]
INFO: [ app_init ] --END-- [ RunTime:0.001001s ]

[ 2018-10-08T13:51:48+08:00 ] ::1 /webjlcs/JLAdmin/Article/index.html
INFO: [ app_init ] --START--
INFO: Run Behavior\BuildLiteBehavior [ RunTime:0.000000s ]
INFO: [ app_init ] --END-- [ RunTime:0.001000s ]
INFO: [ app_begin ] --START--
INFO: Run Behavior\ReadHtmlCacheBehavior [ RunTime:0.002001s ]
INFO: [ app_begin ] --END-- [ RunTime:0.002001s ]
SQL: SHOW COLUMNS FROM `articles` [ RunTime:0.0156s ]
SQL: SHOW COLUMNS FROM `article_assorts` [ RunTime:0.0312s ]
SQL: SELECT * FROM `articles` LIMIT 0,8   [ RunTime:0.0156s ]
SQL: SELECT COUNT(*) AS tp_count FROM `articles` LIMIT 1   [ RunTime:0.0000s ]
SQL: SELECT * FROM `article_assorts` WHERE `id` = 3 LIMIT 1   [ RunTime:0.0000s ]
SQL: SELECT * FROM `article_assorts` WHERE `id` = 1 LIMIT 1   [ RunTime:0.0000s ]
SQL: SELECT * FROM `article_assorts` WHERE `id` = 1 LIMIT 1   [ RunTime:0.0000s ]
SQL: SELECT * FROM `article_assorts` WHERE `id` = 2 LIMIT 1   [ RunTime:0.0000s ]
SQL: SELECT * FROM `article_assorts` WHERE `id` = 2 LIMIT 1   [ RunTime:0.0000s ]
SQL: SELECT * FROM `article_assorts` WHERE `id` = 5 LIMIT 1   [ RunTime:0.0000s ]
SQL: SELECT * FROM `article_assorts` WHERE `id` = 5 LIMIT 1   [ RunTime:0.0156s ]
SQL: SELECT * FROM `article_assorts` WHERE `id` = 1 LIMIT 1   [ RunTime:0.0000s ]
NOTIC: [2] Missing argument 1 for Think\Controller::show(), called in D:\phpStudy\WWW\webjlcs\JLCS\JLAdmin\Controller\ArticleController.class.php on line 27 and defined D:\phpStudy\WWW\webjlcs\ThinkPHP\Library\Think\Controller.class.php 第 68 行.
NOTIC: [8] Undefined variable: content D:\phpStudy\WWW\webjlcs\ThinkPHP\Library\Think\Controller.class.php 第 69 行.
INFO: [ view_parse ] --START--
INFO: [ template_filter ] --START--
INFO: Run Behavior\ContentReplaceBehavior [ RunTime:0.000000s ]
INFO: [ template_filter ] --END-- [ RunTime:0.000000s ]
NOTIC: [8] Undefined variable: keyword D:\phpStudy\WWW\webjlcs\JLCS\Runtime\Cache\JLAdmin\76d6eeef77a4648700e1ff4e2637f9be.php 第 59 行.
NOTIC: [8] Use of undefined constant add - assumed 'add' D:\phpStudy\WWW\webjlcs\JLCS\Runtime\Cache\JLAdmin\76d6eeef77a4648700e1ff4e2637f9be.php 第 63 行.
NOTIC: [8] Use of undefined constant edit - assumed 'edit' D:\phpStudy\WWW\webjlcs\JLCS\Runtime\Cache\JLAdmin\76d6eeef77a4648700e1ff4e2637f9be.php 第 100 行.
NOTIC: [8] Use of undefined constant del - assumed 'del' D:\phpStudy\WWW\webjlcs\JLCS\Runtime\Cache\JLAdmin\76d6eeef77a4648700e1ff4e2637f9be.php 第 100 行.
NOTIC: [8] Use of undefined constant edit - assumed 'edit' D:\phpStudy\WWW\webjlcs\JLCS\Runtime\Cache\JLAdmin\76d6eeef77a4648700e1ff4e2637f9be.php 第 100 行.
NOTIC: [8] Use of undefined constant del - assumed 'del' D:\phpStudy\WWW\webjlcs\JLCS\Runtime\Cache\JLAdmin\76d6eeef77a4648700e1ff4e2637f9be.php 第 100 行.
NOTIC: [8] Use of undefined constant edit - assumed 'edit' D:\phpStudy\WWW\webjlcs\JLCS\Runtime\Cache\JLAdmin\76d6eeef77a4648700e1ff4e2637f9be.php 第 100 行.
NOTIC: [8] Use of undefined constant del - assumed 'del' D:\phpStudy\WWW\webjlcs\JLCS\Runtime\Cache\JLAdmin\76d6eeef77a4648700e1ff4e2637f9be.php 第 100 行.
NOTIC: [8] Use of undefined constant edit - assumed 'edit' D:\phpStudy\WWW\webjlcs\JLCS\Runtime\Cache\JLAdmin\76d6eeef77a4648700e1ff4e2637f9be.php 第 100 行.
NOTIC: [8] Use of undefined constant del - assumed 'del' D:\phpStudy\WWW\webjlcs\JLCS\Runtime\Cache\JLAdmin\76d6eeef77a4648700e1ff4e2637f9be.php 第 100 行.
NOTIC: [8] Use of undefined constant edit - assumed 'edit' D:\phpStudy\WWW\webjlcs\JLCS\Runtime\Cache\JLAdmin\76d6eeef77a4648700e1ff4e2637f9be.php 第 100 行.
NOTIC: [8] Use of undefined constant del - assumed 'del' D:\phpStudy\WWW\webjlcs\JLCS\Runtime\Cache\JLAdmin\76d6eeef77a4648700e1ff4e2637f9be.php 第 100 行.
NOTIC: [8] Use of undefined constant edit - assumed 'edit' D:\phpStudy\WWW\webjlcs\JLCS\Runtime\Cache\JLAdmin\76d6eeef77a4648700e1ff4e2637f9be.php 第 100 行.
NOTIC: [8] Use of undefined constant del - assumed 'del' D:\phpStudy\WWW\webjlcs\JLCS\Runtime\Cache\JLAdmin\76d6eeef77a4648700e1ff4e2637f9be.php 第 100 行.
NOTIC: [8] Use of undefined constant edit - assumed 'edit' D:\phpStudy\WWW\webjlcs\JLCS\Runtime\Cache\JLAdmin\76d6eeef77a4648700e1ff4e2637f9be.php 第 100 行.
NOTIC: [8] Use of undefined constant del - assumed 'del' D:\phpStudy\WWW\webjlcs\JLCS\Runtime\Cache\JLAdmin\76d6eeef77a4648700e1ff4e2637f9be.php 第 100 行.
NOTIC: [8] Use of undefined constant edit - assumed 'edit' D:\phpStudy\WWW\webjlcs\JLCS\Runtime\Cache\JLAdmin\76d6eeef77a4648700e1ff4e2637f9be.php 第 100 行.
NOTIC: [8] Use of undefined constant del - assumed 'del' D:\phpStudy\WWW\webjlcs\JLCS\Runtime\Cache\JLAdmin\76d6eeef77a4648700e1ff4e2637f9be.php 第 100 行.
INFO: Run Behavior\ParseTemplateBehavior [ RunTime:0.015600s ]
INFO: [ view_parse ] --END-- [ RunTime:0.015600s ]
INFO: [ view_filter ] --START--
INFO: Run Behavior\WriteHtmlCacheBehavior [ RunTime:0.000000s ]
INFO: [ view_filter ] --END-- [ RunTime:0.000000s ]
INFO: [ app_end ] --START--
INFO: Run Behavior\ShowPageTraceBehavior [ RunTime:0.000000s ]
INFO: [ app_end ] --END-- [ RunTime:0.000000s ]

[ 2018-10-08T13:51:48+08:00 ] ::1 /webjlcs/JLAdmin/Article/css/css.css
INFO: [ app_init ] --START--
INFO: Run Behavior\BuildLiteBehavior [ RunTime:0.000000s ]
INFO: [ app_init ] --END-- [ RunTime:0.001000s ]
INFO: [ app_begin ] --START--
INFO: Run Behavior\ReadHtmlCacheBehavior [ RunTime:0.001000s ]
INFO: [ app_begin ] --END-- [ RunTime:0.001000s ]
ERR: 非法操作:css

[ 2018-10-08T13:51:48+08:00 ] ::1 /webjlcs/JLAdmin/Article/images/main/add.jpg
INFO: [ app_init ] --START--
INFO: Run Behavior\BuildLiteBehavior [ RunTime:0.000000s ]
INFO: [ app_init ] --END-- [ RunTime:0.003000s ]

[ 2018-10-08T13:51:48+08:00 ] ::1 /webjlcs/JLAdmin/Article/images/main/list_input.jpg
INFO: [ app_init ] --START--
INFO: Run Behavior\BuildLiteBehavior [ RunTime:0.000000s ]
INFO: [ app_init ] --END-- [ RunTime:0.001000s ]

[ 2018-10-08T13:51:48+08:00 ] ::1 /webjlcs/JLAdmin/Article/css/main.css
INFO: [ app_init ] --START--
INFO: Run Behavior\BuildLiteBehavior [ RunTime:0.000000s ]
INFO: [ app_init ] --END-- [ RunTime:0.046002s ]
INFO: [ app_begin ] --START--
INFO: Run Behavior\ReadHtmlCacheBehavior [ RunTime:0.001000s ]
INFO: [ app_begin ] --END-- [ RunTime:0.001000s ]
ERR: 非法操作:css

[ 2018-10-08T13:51:48+08:00 ] ::1 /webjlcs/JLAdmin/Article/images/main/list_bg.jpg
INFO: [ app_init ] --START--
INFO: Run Behavior\BuildLiteBehavior [ RunTime:0.000000s ]
INFO: [ app_init ] --END-- [ RunTime:0.001000s ]

[ 2018-10-08T13:52:08+08:00 ] ::1 /webjlcs/JLAdmin/Assort/index.html
INFO: [ app_init ] --START--
INFO: Run Behavior\BuildLiteBehavior [ RunTime:0.000000s ]
INFO: [ app_init ] --END-- [ RunTime:0.001000s ]
INFO: [ app_begin ] --START--
INFO: Run Behavior\ReadHtmlCacheBehavior [ RunTime:0.001000s ]
INFO: [ app_begin ] --END-- [ RunTime:0.001000s ]
SQL: SHOW COLUMNS FROM `article_assorts` [ RunTime:0.0156s ]
SQL: SHOW COLUMNS FROM `articles` [ RunTime:0.0156s ]
SQL: SHOW COLUMNS FROM `temples` [ RunTime:0.0312s ]
SQL: SELECT * FROM `article_assorts`  [ RunTime:0.0000s ]
SQL: SELECT * FROM `temples`  [ RunTime:0.0000s ]
SQL: SELECT COUNT(*) AS tp_count FROM `articles` WHERE `cat_id` = '1' LIMIT 1   [ RunTime:0.0000s ]
SQL: SELECT COUNT(*) AS tp_count FROM `articles` WHERE `cat_id` = '2' LIMIT 1   [ RunTime:0.0000s ]
SQL: SELECT COUNT(*) AS tp_count FROM `articles` WHERE `cat_id` = '3' LIMIT 1   [ RunTime:0.0000s ]
SQL: SELECT COUNT(*) AS tp_count FROM `articles` WHERE `cat_id` = '4' LIMIT 1   [ RunTime:0.0000s ]
SQL: SELECT COUNT(*) AS tp_count FROM `articles` WHERE `cat_id` = '5' LIMIT 1   [ RunTime:0.0000s ]
SQL: SELECT COUNT(*) AS tp_count FROM `articles` WHERE `cat_id` = '7' LIMIT 1   [ RunTime:0.0000s ]
SQL: SELECT COUNT(*) AS tp_count FROM `articles` WHERE `cat_id` = '8' LIMIT 1   [ RunTime:0.0000s ]
SQL: SELECT COUNT(*) AS tp_count FROM `articles` WHERE `cat_id` = '9' LIMIT 1   [ RunTime:0.0000s ]
NOTIC: [2] Missing argument 1 for Think\Controller::show(), called in D:\phpStudy\WWW\webjlcs\JLCS\JLAdmin\Controller\AssortController.class.php on line 18 and defined D:\phpStudy\WWW\webjlcs\ThinkPHP\Library\Think\Controller.class.php 第 68 行.
NOTIC: [8] Undefined variable: content D:\phpStudy\WWW\webjlcs\ThinkPHP\Library\Think\Controller.class.php 第 69 行.
INFO: [ view_parse ] --START--
INFO: [ template_filter ] --START--
INFO: Run Behavior\ContentReplaceBehavior [ RunTime:0.000000s ]
INFO: [ template_filter ] --END-- [ RunTime:0.000000s ]
NOTIC: [8] Undefined variable: keyword D:\phpStudy\WWW\webjlcs\JLCS\Runtime\Cache\JLAdmin\075c13e5d7111521fa5d7456dbc18231.php 第 59 行.
NOTIC: [8] Use of undefined constant add - assumed 'add' D:\phpStudy\WWW\webjlcs\JLCS\Runtime\Cache\JLAdmin\075c13e5d7111521fa5d7456dbc18231.php 第 63 行.
NOTIC: [8] Use of undefined constant edit - assumed 'edit' D:\phpStudy\WWW\webjlcs\JLCS\Runtime\Cache\JLAdmin\075c13e5d7111521fa5d7456dbc18231.php 第 89 行.
NOTIC: [8] Use of undefined constant del - assumed 'del' D:\phpStudy\WWW\webjlcs\JLCS\Runtime\Cache\JLAdmin\075c13e5d7111521fa5d7456dbc18231.php 第 89 行.
NOTIC: [8] Use of undefined constant edit - assumed 'edit' D:\phpStudy\WWW\webjlcs\JLCS\Runtime\Cache\JLAdmin\075c13e5d7111521fa5d7456dbc18231.php 第 89 行.
NOTIC: [8] Use of undefined constant del - assumed 'del' D:\phpStudy\WWW\webjlcs\JLCS\Runtime\Cache\JLAdmin\075c13e5d7111521fa5d7456dbc18231.php 第 89 行.
NOTIC: [8] Use of undefined constant edit - assumed 'edit' D:\phpStudy\WWW\webjlcs\JLCS\Runtime\Cache\JLAdmin\075c13e5d7111521fa5d7456dbc18231.php 第 89 行.
NOTIC: [8] Use of undefined constant del - assumed 'del' D:\phpStudy\WWW\webjlcs\JLCS\Runtime\Cache\JLAdmin\075c13e5d7111521fa5d7456dbc18231.php 第 89 行.
NOTIC: [8] Use of undefined constant edit - assumed 'edit' D:\phpStudy\WWW\webjlcs\JLCS\Runtime\Cache\JLAdmin\075c13e5d7111521fa5d7456dbc18231.php 第 89 行.
NOTIC: [8] Use of undefined constant del - assumed 'del' D:\phpStudy\WWW\webjlcs\JLCS\Runtime\Cache\JLAdmin\075c13e5d7111521fa5d7456dbc18231.php 第 89 行.
NOTIC: [8] Use of undefined constant edit - assumed 'edit' D:\phpStudy\WWW\webjlcs\JLCS\Runtime\Cache\JLAdmin\075c13e5d7111521fa5d7456dbc18231.php 第 89 行.
NOTIC: [8] Use of undefined constant del - assumed 'del' D:\phpStudy\WWW\webjlcs\JLCS\Runtime\Cache\JLAdmin\075c13e5d7111521fa5d7456dbc18231.php 第 89 行.
NOTIC: [8] Use of undefined constant edit - assumed 'edit' D:\phpStudy\WWW\webjlcs\JLCS\Runtime\Cache\JLAdmin\075c13e5d7111521fa5d7456dbc18231.php 第 89 行.
NOTIC: [8] Use of undefined constant del - assumed 'del' D:\phpStudy\WWW\webjlcs\JLCS\Runtime\Cache\JLAdmin\075c13e5d7111521fa5d7456dbc18231.php 第 89 行.
NOTIC: [8] Use of undefined constant edit - assumed 'edit' D:\phpStudy\WWW\webjlcs\JLCS\Runtime\Cache\JLAdmin\075c13e5d7111521fa5d7456dbc18231.php 第 89 行.
NOTIC: [8] Use of undefined constant del - assumed 'del' D:\phpStudy\WWW\webjlcs\JLCS\Runtime\Cache\JLAdmin\075c13e5d7111521fa5d7456dbc18231.php 第 89 行.
NOTIC: [8] Use of undefined constant edit - assumed 'edit' D:\phpStudy\WWW\webjlcs\JLCS\Runtime\Cache\JLAdmin\075c13e5d7111521fa5d7456dbc18231.php 第 89 行.
NOTIC: [8] Use of undefined constant del - assumed 'del' D:\phpStudy\WWW\webjlcs\JLCS\Runtime\Cache\JLAdmin\075c13e5d7111521fa5d7456dbc18231.php 第 89 行.
NOTIC: [8] Undefined variable: page D:\phpStudy\WWW\webjlcs\JLCS\Runtime\Cache\JLAdmin\075c13e5d7111521fa5d7456dbc18231.php 第 94 行.
INFO: Run Behavior\ParseTemplateBehavior [ RunTime:0.031200s ]
INFO: [ view_parse ] --END-- [ RunTime:0.031200s ]
INFO: [ view_filter ] --START--
INFO: Run Behavior\WriteHtmlCacheBehavior [ RunTime:0.001000s ]
INFO: [ view_filter ] --END-- [ RunTime:0.001000s ]
INFO: [ app_end ] --START--
INFO: Run Behavior\ShowPageTraceBehavior [ RunTime:0.000000s ]
INFO: [ app_end ] --END-- [ RunTime:0.000000s ]

[ 2018-10-08T13:52:08+08:00 ] ::1 /webjlcs/JLAdmin/Assort/images/main/add.jpg
INFO: [ app_init ] --START--
INFO: Run Behavior\BuildLiteBehavior [ RunTime:0.000000s ]
INFO: [ app_init ] --END-- [ RunTime:0.001000s ]

[ 2018-10-08T13:52:08+08:00 ] ::1 /webjlcs/JLAdmin/Assort/css/css.css
INFO: [ app_init ] --START--
INFO: Run Behavior\BuildLiteBehavior [ RunTime:0.000000s ]
INFO: [ app_init ] --END-- [ RunTime:0.000000s ]
INFO: [ app_begin ] --START--
INFO: Run Behavior\ReadHtmlCacheBehavior [ RunTime:0.000000s ]
INFO: [ app_begin ] --END-- [ RunTime:0.000000s ]
ERR: 非法操作:css

[ 2018-10-08T13:52:08+08:00 ] ::1 /webjlcs/JLAdmin/Assort/images/main/list_bg.jpg
INFO: [ app_init ] --START--
INFO: Run Behavior\BuildLiteBehavior [ RunTime:0.000000s ]
INFO: [ app_init ] --END-- [ RunTime:0.005001s ]

[ 2018-10-08T13:52:08+08:00 ] ::1 /webjlcs/JLAdmin/Assort/css/main.css
INFO: [ app_init ] --START--
INFO: Run Behavior\BuildLiteBehavior [ RunTime:0.000000s ]
INFO: [ app_init ] --END-- [ RunTime:0.001000s ]
INFO: [ app_begin ] --START--
INFO: Run Behavior\ReadHtmlCacheBehavior [ RunTime:0.001000s ]
INFO: [ app_begin ] --END-- [ RunTime:0.001000s ]
ERR: 非法操作:css

[ 2018-10-08T13:52:08+08:00 ] ::1 /webjlcs/JLAdmin/Assort/images/main/list_input.jpg
INFO: [ app_init ] --START--
INFO: Run Behavior\BuildLiteBehavior [ RunTime:0.000000s ]
INFO: [ app_init ] --END-- [ RunTime:0.000000s ]

[ 2018-10-08T13:52:18+08:00 ] ::1 /webjlcs/JLAdmin/Assort/add.html
INFO: [ app_init ] --START--
INFO: Run Behavior\BuildLiteBehavior [ RunTime:0.000000s ]
INFO: [ app_init ] --END-- [ RunTime:0.001000s ]
INFO: [ app_begin ] --START--
INFO: Run Behavior\ReadHtmlCacheBehavior [ RunTime:0.000000s ]
INFO: [ app_begin ] --END-- [ RunTime:0.000000s ]
SQL: SHOW COLUMNS FROM `temples` [ RunTime:0.0156s ]
SQL: SELECT * FROM `temples`  [ RunTime:0.0000s ]
NOTIC: [2] Missing argument 1 for Think\Controller::show(), called in D:\phpStudy\WWW\webjlcs\JLCS\JLAdmin\Controller\AssortController.class.php on line 26 and defined D:\phpStudy\WWW\webjlcs\ThinkPHP\Library\Think\Controller.class.php 第 68 行.
NOTIC: [8] Undefined variable: content D:\phpStudy\WWW\webjlcs\ThinkPHP\Library\Think\Controller.class.php 第 69 行.
INFO: [ view_parse ] --START--
INFO: [ template_filter ] --START--
INFO: Run Behavior\ContentReplaceBehavior [ RunTime:0.000000s ]
INFO: [ template_filter ] --END-- [ RunTime:0.000000s ]
INFO: Run Behavior\ParseTemplateBehavior [ RunTime:0.015600s ]
INFO: [ view_parse ] --END-- [ RunTime:0.015600s ]
INFO: [ view_filter ] --START--
INFO: Run Behavior\WriteHtmlCacheBehavior [ RunTime:0.000000s ]
INFO: [ view_filter ] --END-- [ RunTime:0.000000s ]
INFO: [ app_end ] --START--
INFO: Run Behavior\ShowPageTraceBehavior [ RunTime:0.000000s ]
INFO: [ app_end ] --END-- [ RunTime:0.000000s ]

[ 2018-10-08T13:52:18+08:00 ] ::1 /webjlcs/JLAdmin/Assort/css/css.css
INFO: [ app_init ] --START--
INFO: Run Behavior\BuildLiteBehavior [ RunTime:0.000000s ]
INFO: [ app_init ] --END-- [ RunTime:0.003000s ]
INFO: [ app_begin ] --START--
INFO: Run Behavior\ReadHtmlCacheBehavior [ RunTime:0.002000s ]
INFO: [ app_begin ] --END-- [ RunTime:0.002000s ]
ERR: 非法操作:css

[ 2018-10-08T13:52:18+08:00 ] ::1 /webjlcs/JLAdmin/Assort/css/main.css
INFO: [ app_init ] --START--
INFO: Run Behavior\BuildLiteBehavior [ RunTime:0.000000s ]
INFO: [ app_init ] --END-- [ RunTime:0.001000s ]
INFO: [ app_begin ] --START--
INFO: Run Behavior\ReadHtmlCacheBehavior [ RunTime:0.002000s ]
INFO: [ app_begin ] --END-- [ RunTime:0.002000s ]
ERR: 非法操作:css

[ 2018-10-08T13:52:21+08:00 ] ::1 /webjlcs/JLAdmin/Article/add.html
INFO: [ app_init ] --START--
INFO: Run Behavior\BuildLiteBehavior [ RunTime:0.001000s ]
INFO: [ app_init ] --END-- [ RunTime:0.001000s ]
INFO: [ app_begin ] --START--
INFO: Run Behavior\ReadHtmlCacheBehavior [ RunTime:0.002000s ]
INFO: [ app_begin ] --END-- [ RunTime:0.002000s ]
SQL: SHOW COLUMNS FROM `article_assorts` [ RunTime:0.0156s ]
SQL: SHOW COLUMNS FROM `temples` [ RunTime:0.0156s ]
SQL: SELECT * FROM `article_assorts` WHERE `temple` = 1  [ RunTime:0.0000s ]
SQL: SELECT * FROM `temples`  [ RunTime:0.0000s ]
NOTIC: [2] Missing argument 1 for Think\Controller::show(), called in D:\phpStudy\WWW\webjlcs\JLCS\JLAdmin\Controller\ArticleController.class.php on line 38 and defined D:\phpStudy\WWW\webjlcs\ThinkPHP\Library\Think\Controller.class.php 第 68 行.
NOTIC: [8] Undefined variable: content D:\phpStudy\WWW\webjlcs\ThinkPHP\Library\Think\Controller.class.php 第 69 行.
INFO: [ view_parse ] --START--
INFO: [ template_filter ] --START--
INFO: Run Behavior\ContentReplaceBehavior [ RunTime:0.000000s ]
INFO: [ template_filter ] --END-- [ RunTime:0.000000s ]
INFO: Run Behavior\ParseTemplateBehavior [ RunTime:0.046800s ]
INFO: [ view_parse ] --END-- [ RunTime:0.046800s ]
INFO: [ view_filter ] --START--
INFO: Run Behavior\WriteHtmlCacheBehavior [ RunTime:0.000000s ]
INFO: [ view_filter ] --END-- [ RunTime:0.000000s ]
INFO: [ app_end ] --START--
INFO: Run Behavior\ShowPageTraceBehavior [ RunTime:0.000000s ]
INFO: [ app_end ] --END-- [ RunTime:0.000000s ]

[ 2018-10-08T13:52:21+08:00 ] ::1 /webjlcs/JLAdmin/Article/css/main.css
INFO: [ app_init ] --START--
INFO: Run Behavior\BuildLiteBehavior [ RunTime:0.000000s ]
INFO: [ app_init ] --END-- [ RunTime:0.001000s ]
INFO: [ app_begin ] --START--
INFO: Run Behavior\ReadHtmlCacheBehavior [ RunTime:0.002000s ]
INFO: [ app_begin ] --END-- [ RunTime:0.002000s ]
ERR: 非法操作:css

[ 2018-10-08T13:52:21+08:00 ] ::1 /webjlcs/JLAdmin/Article/css/css.css
INFO: [ app_init ] --START--
INFO: Run Behavior\BuildLiteBehavior [ RunTime:0.000000s ]
INFO: [ app_init ] --END-- [ RunTime:0.001000s ]
INFO: [ app_begin ] --START--
INFO: Run Behavior\ReadHtmlCacheBehavior [ RunTime:0.002000s ]
INFO: [ app_begin ] --END-- [ RunTime:0.002000s ]
ERR: 非法操作:css

[ 2018-10-08T13:52:26+08:00 ] ::1 /webjlcs/JLAdmin/Assort/index.html
INFO: [ app_init ] --START--
INFO: Run Behavior\BuildLiteBehavior [ RunTime:0.000000s ]
INFO: [ app_init ] --END-- [ RunTime:0.002000s ]
INFO: [ app_begin ] --START--
INFO: Run Behavior\ReadHtmlCacheBehavior [ RunTime:0.003000s ]
INFO: [ app_begin ] --END-- [ RunTime:0.003000s ]
SQL: SHOW COLUMNS FROM `article_assorts` [ RunTime:0.0170s ]
SQL: SHOW COLUMNS FROM `articles` [ RunTime:0.0160s ]
SQL: SHOW COLUMNS FROM `temples` [ RunTime:0.0160s ]
SQL: SELECT * FROM `article_assorts`  [ RunTime:0.0010s ]
SQL: SELECT * FROM `temples`  [ RunTime:0.0000s ]
SQL: SELECT COUNT(*) AS tp_count FROM `articles` WHERE `cat_id` = '1' LIMIT 1   [ RunTime:0.0000s ]
SQL: SELECT COUNT(*) AS tp_count FROM `articles` WHERE `cat_id` = '2' LIMIT 1   [ RunTime:0.0000s ]
SQL: SELECT COUNT(*) AS tp_count FROM `articles` WHERE `cat_id` = '3' LIMIT 1   [ RunTime:0.0000s ]
SQL: SELECT COUNT(*) AS tp_count FROM `articles` WHERE `cat_id` = '4' LIMIT 1   [ RunTime:0.0000s ]
SQL: SELECT COUNT(*) AS tp_count FROM `articles` WHERE `cat_id` = '5' LIMIT 1   [ RunTime:0.0000s ]
SQL: SELECT COUNT(*) AS tp_count FROM `articles` WHERE `cat_id` = '7' LIMIT 1   [ RunTime:0.0000s ]
SQL: SELECT COUNT(*) AS tp_count FROM `articles` WHERE `cat_id` = '8' LIMIT 1   [ RunTime:0.0000s ]
SQL: SELECT COUNT(*) AS tp_count FROM `articles` WHERE `cat_id` = '9' LIMIT 1   [ RunTime:0.0000s ]
NOTIC: [2] Missing argument 1 for Think\Controller::show(), called in D:\phpStudy\WWW\webjlcs\JLCS\JLAdmin\Controller\AssortController.class.php on line 18 and defined D:\phpStudy\WWW\webjlcs\ThinkPHP\Library\Think\Controller.class.php 第 68 行.
NOTIC: [8] Undefined variable: content D:\phpStudy\WWW\webjlcs\ThinkPHP\Library\Think\Controller.class.php 第 69 行.
INFO: [ view_parse ] --START--
INFO: [ template_filter ] --START--
INFO: Run Behavior\ContentReplaceBehavior [ RunTime:0.000000s ]
INFO: [ template_filter ] --END-- [ RunTime:0.001000s ]
NOTIC: [8] Undefined variable: keyword D:\phpStudy\WWW\webjlcs\JLCS\Runtime\Cache\JLAdmin\075c13e5d7111521fa5d7456dbc18231.php 第 59 行.
NOTIC: [8] Use of undefined constant add - assumed 'add' D:\phpStudy\WWW\webjlcs\JLCS\Runtime\Cache\JLAdmin\075c13e5d7111521fa5d7456dbc18231.php 第 63 行.
NOTIC: [8] Use of undefined constant edit - assumed 'edit' D:\phpStudy\WWW\webjlcs\JLCS\Runtime\Cache\JLAdmin\075c13e5d7111521fa5d7456dbc18231.php 第 89 行.
NOTIC: [8] Use of undefined constant del - assumed 'del' D:\phpStudy\WWW\webjlcs\JLCS\Runtime\Cache\JLAdmin\075c13e5d7111521fa5d7456dbc18231.php 第 89 行.
NOTIC: [8] Use of undefined constant edit - assumed 'edit' D:\phpStudy\WWW\webjlcs\JLCS\Runtime\Cache\JLAdmin\075c13e5d7111521fa5d7456dbc18231.php 第 89 行.
NOTIC: [8] Use of undefined constant del - assumed 'del' D:\phpStudy\WWW\webjlcs\JLCS\Runtime\Cache\JLAdmin\075c13e5d7111521fa5d7456dbc18231.php 第 89 行.
NOTIC: [8] Use of undefined constant edit - assumed 'edit' D:\phpStudy\WWW\webjlcs\JLCS\Runtime\Cache\JLAdmin\075c13e5d7111521fa5d7456dbc18231.php 第 89 行.
NOTIC: [8] Use of undefined constant del - assumed 'del' D:\phpStudy\WWW\webjlcs\JLCS\Runtime\Cache\JLAdmin\075c13e5d7111521fa5d7456dbc18231.php 第 89 行.
NOTIC: [8] Use of undefined constant edit - assumed 'edit' D:\phpStudy\WWW\webjlcs\JLCS\Runtime\Cache\JLAdmin\075c13e5d7111521fa5d7456dbc18231.php 第 89 行.
NOTIC: [8] Use of undefined constant del - assumed 'del' D:\phpStudy\WWW\webjlcs\JLCS\Runtime\Cache\JLAdmin\075c13e5d7111521fa5d7456dbc18231.php 第 89 行.
NOTIC: [8] Use of undefined constant edit - assumed 'edit' D:\phpStudy\WWW\webjlcs\JLCS\Runtime\Cache\JLAdmin\075c13e5d7111521fa5d7456dbc18231.php 第 89 行.
NOTIC: [8] Use of undefined constant del - assumed 'del' D:\phpStudy\WWW\webjlcs\JLCS\Runtime\Cache\JLAdmin\075c13e5d7111521fa5d7456dbc18231.php 第 89 行.
NOTIC: [8] Use of undefined constant edit - assumed 'edit' D:\phpStudy\WWW\webjlcs\JLCS\Runtime\Cache\JLAdmin\075c13e5d7111521fa5d7456dbc18231.php 第 89 行.
NOTIC: [8] Use of undefined constant del - assumed 'del' D:\phpStudy\WWW\webjlcs\JLCS\Runtime\Cache\JLAdmin\075c13e5d7111521fa5d7456dbc18231.php 第 89 行.
NOTIC: [8] Use of undefined constant edit - assumed 'edit' D:\phpStudy\WWW\webjlcs\JLCS\Runtime\Cache\JLAdmin\075c13e5d7111521fa5d7456dbc18231.php 第 89 行.
NOTIC: [8] Use of undefined constant del - assumed 'del' D:\phpStudy\WWW\webjlcs\JLCS\Runtime\Cache\JLAdmin\075c13e5d7111521fa5d7456dbc18231.php 第 89 行.
NOTIC: [8] Use of undefined constant edit - assumed 'edit' D:\phpStudy\WWW\webjlcs\JLCS\Runtime\Cache\JLAdmin\075c13e5d7111521fa5d7456dbc18231.php 第 89 行.
NOTIC: [8] Use of undefined constant del - assumed 'del' D:\phpStudy\WWW\webjlcs\JLCS\Runtime\Cache\JLAdmin\075c13e5d7111521fa5d7456dbc18231.php 第 89 行.
NOTIC: [8] Undefined variable: page D:\phpStudy\WWW\webjlcs\JLCS\Runtime\Cache\JLAdmin\075c13e5d7111521fa5d7456dbc18231.php 第 94 行.
INFO: Run Behavior\ParseTemplateBehavior [ RunTime:0.019001s ]
INFO: [ view_parse ] --END-- [ RunTime:0.020001s ]
INFO: [ view_filter ] --START--
INFO: Run Behavior\WriteHtmlCacheBehavior [ RunTime:0.001000s ]
INFO: [ view_filter ] --END-- [ RunTime:0.001000s ]
INFO: [ app_end ] --START--
INFO: Run Behavior\ShowPageTraceBehavior [ RunTime:0.002000s ]
INFO: [ app_end ] --END-- [ RunTime:0.002000s ]

[ 2018-10-08T13:52:26+08:00 ] ::1 /webjlcs/JLAdmin/Assort/css/main.css
INFO: [ app_init ] --START--
INFO: Run Behavior\BuildLiteBehavior [ RunTime:0.000000s ]
INFO: [ app_init ] --END-- [ RunTime:0.001000s ]
INFO: [ app_begin ] --START--
INFO: Run Behavior\ReadHtmlCacheBehavior [ RunTime:0.002000s ]
INFO: [ app_begin ] --END-- [ RunTime:0.002000s ]
ERR: 非法操作:css

[ 2018-10-08T13:52:26+08:00 ] ::1 /webjlcs/JLAdmin/Assort/images/main/list_input.jpg
INFO: [ app_init ] --START--
INFO: Run Behavior\BuildLiteBehavior [ RunTime:0.000000s ]
INFO: [ app_init ] --END-- [ RunTime:0.002000s ]

[ 2018-10-08T13:52:26+08:00 ] ::1 /webjlcs/JLAdmin/Assort/images/main/list_bg.jpg
INFO: [ app_init ] --START--
INFO: Run Behavior\BuildLiteBehavior [ RunTime:0.000000s ]
INFO: [ app_init ] --END-- [ RunTime:0.001000s ]

[ 2018-10-08T13:52:26+08:00 ] ::1 /webjlcs/JLAdmin/Assort/css/css.css
INFO: [ app_init ] --START--
INFO: Run Behavior\BuildLiteBehavior [ RunTime:0.000000s ]
INFO: [ app_init ] --END-- [ RunTime:0.000000s ]
INFO: [ app_begin ] --START--
INFO: Run Behavior\ReadHtmlCacheBehavior [ RunTime:0.000000s ]
INFO: [ app_begin ] --END-- [ RunTime:0.000000s ]
ERR: 非法操作:css

[ 2018-10-08T13:52:26+08:00 ] ::1 /webjlcs/JLAdmin/Assort/images/main/add.jpg
INFO: [ app_init ] --START--
INFO: Run Behavior\BuildLiteBehavior [ RunTime:0.000000s ]
INFO: [ app_init ] --END-- [ RunTime:0.003001s ]

[ 2018-10-08T13:52:27+08:00 ] ::1 /webjlcs/JLAdmin/Article/index.html
INFO: [ app_init ] --START--
INFO: Run Behavior\BuildLiteBehavior [ RunTime:0.000000s ]
INFO: [ app_init ] --END-- [ RunTime:0.000000s ]
INFO: [ app_begin ] --START--
INFO: Run Behavior\ReadHtmlCacheBehavior [ RunTime:0.001000s ]
INFO: [ app_begin ] --END-- [ RunTime:0.001000s ]
SQL: SHOW COLUMNS FROM `articles` [ RunTime:0.0156s ]
SQL: SHOW COLUMNS FROM `article_assorts` [ RunTime:0.0156s ]
SQL: SELECT * FROM `articles` LIMIT 0,8   [ RunTime:0.0000s ]
SQL: SELECT COUNT(*) AS tp_count FROM `articles` LIMIT 1   [ RunTime:0.0000s ]
SQL: SELECT * FROM `article_assorts` WHERE `id` = 3 LIMIT 1   [ RunTime:0.0000s ]
SQL: SELECT * FROM `article_assorts` WHERE `id` = 1 LIMIT 1   [ RunTime:0.0000s ]
SQL: SELECT * FROM `article_assorts` WHERE `id` = 1 LIMIT 1   [ RunTime:0.0000s ]
SQL: SELECT * FROM `article_assorts` WHERE `id` = 2 LIMIT 1   [ RunTime:0.0000s ]
SQL: SELECT * FROM `article_assorts` WHERE `id` = 2 LIMIT 1   [ RunTime:0.0000s ]
SQL: SELECT * FROM `article_assorts` WHERE `id` = 5 LIMIT 1   [ RunTime:0.0000s ]
SQL: SELECT * FROM `article_assorts` WHERE `id` = 5 LIMIT 1   [ RunTime:0.0000s ]
SQL: SELECT * FROM `article_assorts` WHERE `id` = 1 LIMIT 1   [ RunTime:0.0000s ]
NOTIC: [2] Missing argument 1 for Think\Controller::show(), called in D:\phpStudy\WWW\webjlcs\JLCS\JLAdmin\Controller\ArticleController.class.php on line 27 and defined D:\phpStudy\WWW\webjlcs\ThinkPHP\Library\Think\Controller.class.php 第 68 行.
NOTIC: [8] Undefined variable: content D:\phpStudy\WWW\webjlcs\ThinkPHP\Library\Think\Controller.class.php 第 69 行.
INFO: [ view_parse ] --START--
INFO: [ template_filter ] --START--
INFO: Run Behavior\ContentReplaceBehavior [ RunTime:0.000000s ]
INFO: [ template_filter ] --END-- [ RunTime:0.000000s ]
NOTIC: [8] Undefined variable: keyword D:\phpStudy\WWW\webjlcs\JLCS\Runtime\Cache\JLAdmin\76d6eeef77a4648700e1ff4e2637f9be.php 第 59 行.
NOTIC: [8] Use of undefined constant add - assumed 'add' D:\phpStudy\WWW\webjlcs\JLCS\Runtime\Cache\JLAdmin\76d6eeef77a4648700e1ff4e2637f9be.php 第 63 行.
NOTIC: [8] Use of undefined constant edit - assumed 'edit' D:\phpStudy\WWW\webjlcs\JLCS\Runtime\Cache\JLAdmin\76d6eeef77a4648700e1ff4e2637f9be.php 第 100 行.
NOTIC: [8] Use of undefined constant del - assumed 'del' D:\phpStudy\WWW\webjlcs\JLCS\Runtime\Cache\JLAdmin\76d6eeef77a4648700e1ff4e2637f9be.php 第 100 行.
NOTIC: [8] Use of undefined constant edit - assumed 'edit' D:\phpStudy\WWW\webjlcs\JLCS\Runtime\Cache\JLAdmin\76d6eeef77a4648700e1ff4e2637f9be.php 第 100 行.
NOTIC: [8] Use of undefined constant del - assumed 'del' D:\phpStudy\WWW\webjlcs\JLCS\Runtime\Cache\JLAdmin\76d6eeef77a4648700e1ff4e2637f9be.php 第 100 行.
NOTIC: [8] Use of undefined constant edit - assumed 'edit' D:\phpStudy\WWW\webjlcs\JLCS\Runtime\Cache\JLAdmin\76d6eeef77a4648700e1ff4e2637f9be.php 第 100 行.
NOTIC: [8] Use of undefined constant del - assumed 'del' D:\phpStudy\WWW\webjlcs\JLCS\Runtime\Cache\JLAdmin\76d6eeef77a4648700e1ff4e2637f9be.php 第 100 行.
NOTIC: [8] Use of undefined constant edit - assumed 'edit' D:\phpStudy\WWW\webjlcs\JLCS\Runtime\Cache\JLAdmin\76d6eeef77a4648700e1ff4e2637f9be.php 第 100 行.
NOTIC: [8] Use of undefined constant del - assumed 'del' D:\phpStudy\WWW\webjlcs\JLCS\Runtime\Cache\JLAdmin\76d6eeef77a4648700e1ff4e2637f9be.php 第 100 行.
NOTIC: [8] Use of undefined constant edit - assumed 'edit' D:\phpStudy\WWW\webjlcs\JLCS\Runtime\Cache\JLAdmin\76d6eeef77a4648700e1ff4e2637f9be.php 第 100 行.
NOTIC: [8] Use of undefined constant del - assumed 'del' D:\phpStudy\WWW\webjlcs\JLCS\Runtime\Cache\JLAdmin\76d6eeef77a4648700e1ff4e2637f9be.php 第 100 行.
NOTIC: [8] Use of undefined constant edit - assumed 'edit' D:\phpStudy\WWW\webjlcs\JLCS\Runtime\Cache\JLAdmin\76d6eeef77a4648700e1ff4e2637f9be.php 第 100 行.
NOTIC: [8] Use of undefined constant del - assumed 'del' D:\phpStudy\WWW\webjlcs\JLCS\Runtime\Cache\JLAdmin\76d6eeef77a4648700e1ff4e2637f9be.php 第 100 行.
NOTIC: [8] Use of undefined constant edit - assumed 'edit' D:\phpStudy\WWW\webjlcs\JLCS\Runtime\Cache\JLAdmin\76d6eeef77a4648700e1ff4e2637f9be.php 第 100 行.
NOTIC: [8] Use of undefined constant del - assumed 'del' D:\phpStudy\WWW\webjlcs\JLCS\Runtime\Cache\JLAdmin\76d6eeef77a4648700e1ff4e2637f9be.php 第 100 行.
NOTIC: [8] Use of undefined constant edit - assumed 'edit' D:\phpStudy\WWW\webjlcs\JLCS\Runtime\Cache\JLAdmin\76d6eeef77a4648700e1ff4e2637f9be.php 第 100 行.
NOTIC: [8] Use of undefined constant del - assumed 'del' D:\phpStudy\WWW\webjlcs\JLCS\Runtime\Cache\JLAdmin\76d6eeef77a4648700e1ff4e2637f9be.php 第 100 行.
INFO: Run Behavior\ParseTemplateBehavior [ RunTime:0.015600s ]
INFO: [ view_parse ] --END-- [ RunTime:0.015600s ]
INFO: [ view_filter ] --START--
INFO: Run Behavior\WriteHtmlCacheBehavior [ RunTime:0.000000s ]
INFO: [ view_filter ] --END-- [ RunTime:0.000000s ]
INFO: [ app_end ] --START--
INFO: Run Behavior\ShowPageTraceBehavior [ RunTime:0.000000s ]
INFO: [ app_end ] --END-- [ RunTime:0.000000s ]

[ 2018-10-08T13:52:27+08:00 ] ::1 /webjlcs/JLAdmin/Article/images/main/list_bg.jpg
INFO: [ app_init ] --START--
INFO: Run Behavior\BuildLiteBehavior [ RunTime:0.000000s ]
INFO: [ app_init ] --END-- [ RunTime:0.001000s ]

[ 2018-10-08T13:52:27+08:00 ] ::1 /webjlcs/JLAdmin/Article/images/main/add.jpg
INFO: [ app_init ] --START--
INFO: Run Behavior\BuildLiteBehavior [ RunTime:0.000000s ]
INFO: [ app_init ] --END-- [ RunTime:0.000000s ]

[ 2018-10-08T13:52:27+08:00 ] ::1 /webjlcs/JLAdmin/Article/css/css.css
INFO: [ app_init ] --START--
INFO: Run Behavior\BuildLiteBehavior [ RunTime:0.000000s ]
INFO: [ app_init ] --END-- [ RunTime:0.001000s ]
INFO: [ app_begin ] --START--
INFO: Run Behavior\ReadHtmlCacheBehavior [ RunTime:0.001000s ]
INFO: [ app_begin ] --END-- [ RunTime:0.001000s ]
ERR: 非法操作:css

[ 2018-10-08T13:52:27+08:00 ] ::1 /webjlcs/JLAdmin/Article/css/main.css
INFO: [ app_init ] --START--
INFO: Run Behavior\BuildLiteBehavior [ RunTime:0.000000s ]
INFO: [ app_init ] --END-- [ RunTime:0.001000s ]
INFO: [ app_begin ] --START--
INFO: Run Behavior\ReadHtmlCacheBehavior [ RunTime:0.008001s ]
INFO: [ app_begin ] --END-- [ RunTime:0.008001s ]
ERR: 非法操作:css

[ 2018-10-08T13:52:27+08:00 ] ::1 /webjlcs/JLAdmin/Article/images/main/list_input.jpg
INFO: [ app_init ] --START--
INFO: Run Behavior\BuildLiteBehavior [ RunTime:0.000000s ]
INFO: [ app_init ] --END-- [ RunTime:0.001000s ]

