[ 2018-08-13T10:30:52+08:00 ] ::1 /webjlcs/ZHHome/Index/index.html
INFO: [ app_init ] --START--
INFO: Run Behavior\BuildLiteBehavior [ RunTime:0.000000s ]
INFO: [ app_init ] --END-- [ RunTime:0.000000s ]
INFO: [ app_begin ] --START--
INFO: Run Behavior\ReadHtmlCacheBehavior [ RunTime:0.000000s ]
INFO: [ app_begin ] --END-- [ RunTime:0.000000s ]
SQL: SHOW COLUMNS FROM `articles` [ RunTime:0.0580s ]
SQL: SELECT * FROM `articles` WHERE `cat_id` = 7 ORDER BY time desc LIMIT 2   [ RunTime:0.0020s ]
SQL: SELECT * FROM `articles` WHERE `cat_id` = 5 ORDER BY time desc LIMIT 2   [ RunTime:0.0000s ]
NOTIC: [2] Missing argument 1 for Think\Controller::show(), called in D:\phpStudy\PHPTutorial\WWW\webjlcs\JLCS\ZHHome\Controller\IndexController.class.php on line 11 and defined D:\phpStudy\PHPTutorial\WWW\webjlcs\ThinkPHP\Library\Think\Controller.class.php 第 68 行.
NOTIC: [8] Undefined variable: content D:\phpStudy\PHPTutorial\WWW\webjlcs\ThinkPHP\Library\Think\Controller.class.php 第 69 行.
INFO: [ view_parse ] --START--
INFO: [ template_filter ] --START--
INFO: Run Behavior\ContentReplaceBehavior [ RunTime:0.001000s ]
INFO: [ template_filter ] --END-- [ RunTime:0.001000s ]
INFO: Run Behavior\ParseTemplateBehavior [ RunTime:0.046003s ]
INFO: [ view_parse ] --END-- [ RunTime:0.046003s ]
INFO: [ view_filter ] --START--
INFO: Run Behavior\WriteHtmlCacheBehavior [ RunTime:0.000000s ]
INFO: [ view_filter ] --END-- [ RunTime:0.001000s ]
INFO: [ app_end ] --START--
INFO: Run Behavior\ShowPageTraceBehavior [ RunTime:0.000000s ]
INFO: [ app_end ] --END-- [ RunTime:0.000000s ]

[ 2018-08-13T10:35:10+08:00 ] ::1 /webjlcs/ZHHome/Index/index.html
INFO: [ app_init ] --START--
INFO: Run Behavior\BuildLiteBehavior [ RunTime:0.000000s ]
INFO: [ app_init ] --END-- [ RunTime:0.001001s ]
INFO: [ app_begin ] --START--
INFO: Run Behavior\ReadHtmlCacheBehavior [ RunTime:0.001000s ]
INFO: [ app_begin ] --END-- [ RunTime:0.001000s ]
SQL: SHOW COLUMNS FROM `articles` [ RunTime:0.0020s ]
SQL: SELECT * FROM `articles` WHERE `cat_id` = 7 ORDER BY time desc LIMIT 2   [ RunTime:0.0000s ]
SQL: SELECT * FROM `articles` WHERE `cat_id` = 5 ORDER BY time desc LIMIT 2   [ RunTime:0.0010s ]
NOTIC: [2] Missing argument 1 for Think\Controller::show(), called in D:\phpStudy\PHPTutorial\WWW\webjlcs\JLCS\ZHHome\Controller\IndexController.class.php on line 11 and defined D:\phpStudy\PHPTutorial\WWW\webjlcs\ThinkPHP\Library\Think\Controller.class.php 第 68 行.
NOTIC: [8] Undefined variable: content D:\phpStudy\PHPTutorial\WWW\webjlcs\ThinkPHP\Library\Think\Controller.class.php 第 69 行.
INFO: [ view_parse ] --START--
INFO: [ template_filter ] --START--
INFO: Run Behavior\ContentReplaceBehavior [ RunTime:0.000000s ]
INFO: [ template_filter ] --END-- [ RunTime:0.000000s ]
INFO: Run Behavior\ParseTemplateBehavior [ RunTime:0.010001s ]
INFO: [ view_parse ] --END-- [ RunTime:0.010001s ]
INFO: [ view_filter ] --START--
INFO: Run Behavior\WriteHtmlCacheBehavior [ RunTime:0.001000s ]
INFO: [ view_filter ] --END-- [ RunTime:0.001000s ]
INFO: [ app_end ] --START--
INFO: Run Behavior\ShowPageTraceBehavior [ RunTime:0.000000s ]
INFO: [ app_end ] --END-- [ RunTime:0.000000s ]

[ 2018-08-13T10:35:11+08:00 ] ::1 /webjlcs/ZHHome/Index/culture.html
INFO: [ app_init ] --START--
INFO: Run Behavior\BuildLiteBehavior [ RunTime:0.000000s ]
INFO: [ app_init ] --END-- [ RunTime:0.000000s ]
INFO: [ app_begin ] --START--
INFO: Run Behavior\ReadHtmlCacheBehavior [ RunTime:0.001000s ]
INFO: [ app_begin ] --END-- [ RunTime:0.001000s ]
SQL: SHOW COLUMNS FROM `articles` [ RunTime:0.0020s ]
SQL: SELECT * FROM `articles` WHERE `zhiding` = 1 AND `temple` = 2 LIMIT 1   [ RunTime:0.0000s ]
SQL: SELECT * FROM `articles` WHERE `cat_id` = 7 AND `zhiding` = 0 ORDER BY time desc LIMIT 2   [ RunTime:0.0000s ]
SQL: SELECT * FROM `articles` WHERE `cat_id` = 5 AND `zhiding` = 0 ORDER BY time desc LIMIT 2   [ RunTime:0.0000s ]
NOTIC: [2] Missing argument 1 for Think\Controller::show(), called in D:\phpStudy\PHPTutorial\WWW\webjlcs\JLCS\ZHHome\Controller\IndexController.class.php on line 43 and defined D:\phpStudy\PHPTutorial\WWW\webjlcs\ThinkPHP\Library\Think\Controller.class.php 第 68 行.
NOTIC: [8] Undefined variable: content D:\phpStudy\PHPTutorial\WWW\webjlcs\ThinkPHP\Library\Think\Controller.class.php 第 69 行.
INFO: [ view_parse ] --START--
INFO: [ template_filter ] --START--
INFO: Run Behavior\ContentReplaceBehavior [ RunTime:0.000000s ]
INFO: [ template_filter ] --END-- [ RunTime:0.000000s ]
INFO: Run Behavior\ParseTemplateBehavior [ RunTime:0.034002s ]
INFO: [ view_parse ] --END-- [ RunTime:0.034002s ]
INFO: [ view_filter ] --START--
INFO: Run Behavior\WriteHtmlCacheBehavior [ RunTime:0.000000s ]
INFO: [ view_filter ] --END-- [ RunTime:0.000000s ]
INFO: [ app_end ] --START--
INFO: Run Behavior\ShowPageTraceBehavior [ RunTime:0.001000s ]
INFO: [ app_end ] --END-- [ RunTime:0.001000s ]

[ 2018-08-13T15:18:29+08:00 ] ::1 /webjlcs/ZHHome/Index/index.html
INFO: [ app_init ] --START--
INFO: Run Behavior\BuildLiteBehavior [ RunTime:0.000000s ]
INFO: [ app_init ] --END-- [ RunTime:0.001000s ]
INFO: [ app_begin ] --START--
INFO: Run Behavior\ReadHtmlCacheBehavior [ RunTime:0.000000s ]
INFO: [ app_begin ] --END-- [ RunTime:0.000000s ]
SQL: SHOW COLUMNS FROM `articles` [ RunTime:0.0440s ]
SQL: SELECT * FROM `articles` WHERE `cat_id` = 7 ORDER BY time desc LIMIT 2   [ RunTime:0.0020s ]
SQL: SELECT * FROM `articles` WHERE `cat_id` = 5 ORDER BY time desc LIMIT 2   [ RunTime:0.0010s ]
ERR: Too few arguments to function Think\Controller::show(), 0 passed in D:\phpStudy\PHPTutorial\WWW\webjlcs\JLCS\ZHHome\Controller\IndexController.class.php on line 11 and at least 1 expected

[ 2018-08-13T16:19:26+08:00 ] ::1 /webjlcs/ZHHome/Index/index.html
INFO: [ app_init ] --START--
INFO: Run Behavior\BuildLiteBehavior [ RunTime:0.000000s ]
INFO: [ app_init ] --END-- [ RunTime:0.001000s ]
INFO: [ app_begin ] --START--
INFO: Run Behavior\ReadHtmlCacheBehavior [ RunTime:0.001000s ]
INFO: [ app_begin ] --END-- [ RunTime:0.001000s ]
SQL: SHOW COLUMNS FROM `articles` [ RunTime:0.0040s ]
SQL: SELECT * FROM `articles` WHERE `cat_id` = 7 ORDER BY time desc LIMIT 2   [ RunTime:0.0010s ]
SQL: SELECT * FROM `articles` WHERE `cat_id` = 5 ORDER BY time desc LIMIT 2   [ RunTime:0.0000s ]
ERR: Too few arguments to function Think\Controller::show(), 0 passed in D:\phpStudy\PHPTutorial\WWW\webjlcs\JLCS\ZHHome\Controller\IndexController.class.php on line 11 and at least 1 expected

[ 2018-08-13T16:20:44+08:00 ] ::1 /webjlcs/ZHHome/Index/index.html
INFO: [ app_init ] --START--
INFO: Run Behavior\BuildLiteBehavior [ RunTime:0.000000s ]
INFO: [ app_init ] --END-- [ RunTime:0.016001s ]
INFO: [ app_begin ] --START--
INFO: Run Behavior\ReadHtmlCacheBehavior [ RunTime:0.001000s ]
INFO: [ app_begin ] --END-- [ RunTime:0.001000s ]
SQL: SHOW COLUMNS FROM `articles` [ RunTime:0.0030s ]
SQL: SELECT * FROM `articles` WHERE `cat_id` = 7 ORDER BY time desc LIMIT 2   [ RunTime:0.0000s ]
SQL: SELECT * FROM `articles` WHERE `cat_id` = 5 ORDER BY time desc LIMIT 2   [ RunTime:0.0000s ]
NOTIC: [2] Missing argument 1 for Think\Controller::show(), called in D:\phpStudy\PHPTutorial\WWW\webjlcs\JLCS\ZHHome\Controller\IndexController.class.php on line 11 and defined D:\phpStudy\PHPTutorial\WWW\webjlcs\ThinkPHP\Library\Think\Controller.class.php 第 68 行.
NOTIC: [8] Undefined variable: content D:\phpStudy\PHPTutorial\WWW\webjlcs\ThinkPHP\Library\Think\Controller.class.php 第 69 行.
INFO: [ view_parse ] --START--
INFO: [ template_filter ] --START--
INFO: Run Behavior\ContentReplaceBehavior [ RunTime:0.000000s ]
INFO: [ template_filter ] --END-- [ RunTime:0.000000s ]
INFO: Run Behavior\ParseTemplateBehavior [ RunTime:0.032002s ]
INFO: [ view_parse ] --END-- [ RunTime:0.032002s ]
INFO: [ view_filter ] --START--
INFO: Run Behavior\WriteHtmlCacheBehavior [ RunTime:0.000000s ]
INFO: [ view_filter ] --END-- [ RunTime:0.001000s ]
INFO: [ app_end ] --START--
INFO: Run Behavior\ShowPageTraceBehavior [ RunTime:0.000000s ]
INFO: [ app_end ] --END-- [ RunTime:0.000000s ]

[ 2018-08-13T17:17:41+08:00 ] ::1 /webjlcs/ZHHome/Index/index.html
INFO: [ app_init ] --START--
INFO: Run Behavior\BuildLiteBehavior [ RunTime:0.000000s ]
INFO: [ app_init ] --END-- [ RunTime:0.001000s ]
INFO: [ app_begin ] --START--
INFO: Run Behavior\ReadHtmlCacheBehavior [ RunTime:0.001000s ]
INFO: [ app_begin ] --END-- [ RunTime:0.001000s ]
SQL: SHOW COLUMNS FROM `articles` [ RunTime:0.0030s ]
SQL: SELECT * FROM `articles` WHERE `cat_id` = 7 ORDER BY time desc LIMIT 2   [ RunTime:0.0010s ]
SQL: SELECT * FROM `articles` WHERE `cat_id` = 5 ORDER BY time desc LIMIT 2   [ RunTime:0.0020s ]
NOTIC: [2] Missing argument 1 for Think\Controller::show(), called in D:\phpStudy\PHPTutorial\WWW\webjlcs\JLCS\ZHHome\Controller\IndexController.class.php on line 11 and defined D:\phpStudy\PHPTutorial\WWW\webjlcs\ThinkPHP\Library\Think\Controller.class.php 第 68 行.
NOTIC: [8] Undefined variable: content D:\phpStudy\PHPTutorial\WWW\webjlcs\ThinkPHP\Library\Think\Controller.class.php 第 69 行.
INFO: [ view_parse ] --START--
INFO: [ template_filter ] --START--
INFO: Run Behavior\ContentReplaceBehavior [ RunTime:0.000000s ]
INFO: [ template_filter ] --END-- [ RunTime:0.000000s ]
INFO: Run Behavior\ParseTemplateBehavior [ RunTime:0.015001s ]
INFO: [ view_parse ] --END-- [ RunTime:0.016001s ]
INFO: [ view_filter ] --START--
INFO: Run Behavior\WriteHtmlCacheBehavior [ RunTime:0.000000s ]
INFO: [ view_filter ] --END-- [ RunTime:0.000000s ]
INFO: [ app_end ] --START--
INFO: Run Behavior\ShowPageTraceBehavior [ RunTime:0.001000s ]
INFO: [ app_end ] --END-- [ RunTime:0.002000s ]

[ 2018-08-13T18:02:54+08:00 ] ::1 /webjlcs/ZHHome/Index/index.html
INFO: [ app_init ] --START--
INFO: Run Behavior\BuildLiteBehavior [ RunTime:0.000000s ]
INFO: [ app_init ] --END-- [ RunTime:0.001000s ]
INFO: [ app_begin ] --START--
INFO: Run Behavior\ReadHtmlCacheBehavior [ RunTime:0.001000s ]
INFO: [ app_begin ] --END-- [ RunTime:0.001000s ]
SQL: SHOW COLUMNS FROM `articles` [ RunTime:0.0040s ]
SQL: SELECT * FROM `articles` WHERE `cat_id` = 7 ORDER BY time desc LIMIT 2   [ RunTime:0.0010s ]
SQL: SELECT * FROM `articles` WHERE `cat_id` = 5 ORDER BY time desc LIMIT 2   [ RunTime:0.0010s ]
NOTIC: [2] Missing argument 1 for Think\Controller::show(), called in D:\phpStudy\PHPTutorial\WWW\webjlcs\JLCS\ZHHome\Controller\IndexController.class.php on line 11 and defined D:\phpStudy\PHPTutorial\WWW\webjlcs\ThinkPHP\Library\Think\Controller.class.php 第 68 行.
NOTIC: [8] Undefined variable: content D:\phpStudy\PHPTutorial\WWW\webjlcs\ThinkPHP\Library\Think\Controller.class.php 第 69 行.
INFO: [ view_parse ] --START--
INFO: [ template_filter ] --START--
INFO: Run Behavior\ContentReplaceBehavior [ RunTime:0.000000s ]
INFO: [ template_filter ] --END-- [ RunTime:0.000000s ]
INFO: Run Behavior\ParseTemplateBehavior [ RunTime:0.018001s ]
INFO: [ view_parse ] --END-- [ RunTime:0.018001s ]
INFO: [ view_filter ] --START--
INFO: Run Behavior\WriteHtmlCacheBehavior [ RunTime:0.001000s ]
INFO: [ view_filter ] --END-- [ RunTime:0.001000s ]
INFO: [ app_end ] --START--
INFO: Run Behavior\ShowPageTraceBehavior [ RunTime:0.002000s ]
INFO: [ app_end ] --END-- [ RunTime:0.002000s ]

