[ 2018-08-23T10:10:37+08:00 ] ::1 /webjlcs/ZHHome/Index/index.html
INFO: [ app_init ] --START--
INFO: Run Behavior\BuildLiteBehavior [ RunTime:0.000000s ]
INFO: [ app_init ] --END-- [ RunTime:0.001000s ]
INFO: [ app_begin ] --START--
INFO: Run Behavior\ReadHtmlCacheBehavior [ RunTime:0.001000s ]
INFO: [ app_begin ] --END-- [ RunTime:0.001000s ]
SQL: SHOW COLUMNS FROM `articles` [ RunTime:0.1830s ]
SQL: SELECT * FROM `articles` WHERE `cat_id` = 7 ORDER BY time desc LIMIT 2   [ RunTime:0.0620s ]
SQL: SELECT * FROM `articles` WHERE `cat_id` = 5 ORDER BY time desc LIMIT 2   [ RunTime:0.0010s ]
ERR: Too few arguments to function Think\Controller::show(), 0 passed in D:\phpStudy\PHPTutorial\WWW\webjlcs\JLCS\ZHHome\Controller\IndexController.class.php on line 11 and at least 1 expected

[ 2018-08-23T10:10:53+08:00 ] ::1 /webjlcs/ZHHome/Index/index.html
INFO: [ app_init ] --START--
INFO: Run Behavior\BuildLiteBehavior [ RunTime:0.000000s ]
INFO: [ app_init ] --END-- [ RunTime:0.001000s ]
INFO: [ app_begin ] --START--
INFO: Run Behavior\ReadHtmlCacheBehavior [ RunTime:0.001000s ]
INFO: [ app_begin ] --END-- [ RunTime:0.001000s ]
SQL: SHOW COLUMNS FROM `articles` [ RunTime:0.0030s ]
SQL: SELECT * FROM `articles` WHERE `cat_id` = 7 ORDER BY time desc LIMIT 2   [ RunTime:0.0010s ]
SQL: SELECT * FROM `articles` WHERE `cat_id` = 5 ORDER BY time desc LIMIT 2   [ RunTime:0.0000s ]
NOTIC: [2] Missing argument 1 for Think\Controller::show(), called in D:\phpStudy\PHPTutorial\WWW\webjlcs\JLCS\ZHHome\Controller\IndexController.class.php on line 11 and defined D:\phpStudy\PHPTutorial\WWW\webjlcs\ThinkPHP\Library\Think\Controller.class.php 第 68 行.
NOTIC: [8] Undefined variable: content D:\phpStudy\PHPTutorial\WWW\webjlcs\ThinkPHP\Library\Think\Controller.class.php 第 69 行.
INFO: [ view_parse ] --START--
INFO: [ template_filter ] --START--
INFO: Run Behavior\ContentReplaceBehavior [ RunTime:0.001000s ]
INFO: [ template_filter ] --END-- [ RunTime:0.001000s ]
INFO: Run Behavior\ParseTemplateBehavior [ RunTime:0.023001s ]
INFO: [ view_parse ] --END-- [ RunTime:0.023001s ]
INFO: [ view_filter ] --START--
INFO: Run Behavior\WriteHtmlCacheBehavior [ RunTime:0.000000s ]
INFO: [ view_filter ] --END-- [ RunTime:0.000000s ]
INFO: [ app_end ] --START--
INFO: Run Behavior\ShowPageTraceBehavior [ RunTime:0.001000s ]
INFO: [ app_end ] --END-- [ RunTime:0.001000s ]

[ 2018-08-23T10:10:53+08:00 ] ::1 /webjlcs/ZHHome/Index/index.html
INFO: [ app_init ] --START--
INFO: Run Behavior\BuildLiteBehavior [ RunTime:0.000000s ]
INFO: [ app_init ] --END-- [ RunTime:0.001000s ]
INFO: [ app_begin ] --START--
INFO: Run Behavior\ReadHtmlCacheBehavior [ RunTime:0.001000s ]
INFO: [ app_begin ] --END-- [ RunTime:0.001000s ]
SQL: SHOW COLUMNS FROM `articles` [ RunTime:0.0020s ]
SQL: SELECT * FROM `articles` WHERE `cat_id` = 7 ORDER BY time desc LIMIT 2   [ RunTime:0.0010s ]
SQL: SELECT * FROM `articles` WHERE `cat_id` = 5 ORDER BY time desc LIMIT 2   [ RunTime:0.0010s ]
NOTIC: [2] Missing argument 1 for Think\Controller::show(), called in D:\phpStudy\PHPTutorial\WWW\webjlcs\JLCS\ZHHome\Controller\IndexController.class.php on line 11 and defined D:\phpStudy\PHPTutorial\WWW\webjlcs\ThinkPHP\Library\Think\Controller.class.php 第 68 行.
NOTIC: [8] Undefined variable: content D:\phpStudy\PHPTutorial\WWW\webjlcs\ThinkPHP\Library\Think\Controller.class.php 第 69 行.
INFO: [ view_parse ] --START--
INFO: [ template_filter ] --START--
INFO: Run Behavior\ContentReplaceBehavior [ RunTime:0.000000s ]
INFO: [ template_filter ] --END-- [ RunTime:0.000000s ]
INFO: Run Behavior\ParseTemplateBehavior [ RunTime:0.012000s ]
INFO: [ view_parse ] --END-- [ RunTime:0.013000s ]
INFO: [ view_filter ] --START--
INFO: Run Behavior\WriteHtmlCacheBehavior [ RunTime:0.000000s ]
INFO: [ view_filter ] --END-- [ RunTime:0.000000s ]
INFO: [ app_end ] --START--
INFO: Run Behavior\ShowPageTraceBehavior [ RunTime:0.001000s ]
INFO: [ app_end ] --END-- [ RunTime:0.001000s ]

[ 2018-08-23T14:42:56+08:00 ] ::1 /webjlcs/ZHHome/Index/index.html
INFO: [ app_init ] --START--
INFO: Run Behavior\BuildLiteBehavior [ RunTime:0.000000s ]
INFO: [ app_init ] --END-- [ RunTime:0.000000s ]
INFO: [ app_begin ] --START--
INFO: Run Behavior\ReadHtmlCacheBehavior [ RunTime:0.001000s ]
INFO: [ app_begin ] --END-- [ RunTime:0.001000s ]
SQL: SHOW COLUMNS FROM `articles` [ RunTime:0.2930s ]
SQL: SELECT * FROM `articles` WHERE `cat_id` = 7 ORDER BY time desc LIMIT 2   [ RunTime:0.0790s ]
SQL: SELECT * FROM `articles` WHERE `cat_id` = 5 ORDER BY time desc LIMIT 2   [ RunTime:0.0000s ]
NOTIC: [2] Missing argument 1 for Think\Controller::show(), called in D:\phpStudy\PHPTutorial\WWW\webjlcs\JLCS\ZHHome\Controller\IndexController.class.php on line 11 and defined D:\phpStudy\PHPTutorial\WWW\webjlcs\ThinkPHP\Library\Think\Controller.class.php 第 68 行.
NOTIC: [8] Undefined variable: content D:\phpStudy\PHPTutorial\WWW\webjlcs\ThinkPHP\Library\Think\Controller.class.php 第 69 行.
INFO: [ view_parse ] --START--
INFO: [ template_filter ] --START--
INFO: Run Behavior\ContentReplaceBehavior [ RunTime:0.000000s ]
INFO: [ template_filter ] --END-- [ RunTime:0.000000s ]
INFO: Run Behavior\ParseTemplateBehavior [ RunTime:0.128007s ]
INFO: [ view_parse ] --END-- [ RunTime:0.128007s ]
INFO: [ view_filter ] --START--
INFO: Run Behavior\WriteHtmlCacheBehavior [ RunTime:0.000000s ]
INFO: [ view_filter ] --END-- [ RunTime:0.000000s ]
INFO: [ app_end ] --START--
INFO: Run Behavior\ShowPageTraceBehavior [ RunTime:0.001000s ]
INFO: [ app_end ] --END-- [ RunTime:0.001000s ]

