[ 2018-11-02T09:57:14+08:00 ] ::1 /webjlcs/ZHHome/Index/index.html
INFO: [ app_init ] --START--
INFO: Run Behavior\BuildLiteBehavior [ RunTime:0.000000s ]
INFO: [ app_init ] --END-- [ RunTime:0.001000s ]
INFO: [ app_begin ] --START--
INFO: Run Behavior\ReadHtmlCacheBehavior [ RunTime:0.001000s ]
INFO: [ app_begin ] --END-- [ RunTime:0.002000s ]
SQL: SHOW COLUMNS FROM `articles` [ RunTime:0.0150s ]
SQL: SELECT * FROM `articles` WHERE `cat_id` = 7 ORDER BY time desc LIMIT 2   [ RunTime:0.0156s ]
SQL: SELECT * FROM `articles` WHERE `cat_id` = 5 ORDER BY time desc LIMIT 2   [ RunTime:0.0000s ]
NOTIC: [2] Missing argument 1 for Think\Controller::show(), called in D:\phpStudy\WWW\webjlcs\JLCS\ZHHome\Controller\IndexController.class.php on line 11 and defined D:\phpStudy\WWW\webjlcs\ThinkPHP\Library\Think\Controller.class.php 第 68 行.
NOTIC: [8] Undefined variable: content D:\phpStudy\WWW\webjlcs\ThinkPHP\Library\Think\Controller.class.php 第 69 行.
INFO: [ view_parse ] --START--
INFO: [ template_filter ] --START--
INFO: Run Behavior\ContentReplaceBehavior [ RunTime:0.000000s ]
INFO: [ template_filter ] --END-- [ RunTime:0.000000s ]
INFO: Run Behavior\ParseTemplateBehavior [ RunTime:0.050800s ]
INFO: [ view_parse ] --END-- [ RunTime:0.050800s ]
INFO: [ view_filter ] --START--
INFO: Run Behavior\WriteHtmlCacheBehavior [ RunTime:0.000000s ]
INFO: [ view_filter ] --END-- [ RunTime:0.000000s ]
INFO: [ app_end ] --START--
INFO: Run Behavior\ShowPageTraceBehavior [ RunTime:0.000000s ]
INFO: [ app_end ] --END-- [ RunTime:0.000000s ]

[ 2018-11-02T10:10:10+08:00 ] ::1 /webjlcs/ZHHome/Index/index.html
INFO: [ app_init ] --START--
INFO: Run Behavior\BuildLiteBehavior [ RunTime:0.000000s ]
INFO: [ app_init ] --END-- [ RunTime:0.001000s ]
INFO: [ app_begin ] --START--
INFO: Run Behavior\ReadHtmlCacheBehavior [ RunTime:0.001000s ]
INFO: [ app_begin ] --END-- [ RunTime:0.001000s ]
SQL: SHOW COLUMNS FROM `articles` [ RunTime:0.0100s ]
SQL: SELECT * FROM `articles` WHERE `cat_id` = 7 ORDER BY time desc LIMIT 2   [ RunTime:0.0000s ]
SQL: SELECT * FROM `articles` WHERE `cat_id` = 5 ORDER BY time desc LIMIT 2   [ RunTime:0.0000s ]
NOTIC: [2] Missing argument 1 for Think\Controller::show(), called in D:\phpStudy\WWW\webjlcs\JLCS\ZHHome\Controller\IndexController.class.php on line 11 and defined D:\phpStudy\WWW\webjlcs\ThinkPHP\Library\Think\Controller.class.php 第 68 行.
NOTIC: [8] Undefined variable: content D:\phpStudy\WWW\webjlcs\ThinkPHP\Library\Think\Controller.class.php 第 69 行.
INFO: [ view_parse ] --START--
INFO: [ template_filter ] --START--
INFO: Run Behavior\ContentReplaceBehavior [ RunTime:0.001001s ]
INFO: [ template_filter ] --END-- [ RunTime:0.001001s ]
INFO: Run Behavior\ParseTemplateBehavior [ RunTime:0.022001s ]
INFO: [ view_parse ] --END-- [ RunTime:0.022001s ]
INFO: [ view_filter ] --START--
INFO: Run Behavior\WriteHtmlCacheBehavior [ RunTime:0.000000s ]
INFO: [ view_filter ] --END-- [ RunTime:0.000000s ]
INFO: [ app_end ] --START--
INFO: Run Behavior\ShowPageTraceBehavior [ RunTime:0.000000s ]
INFO: [ app_end ] --END-- [ RunTime:0.000000s ]

[ 2018-11-02T13:42:18+08:00 ] ::1 /webjlcs/ZHHome/Index/index.html
INFO: [ app_init ] --START--
INFO: Run Behavior\BuildLiteBehavior [ RunTime:0.000000s ]
INFO: [ app_init ] --END-- [ RunTime:0.001000s ]
INFO: [ app_begin ] --START--
INFO: Run Behavior\ReadHtmlCacheBehavior [ RunTime:0.002000s ]
INFO: [ app_begin ] --END-- [ RunTime:0.002000s ]
SQL: SHOW COLUMNS FROM `articles` [ RunTime:0.0100s ]
SQL: SELECT * FROM `articles` WHERE `cat_id` = 7 ORDER BY time desc LIMIT 2   [ RunTime:0.0010s ]
SQL: SELECT * FROM `articles` WHERE `cat_id` = 5 ORDER BY time desc LIMIT 2   [ RunTime:0.0010s ]
NOTIC: [2] Missing argument 1 for Think\Controller::show(), called in D:\phpStudy\WWW\webjlcs\JLCS\ZHHome\Controller\IndexController.class.php on line 11 and defined D:\phpStudy\WWW\webjlcs\ThinkPHP\Library\Think\Controller.class.php 第 68 行.
NOTIC: [8] Undefined variable: content D:\phpStudy\WWW\webjlcs\ThinkPHP\Library\Think\Controller.class.php 第 69 行.
INFO: [ view_parse ] --START--
INFO: [ template_filter ] --START--
INFO: Run Behavior\ContentReplaceBehavior [ RunTime:0.000000s ]
INFO: [ template_filter ] --END-- [ RunTime:0.000000s ]
INFO: Run Behavior\ParseTemplateBehavior [ RunTime:0.106006s ]
INFO: [ view_parse ] --END-- [ RunTime:0.106006s ]
INFO: [ view_filter ] --START--
INFO: Run Behavior\WriteHtmlCacheBehavior [ RunTime:0.001000s ]
INFO: [ view_filter ] --END-- [ RunTime:0.001000s ]
INFO: [ app_end ] --START--
INFO: Run Behavior\ShowPageTraceBehavior [ RunTime:0.002001s ]
INFO: [ app_end ] --END-- [ RunTime:0.002001s ]

[ 2018-11-02T13:47:25+08:00 ] ::1 /webjlcs/ZHHome/Index/index.html
INFO: [ app_init ] --START--
INFO: Run Behavior\BuildLiteBehavior [ RunTime:0.000000s ]
INFO: [ app_init ] --END-- [ RunTime:0.001000s ]
INFO: [ app_begin ] --START--
INFO: Run Behavior\ReadHtmlCacheBehavior [ RunTime:0.003000s ]
INFO: [ app_begin ] --END-- [ RunTime:0.003000s ]
SQL: SHOW COLUMNS FROM `articles` [ RunTime:0.0100s ]
SQL: SELECT * FROM `articles` WHERE `cat_id` = 7 ORDER BY time desc LIMIT 2   [ RunTime:0.0010s ]
SQL: SELECT * FROM `articles` WHERE `cat_id` = 5 ORDER BY time desc LIMIT 2   [ RunTime:0.0000s ]
NOTIC: [2] Missing argument 1 for Think\Controller::show(), called in D:\phpStudy\WWW\webjlcs\JLCS\ZHHome\Controller\IndexController.class.php on line 11 and defined D:\phpStudy\WWW\webjlcs\ThinkPHP\Library\Think\Controller.class.php 第 68 行.
NOTIC: [8] Undefined variable: content D:\phpStudy\WWW\webjlcs\ThinkPHP\Library\Think\Controller.class.php 第 69 行.
INFO: [ view_parse ] --START--
INFO: [ template_filter ] --START--
INFO: Run Behavior\ContentReplaceBehavior [ RunTime:0.000000s ]
INFO: [ template_filter ] --END-- [ RunTime:0.001000s ]
INFO: Run Behavior\ParseTemplateBehavior [ RunTime:0.020001s ]
INFO: [ view_parse ] --END-- [ RunTime:0.020001s ]
INFO: [ view_filter ] --START--
INFO: Run Behavior\WriteHtmlCacheBehavior [ RunTime:0.001000s ]
INFO: [ view_filter ] --END-- [ RunTime:0.001000s ]
INFO: [ app_end ] --START--
INFO: Run Behavior\ShowPageTraceBehavior [ RunTime:0.002001s ]
INFO: [ app_end ] --END-- [ RunTime:0.002001s ]

